<?xml version="1.0" encoding="UTF-8"?>
<testsuite xmlns:xsi="http://www.w3.org/2001/XMLSchema-instance" xsi:noNamespaceSchemaLocation="https://maven.apache.org/surefire/maven-surefire-plugin/xsd/surefire-test-report.xsd" name="com.itheima.test.BlackListApiTest" time="11.627" tests="1" errors="1" skipped="0" failures="0">
  <properties>
    <property name="sun.desktop" value="windows"/>
    <property name="awt.toolkit" value="sun.awt.windows.WToolkit"/>
    <property name="file.encoding.pkg" value="sun.io"/>
    <property name="java.specification.version" value="1.8"/>
    <property name="sun.cpu.isalist" value="amd64"/>
    <property name="sun.jnu.encoding" value="GBK"/>
    <property name="java.class.path" value="E:\project\java\springboot\tanhua\tanhua-app-server\target\test-classes;E:\project\java\springboot\tanhua\tanhua-app-server\target\classes;E:\develop\apache-maven-3.6.3\repository\org\springframework\boot\spring-boot-starter-web\2.3.9.RELEASE\spring-boot-starter-web-2.3.9.RELEASE.jar;E:\develop\apache-maven-3.6.3\repository\org\springframework\boot\spring-boot-starter\2.3.9.RELEASE\spring-boot-starter-2.3.9.RELEASE.jar;E:\develop\apache-maven-3.6.3\repository\org\springframework\boot\spring-boot\2.3.9.RELEASE\spring-boot-2.3.9.RELEASE.jar;E:\develop\apache-maven-3.6.3\repository\org\springframework\boot\spring-boot-starter-logging\2.3.9.RELEASE\spring-boot-starter-logging-2.3.9.RELEASE.jar;E:\develop\apache-maven-3.6.3\repository\ch\qos\logback\logback-classic\1.2.3\logback-classic-1.2.3.jar;E:\develop\apache-maven-3.6.3\repository\ch\qos\logback\logback-core\1.2.3\logback-core-1.2.3.jar;E:\develop\apache-maven-3.6.3\repository\org\apache\logging\log4j\log4j-to-slf4j\2.13.3\log4j-to-slf4j-2.13.3.jar;E:\develop\apache-maven-3.6.3\repository\org\slf4j\jul-to-slf4j\1.7.30\jul-to-slf4j-1.7.30.jar;E:\develop\apache-maven-3.6.3\repository\jakarta\annotation\jakarta.annotation-api\1.3.5\jakarta.annotation-api-1.3.5.jar;E:\develop\apache-maven-3.6.3\repository\org\yaml\snakeyaml\1.26\snakeyaml-1.26.jar;E:\develop\apache-maven-3.6.3\repository\org\springframework\boot\spring-boot-starter-json\2.3.9.RELEASE\spring-boot-starter-json-2.3.9.RELEASE.jar;E:\develop\apache-maven-3.6.3\repository\com\fasterxml\jackson\datatype\jackson-datatype-jdk8\2.11.4\jackson-datatype-jdk8-2.11.4.jar;E:\develop\apache-maven-3.6.3\repository\com\fasterxml\jackson\datatype\jackson-datatype-jsr310\2.11.4\jackson-datatype-jsr310-2.11.4.jar;E:\develop\apache-maven-3.6.3\repository\com\fasterxml\jackson\module\jackson-module-parameter-names\2.11.4\jackson-module-parameter-names-2.11.4.jar;E:\develop\apache-maven-3.6.3\repository\org\springframework\boot\spring-boot-starter-tomcat\2.3.9.RELEASE\spring-boot-starter-tomcat-2.3.9.RELEASE.jar;E:\develop\apache-maven-3.6.3\repository\org\apache\tomcat\embed\tomcat-embed-core\9.0.43\tomcat-embed-core-9.0.43.jar;E:\develop\apache-maven-3.6.3\repository\org\glassfish\jakarta.el\3.0.3\jakarta.el-3.0.3.jar;E:\develop\apache-maven-3.6.3\repository\org\apache\tomcat\embed\tomcat-embed-websocket\9.0.43\tomcat-embed-websocket-9.0.43.jar;E:\develop\apache-maven-3.6.3\repository\org\springframework\spring-web\5.2.13.RELEASE\spring-web-5.2.13.RELEASE.jar;E:\develop\apache-maven-3.6.3\repository\org\springframework\spring-beans\5.2.13.RELEASE\spring-beans-5.2.13.RELEASE.jar;E:\develop\apache-maven-3.6.3\repository\org\springframework\spring-webmvc\5.2.13.RELEASE\spring-webmvc-5.2.13.RELEASE.jar;E:\develop\apache-maven-3.6.3\repository\org\springframework\spring-aop\5.2.13.RELEASE\spring-aop-5.2.13.RELEASE.jar;E:\develop\apache-maven-3.6.3\repository\org\springframework\spring-expression\5.2.13.RELEASE\spring-expression-5.2.13.RELEASE.jar;E:\develop\apache-maven-3.6.3\repository\org\springframework\boot\spring-boot-starter-data-redis\2.3.9.RELEASE\spring-boot-starter-data-redis-2.3.9.RELEASE.jar;E:\develop\apache-maven-3.6.3\repository\org\springframework\data\spring-data-redis\2.3.7.RELEASE\spring-data-redis-2.3.7.RELEASE.jar;E:\develop\apache-maven-3.6.3\repository\org\springframework\data\spring-data-keyvalue\2.3.7.RELEASE\spring-data-keyvalue-2.3.7.RELEASE.jar;E:\develop\apache-maven-3.6.3\repository\org\springframework\data\spring-data-commons\2.3.7.RELEASE\spring-data-commons-2.3.7.RELEASE.jar;E:\develop\apache-maven-3.6.3\repository\org\springframework\spring-tx\5.2.13.RELEASE\spring-tx-5.2.13.RELEASE.jar;E:\develop\apache-maven-3.6.3\repository\org\springframework\spring-oxm\5.2.13.RELEASE\spring-oxm-5.2.13.RELEASE.jar;E:\develop\apache-maven-3.6.3\repository\org\springframework\spring-context-support\5.2.13.RELEASE\spring-context-support-5.2.13.RELEASE.jar;E:\develop\apache-maven-3.6.3\repository\io\lettuce\lettuce-core\5.3.6.RELEASE\lettuce-core-5.3.6.RELEASE.jar;E:\develop\apache-maven-3.6.3\repository\io\netty\netty-common\4.1.59.Final\netty-common-4.1.59.Final.jar;E:\develop\apache-maven-3.6.3\repository\io\netty\netty-handler\4.1.59.Final\netty-handler-4.1.59.Final.jar;E:\develop\apache-maven-3.6.3\repository\io\netty\netty-resolver\4.1.59.Final\netty-resolver-4.1.59.Final.jar;E:\develop\apache-maven-3.6.3\repository\io\netty\netty-buffer\4.1.59.Final\netty-buffer-4.1.59.Final.jar;E:\develop\apache-maven-3.6.3\repository\io\netty\netty-codec\4.1.59.Final\netty-codec-4.1.59.Final.jar;E:\develop\apache-maven-3.6.3\repository\io\netty\netty-transport\4.1.59.Final\netty-transport-4.1.59.Final.jar;E:\develop\apache-maven-3.6.3\repository\io\projectreactor\reactor-core\3.4.3\reactor-core-3.4.3.jar;E:\develop\apache-maven-3.6.3\repository\org\reactivestreams\reactive-streams\1.0.3\reactive-streams-1.0.3.jar;E:\develop\apache-maven-3.6.3\repository\org\projectlombok\lombok\1.18.8\lombok-1.18.8.jar;E:\develop\apache-maven-3.6.3\repository\org\apache\commons\commons-lang3\3.7\commons-lang3-3.7.jar;E:\develop\apache-maven-3.6.3\repository\com\fasterxml\jackson\core\jackson-databind\2.11.0\jackson-databind-2.11.0.jar;E:\develop\apache-maven-3.6.3\repository\com\fasterxml\jackson\core\jackson-annotations\2.11.4\jackson-annotations-2.11.4.jar;E:\develop\apache-maven-3.6.3\repository\com\fasterxml\jackson\core\jackson-core\2.11.4\jackson-core-2.11.4.jar;E:\develop\apache-maven-3.6.3\repository\commons-codec\commons-codec\1.11\commons-codec-1.11.jar;E:\develop\apache-maven-3.6.3\repository\joda-time\joda-time\2.5\joda-time-2.5.jar;E:\develop\apache-maven-3.6.3\repository\io\jsonwebtoken\jjwt\0.9.1\jjwt-0.9.1.jar;E:\develop\apache-maven-3.6.3\repository\com\github\tobato\fastdfs-client\1.26.7\fastdfs-client-1.26.7.jar;E:\develop\apache-maven-3.6.3\repository\org\slf4j\slf4j-api\1.7.30\slf4j-api-1.7.30.jar;E:\develop\apache-maven-3.6.3\repository\org\slf4j\jcl-over-slf4j\1.7.30\jcl-over-slf4j-1.7.30.jar;E:\develop\apache-maven-3.6.3\repository\commons-beanutils\commons-beanutils\1.9.3\commons-beanutils-1.9.3.jar;E:\develop\apache-maven-3.6.3\repository\commons-collections\commons-collections\3.2.2\commons-collections-3.2.2.jar;E:\develop\apache-maven-3.6.3\repository\commons-io\commons-io\2.4\commons-io-2.4.jar;E:\develop\apache-maven-3.6.3\repository\org\apache\commons\commons-pool2\2.8.1\commons-pool2-2.8.1.jar;E:\develop\apache-maven-3.6.3\repository\org\springframework\spring-core\5.2.13.RELEASE\spring-core-5.2.13.RELEASE.jar;E:\develop\apache-maven-3.6.3\repository\org\springframework\spring-jcl\5.2.13.RELEASE\spring-jcl-5.2.13.RELEASE.jar;E:\develop\apache-maven-3.6.3\repository\org\hibernate\validator\hibernate-validator\6.1.7.Final\hibernate-validator-6.1.7.Final.jar;E:\develop\apache-maven-3.6.3\repository\jakarta\validation\jakarta.validation-api\2.0.2\jakarta.validation-api-2.0.2.jar;E:\develop\apache-maven-3.6.3\repository\org\jboss\logging\jboss-logging\3.4.1.Final\jboss-logging-3.4.1.Final.jar;E:\develop\apache-maven-3.6.3\repository\com\fasterxml\classmate\1.5.1\classmate-1.5.1.jar;E:\develop\apache-maven-3.6.3\repository\org\springframework\boot\spring-boot-autoconfigure\2.3.9.RELEASE\spring-boot-autoconfigure-2.3.9.RELEASE.jar;E:\develop\apache-maven-3.6.3\repository\org\springframework\spring-context\5.2.13.RELEASE\spring-context-5.2.13.RELEASE.jar;E:\develop\apache-maven-3.6.3\repository\net\coobird\thumbnailator\0.4.8\thumbnailator-0.4.8.jar;E:\develop\apache-maven-3.6.3\repository\com\alibaba\cloud\spring-cloud-starter-dubbo\2.2.5.RELEASE\spring-cloud-starter-dubbo-2.2.5.RELEASE.jar;E:\develop\apache-maven-3.6.3\repository\org\springframework\cloud\spring-cloud-openfeign-core\2.2.7.RELEASE\spring-cloud-openfeign-core-2.2.7.RELEASE.jar;E:\develop\apache-maven-3.6.3\repository\org\springframework\cloud\spring-cloud-netflix-ribbon\2.2.7.RELEASE\spring-cloud-netflix-ribbon-2.2.7.RELEASE.jar;E:\develop\apache-maven-3.6.3\repository\org\springframework\cloud\spring-cloud-netflix-archaius\2.2.7.RELEASE\spring-cloud-netflix-archaius-2.2.7.RELEASE.jar;E:\develop\apache-maven-3.6.3\repository\org\springframework\boot\spring-boot-starter-aop\2.3.9.RELEASE\spring-boot-starter-aop-2.3.9.RELEASE.jar;E:\develop\apache-maven-3.6.3\repository\org\aspectj\aspectjweaver\1.9.6\aspectjweaver-1.9.6.jar;E:\develop\apache-maven-3.6.3\repository\io\github\openfeign\form\feign-form-spring\3.8.0\feign-form-spring-3.8.0.jar;E:\develop\apache-maven-3.6.3\repository\io\github\openfeign\form\feign-form\3.8.0\feign-form-3.8.0.jar;E:\develop\apache-maven-3.6.3\repository\commons-fileupload\commons-fileupload\1.4\commons-fileupload-1.4.jar;E:\develop\apache-maven-3.6.3\repository\org\apache\dubbo\dubbo\2.7.8\dubbo-2.7.8.jar;E:\develop\apache-maven-3.6.3\repository\org\javassist\javassist\3.20.0-GA\javassist-3.20.0-GA.jar;E:\develop\apache-maven-3.6.3\repository\com\google\code\gson\gson\2.8.6\gson-2.8.6.jar;E:\develop\apache-maven-3.6.3\repository\org\apache\dubbo\dubbo-spring-boot-starter\2.7.8\dubbo-spring-boot-starter-2.7.8.jar;E:\develop\apache-maven-3.6.3\repository\org\apache\dubbo\dubbo-spring-boot-autoconfigure\2.7.8\dubbo-spring-boot-autoconfigure-2.7.8.jar;E:\develop\apache-maven-3.6.3\repository\org\apache\dubbo\dubbo-spring-boot-autoconfigure-compatible\2.7.8\dubbo-spring-boot-autoconfigure-compatible-2.7.8.jar;E:\develop\apache-maven-3.6.3\repository\io\netty\netty-all\4.1.59.Final\netty-all-4.1.59.Final.jar;E:\develop\apache-maven-3.6.3\repository\io\github\openfeign\feign-jaxrs2\10.10.1\feign-jaxrs2-10.10.1.jar;E:\develop\apache-maven-3.6.3\repository\io\github\openfeign\feign-core\10.10.1\feign-core-10.10.1.jar;E:\develop\apache-maven-3.6.3\repository\io\github\openfeign\feign-jaxrs\10.10.1\feign-jaxrs-10.10.1.jar;E:\develop\apache-maven-3.6.3\repository\javax\ws\rs\javax.ws.rs-api\2.1\javax.ws.rs-api-2.1.jar;E:\develop\apache-maven-3.6.3\repository\com\alibaba\cloud\spring-cloud-starter-alibaba-nacos-discovery\2.2.5.RELEASE\spring-cloud-starter-alibaba-nacos-discovery-2.2.5.RELEASE.jar;E:\develop\apache-maven-3.6.3\repository\com\alibaba\cloud\spring-cloud-alibaba-commons\2.2.5.RELEASE\spring-cloud-alibaba-commons-2.2.5.RELEASE.jar;E:\develop\apache-maven-3.6.3\repository\com\alibaba\nacos\nacos-client\1.4.1\nacos-client-1.4.1.jar;E:\develop\apache-maven-3.6.3\repository\com\alibaba\nacos\nacos-common\1.4.1\nacos-common-1.4.1.jar;E:\develop\apache-maven-3.6.3\repository\org\apache\httpcomponents\httpasyncclient\4.1.4\httpasyncclient-4.1.4.jar;E:\develop\apache-maven-3.6.3\repository\org\apache\httpcomponents\httpcore-nio\4.4.14\httpcore-nio-4.4.14.jar;E:\develop\apache-maven-3.6.3\repository\com\alibaba\nacos\nacos-api\1.4.1\nacos-api-1.4.1.jar;E:\develop\apache-maven-3.6.3\repository\com\google\guava\guava\29.0-jre\guava-29.0-jre.jar;E:\develop\apache-maven-3.6.3\repository\com\google\guava\failureaccess\1.0.1\failureaccess-1.0.1.jar;E:\develop\apache-maven-3.6.3\repository\com\google\guava\listenablefuture\9999.0-empty-to-avoid-conflict-with-guava\listenablefuture-9999.0-empty-to-avoid-conflict-with-guava.jar;E:\develop\apache-maven-3.6.3\repository\com\google\code\findbugs\jsr305\3.0.2\jsr305-3.0.2.jar;E:\develop\apache-maven-3.6.3\repository\org\checkerframework\checker-qual\2.11.1\checker-qual-2.11.1.jar;E:\develop\apache-maven-3.6.3\repository\com\google\errorprone\error_prone_annotations\2.3.4\error_prone_annotations-2.3.4.jar;E:\develop\apache-maven-3.6.3\repository\com\google\j2objc\j2objc-annotations\1.3\j2objc-annotations-1.3.jar;E:\develop\apache-maven-3.6.3\repository\io\prometheus\simpleclient\0.5.0\simpleclient-0.5.0.jar;E:\develop\apache-maven-3.6.3\repository\com\alibaba\spring\spring-context-support\1.0.10\spring-context-support-1.0.10.jar;E:\develop\apache-maven-3.6.3\repository\org\springframework\cloud\spring-cloud-commons\2.2.7.RELEASE\spring-cloud-commons-2.2.7.RELEASE.jar;E:\develop\apache-maven-3.6.3\repository\org\springframework\security\spring-security-crypto\5.3.8.RELEASE\spring-security-crypto-5.3.8.RELEASE.jar;E:\develop\apache-maven-3.6.3\repository\org\springframework\cloud\spring-cloud-context\2.2.7.RELEASE\spring-cloud-context-2.2.7.RELEASE.jar;E:\develop\apache-maven-3.6.3\repository\org\springframework\cloud\spring-cloud-starter-netflix-ribbon\2.2.7.RELEASE\spring-cloud-starter-netflix-ribbon-2.2.7.RELEASE.jar;E:\develop\apache-maven-3.6.3\repository\org\springframework\cloud\spring-cloud-starter\2.2.7.RELEASE\spring-cloud-starter-2.2.7.RELEASE.jar;E:\develop\apache-maven-3.6.3\repository\org\springframework\security\spring-security-rsa\1.0.9.RELEASE\spring-security-rsa-1.0.9.RELEASE.jar;E:\develop\apache-maven-3.6.3\repository\org\springframework\cloud\spring-cloud-starter-netflix-archaius\2.2.7.RELEASE\spring-cloud-starter-netflix-archaius-2.2.7.RELEASE.jar;E:\develop\apache-maven-3.6.3\repository\com\netflix\archaius\archaius-core\0.7.7\archaius-core-0.7.7.jar;E:\develop\apache-maven-3.6.3\repository\commons-configuration\commons-configuration\1.8\commons-configuration-1.8.jar;E:\develop\apache-maven-3.6.3\repository\com\netflix\ribbon\ribbon\2.3.0\ribbon-2.3.0.jar;E:\develop\apache-maven-3.6.3\repository\com\netflix\ribbon\ribbon-transport\2.3.0\ribbon-transport-2.3.0.jar;E:\develop\apache-maven-3.6.3\repository\io\reactivex\rxnetty-contexts\0.4.9\rxnetty-contexts-0.4.9.jar;E:\develop\apache-maven-3.6.3\repository\io\reactivex\rxnetty-servo\0.4.9\rxnetty-servo-0.4.9.jar;E:\develop\apache-maven-3.6.3\repository\com\netflix\hystrix\hystrix-core\1.5.18\hystrix-core-1.5.18.jar;E:\develop\apache-maven-3.6.3\repository\org\hdrhistogram\HdrHistogram\2.1.9\HdrHistogram-2.1.9.jar;E:\develop\apache-maven-3.6.3\repository\javax\inject\javax.inject\1\javax.inject-1.jar;E:\develop\apache-maven-3.6.3\repository\io\reactivex\rxnetty\0.4.9\rxnetty-0.4.9.jar;E:\develop\apache-maven-3.6.3\repository\com\netflix\ribbon\ribbon-core\2.3.0\ribbon-core-2.3.0.jar;E:\develop\apache-maven-3.6.3\repository\commons-lang\commons-lang\2.6\commons-lang-2.6.jar;E:\develop\apache-maven-3.6.3\repository\com\netflix\ribbon\ribbon-httpclient\2.3.0\ribbon-httpclient-2.3.0.jar;E:\develop\apache-maven-3.6.3\repository\com\sun\jersey\jersey-client\1.19.1\jersey-client-1.19.1.jar;E:\develop\apache-maven-3.6.3\repository\com\sun\jersey\jersey-core\1.19.1\jersey-core-1.19.1.jar;E:\develop\apache-maven-3.6.3\repository\javax\ws\rs\jsr311-api\1.1.1\jsr311-api-1.1.1.jar;E:\develop\apache-maven-3.6.3\repository\com\sun\jersey\contribs\jersey-apache-client4\1.19.1\jersey-apache-client4-1.19.1.jar;E:\develop\apache-maven-3.6.3\repository\com\netflix\servo\servo-core\0.12.21\servo-core-0.12.21.jar;E:\develop\apache-maven-3.6.3\repository\com\netflix\netflix-commons\netflix-commons-util\0.3.0\netflix-commons-util-0.3.0.jar;E:\develop\apache-maven-3.6.3\repository\com\netflix\ribbon\ribbon-loadbalancer\2.3.0\ribbon-loadbalancer-2.3.0.jar;E:\develop\apache-maven-3.6.3\repository\com\netflix\netflix-commons\netflix-statistics\0.1.1\netflix-statistics-0.1.1.jar;E:\develop\apache-maven-3.6.3\repository\io\reactivex\rxjava\1.3.8\rxjava-1.3.8.jar;E:\develop\apache-maven-3.6.3\repository\com\alibaba\cloud\spring-cloud-starter-alibaba-nacos-config\2.2.5.RELEASE\spring-cloud-starter-alibaba-nacos-config-2.2.5.RELEASE.jar;E:\develop\apache-maven-3.6.3\repository\org\springframework\boot\spring-boot-starter-amqp\2.3.9.RELEASE\spring-boot-starter-amqp-2.3.9.RELEASE.jar;E:\develop\apache-maven-3.6.3\repository\org\springframework\spring-messaging\5.2.13.RELEASE\spring-messaging-5.2.13.RELEASE.jar;E:\develop\apache-maven-3.6.3\repository\org\springframework\amqp\spring-rabbit\2.2.15.RELEASE\spring-rabbit-2.2.15.RELEASE.jar;E:\develop\apache-maven-3.6.3\repository\com\rabbitmq\amqp-client\5.9.0\amqp-client-5.9.0.jar;E:\develop\apache-maven-3.6.3\repository\org\springframework\amqp\spring-amqp\2.2.15.RELEASE\spring-amqp-2.2.15.RELEASE.jar;E:\develop\apache-maven-3.6.3\repository\org\springframework\retry\spring-retry\1.2.5.RELEASE\spring-retry-1.2.5.RELEASE.jar;E:\project\java\springboot\tanhua\tanhua-dubbo\tanhua-dubbo-interface\target\tanhua-dubbo-interface-1.0-SNAPSHOT.jar;E:\project\java\springboot\tanhua\tanhua-model\target\tanhua-model-1.0-SNAPSHOT.jar;E:\develop\apache-maven-3.6.3\repository\org\springframework\boot\spring-boot-starter-data-mongodb\2.3.9.RELEASE\spring-boot-starter-data-mongodb-2.3.9.RELEASE.jar;E:\develop\apache-maven-3.6.3\repository\org\springframework\data\spring-data-mongodb\3.0.7.RELEASE\spring-data-mongodb-3.0.7.RELEASE.jar;E:\develop\apache-maven-3.6.3\repository\org\mongodb\mongodb-driver-sync\4.0.5\mongodb-driver-sync-4.0.5.jar;E:\develop\apache-maven-3.6.3\repository\org\mongodb\bson\4.0.5\bson-4.0.5.jar;E:\develop\apache-maven-3.6.3\repository\org\mongodb\mongodb-driver-core\4.0.5\mongodb-driver-core-4.0.5.jar;E:\develop\apache-maven-3.6.3\repository\com\baomidou\mybatis-plus\3.4.1\mybatis-plus-3.4.1.jar;E:\develop\apache-maven-3.6.3\repository\com\baomidou\mybatis-plus-extension\3.4.1\mybatis-plus-extension-3.4.1.jar;E:\develop\apache-maven-3.6.3\repository\com\baomidou\mybatis-plus-core\3.4.1\mybatis-plus-core-3.4.1.jar;E:\develop\apache-maven-3.6.3\repository\com\baomidou\mybatis-plus-annotation\3.4.1\mybatis-plus-annotation-3.4.1.jar;E:\develop\apache-maven-3.6.3\repository\com\github\jsqlparser\jsqlparser\3.2\jsqlparser-3.2.jar;E:\develop\apache-maven-3.6.3\repository\org\mybatis\mybatis\3.5.6\mybatis-3.5.6.jar;E:\develop\apache-maven-3.6.3\repository\org\mybatis\mybatis-spring\2.0.5\mybatis-spring-2.0.5.jar;E:\project\java\springboot\tanhua\tanhua-commons\target\tanhua-commons-1.0-SNAPSHOT.jar;E:\project\java\springboot\tanhua\tanhua-autoconfig\target\tanhua-autoconfig-1.0-SNAPSHOT.jar;E:\develop\apache-maven-3.6.3\repository\com\aliyun\aliyun-java-sdk-core\4.5.3\aliyun-java-sdk-core-4.5.3.jar;E:\develop\apache-maven-3.6.3\repository\org\apache\httpcomponents\httpclient\4.5.13\httpclient-4.5.13.jar;E:\develop\apache-maven-3.6.3\repository\org\apache\httpcomponents\httpcore\4.4.14\httpcore-4.4.14.jar;E:\develop\apache-maven-3.6.3\repository\commons-logging\commons-logging\1.2\commons-logging-1.2.jar;E:\develop\apache-maven-3.6.3\repository\javax\xml\bind\jaxb-api\2.3.1\jaxb-api-2.3.1.jar;E:\develop\apache-maven-3.6.3\repository\javax\activation\javax.activation-api\1.2.0\javax.activation-api-1.2.0.jar;E:\develop\apache-maven-3.6.3\repository\org\jacoco\org.jacoco.agent\0.8.5\org.jacoco.agent-0.8.5-runtime.jar;E:\develop\apache-maven-3.6.3\repository\org\ini4j\ini4j\0.5.4\ini4j-0.5.4.jar;E:\develop\apache-maven-3.6.3\repository\io\opentracing\opentracing-api\0.33.0\opentracing-api-0.33.0.jar;E:\develop\apache-maven-3.6.3\repository\io\opentracing\opentracing-util\0.33.0\opentracing-util-0.33.0.jar;E:\develop\apache-maven-3.6.3\repository\io\opentracing\opentracing-noop\0.33.0\opentracing-noop-0.33.0.jar;E:\develop\apache-maven-3.6.3\repository\com\aliyun\dysmsapi20170525\2.0.1\dysmsapi20170525-2.0.1.jar;E:\develop\apache-maven-3.6.3\repository\com\aliyun\tea-util\0.2.9\tea-util-0.2.9.jar;E:\develop\apache-maven-3.6.3\repository\com\aliyun\tea-rpc\0.0.11\tea-rpc-0.0.11.jar;E:\develop\apache-maven-3.6.3\repository\com\aliyun\endpoint-util\0.0.6\endpoint-util-0.0.6.jar;E:\develop\apache-maven-3.6.3\repository\com\aliyun\tea\1.2.0\tea-1.2.0.jar;E:\develop\apache-maven-3.6.3\repository\com\squareup\okhttp3\okhttp\3.14.9\okhttp-3.14.9.jar;E:\develop\apache-maven-3.6.3\repository\com\squareup\okio\okio\1.17.2\okio-1.17.2.jar;E:\develop\apache-maven-3.6.3\repository\com\aliyun\tea-openapi\0.0.7\tea-openapi-0.0.7.jar;E:\develop\apache-maven-3.6.3\repository\com\aliyun\oss\aliyun-sdk-oss\3.10.2\aliyun-sdk-oss-3.10.2.jar;E:\develop\apache-maven-3.6.3\repository\org\jdom\jdom2\2.0.6\jdom2-2.0.6.jar;E:\develop\apache-maven-3.6.3\repository\org\codehaus\jettison\jettison\1.1\jettison-1.1.jar;E:\develop\apache-maven-3.6.3\repository\stax\stax-api\1.0.1\stax-api-1.0.1.jar;E:\develop\apache-maven-3.6.3\repository\com\aliyun\aliyun-java-sdk-ram\3.0.0\aliyun-java-sdk-ram-3.0.0.jar;E:\develop\apache-maven-3.6.3\repository\com\aliyun\aliyun-java-sdk-sts\3.0.0\aliyun-java-sdk-sts-3.0.0.jar;E:\develop\apache-maven-3.6.3\repository\com\aliyun\aliyun-java-sdk-ecs\4.2.0\aliyun-java-sdk-ecs-4.2.0.jar;E:\develop\apache-maven-3.6.3\repository\com\aliyun\aliyun-java-sdk-kms\2.7.0\aliyun-java-sdk-kms-2.7.0.jar;E:\develop\apache-maven-3.6.3\repository\com\aliyun\facebody20191230\1.0.10\facebody20191230-1.0.10.jar;E:\develop\apache-maven-3.6.3\repository\com\aliyun\credentials-java\0.2.2\credentials-java-0.2.2.jar;E:\develop\apache-maven-3.6.3\repository\com\sun\xml\bind\jaxb-core\2.3.0\jaxb-core-2.3.0.jar;E:\develop\apache-maven-3.6.3\repository\com\sun\xml\bind\jaxb-impl\2.3.0\jaxb-impl-2.3.0.jar;E:\develop\apache-maven-3.6.3\repository\com\aliyun\oss-client\3.0.2\oss-client-3.0.2.jar;E:\develop\apache-maven-3.6.3\repository\com\aliyun\tea-xml\0.1.1\tea-xml-0.1.1.jar;E:\develop\apache-maven-3.6.3\repository\com\aliyun\openplatform20191219\3.0.2\openplatform20191219-3.0.2.jar;E:\develop\apache-maven-3.6.3\repository\com\aliyun\tea-rpc-util\0.1.2\tea-rpc-util-0.1.2.jar;E:\develop\apache-maven-3.6.3\repository\dom4j\dom4j\1.6.1\dom4j-1.6.1.jar;E:\develop\apache-maven-3.6.3\repository\xml-apis\xml-apis\1.0.b2\xml-apis-1.0.b2.jar;E:\develop\apache-maven-3.6.3\repository\com\aliyun\oss-util\1.0.0\oss-util-1.0.0.jar;E:\develop\apache-maven-3.6.3\repository\com\aliyun\tea-fileform\0.0.3\tea-fileform-0.0.3.jar;E:\develop\apache-maven-3.6.3\repository\com\aliyun\openapiutil\0.1.4\openapiutil-0.1.4.jar;E:\develop\apache-maven-3.6.3\repository\org\bouncycastle\bcpkix-jdk15on\1.65\bcpkix-jdk15on-1.65.jar;E:\develop\apache-maven-3.6.3\repository\org\bouncycastle\bcprov-jdk15on\1.65\bcprov-jdk15on-1.65.jar;E:\develop\apache-maven-3.6.3\repository\com\baidu\aip\java-sdk\4.8.0\java-sdk-4.8.0.jar;E:\develop\apache-maven-3.6.3\repository\org\json\json\20160810\json-20160810.jar;E:\develop\apache-maven-3.6.3\repository\log4j\log4j\1.2.17\log4j-1.2.17.jar;E:\develop\apache-maven-3.6.3\repository\com\easemob\im\im-sdk-core\0.2.5\im-sdk-core-0.2.5.jar;E:\develop\apache-maven-3.6.3\repository\io\github\resilience4j\resilience4j-circuitbreaker\1.3.1\resilience4j-circuitbreaker-1.3.1.jar;E:\develop\apache-maven-3.6.3\repository\io\vavr\vavr\0.10.2\vavr-0.10.2.jar;E:\develop\apache-maven-3.6.3\repository\io\vavr\vavr-match\0.10.2\vavr-match-0.10.2.jar;E:\develop\apache-maven-3.6.3\repository\io\github\resilience4j\resilience4j-core\1.3.1\resilience4j-core-1.3.1.jar;E:\develop\apache-maven-3.6.3\repository\io\github\resilience4j\resilience4j-reactor\1.3.1\resilience4j-reactor-1.3.1.jar;E:\develop\apache-maven-3.6.3\repository\io\projectreactor\netty\reactor-netty-core\1.0.4\reactor-netty-core-1.0.4.jar;E:\develop\apache-maven-3.6.3\repository\io\netty\netty-handler-proxy\4.1.59.Final\netty-handler-proxy-4.1.59.Final.jar;E:\develop\apache-maven-3.6.3\repository\io\netty\netty-codec-socks\4.1.59.Final\netty-codec-socks-4.1.59.Final.jar;E:\develop\apache-maven-3.6.3\repository\io\netty\netty-resolver-dns\4.1.59.Final\netty-resolver-dns-4.1.59.Final.jar;E:\develop\apache-maven-3.6.3\repository\io\netty\netty-codec-dns\4.1.59.Final\netty-codec-dns-4.1.59.Final.jar;E:\develop\apache-maven-3.6.3\repository\io\netty\netty-resolver-dns-native-macos\4.1.59.Final\netty-resolver-dns-native-macos-4.1.59.Final-osx-x86_64.jar;E:\develop\apache-maven-3.6.3\repository\io\netty\netty-transport-native-unix-common\4.1.59.Final\netty-transport-native-unix-common-4.1.59.Final.jar;E:\develop\apache-maven-3.6.3\repository\io\netty\netty-transport-native-epoll\4.1.59.Final\netty-transport-native-epoll-4.1.59.Final-linux-x86_64.jar;E:\develop\apache-maven-3.6.3\repository\io\projectreactor\netty\reactor-netty-http\1.0.4\reactor-netty-http-1.0.4.jar;E:\develop\apache-maven-3.6.3\repository\io\netty\netty-codec-http\4.1.59.Final\netty-codec-http-4.1.59.Final.jar;E:\develop\apache-maven-3.6.3\repository\io\netty\netty-codec-http2\4.1.59.Final\netty-codec-http2-4.1.59.Final.jar;E:\develop\apache-maven-3.6.3\repository\org\apache\logging\log4j\log4j-api\2.13.3\log4j-api-2.13.3.jar;E:\develop\apache-maven-3.6.3\repository\com\aliyun\aliyun-java-sdk-green\3.6.1\aliyun-java-sdk-green-3.6.1.jar;E:\develop\apache-maven-3.6.3\repository\org\springframework\boot\spring-boot-starter-test\2.3.9.RELEASE\spring-boot-starter-test-2.3.9.RELEASE.jar;E:\develop\apache-maven-3.6.3\repository\org\springframework\boot\spring-boot-test\2.3.9.RELEASE\spring-boot-test-2.3.9.RELEASE.jar;E:\develop\apache-maven-3.6.3\repository\org\springframework\boot\spring-boot-test-autoconfigure\2.3.9.RELEASE\spring-boot-test-autoconfigure-2.3.9.RELEASE.jar;E:\develop\apache-maven-3.6.3\repository\com\jayway\jsonpath\json-path\2.4.0\json-path-2.4.0.jar;E:\develop\apache-maven-3.6.3\repository\net\minidev\json-smart\2.3\json-smart-2.3.jar;E:\develop\apache-maven-3.6.3\repository\net\minidev\accessors-smart\1.2\accessors-smart-1.2.jar;E:\develop\apache-maven-3.6.3\repository\org\ow2\asm\asm\5.0.4\asm-5.0.4.jar;E:\develop\apache-maven-3.6.3\repository\jakarta\xml\bind\jakarta.xml.bind-api\2.3.3\jakarta.xml.bind-api-2.3.3.jar;E:\develop\apache-maven-3.6.3\repository\jakarta\activation\jakarta.activation-api\1.2.2\jakarta.activation-api-1.2.2.jar;E:\develop\apache-maven-3.6.3\repository\org\assertj\assertj-core\3.16.1\assertj-core-3.16.1.jar;E:\develop\apache-maven-3.6.3\repository\org\hamcrest\hamcrest\2.2\hamcrest-2.2.jar;E:\develop\apache-maven-3.6.3\repository\org\junit\jupiter\junit-jupiter\5.6.3\junit-jupiter-5.6.3.jar;E:\develop\apache-maven-3.6.3\repository\org\junit\jupiter\junit-jupiter-api\5.6.3\junit-jupiter-api-5.6.3.jar;E:\develop\apache-maven-3.6.3\repository\org\opentest4j\opentest4j\1.2.0\opentest4j-1.2.0.jar;E:\develop\apache-maven-3.6.3\repository\org\junit\platform\junit-platform-commons\1.6.3\junit-platform-commons-1.6.3.jar;E:\develop\apache-maven-3.6.3\repository\org\junit\jupiter\junit-jupiter-params\5.6.3\junit-jupiter-params-5.6.3.jar;E:\develop\apache-maven-3.6.3\repository\org\junit\jupiter\junit-jupiter-engine\5.6.3\junit-jupiter-engine-5.6.3.jar;E:\develop\apache-maven-3.6.3\repository\org\junit\vintage\junit-vintage-engine\5.6.3\junit-vintage-engine-5.6.3.jar;E:\develop\apache-maven-3.6.3\repository\org\apiguardian\apiguardian-api\1.1.0\apiguardian-api-1.1.0.jar;E:\develop\apache-maven-3.6.3\repository\org\junit\platform\junit-platform-engine\1.6.3\junit-platform-engine-1.6.3.jar;E:\develop\apache-maven-3.6.3\repository\org\mockito\mockito-core\3.3.3\mockito-core-3.3.3.jar;E:\develop\apache-maven-3.6.3\repository\net\bytebuddy\byte-buddy\1.10.20\byte-buddy-1.10.20.jar;E:\develop\apache-maven-3.6.3\repository\net\bytebuddy\byte-buddy-agent\1.10.20\byte-buddy-agent-1.10.20.jar;E:\develop\apache-maven-3.6.3\repository\org\objenesis\objenesis\2.6\objenesis-2.6.jar;E:\develop\apache-maven-3.6.3\repository\org\mockito\mockito-junit-jupiter\3.3.3\mockito-junit-jupiter-3.3.3.jar;E:\develop\apache-maven-3.6.3\repository\org\skyscreamer\jsonassert\1.5.0\jsonassert-1.5.0.jar;E:\develop\apache-maven-3.6.3\repository\com\vaadin\external\google\android-json\0.0.20131108.vaadin1\android-json-0.0.20131108.vaadin1.jar;E:\develop\apache-maven-3.6.3\repository\org\springframework\spring-test\5.2.13.RELEASE\spring-test-5.2.13.RELEASE.jar;E:\develop\apache-maven-3.6.3\repository\org\xmlunit\xmlunit-core\2.7.0\xmlunit-core-2.7.0.jar;E:\develop\apache-maven-3.6.3\repository\junit\junit\4.12\junit-4.12.jar;E:\develop\apache-maven-3.6.3\repository\org\hamcrest\hamcrest-core\2.2\hamcrest-core-2.2.jar;E:\develop\apache-maven-3.6.3\repository\cn\hutool\hutool-all\5.4.3\hutool-all-5.4.3.jar;E:\develop\apache-maven-3.6.3\repository\com\alibaba\fastjson\1.2.8\fastjson-1.2.8.jar;"/>
    <property name="java.vm.vendor" value="Oracle Corporation"/>
    <property name="sun.arch.data.model" value="64"/>
    <property name="user.variant" value=""/>
    <property name="java.vendor.url" value="http://java.oracle.com/"/>
    <property name="user.timezone" value="Asia/Shanghai"/>
    <property name="java.vm.specification.version" value="1.8"/>
    <property name="os.name" value="Windows 10"/>
    <property name="user.country" value="CN"/>
    <property name="sun.java.launcher" value="SUN_STANDARD"/>
    <property name="sun.boot.library.path" value="E:\develop\Java\jdk1.8.0_171\jre\bin"/>
    <property name="sun.java.command" value="C:\Users\Coder\AppData\Local\Temp\surefire2808363442678148174\surefirebooter6051390943923611400.jar C:\Users\Coder\AppData\Local\Temp\surefire2808363442678148174 2022-07-20T18-30-31_780-jvmRun1 surefire8540342253619267997tmp surefire_14833249748366391836tmp"/>
    <property name="surefire.test.class.path" value="E:\project\java\springboot\tanhua\tanhua-app-server\target\test-classes;E:\project\java\springboot\tanhua\tanhua-app-server\target\classes;E:\develop\apache-maven-3.6.3\repository\org\springframework\boot\spring-boot-starter-web\2.3.9.RELEASE\spring-boot-starter-web-2.3.9.RELEASE.jar;E:\develop\apache-maven-3.6.3\repository\org\springframework\boot\spring-boot-starter\2.3.9.RELEASE\spring-boot-starter-2.3.9.RELEASE.jar;E:\develop\apache-maven-3.6.3\repository\org\springframework\boot\spring-boot\2.3.9.RELEASE\spring-boot-2.3.9.RELEASE.jar;E:\develop\apache-maven-3.6.3\repository\org\springframework\boot\spring-boot-starter-logging\2.3.9.RELEASE\spring-boot-starter-logging-2.3.9.RELEASE.jar;E:\develop\apache-maven-3.6.3\repository\ch\qos\logback\logback-classic\1.2.3\logback-classic-1.2.3.jar;E:\develop\apache-maven-3.6.3\repository\ch\qos\logback\logback-core\1.2.3\logback-core-1.2.3.jar;E:\develop\apache-maven-3.6.3\repository\org\apache\logging\log4j\log4j-to-slf4j\2.13.3\log4j-to-slf4j-2.13.3.jar;E:\develop\apache-maven-3.6.3\repository\org\slf4j\jul-to-slf4j\1.7.30\jul-to-slf4j-1.7.30.jar;E:\develop\apache-maven-3.6.3\repository\jakarta\annotation\jakarta.annotation-api\1.3.5\jakarta.annotation-api-1.3.5.jar;E:\develop\apache-maven-3.6.3\repository\org\yaml\snakeyaml\1.26\snakeyaml-1.26.jar;E:\develop\apache-maven-3.6.3\repository\org\springframework\boot\spring-boot-starter-json\2.3.9.RELEASE\spring-boot-starter-json-2.3.9.RELEASE.jar;E:\develop\apache-maven-3.6.3\repository\com\fasterxml\jackson\datatype\jackson-datatype-jdk8\2.11.4\jackson-datatype-jdk8-2.11.4.jar;E:\develop\apache-maven-3.6.3\repository\com\fasterxml\jackson\datatype\jackson-datatype-jsr310\2.11.4\jackson-datatype-jsr310-2.11.4.jar;E:\develop\apache-maven-3.6.3\repository\com\fasterxml\jackson\module\jackson-module-parameter-names\2.11.4\jackson-module-parameter-names-2.11.4.jar;E:\develop\apache-maven-3.6.3\repository\org\springframework\boot\spring-boot-starter-tomcat\2.3.9.RELEASE\spring-boot-starter-tomcat-2.3.9.RELEASE.jar;E:\develop\apache-maven-3.6.3\repository\org\apache\tomcat\embed\tomcat-embed-core\9.0.43\tomcat-embed-core-9.0.43.jar;E:\develop\apache-maven-3.6.3\repository\org\glassfish\jakarta.el\3.0.3\jakarta.el-3.0.3.jar;E:\develop\apache-maven-3.6.3\repository\org\apache\tomcat\embed\tomcat-embed-websocket\9.0.43\tomcat-embed-websocket-9.0.43.jar;E:\develop\apache-maven-3.6.3\repository\org\springframework\spring-web\5.2.13.RELEASE\spring-web-5.2.13.RELEASE.jar;E:\develop\apache-maven-3.6.3\repository\org\springframework\spring-beans\5.2.13.RELEASE\spring-beans-5.2.13.RELEASE.jar;E:\develop\apache-maven-3.6.3\repository\org\springframework\spring-webmvc\5.2.13.RELEASE\spring-webmvc-5.2.13.RELEASE.jar;E:\develop\apache-maven-3.6.3\repository\org\springframework\spring-aop\5.2.13.RELEASE\spring-aop-5.2.13.RELEASE.jar;E:\develop\apache-maven-3.6.3\repository\org\springframework\spring-expression\5.2.13.RELEASE\spring-expression-5.2.13.RELEASE.jar;E:\develop\apache-maven-3.6.3\repository\org\springframework\boot\spring-boot-starter-data-redis\2.3.9.RELEASE\spring-boot-starter-data-redis-2.3.9.RELEASE.jar;E:\develop\apache-maven-3.6.3\repository\org\springframework\data\spring-data-redis\2.3.7.RELEASE\spring-data-redis-2.3.7.RELEASE.jar;E:\develop\apache-maven-3.6.3\repository\org\springframework\data\spring-data-keyvalue\2.3.7.RELEASE\spring-data-keyvalue-2.3.7.RELEASE.jar;E:\develop\apache-maven-3.6.3\repository\org\springframework\data\spring-data-commons\2.3.7.RELEASE\spring-data-commons-2.3.7.RELEASE.jar;E:\develop\apache-maven-3.6.3\repository\org\springframework\spring-tx\5.2.13.RELEASE\spring-tx-5.2.13.RELEASE.jar;E:\develop\apache-maven-3.6.3\repository\org\springframework\spring-oxm\5.2.13.RELEASE\spring-oxm-5.2.13.RELEASE.jar;E:\develop\apache-maven-3.6.3\repository\org\springframework\spring-context-support\5.2.13.RELEASE\spring-context-support-5.2.13.RELEASE.jar;E:\develop\apache-maven-3.6.3\repository\io\lettuce\lettuce-core\5.3.6.RELEASE\lettuce-core-5.3.6.RELEASE.jar;E:\develop\apache-maven-3.6.3\repository\io\netty\netty-common\4.1.59.Final\netty-common-4.1.59.Final.jar;E:\develop\apache-maven-3.6.3\repository\io\netty\netty-handler\4.1.59.Final\netty-handler-4.1.59.Final.jar;E:\develop\apache-maven-3.6.3\repository\io\netty\netty-resolver\4.1.59.Final\netty-resolver-4.1.59.Final.jar;E:\develop\apache-maven-3.6.3\repository\io\netty\netty-buffer\4.1.59.Final\netty-buffer-4.1.59.Final.jar;E:\develop\apache-maven-3.6.3\repository\io\netty\netty-codec\4.1.59.Final\netty-codec-4.1.59.Final.jar;E:\develop\apache-maven-3.6.3\repository\io\netty\netty-transport\4.1.59.Final\netty-transport-4.1.59.Final.jar;E:\develop\apache-maven-3.6.3\repository\io\projectreactor\reactor-core\3.4.3\reactor-core-3.4.3.jar;E:\develop\apache-maven-3.6.3\repository\org\reactivestreams\reactive-streams\1.0.3\reactive-streams-1.0.3.jar;E:\develop\apache-maven-3.6.3\repository\org\projectlombok\lombok\1.18.8\lombok-1.18.8.jar;E:\develop\apache-maven-3.6.3\repository\org\apache\commons\commons-lang3\3.7\commons-lang3-3.7.jar;E:\develop\apache-maven-3.6.3\repository\com\fasterxml\jackson\core\jackson-databind\2.11.0\jackson-databind-2.11.0.jar;E:\develop\apache-maven-3.6.3\repository\com\fasterxml\jackson\core\jackson-annotations\2.11.4\jackson-annotations-2.11.4.jar;E:\develop\apache-maven-3.6.3\repository\com\fasterxml\jackson\core\jackson-core\2.11.4\jackson-core-2.11.4.jar;E:\develop\apache-maven-3.6.3\repository\commons-codec\commons-codec\1.11\commons-codec-1.11.jar;E:\develop\apache-maven-3.6.3\repository\joda-time\joda-time\2.5\joda-time-2.5.jar;E:\develop\apache-maven-3.6.3\repository\io\jsonwebtoken\jjwt\0.9.1\jjwt-0.9.1.jar;E:\develop\apache-maven-3.6.3\repository\com\github\tobato\fastdfs-client\1.26.7\fastdfs-client-1.26.7.jar;E:\develop\apache-maven-3.6.3\repository\org\slf4j\slf4j-api\1.7.30\slf4j-api-1.7.30.jar;E:\develop\apache-maven-3.6.3\repository\org\slf4j\jcl-over-slf4j\1.7.30\jcl-over-slf4j-1.7.30.jar;E:\develop\apache-maven-3.6.3\repository\commons-beanutils\commons-beanutils\1.9.3\commons-beanutils-1.9.3.jar;E:\develop\apache-maven-3.6.3\repository\commons-collections\commons-collections\3.2.2\commons-collections-3.2.2.jar;E:\develop\apache-maven-3.6.3\repository\commons-io\commons-io\2.4\commons-io-2.4.jar;E:\develop\apache-maven-3.6.3\repository\org\apache\commons\commons-pool2\2.8.1\commons-pool2-2.8.1.jar;E:\develop\apache-maven-3.6.3\repository\org\springframework\spring-core\5.2.13.RELEASE\spring-core-5.2.13.RELEASE.jar;E:\develop\apache-maven-3.6.3\repository\org\springframework\spring-jcl\5.2.13.RELEASE\spring-jcl-5.2.13.RELEASE.jar;E:\develop\apache-maven-3.6.3\repository\org\hibernate\validator\hibernate-validator\6.1.7.Final\hibernate-validator-6.1.7.Final.jar;E:\develop\apache-maven-3.6.3\repository\jakarta\validation\jakarta.validation-api\2.0.2\jakarta.validation-api-2.0.2.jar;E:\develop\apache-maven-3.6.3\repository\org\jboss\logging\jboss-logging\3.4.1.Final\jboss-logging-3.4.1.Final.jar;E:\develop\apache-maven-3.6.3\repository\com\fasterxml\classmate\1.5.1\classmate-1.5.1.jar;E:\develop\apache-maven-3.6.3\repository\org\springframework\boot\spring-boot-autoconfigure\2.3.9.RELEASE\spring-boot-autoconfigure-2.3.9.RELEASE.jar;E:\develop\apache-maven-3.6.3\repository\org\springframework\spring-context\5.2.13.RELEASE\spring-context-5.2.13.RELEASE.jar;E:\develop\apache-maven-3.6.3\repository\net\coobird\thumbnailator\0.4.8\thumbnailator-0.4.8.jar;E:\develop\apache-maven-3.6.3\repository\com\alibaba\cloud\spring-cloud-starter-dubbo\2.2.5.RELEASE\spring-cloud-starter-dubbo-2.2.5.RELEASE.jar;E:\develop\apache-maven-3.6.3\repository\org\springframework\cloud\spring-cloud-openfeign-core\2.2.7.RELEASE\spring-cloud-openfeign-core-2.2.7.RELEASE.jar;E:\develop\apache-maven-3.6.3\repository\org\springframework\cloud\spring-cloud-netflix-ribbon\2.2.7.RELEASE\spring-cloud-netflix-ribbon-2.2.7.RELEASE.jar;E:\develop\apache-maven-3.6.3\repository\org\springframework\cloud\spring-cloud-netflix-archaius\2.2.7.RELEASE\spring-cloud-netflix-archaius-2.2.7.RELEASE.jar;E:\develop\apache-maven-3.6.3\repository\org\springframework\boot\spring-boot-starter-aop\2.3.9.RELEASE\spring-boot-starter-aop-2.3.9.RELEASE.jar;E:\develop\apache-maven-3.6.3\repository\org\aspectj\aspectjweaver\1.9.6\aspectjweaver-1.9.6.jar;E:\develop\apache-maven-3.6.3\repository\io\github\openfeign\form\feign-form-spring\3.8.0\feign-form-spring-3.8.0.jar;E:\develop\apache-maven-3.6.3\repository\io\github\openfeign\form\feign-form\3.8.0\feign-form-3.8.0.jar;E:\develop\apache-maven-3.6.3\repository\commons-fileupload\commons-fileupload\1.4\commons-fileupload-1.4.jar;E:\develop\apache-maven-3.6.3\repository\org\apache\dubbo\dubbo\2.7.8\dubbo-2.7.8.jar;E:\develop\apache-maven-3.6.3\repository\org\javassist\javassist\3.20.0-GA\javassist-3.20.0-GA.jar;E:\develop\apache-maven-3.6.3\repository\com\google\code\gson\gson\2.8.6\gson-2.8.6.jar;E:\develop\apache-maven-3.6.3\repository\org\apache\dubbo\dubbo-spring-boot-starter\2.7.8\dubbo-spring-boot-starter-2.7.8.jar;E:\develop\apache-maven-3.6.3\repository\org\apache\dubbo\dubbo-spring-boot-autoconfigure\2.7.8\dubbo-spring-boot-autoconfigure-2.7.8.jar;E:\develop\apache-maven-3.6.3\repository\org\apache\dubbo\dubbo-spring-boot-autoconfigure-compatible\2.7.8\dubbo-spring-boot-autoconfigure-compatible-2.7.8.jar;E:\develop\apache-maven-3.6.3\repository\io\netty\netty-all\4.1.59.Final\netty-all-4.1.59.Final.jar;E:\develop\apache-maven-3.6.3\repository\io\github\openfeign\feign-jaxrs2\10.10.1\feign-jaxrs2-10.10.1.jar;E:\develop\apache-maven-3.6.3\repository\io\github\openfeign\feign-core\10.10.1\feign-core-10.10.1.jar;E:\develop\apache-maven-3.6.3\repository\io\github\openfeign\feign-jaxrs\10.10.1\feign-jaxrs-10.10.1.jar;E:\develop\apache-maven-3.6.3\repository\javax\ws\rs\javax.ws.rs-api\2.1\javax.ws.rs-api-2.1.jar;E:\develop\apache-maven-3.6.3\repository\com\alibaba\cloud\spring-cloud-starter-alibaba-nacos-discovery\2.2.5.RELEASE\spring-cloud-starter-alibaba-nacos-discovery-2.2.5.RELEASE.jar;E:\develop\apache-maven-3.6.3\repository\com\alibaba\cloud\spring-cloud-alibaba-commons\2.2.5.RELEASE\spring-cloud-alibaba-commons-2.2.5.RELEASE.jar;E:\develop\apache-maven-3.6.3\repository\com\alibaba\nacos\nacos-client\1.4.1\nacos-client-1.4.1.jar;E:\develop\apache-maven-3.6.3\repository\com\alibaba\nacos\nacos-common\1.4.1\nacos-common-1.4.1.jar;E:\develop\apache-maven-3.6.3\repository\org\apache\httpcomponents\httpasyncclient\4.1.4\httpasyncclient-4.1.4.jar;E:\develop\apache-maven-3.6.3\repository\org\apache\httpcomponents\httpcore-nio\4.4.14\httpcore-nio-4.4.14.jar;E:\develop\apache-maven-3.6.3\repository\com\alibaba\nacos\nacos-api\1.4.1\nacos-api-1.4.1.jar;E:\develop\apache-maven-3.6.3\repository\com\google\guava\guava\29.0-jre\guava-29.0-jre.jar;E:\develop\apache-maven-3.6.3\repository\com\google\guava\failureaccess\1.0.1\failureaccess-1.0.1.jar;E:\develop\apache-maven-3.6.3\repository\com\google\guava\listenablefuture\9999.0-empty-to-avoid-conflict-with-guava\listenablefuture-9999.0-empty-to-avoid-conflict-with-guava.jar;E:\develop\apache-maven-3.6.3\repository\com\google\code\findbugs\jsr305\3.0.2\jsr305-3.0.2.jar;E:\develop\apache-maven-3.6.3\repository\org\checkerframework\checker-qual\2.11.1\checker-qual-2.11.1.jar;E:\develop\apache-maven-3.6.3\repository\com\google\errorprone\error_prone_annotations\2.3.4\error_prone_annotations-2.3.4.jar;E:\develop\apache-maven-3.6.3\repository\com\google\j2objc\j2objc-annotations\1.3\j2objc-annotations-1.3.jar;E:\develop\apache-maven-3.6.3\repository\io\prometheus\simpleclient\0.5.0\simpleclient-0.5.0.jar;E:\develop\apache-maven-3.6.3\repository\com\alibaba\spring\spring-context-support\1.0.10\spring-context-support-1.0.10.jar;E:\develop\apache-maven-3.6.3\repository\org\springframework\cloud\spring-cloud-commons\2.2.7.RELEASE\spring-cloud-commons-2.2.7.RELEASE.jar;E:\develop\apache-maven-3.6.3\repository\org\springframework\security\spring-security-crypto\5.3.8.RELEASE\spring-security-crypto-5.3.8.RELEASE.jar;E:\develop\apache-maven-3.6.3\repository\org\springframework\cloud\spring-cloud-context\2.2.7.RELEASE\spring-cloud-context-2.2.7.RELEASE.jar;E:\develop\apache-maven-3.6.3\repository\org\springframework\cloud\spring-cloud-starter-netflix-ribbon\2.2.7.RELEASE\spring-cloud-starter-netflix-ribbon-2.2.7.RELEASE.jar;E:\develop\apache-maven-3.6.3\repository\org\springframework\cloud\spring-cloud-starter\2.2.7.RELEASE\spring-cloud-starter-2.2.7.RELEASE.jar;E:\develop\apache-maven-3.6.3\repository\org\springframework\security\spring-security-rsa\1.0.9.RELEASE\spring-security-rsa-1.0.9.RELEASE.jar;E:\develop\apache-maven-3.6.3\repository\org\springframework\cloud\spring-cloud-starter-netflix-archaius\2.2.7.RELEASE\spring-cloud-starter-netflix-archaius-2.2.7.RELEASE.jar;E:\develop\apache-maven-3.6.3\repository\com\netflix\archaius\archaius-core\0.7.7\archaius-core-0.7.7.jar;E:\develop\apache-maven-3.6.3\repository\commons-configuration\commons-configuration\1.8\commons-configuration-1.8.jar;E:\develop\apache-maven-3.6.3\repository\com\netflix\ribbon\ribbon\2.3.0\ribbon-2.3.0.jar;E:\develop\apache-maven-3.6.3\repository\com\netflix\ribbon\ribbon-transport\2.3.0\ribbon-transport-2.3.0.jar;E:\develop\apache-maven-3.6.3\repository\io\reactivex\rxnetty-contexts\0.4.9\rxnetty-contexts-0.4.9.jar;E:\develop\apache-maven-3.6.3\repository\io\reactivex\rxnetty-servo\0.4.9\rxnetty-servo-0.4.9.jar;E:\develop\apache-maven-3.6.3\repository\com\netflix\hystrix\hystrix-core\1.5.18\hystrix-core-1.5.18.jar;E:\develop\apache-maven-3.6.3\repository\org\hdrhistogram\HdrHistogram\2.1.9\HdrHistogram-2.1.9.jar;E:\develop\apache-maven-3.6.3\repository\javax\inject\javax.inject\1\javax.inject-1.jar;E:\develop\apache-maven-3.6.3\repository\io\reactivex\rxnetty\0.4.9\rxnetty-0.4.9.jar;E:\develop\apache-maven-3.6.3\repository\com\netflix\ribbon\ribbon-core\2.3.0\ribbon-core-2.3.0.jar;E:\develop\apache-maven-3.6.3\repository\commons-lang\commons-lang\2.6\commons-lang-2.6.jar;E:\develop\apache-maven-3.6.3\repository\com\netflix\ribbon\ribbon-httpclient\2.3.0\ribbon-httpclient-2.3.0.jar;E:\develop\apache-maven-3.6.3\repository\com\sun\jersey\jersey-client\1.19.1\jersey-client-1.19.1.jar;E:\develop\apache-maven-3.6.3\repository\com\sun\jersey\jersey-core\1.19.1\jersey-core-1.19.1.jar;E:\develop\apache-maven-3.6.3\repository\javax\ws\rs\jsr311-api\1.1.1\jsr311-api-1.1.1.jar;E:\develop\apache-maven-3.6.3\repository\com\sun\jersey\contribs\jersey-apache-client4\1.19.1\jersey-apache-client4-1.19.1.jar;E:\develop\apache-maven-3.6.3\repository\com\netflix\servo\servo-core\0.12.21\servo-core-0.12.21.jar;E:\develop\apache-maven-3.6.3\repository\com\netflix\netflix-commons\netflix-commons-util\0.3.0\netflix-commons-util-0.3.0.jar;E:\develop\apache-maven-3.6.3\repository\com\netflix\ribbon\ribbon-loadbalancer\2.3.0\ribbon-loadbalancer-2.3.0.jar;E:\develop\apache-maven-3.6.3\repository\com\netflix\netflix-commons\netflix-statistics\0.1.1\netflix-statistics-0.1.1.jar;E:\develop\apache-maven-3.6.3\repository\io\reactivex\rxjava\1.3.8\rxjava-1.3.8.jar;E:\develop\apache-maven-3.6.3\repository\com\alibaba\cloud\spring-cloud-starter-alibaba-nacos-config\2.2.5.RELEASE\spring-cloud-starter-alibaba-nacos-config-2.2.5.RELEASE.jar;E:\develop\apache-maven-3.6.3\repository\org\springframework\boot\spring-boot-starter-amqp\2.3.9.RELEASE\spring-boot-starter-amqp-2.3.9.RELEASE.jar;E:\develop\apache-maven-3.6.3\repository\org\springframework\spring-messaging\5.2.13.RELEASE\spring-messaging-5.2.13.RELEASE.jar;E:\develop\apache-maven-3.6.3\repository\org\springframework\amqp\spring-rabbit\2.2.15.RELEASE\spring-rabbit-2.2.15.RELEASE.jar;E:\develop\apache-maven-3.6.3\repository\com\rabbitmq\amqp-client\5.9.0\amqp-client-5.9.0.jar;E:\develop\apache-maven-3.6.3\repository\org\springframework\amqp\spring-amqp\2.2.15.RELEASE\spring-amqp-2.2.15.RELEASE.jar;E:\develop\apache-maven-3.6.3\repository\org\springframework\retry\spring-retry\1.2.5.RELEASE\spring-retry-1.2.5.RELEASE.jar;E:\project\java\springboot\tanhua\tanhua-dubbo\tanhua-dubbo-interface\target\tanhua-dubbo-interface-1.0-SNAPSHOT.jar;E:\project\java\springboot\tanhua\tanhua-model\target\tanhua-model-1.0-SNAPSHOT.jar;E:\develop\apache-maven-3.6.3\repository\org\springframework\boot\spring-boot-starter-data-mongodb\2.3.9.RELEASE\spring-boot-starter-data-mongodb-2.3.9.RELEASE.jar;E:\develop\apache-maven-3.6.3\repository\org\springframework\data\spring-data-mongodb\3.0.7.RELEASE\spring-data-mongodb-3.0.7.RELEASE.jar;E:\develop\apache-maven-3.6.3\repository\org\mongodb\mongodb-driver-sync\4.0.5\mongodb-driver-sync-4.0.5.jar;E:\develop\apache-maven-3.6.3\repository\org\mongodb\bson\4.0.5\bson-4.0.5.jar;E:\develop\apache-maven-3.6.3\repository\org\mongodb\mongodb-driver-core\4.0.5\mongodb-driver-core-4.0.5.jar;E:\develop\apache-maven-3.6.3\repository\com\baomidou\mybatis-plus\3.4.1\mybatis-plus-3.4.1.jar;E:\develop\apache-maven-3.6.3\repository\com\baomidou\mybatis-plus-extension\3.4.1\mybatis-plus-extension-3.4.1.jar;E:\develop\apache-maven-3.6.3\repository\com\baomidou\mybatis-plus-core\3.4.1\mybatis-plus-core-3.4.1.jar;E:\develop\apache-maven-3.6.3\repository\com\baomidou\mybatis-plus-annotation\3.4.1\mybatis-plus-annotation-3.4.1.jar;E:\develop\apache-maven-3.6.3\repository\com\github\jsqlparser\jsqlparser\3.2\jsqlparser-3.2.jar;E:\develop\apache-maven-3.6.3\repository\org\mybatis\mybatis\3.5.6\mybatis-3.5.6.jar;E:\develop\apache-maven-3.6.3\repository\org\mybatis\mybatis-spring\2.0.5\mybatis-spring-2.0.5.jar;E:\project\java\springboot\tanhua\tanhua-commons\target\tanhua-commons-1.0-SNAPSHOT.jar;E:\project\java\springboot\tanhua\tanhua-autoconfig\target\tanhua-autoconfig-1.0-SNAPSHOT.jar;E:\develop\apache-maven-3.6.3\repository\com\aliyun\aliyun-java-sdk-core\4.5.3\aliyun-java-sdk-core-4.5.3.jar;E:\develop\apache-maven-3.6.3\repository\org\apache\httpcomponents\httpclient\4.5.13\httpclient-4.5.13.jar;E:\develop\apache-maven-3.6.3\repository\org\apache\httpcomponents\httpcore\4.4.14\httpcore-4.4.14.jar;E:\develop\apache-maven-3.6.3\repository\commons-logging\commons-logging\1.2\commons-logging-1.2.jar;E:\develop\apache-maven-3.6.3\repository\javax\xml\bind\jaxb-api\2.3.1\jaxb-api-2.3.1.jar;E:\develop\apache-maven-3.6.3\repository\javax\activation\javax.activation-api\1.2.0\javax.activation-api-1.2.0.jar;E:\develop\apache-maven-3.6.3\repository\org\jacoco\org.jacoco.agent\0.8.5\org.jacoco.agent-0.8.5-runtime.jar;E:\develop\apache-maven-3.6.3\repository\org\ini4j\ini4j\0.5.4\ini4j-0.5.4.jar;E:\develop\apache-maven-3.6.3\repository\io\opentracing\opentracing-api\0.33.0\opentracing-api-0.33.0.jar;E:\develop\apache-maven-3.6.3\repository\io\opentracing\opentracing-util\0.33.0\opentracing-util-0.33.0.jar;E:\develop\apache-maven-3.6.3\repository\io\opentracing\opentracing-noop\0.33.0\opentracing-noop-0.33.0.jar;E:\develop\apache-maven-3.6.3\repository\com\aliyun\dysmsapi20170525\2.0.1\dysmsapi20170525-2.0.1.jar;E:\develop\apache-maven-3.6.3\repository\com\aliyun\tea-util\0.2.9\tea-util-0.2.9.jar;E:\develop\apache-maven-3.6.3\repository\com\aliyun\tea-rpc\0.0.11\tea-rpc-0.0.11.jar;E:\develop\apache-maven-3.6.3\repository\com\aliyun\endpoint-util\0.0.6\endpoint-util-0.0.6.jar;E:\develop\apache-maven-3.6.3\repository\com\aliyun\tea\1.2.0\tea-1.2.0.jar;E:\develop\apache-maven-3.6.3\repository\com\squareup\okhttp3\okhttp\3.14.9\okhttp-3.14.9.jar;E:\develop\apache-maven-3.6.3\repository\com\squareup\okio\okio\1.17.2\okio-1.17.2.jar;E:\develop\apache-maven-3.6.3\repository\com\aliyun\tea-openapi\0.0.7\tea-openapi-0.0.7.jar;E:\develop\apache-maven-3.6.3\repository\com\aliyun\oss\aliyun-sdk-oss\3.10.2\aliyun-sdk-oss-3.10.2.jar;E:\develop\apache-maven-3.6.3\repository\org\jdom\jdom2\2.0.6\jdom2-2.0.6.jar;E:\develop\apache-maven-3.6.3\repository\org\codehaus\jettison\jettison\1.1\jettison-1.1.jar;E:\develop\apache-maven-3.6.3\repository\stax\stax-api\1.0.1\stax-api-1.0.1.jar;E:\develop\apache-maven-3.6.3\repository\com\aliyun\aliyun-java-sdk-ram\3.0.0\aliyun-java-sdk-ram-3.0.0.jar;E:\develop\apache-maven-3.6.3\repository\com\aliyun\aliyun-java-sdk-sts\3.0.0\aliyun-java-sdk-sts-3.0.0.jar;E:\develop\apache-maven-3.6.3\repository\com\aliyun\aliyun-java-sdk-ecs\4.2.0\aliyun-java-sdk-ecs-4.2.0.jar;E:\develop\apache-maven-3.6.3\repository\com\aliyun\aliyun-java-sdk-kms\2.7.0\aliyun-java-sdk-kms-2.7.0.jar;E:\develop\apache-maven-3.6.3\repository\com\aliyun\facebody20191230\1.0.10\facebody20191230-1.0.10.jar;E:\develop\apache-maven-3.6.3\repository\com\aliyun\credentials-java\0.2.2\credentials-java-0.2.2.jar;E:\develop\apache-maven-3.6.3\repository\com\sun\xml\bind\jaxb-core\2.3.0\jaxb-core-2.3.0.jar;E:\develop\apache-maven-3.6.3\repository\com\sun\xml\bind\jaxb-impl\2.3.0\jaxb-impl-2.3.0.jar;E:\develop\apache-maven-3.6.3\repository\com\aliyun\oss-client\3.0.2\oss-client-3.0.2.jar;E:\develop\apache-maven-3.6.3\repository\com\aliyun\tea-xml\0.1.1\tea-xml-0.1.1.jar;E:\develop\apache-maven-3.6.3\repository\com\aliyun\openplatform20191219\3.0.2\openplatform20191219-3.0.2.jar;E:\develop\apache-maven-3.6.3\repository\com\aliyun\tea-rpc-util\0.1.2\tea-rpc-util-0.1.2.jar;E:\develop\apache-maven-3.6.3\repository\dom4j\dom4j\1.6.1\dom4j-1.6.1.jar;E:\develop\apache-maven-3.6.3\repository\xml-apis\xml-apis\1.0.b2\xml-apis-1.0.b2.jar;E:\develop\apache-maven-3.6.3\repository\com\aliyun\oss-util\1.0.0\oss-util-1.0.0.jar;E:\develop\apache-maven-3.6.3\repository\com\aliyun\tea-fileform\0.0.3\tea-fileform-0.0.3.jar;E:\develop\apache-maven-3.6.3\repository\com\aliyun\openapiutil\0.1.4\openapiutil-0.1.4.jar;E:\develop\apache-maven-3.6.3\repository\org\bouncycastle\bcpkix-jdk15on\1.65\bcpkix-jdk15on-1.65.jar;E:\develop\apache-maven-3.6.3\repository\org\bouncycastle\bcprov-jdk15on\1.65\bcprov-jdk15on-1.65.jar;E:\develop\apache-maven-3.6.3\repository\com\baidu\aip\java-sdk\4.8.0\java-sdk-4.8.0.jar;E:\develop\apache-maven-3.6.3\repository\org\json\json\20160810\json-20160810.jar;E:\develop\apache-maven-3.6.3\repository\log4j\log4j\1.2.17\log4j-1.2.17.jar;E:\develop\apache-maven-3.6.3\repository\com\easemob\im\im-sdk-core\0.2.5\im-sdk-core-0.2.5.jar;E:\develop\apache-maven-3.6.3\repository\io\github\resilience4j\resilience4j-circuitbreaker\1.3.1\resilience4j-circuitbreaker-1.3.1.jar;E:\develop\apache-maven-3.6.3\repository\io\vavr\vavr\0.10.2\vavr-0.10.2.jar;E:\develop\apache-maven-3.6.3\repository\io\vavr\vavr-match\0.10.2\vavr-match-0.10.2.jar;E:\develop\apache-maven-3.6.3\repository\io\github\resilience4j\resilience4j-core\1.3.1\resilience4j-core-1.3.1.jar;E:\develop\apache-maven-3.6.3\repository\io\github\resilience4j\resilience4j-reactor\1.3.1\resilience4j-reactor-1.3.1.jar;E:\develop\apache-maven-3.6.3\repository\io\projectreactor\netty\reactor-netty-core\1.0.4\reactor-netty-core-1.0.4.jar;E:\develop\apache-maven-3.6.3\repository\io\netty\netty-handler-proxy\4.1.59.Final\netty-handler-proxy-4.1.59.Final.jar;E:\develop\apache-maven-3.6.3\repository\io\netty\netty-codec-socks\4.1.59.Final\netty-codec-socks-4.1.59.Final.jar;E:\develop\apache-maven-3.6.3\repository\io\netty\netty-resolver-dns\4.1.59.Final\netty-resolver-dns-4.1.59.Final.jar;E:\develop\apache-maven-3.6.3\repository\io\netty\netty-codec-dns\4.1.59.Final\netty-codec-dns-4.1.59.Final.jar;E:\develop\apache-maven-3.6.3\repository\io\netty\netty-resolver-dns-native-macos\4.1.59.Final\netty-resolver-dns-native-macos-4.1.59.Final-osx-x86_64.jar;E:\develop\apache-maven-3.6.3\repository\io\netty\netty-transport-native-unix-common\4.1.59.Final\netty-transport-native-unix-common-4.1.59.Final.jar;E:\develop\apache-maven-3.6.3\repository\io\netty\netty-transport-native-epoll\4.1.59.Final\netty-transport-native-epoll-4.1.59.Final-linux-x86_64.jar;E:\develop\apache-maven-3.6.3\repository\io\projectreactor\netty\reactor-netty-http\1.0.4\reactor-netty-http-1.0.4.jar;E:\develop\apache-maven-3.6.3\repository\io\netty\netty-codec-http\4.1.59.Final\netty-codec-http-4.1.59.Final.jar;E:\develop\apache-maven-3.6.3\repository\io\netty\netty-codec-http2\4.1.59.Final\netty-codec-http2-4.1.59.Final.jar;E:\develop\apache-maven-3.6.3\repository\org\apache\logging\log4j\log4j-api\2.13.3\log4j-api-2.13.3.jar;E:\develop\apache-maven-3.6.3\repository\com\aliyun\aliyun-java-sdk-green\3.6.1\aliyun-java-sdk-green-3.6.1.jar;E:\develop\apache-maven-3.6.3\repository\org\springframework\boot\spring-boot-starter-test\2.3.9.RELEASE\spring-boot-starter-test-2.3.9.RELEASE.jar;E:\develop\apache-maven-3.6.3\repository\org\springframework\boot\spring-boot-test\2.3.9.RELEASE\spring-boot-test-2.3.9.RELEASE.jar;E:\develop\apache-maven-3.6.3\repository\org\springframework\boot\spring-boot-test-autoconfigure\2.3.9.RELEASE\spring-boot-test-autoconfigure-2.3.9.RELEASE.jar;E:\develop\apache-maven-3.6.3\repository\com\jayway\jsonpath\json-path\2.4.0\json-path-2.4.0.jar;E:\develop\apache-maven-3.6.3\repository\net\minidev\json-smart\2.3\json-smart-2.3.jar;E:\develop\apache-maven-3.6.3\repository\net\minidev\accessors-smart\1.2\accessors-smart-1.2.jar;E:\develop\apache-maven-3.6.3\repository\org\ow2\asm\asm\5.0.4\asm-5.0.4.jar;E:\develop\apache-maven-3.6.3\repository\jakarta\xml\bind\jakarta.xml.bind-api\2.3.3\jakarta.xml.bind-api-2.3.3.jar;E:\develop\apache-maven-3.6.3\repository\jakarta\activation\jakarta.activation-api\1.2.2\jakarta.activation-api-1.2.2.jar;E:\develop\apache-maven-3.6.3\repository\org\assertj\assertj-core\3.16.1\assertj-core-3.16.1.jar;E:\develop\apache-maven-3.6.3\repository\org\hamcrest\hamcrest\2.2\hamcrest-2.2.jar;E:\develop\apache-maven-3.6.3\repository\org\junit\jupiter\junit-jupiter\5.6.3\junit-jupiter-5.6.3.jar;E:\develop\apache-maven-3.6.3\repository\org\junit\jupiter\junit-jupiter-api\5.6.3\junit-jupiter-api-5.6.3.jar;E:\develop\apache-maven-3.6.3\repository\org\opentest4j\opentest4j\1.2.0\opentest4j-1.2.0.jar;E:\develop\apache-maven-3.6.3\repository\org\junit\platform\junit-platform-commons\1.6.3\junit-platform-commons-1.6.3.jar;E:\develop\apache-maven-3.6.3\repository\org\junit\jupiter\junit-jupiter-params\5.6.3\junit-jupiter-params-5.6.3.jar;E:\develop\apache-maven-3.6.3\repository\org\junit\jupiter\junit-jupiter-engine\5.6.3\junit-jupiter-engine-5.6.3.jar;E:\develop\apache-maven-3.6.3\repository\org\junit\vintage\junit-vintage-engine\5.6.3\junit-vintage-engine-5.6.3.jar;E:\develop\apache-maven-3.6.3\repository\org\apiguardian\apiguardian-api\1.1.0\apiguardian-api-1.1.0.jar;E:\develop\apache-maven-3.6.3\repository\org\junit\platform\junit-platform-engine\1.6.3\junit-platform-engine-1.6.3.jar;E:\develop\apache-maven-3.6.3\repository\org\mockito\mockito-core\3.3.3\mockito-core-3.3.3.jar;E:\develop\apache-maven-3.6.3\repository\net\bytebuddy\byte-buddy\1.10.20\byte-buddy-1.10.20.jar;E:\develop\apache-maven-3.6.3\repository\net\bytebuddy\byte-buddy-agent\1.10.20\byte-buddy-agent-1.10.20.jar;E:\develop\apache-maven-3.6.3\repository\org\objenesis\objenesis\2.6\objenesis-2.6.jar;E:\develop\apache-maven-3.6.3\repository\org\mockito\mockito-junit-jupiter\3.3.3\mockito-junit-jupiter-3.3.3.jar;E:\develop\apache-maven-3.6.3\repository\org\skyscreamer\jsonassert\1.5.0\jsonassert-1.5.0.jar;E:\develop\apache-maven-3.6.3\repository\com\vaadin\external\google\android-json\0.0.20131108.vaadin1\android-json-0.0.20131108.vaadin1.jar;E:\develop\apache-maven-3.6.3\repository\org\springframework\spring-test\5.2.13.RELEASE\spring-test-5.2.13.RELEASE.jar;E:\develop\apache-maven-3.6.3\repository\org\xmlunit\xmlunit-core\2.7.0\xmlunit-core-2.7.0.jar;E:\develop\apache-maven-3.6.3\repository\junit\junit\4.12\junit-4.12.jar;E:\develop\apache-maven-3.6.3\repository\org\hamcrest\hamcrest-core\2.2\hamcrest-core-2.2.jar;E:\develop\apache-maven-3.6.3\repository\cn\hutool\hutool-all\5.4.3\hutool-all-5.4.3.jar;E:\develop\apache-maven-3.6.3\repository\com\alibaba\fastjson\1.2.8\fastjson-1.2.8.jar;"/>
    <property name="sun.cpu.endian" value="little"/>
    <property name="user.home" value="C:\Users\Coder"/>
    <property name="user.language" value="zh"/>
    <property name="java.specification.vendor" value="Oracle Corporation"/>
    <property name="java.home" value="E:\develop\Java\jdk1.8.0_171\jre"/>
    <property name="basedir" value="E:\project\java\springboot\tanhua\tanhua-app-server"/>
    <property name="file.separator" value="\"/>
    <property name="line.separator" value="&#10;"/>
    <property name="java.vm.specification.vendor" value="Oracle Corporation"/>
    <property name="java.specification.name" value="Java Platform API Specification"/>
    <property name="java.awt.graphicsenv" value="sun.awt.Win32GraphicsEnvironment"/>
    <property name="surefire.real.class.path" value="C:\Users\Coder\AppData\Local\Temp\surefire2808363442678148174\surefirebooter6051390943923611400.jar"/>
    <property name="sun.boot.class.path" value="E:\develop\Java\jdk1.8.0_171\jre\lib\resources.jar;E:\develop\Java\jdk1.8.0_171\jre\lib\rt.jar;E:\develop\Java\jdk1.8.0_171\jre\lib\sunrsasign.jar;E:\develop\Java\jdk1.8.0_171\jre\lib\jsse.jar;E:\develop\Java\jdk1.8.0_171\jre\lib\jce.jar;E:\develop\Java\jdk1.8.0_171\jre\lib\charsets.jar;E:\develop\Java\jdk1.8.0_171\jre\lib\jfr.jar;E:\develop\Java\jdk1.8.0_171\jre\classes"/>
    <property name="user.script" value=""/>
    <property name="sun.management.compiler" value="HotSpot 64-Bit Tiered Compilers"/>
    <property name="java.runtime.version" value="1.8.0_171-b11"/>
    <property name="user.name" value="Coder"/>
    <property name="path.separator" value=";"/>
    <property name="os.version" value="10.0"/>
    <property name="java.endorsed.dirs" value="E:\develop\Java\jdk1.8.0_171\jre\lib\endorsed"/>
    <property name="java.runtime.name" value="Java(TM) SE Runtime Environment"/>
    <property name="file.encoding" value="GBK"/>
    <property name="java.vm.name" value="Java HotSpot(TM) 64-Bit Server VM"/>
    <property name="localRepository" value="E:\develop\apache-maven-3.6.3\repository"/>
    <property name="java.vendor.url.bug" value="http://bugreport.sun.com/bugreport/"/>
    <property name="java.io.tmpdir" value="C:\Users\Coder\AppData\Local\Temp\"/>
    <property name="idea.version" value="2021.3.3"/>
    <property name="java.version" value="1.8.0_171"/>
    <property name="user.dir" value="E:\project\java\springboot\tanhua\tanhua-app-server"/>
    <property name="os.arch" value="amd64"/>
    <property name="java.vm.specification.name" value="Java Virtual Machine Specification"/>
    <property name="java.awt.printerjob" value="sun.awt.windows.WPrinterJob"/>
    <property name="sun.os.patch.level" value=""/>
    <property name="java.library.path" value="E:\develop\Java\jdk1.8.0_171\jre\bin;C:\Windows\Sun\Java\bin;C:\Windows\system32;C:\Windows;E:\develop\Conda\Anaconda3\condabin;D:\program\VMware\VMware Workstation\bin\;C:\Program Files (x86)\Common Files\Oracle\Java\javapath;C:\Windows\system32;C:\Windows;C:\Windows\System32\Wbem;C:\Windows\System32\WindowsPowerShell\v1.0\;C:\Windows\System32\OpenSSH\;C:\Program Files\Bandizip\;E:\develop\Java\jdk1.8.0_171\bin;E:\develop\NetSarang\Xmanager 7\;E:\develop\NetSarang\Xshell 7\;E:\develop\NetSarang\Xftp 7\;E:\develop\NetSarang\Xlpd 7\;E:\develop\TortoiseGit\bin;E:\develop\Git\cmd;E:\develop\MySQL\mysql-5.7.30-winx64\bin;E:\develop\apache-tomcat-8.5.5\bin;E:\develop\apache-maven-3.6.3\bin;E:\develop\mongodb-win32-x86_64-windows-4.4.5\bin\bin;E:\develop\Python\Python39\Scripts;E:\develop\Anaconda;E:\develop\Anaconda\Scripts;E:\develop\Anaconda\MinGW\bin;D:\xampp\htdocs;D:\xampp\mysql\MySQL Server 5.5\bin;D:\xampp\mysql\bin;E:\develop\nodejs\;E:\develop\nodejs\node_modules;E:\develop\nodejs\node_global;E:\develop\Anaconda;E:\develop\Anaconda\Scripts;C:\Windows\System32;E:\develop\VisualSVN Server\bin;E:\develop\TortoiseSVN\bin;C:\Users\Coder\.cargo\bin;E:\develop\Python\Python39\Scripts\;E:\develop\Python\Python39\;E:\develop\Python\Python310\Scripts\;E:\develop\Python\Python310\;C:\Users\Coder\AppData\Local\Microsoft\WindowsApps;E:\develop\Microsoft VS Code\Microsoft VS Code\bin;E:\develop\JetBrains\IntelliJ IDEA 2021.3.3\bin;;E:\develop\JetBrains\PyCharm 2021.3.2\bin;;E:/develop/Conda/Anaconda3/Scripts;;E:\develop\JetBrains\PhpStorm 2018.3.6\bin;;C:\Users\Coder\AppData\Roaming\npm;E:\develop\JetBrains\GoLand 2021.3.4\bin;;."/>
    <property name="java.vm.info" value="mixed mode"/>
    <property name="java.vendor" value="Oracle Corporation"/>
    <property name="java.vm.version" value="25.171-b11"/>
    <property name="java.ext.dirs" value="E:\develop\Java\jdk1.8.0_171\jre\lib\ext;C:\Windows\Sun\Java\lib\ext"/>
    <property name="sun.io.unicode.encoding" value="UnicodeLittle"/>
    <property name="maven.repo.local" value="E:\develop\apache-maven-3.6.3\repository"/>
    <property name="java.class.version" value="52.0"/>
  </properties>
  <testcase name="testFindByMobile" classname="com.itheima.test.BlackListApiTest" time="0.001">
    <error message="Failed to load ApplicationContext" type="java.lang.IllegalStateException">java.lang.IllegalStateException: Failed to load ApplicationContext
Caused by: org.springframework.beans.factory.UnsatisfiedDependencyException: Error creating bean with name 'loginController': Unsatisfied dependency expressed through field 'userService'; nested exception is org.springframework.beans.factory.UnsatisfiedDependencyException: Error creating bean with name 'userService': Unsatisfied dependency expressed through field 'huanXinTemplate'; nested exception is org.springframework.beans.factory.BeanCreationException: Error creating bean with name 'huanXinTemplate' defined in class path resource [com/tanhua/autoconfig/TanhuaAutoConfiguration.class]: Bean instantiation via factory method failed; nested exception is org.springframework.beans.BeanInstantiationException: Failed to instantiate [com.tanhua.autoconfig.template.HuanXinTemplate]: Factory method 'huanXinTemplate' threw exception; nested exception is com.easemob.im.server.exception.EMInvalidArgumentException: appkey must not be null or empty
Caused by: org.springframework.beans.factory.UnsatisfiedDependencyException: Error creating bean with name 'userService': Unsatisfied dependency expressed through field 'huanXinTemplate'; nested exception is org.springframework.beans.factory.BeanCreationException: Error creating bean with name 'huanXinTemplate' defined in class path resource [com/tanhua/autoconfig/TanhuaAutoConfiguration.class]: Bean instantiation via factory method failed; nested exception is org.springframework.beans.BeanInstantiationException: Failed to instantiate [com.tanhua.autoconfig.template.HuanXinTemplate]: Factory method 'huanXinTemplate' threw exception; nested exception is com.easemob.im.server.exception.EMInvalidArgumentException: appkey must not be null or empty
Caused by: org.springframework.beans.factory.BeanCreationException: Error creating bean with name 'huanXinTemplate' defined in class path resource [com/tanhua/autoconfig/TanhuaAutoConfiguration.class]: Bean instantiation via factory method failed; nested exception is org.springframework.beans.BeanInstantiationException: Failed to instantiate [com.tanhua.autoconfig.template.HuanXinTemplate]: Factory method 'huanXinTemplate' threw exception; nested exception is com.easemob.im.server.exception.EMInvalidArgumentException: appkey must not be null or empty
Caused by: org.springframework.beans.BeanInstantiationException: Failed to instantiate [com.tanhua.autoconfig.template.HuanXinTemplate]: Factory method 'huanXinTemplate' threw exception; nested exception is com.easemob.im.server.exception.EMInvalidArgumentException: appkey must not be null or empty
Caused by: com.easemob.im.server.exception.EMInvalidArgumentException: appkey must not be null or empty
</error>
    <system-out><![CDATA[18:30:55.680 [main] DEBUG org.springframework.test.context.junit4.SpringJUnit4ClassRunner - SpringJUnit4ClassRunner constructor called with [class com.itheima.test.BlackListApiTest]
18:30:55.683 [main] DEBUG org.springframework.test.context.BootstrapUtils - Instantiating CacheAwareContextLoaderDelegate from class [org.springframework.test.context.cache.DefaultCacheAwareContextLoaderDelegate]
18:30:55.689 [main] DEBUG org.springframework.test.context.BootstrapUtils - Instantiating BootstrapContext using constructor [public org.springframework.test.context.support.DefaultBootstrapContext(java.lang.Class,org.springframework.test.context.CacheAwareContextLoaderDelegate)]
18:30:55.712 [main] DEBUG org.springframework.test.context.BootstrapUtils - Instantiating TestContextBootstrapper for test class [com.itheima.test.BlackListApiTest] from class [org.springframework.boot.test.context.SpringBootTestContextBootstrapper]
18:30:55.725 [main] INFO org.springframework.boot.test.context.SpringBootTestContextBootstrapper - Neither @ContextConfiguration nor @ContextHierarchy found for test class [com.itheima.test.BlackListApiTest], using SpringBootContextLoader
18:30:55.728 [main] DEBUG org.springframework.test.context.support.AbstractContextLoader - Did not detect default resource location for test class [com.itheima.test.BlackListApiTest]: class path resource [com/itheima/test/BlackListApiTest-context.xml] does not exist
18:30:55.728 [main] DEBUG org.springframework.test.context.support.AbstractContextLoader - Did not detect default resource location for test class [com.itheima.test.BlackListApiTest]: class path resource [com/itheima/test/BlackListApiTestContext.groovy] does not exist
18:30:55.728 [main] INFO org.springframework.test.context.support.AbstractContextLoader - Could not detect default resource locations for test class [com.itheima.test.BlackListApiTest]: no resource found for suffixes {-context.xml, Context.groovy}.
18:30:55.766 [main] DEBUG org.springframework.test.context.support.ActiveProfilesUtils - Could not find an 'annotation declaring class' for annotation type [org.springframework.test.context.ActiveProfiles] and class [com.itheima.test.BlackListApiTest]
18:30:55.869 [main] DEBUG org.springframework.boot.test.context.SpringBootTestContextBootstrapper - @TestExecutionListeners is not present for class [com.itheima.test.BlackListApiTest]: using defaults.
18:30:55.869 [main] INFO org.springframework.boot.test.context.SpringBootTestContextBootstrapper - Loaded default TestExecutionListener class names from location [META-INF/spring.factories]: [org.springframework.boot.test.mock.mockito.MockitoTestExecutionListener, org.springframework.boot.test.mock.mockito.ResetMocksTestExecutionListener, org.springframework.boot.test.autoconfigure.restdocs.RestDocsTestExecutionListener, org.springframework.boot.test.autoconfigure.web.client.MockRestServiceServerResetTestExecutionListener, org.springframework.boot.test.autoconfigure.web.servlet.MockMvcPrintOnlyOnFailureTestExecutionListener, org.springframework.boot.test.autoconfigure.web.servlet.WebDriverTestExecutionListener, org.springframework.boot.test.autoconfigure.webservices.client.MockWebServiceServerTestExecutionListener, org.springframework.test.context.web.ServletTestExecutionListener, org.springframework.test.context.support.DirtiesContextBeforeModesTestExecutionListener, org.springframework.test.context.support.DependencyInjectionTestExecutionListener, org.springframework.test.context.support.DirtiesContextTestExecutionListener, org.springframework.test.context.transaction.TransactionalTestExecutionListener, org.springframework.test.context.jdbc.SqlScriptsTestExecutionListener, org.springframework.test.context.event.EventPublishingTestExecutionListener]
18:30:55.882 [main] INFO org.springframework.boot.test.context.SpringBootTestContextBootstrapper - Using TestExecutionListeners: [org.springframework.test.context.web.ServletTestExecutionListener@268f106e, org.springframework.test.context.support.DirtiesContextBeforeModesTestExecutionListener@6e9a5ed8, org.springframework.boot.test.mock.mockito.MockitoTestExecutionListener@7e057f43, org.springframework.boot.test.autoconfigure.SpringBootDependencyInjectionTestExecutionListener@6c284af, org.springframework.test.context.support.DirtiesContextTestExecutionListener@5890e879, org.springframework.test.context.transaction.TransactionalTestExecutionListener@6440112d, org.springframework.test.context.jdbc.SqlScriptsTestExecutionListener@31ea9581, org.springframework.test.context.event.EventPublishingTestExecutionListener@231f98ef, org.springframework.boot.test.mock.mockito.ResetMocksTestExecutionListener@7c137fd5, org.springframework.boot.test.autoconfigure.restdocs.RestDocsTestExecutionListener@183ec003, org.springframework.boot.test.autoconfigure.web.client.MockRestServiceServerResetTestExecutionListener@7d9d0818, org.springframework.boot.test.autoconfigure.web.servlet.MockMvcPrintOnlyOnFailureTestExecutionListener@221a3fa4, org.springframework.boot.test.autoconfigure.web.servlet.WebDriverTestExecutionListener@451001e5, org.springframework.boot.test.autoconfigure.webservices.client.MockWebServiceServerTestExecutionListener@2b40ff9c]
18:30:55.886 [main] DEBUG org.springframework.test.annotation.ProfileValueUtils - Retrieved @ProfileValueSourceConfiguration [null] for test class [com.itheima.test.BlackListApiTest]
18:30:55.887 [main] DEBUG org.springframework.test.annotation.ProfileValueUtils - Retrieved ProfileValueSource type [class org.springframework.test.annotation.SystemProfileValueSource] for class [com.itheima.test.BlackListApiTest]
18:30:55.906 [main] DEBUG org.springframework.test.context.junit4.SpringJUnit4ClassRunner - SpringJUnit4ClassRunner constructor called with [class com.itheima.test.CommentApiTest]
18:30:55.906 [main] DEBUG org.springframework.test.context.BootstrapUtils - Instantiating CacheAwareContextLoaderDelegate from class [org.springframework.test.context.cache.DefaultCacheAwareContextLoaderDelegate]
18:30:55.906 [main] DEBUG org.springframework.test.context.BootstrapUtils - Instantiating BootstrapContext using constructor [public org.springframework.test.context.support.DefaultBootstrapContext(java.lang.Class,org.springframework.test.context.CacheAwareContextLoaderDelegate)]
18:30:55.906 [main] DEBUG org.springframework.test.context.BootstrapUtils - Instantiating TestContextBootstrapper for test class [com.itheima.test.CommentApiTest] from class [org.springframework.boot.test.context.SpringBootTestContextBootstrapper]
18:30:55.907 [main] INFO org.springframework.boot.test.context.SpringBootTestContextBootstrapper - Neither @ContextConfiguration nor @ContextHierarchy found for test class [com.itheima.test.CommentApiTest], using SpringBootContextLoader
18:30:55.908 [main] DEBUG org.springframework.test.context.support.AbstractContextLoader - Did not detect default resource location for test class [com.itheima.test.CommentApiTest]: class path resource [com/itheima/test/CommentApiTest-context.xml] does not exist
18:30:55.908 [main] DEBUG org.springframework.test.context.support.AbstractContextLoader - Did not detect default resource location for test class [com.itheima.test.CommentApiTest]: class path resource [com/itheima/test/CommentApiTestContext.groovy] does not exist
18:30:55.908 [main] INFO org.springframework.test.context.support.AbstractContextLoader - Could not detect default resource locations for test class [com.itheima.test.CommentApiTest]: no resource found for suffixes {-context.xml, Context.groovy}.
18:30:55.909 [main] DEBUG org.springframework.test.context.support.ActiveProfilesUtils - Could not find an 'annotation declaring class' for annotation type [org.springframework.test.context.ActiveProfiles] and class [com.itheima.test.CommentApiTest]
18:30:55.911 [main] DEBUG org.springframework.boot.test.context.SpringBootTestContextBootstrapper - @TestExecutionListeners is not present for class [com.itheima.test.CommentApiTest]: using defaults.
18:30:55.911 [main] INFO org.springframework.boot.test.context.SpringBootTestContextBootstrapper - Loaded default TestExecutionListener class names from location [META-INF/spring.factories]: [org.springframework.boot.test.mock.mockito.MockitoTestExecutionListener, org.springframework.boot.test.mock.mockito.ResetMocksTestExecutionListener, org.springframework.boot.test.autoconfigure.restdocs.RestDocsTestExecutionListener, org.springframework.boot.test.autoconfigure.web.client.MockRestServiceServerResetTestExecutionListener, org.springframework.boot.test.autoconfigure.web.servlet.MockMvcPrintOnlyOnFailureTestExecutionListener, org.springframework.boot.test.autoconfigure.web.servlet.WebDriverTestExecutionListener, org.springframework.boot.test.autoconfigure.webservices.client.MockWebServiceServerTestExecutionListener, org.springframework.test.context.web.ServletTestExecutionListener, org.springframework.test.context.support.DirtiesContextBeforeModesTestExecutionListener, org.springframework.test.context.support.DependencyInjectionTestExecutionListener, org.springframework.test.context.support.DirtiesContextTestExecutionListener, org.springframework.test.context.transaction.TransactionalTestExecutionListener, org.springframework.test.context.jdbc.SqlScriptsTestExecutionListener, org.springframework.test.context.event.EventPublishingTestExecutionListener]
18:30:55.911 [main] INFO org.springframework.boot.test.context.SpringBootTestContextBootstrapper - Using TestExecutionListeners: [org.springframework.test.context.web.ServletTestExecutionListener@1a4927d6, org.springframework.test.context.support.DirtiesContextBeforeModesTestExecutionListener@7a6d7e92, org.springframework.boot.test.mock.mockito.MockitoTestExecutionListener@aba625, org.springframework.boot.test.autoconfigure.SpringBootDependencyInjectionTestExecutionListener@97e93f1, org.springframework.test.context.support.DirtiesContextTestExecutionListener@5a5a729f, org.springframework.test.context.transaction.TransactionalTestExecutionListener@4b520ea8, org.springframework.test.context.jdbc.SqlScriptsTestExecutionListener@16150369, org.springframework.test.context.event.EventPublishingTestExecutionListener@6b09fb41, org.springframework.boot.test.mock.mockito.ResetMocksTestExecutionListener@624ea235, org.springframework.boot.test.autoconfigure.restdocs.RestDocsTestExecutionListener@3932c79a, org.springframework.boot.test.autoconfigure.web.client.MockRestServiceServerResetTestExecutionListener@782859e, org.springframework.boot.test.autoconfigure.web.servlet.MockMvcPrintOnlyOnFailureTestExecutionListener@23f5b5dc, org.springframework.boot.test.autoconfigure.web.servlet.WebDriverTestExecutionListener@34bde49d, org.springframework.boot.test.autoconfigure.webservices.client.MockWebServiceServerTestExecutionListener@1b1cfb87]
18:30:55.911 [main] DEBUG org.springframework.test.annotation.ProfileValueUtils - Retrieved @ProfileValueSourceConfiguration [null] for test class [com.itheima.test.CommentApiTest]
18:30:55.912 [main] DEBUG org.springframework.test.annotation.ProfileValueUtils - Retrieved ProfileValueSource type [class org.springframework.test.annotation.SystemProfileValueSource] for class [com.itheima.test.CommentApiTest]
18:30:55.915 [main] DEBUG org.springframework.test.context.junit4.SpringJUnit4ClassRunner - SpringJUnit4ClassRunner constructor called with [class com.itheima.test.FaceTest]
18:30:55.916 [main] DEBUG org.springframework.test.context.BootstrapUtils - Instantiating CacheAwareContextLoaderDelegate from class [org.springframework.test.context.cache.DefaultCacheAwareContextLoaderDelegate]
18:30:55.917 [main] DEBUG org.springframework.test.context.BootstrapUtils - Instantiating BootstrapContext using constructor [public org.springframework.test.context.support.DefaultBootstrapContext(java.lang.Class,org.springframework.test.context.CacheAwareContextLoaderDelegate)]
18:30:55.917 [main] DEBUG org.springframework.test.context.BootstrapUtils - Instantiating TestContextBootstrapper for test class [com.itheima.test.FaceTest] from class [org.springframework.boot.test.context.SpringBootTestContextBootstrapper]
18:30:55.917 [main] INFO org.springframework.boot.test.context.SpringBootTestContextBootstrapper - Neither @ContextConfiguration nor @ContextHierarchy found for test class [com.itheima.test.FaceTest], using SpringBootContextLoader
18:30:55.918 [main] DEBUG org.springframework.test.context.support.AbstractContextLoader - Did not detect default resource location for test class [com.itheima.test.FaceTest]: class path resource [com/itheima/test/FaceTest-context.xml] does not exist
18:30:55.918 [main] DEBUG org.springframework.test.context.support.AbstractContextLoader - Did not detect default resource location for test class [com.itheima.test.FaceTest]: class path resource [com/itheima/test/FaceTestContext.groovy] does not exist
18:30:55.918 [main] INFO org.springframework.test.context.support.AbstractContextLoader - Could not detect default resource locations for test class [com.itheima.test.FaceTest]: no resource found for suffixes {-context.xml, Context.groovy}.
18:30:55.919 [main] DEBUG org.springframework.test.context.support.ActiveProfilesUtils - Could not find an 'annotation declaring class' for annotation type [org.springframework.test.context.ActiveProfiles] and class [com.itheima.test.FaceTest]
18:30:55.921 [main] DEBUG org.springframework.boot.test.context.SpringBootTestContextBootstrapper - @TestExecutionListeners is not present for class [com.itheima.test.FaceTest]: using defaults.
18:30:55.921 [main] INFO org.springframework.boot.test.context.SpringBootTestContextBootstrapper - Loaded default TestExecutionListener class names from location [META-INF/spring.factories]: [org.springframework.boot.test.mock.mockito.MockitoTestExecutionListener, org.springframework.boot.test.mock.mockito.ResetMocksTestExecutionListener, org.springframework.boot.test.autoconfigure.restdocs.RestDocsTestExecutionListener, org.springframework.boot.test.autoconfigure.web.client.MockRestServiceServerResetTestExecutionListener, org.springframework.boot.test.autoconfigure.web.servlet.MockMvcPrintOnlyOnFailureTestExecutionListener, org.springframework.boot.test.autoconfigure.web.servlet.WebDriverTestExecutionListener, org.springframework.boot.test.autoconfigure.webservices.client.MockWebServiceServerTestExecutionListener, org.springframework.test.context.web.ServletTestExecutionListener, org.springframework.test.context.support.DirtiesContextBeforeModesTestExecutionListener, org.springframework.test.context.support.DependencyInjectionTestExecutionListener, org.springframework.test.context.support.DirtiesContextTestExecutionListener, org.springframework.test.context.transaction.TransactionalTestExecutionListener, org.springframework.test.context.jdbc.SqlScriptsTestExecutionListener, org.springframework.test.context.event.EventPublishingTestExecutionListener]
18:30:55.921 [main] INFO org.springframework.boot.test.context.SpringBootTestContextBootstrapper - Using TestExecutionListeners: [org.springframework.test.context.web.ServletTestExecutionListener@28cda624, org.springframework.test.context.support.DirtiesContextBeforeModesTestExecutionListener@1500b2f3, org.springframework.boot.test.mock.mockito.MockitoTestExecutionListener@7eecb5b8, org.springframework.boot.test.autoconfigure.SpringBootDependencyInjectionTestExecutionListener@126253fd, org.springframework.test.context.support.DirtiesContextTestExecutionListener@57db2b13, org.springframework.test.context.transaction.TransactionalTestExecutionListener@475c9c31, org.springframework.test.context.jdbc.SqlScriptsTestExecutionListener@5c86a017, org.springframework.test.context.event.EventPublishingTestExecutionListener@5c7bfdc1, org.springframework.boot.test.mock.mockito.ResetMocksTestExecutionListener@5276d6ee, org.springframework.boot.test.autoconfigure.restdocs.RestDocsTestExecutionListener@71687585, org.springframework.boot.test.autoconfigure.web.client.MockRestServiceServerResetTestExecutionListener@1807f5a7, org.springframework.boot.test.autoconfigure.web.servlet.MockMvcPrintOnlyOnFailureTestExecutionListener@1b919693, org.springframework.boot.test.autoconfigure.web.servlet.WebDriverTestExecutionListener@7fb4f2a9, org.springframework.boot.test.autoconfigure.webservices.client.MockWebServiceServerTestExecutionListener@4dc27487]
18:30:55.921 [main] DEBUG org.springframework.test.annotation.ProfileValueUtils - Retrieved @ProfileValueSourceConfiguration [null] for test class [com.itheima.test.FaceTest]
18:30:55.922 [main] DEBUG org.springframework.test.annotation.ProfileValueUtils - Retrieved ProfileValueSource type [class org.springframework.test.annotation.SystemProfileValueSource] for class [com.itheima.test.FaceTest]
18:30:55.925 [main] DEBUG org.springframework.test.context.junit4.SpringJUnit4ClassRunner - SpringJUnit4ClassRunner constructor called with [class com.itheima.test.FastDFSTest]
18:30:55.925 [main] DEBUG org.springframework.test.context.BootstrapUtils - Instantiating CacheAwareContextLoaderDelegate from class [org.springframework.test.context.cache.DefaultCacheAwareContextLoaderDelegate]
18:30:55.925 [main] DEBUG org.springframework.test.context.BootstrapUtils - Instantiating BootstrapContext using constructor [public org.springframework.test.context.support.DefaultBootstrapContext(java.lang.Class,org.springframework.test.context.CacheAwareContextLoaderDelegate)]
18:30:55.925 [main] DEBUG org.springframework.test.context.BootstrapUtils - Instantiating TestContextBootstrapper for test class [com.itheima.test.FastDFSTest] from class [org.springframework.boot.test.context.SpringBootTestContextBootstrapper]
18:30:55.925 [main] INFO org.springframework.boot.test.context.SpringBootTestContextBootstrapper - Neither @ContextConfiguration nor @ContextHierarchy found for test class [com.itheima.test.FastDFSTest], using SpringBootContextLoader
18:30:55.926 [main] DEBUG org.springframework.test.context.support.AbstractContextLoader - Did not detect default resource location for test class [com.itheima.test.FastDFSTest]: class path resource [com/itheima/test/FastDFSTest-context.xml] does not exist
18:30:55.926 [main] DEBUG org.springframework.test.context.support.AbstractContextLoader - Did not detect default resource location for test class [com.itheima.test.FastDFSTest]: class path resource [com/itheima/test/FastDFSTestContext.groovy] does not exist
18:30:55.926 [main] INFO org.springframework.test.context.support.AbstractContextLoader - Could not detect default resource locations for test class [com.itheima.test.FastDFSTest]: no resource found for suffixes {-context.xml, Context.groovy}.
18:30:55.928 [main] DEBUG org.springframework.test.context.support.ActiveProfilesUtils - Could not find an 'annotation declaring class' for annotation type [org.springframework.test.context.ActiveProfiles] and class [com.itheima.test.FastDFSTest]
18:30:55.930 [main] DEBUG org.springframework.boot.test.context.SpringBootTestContextBootstrapper - @TestExecutionListeners is not present for class [com.itheima.test.FastDFSTest]: using defaults.
18:30:55.930 [main] INFO org.springframework.boot.test.context.SpringBootTestContextBootstrapper - Loaded default TestExecutionListener class names from location [META-INF/spring.factories]: [org.springframework.boot.test.mock.mockito.MockitoTestExecutionListener, org.springframework.boot.test.mock.mockito.ResetMocksTestExecutionListener, org.springframework.boot.test.autoconfigure.restdocs.RestDocsTestExecutionListener, org.springframework.boot.test.autoconfigure.web.client.MockRestServiceServerResetTestExecutionListener, org.springframework.boot.test.autoconfigure.web.servlet.MockMvcPrintOnlyOnFailureTestExecutionListener, org.springframework.boot.test.autoconfigure.web.servlet.WebDriverTestExecutionListener, org.springframework.boot.test.autoconfigure.webservices.client.MockWebServiceServerTestExecutionListener, org.springframework.test.context.web.ServletTestExecutionListener, org.springframework.test.context.support.DirtiesContextBeforeModesTestExecutionListener, org.springframework.test.context.support.DependencyInjectionTestExecutionListener, org.springframework.test.context.support.DirtiesContextTestExecutionListener, org.springframework.test.context.transaction.TransactionalTestExecutionListener, org.springframework.test.context.jdbc.SqlScriptsTestExecutionListener, org.springframework.test.context.event.EventPublishingTestExecutionListener]
18:30:55.931 [main] INFO org.springframework.boot.test.context.SpringBootTestContextBootstrapper - Using TestExecutionListeners: [org.springframework.test.context.web.ServletTestExecutionListener@14dd7b39, org.springframework.test.context.support.DirtiesContextBeforeModesTestExecutionListener@66ea810, org.springframework.boot.test.mock.mockito.MockitoTestExecutionListener@6cd24612, org.springframework.boot.test.autoconfigure.SpringBootDependencyInjectionTestExecutionListener@5dafbe45, org.springframework.test.context.support.DirtiesContextTestExecutionListener@2254127a, org.springframework.test.context.transaction.TransactionalTestExecutionListener@51891008, org.springframework.test.context.jdbc.SqlScriptsTestExecutionListener@2f953efd, org.springframework.test.context.event.EventPublishingTestExecutionListener@f68f0dc, org.springframework.boot.test.mock.mockito.ResetMocksTestExecutionListener@d2de489, org.springframework.boot.test.autoconfigure.restdocs.RestDocsTestExecutionListener@14bdbc74, org.springframework.boot.test.autoconfigure.web.client.MockRestServiceServerResetTestExecutionListener@12591ac8, org.springframework.boot.test.autoconfigure.web.servlet.MockMvcPrintOnlyOnFailureTestExecutionListener@5a7fe64f, org.springframework.boot.test.autoconfigure.web.servlet.WebDriverTestExecutionListener@38145825, org.springframework.boot.test.autoconfigure.webservices.client.MockWebServiceServerTestExecutionListener@41330d4f]
18:30:55.931 [main] DEBUG org.springframework.test.annotation.ProfileValueUtils - Retrieved @ProfileValueSourceConfiguration [null] for test class [com.itheima.test.FastDFSTest]
18:30:55.931 [main] DEBUG org.springframework.test.annotation.ProfileValueUtils - Retrieved ProfileValueSource type [class org.springframework.test.annotation.SystemProfileValueSource] for class [com.itheima.test.FastDFSTest]
18:30:55.934 [main] DEBUG org.springframework.test.context.junit4.SpringJUnit4ClassRunner - SpringJUnit4ClassRunner constructor called with [class com.itheima.test.HuanxinTest]
18:30:55.935 [main] DEBUG org.springframework.test.context.BootstrapUtils - Instantiating CacheAwareContextLoaderDelegate from class [org.springframework.test.context.cache.DefaultCacheAwareContextLoaderDelegate]
18:30:55.935 [main] DEBUG org.springframework.test.context.BootstrapUtils - Instantiating BootstrapContext using constructor [public org.springframework.test.context.support.DefaultBootstrapContext(java.lang.Class,org.springframework.test.context.CacheAwareContextLoaderDelegate)]
18:30:55.935 [main] DEBUG org.springframework.test.context.BootstrapUtils - Instantiating TestContextBootstrapper for test class [com.itheima.test.HuanxinTest] from class [org.springframework.boot.test.context.SpringBootTestContextBootstrapper]
18:30:55.935 [main] INFO org.springframework.boot.test.context.SpringBootTestContextBootstrapper - Neither @ContextConfiguration nor @ContextHierarchy found for test class [com.itheima.test.HuanxinTest], using SpringBootContextLoader
18:30:55.936 [main] DEBUG org.springframework.test.context.support.AbstractContextLoader - Did not detect default resource location for test class [com.itheima.test.HuanxinTest]: class path resource [com/itheima/test/HuanxinTest-context.xml] does not exist
18:30:55.936 [main] DEBUG org.springframework.test.context.support.AbstractContextLoader - Did not detect default resource location for test class [com.itheima.test.HuanxinTest]: class path resource [com/itheima/test/HuanxinTestContext.groovy] does not exist
18:30:55.936 [main] INFO org.springframework.test.context.support.AbstractContextLoader - Could not detect default resource locations for test class [com.itheima.test.HuanxinTest]: no resource found for suffixes {-context.xml, Context.groovy}.
18:30:55.938 [main] DEBUG org.springframework.test.context.support.ActiveProfilesUtils - Could not find an 'annotation declaring class' for annotation type [org.springframework.test.context.ActiveProfiles] and class [com.itheima.test.HuanxinTest]
18:30:55.940 [main] DEBUG org.springframework.boot.test.context.SpringBootTestContextBootstrapper - @TestExecutionListeners is not present for class [com.itheima.test.HuanxinTest]: using defaults.
18:30:55.941 [main] INFO org.springframework.boot.test.context.SpringBootTestContextBootstrapper - Loaded default TestExecutionListener class names from location [META-INF/spring.factories]: [org.springframework.boot.test.mock.mockito.MockitoTestExecutionListener, org.springframework.boot.test.mock.mockito.ResetMocksTestExecutionListener, org.springframework.boot.test.autoconfigure.restdocs.RestDocsTestExecutionListener, org.springframework.boot.test.autoconfigure.web.client.MockRestServiceServerResetTestExecutionListener, org.springframework.boot.test.autoconfigure.web.servlet.MockMvcPrintOnlyOnFailureTestExecutionListener, org.springframework.boot.test.autoconfigure.web.servlet.WebDriverTestExecutionListener, org.springframework.boot.test.autoconfigure.webservices.client.MockWebServiceServerTestExecutionListener, org.springframework.test.context.web.ServletTestExecutionListener, org.springframework.test.context.support.DirtiesContextBeforeModesTestExecutionListener, org.springframework.test.context.support.DependencyInjectionTestExecutionListener, org.springframework.test.context.support.DirtiesContextTestExecutionListener, org.springframework.test.context.transaction.TransactionalTestExecutionListener, org.springframework.test.context.jdbc.SqlScriptsTestExecutionListener, org.springframework.test.context.event.EventPublishingTestExecutionListener]
18:30:55.941 [main] INFO org.springframework.boot.test.context.SpringBootTestContextBootstrapper - Using TestExecutionListeners: [org.springframework.test.context.web.ServletTestExecutionListener@1e4f4a5c, org.springframework.test.context.support.DirtiesContextBeforeModesTestExecutionListener@37313c65, org.springframework.boot.test.mock.mockito.MockitoTestExecutionListener@465232e9, org.springframework.boot.test.autoconfigure.SpringBootDependencyInjectionTestExecutionListener@798162bc, org.springframework.test.context.support.DirtiesContextTestExecutionListener@1df8da7a, org.springframework.test.context.transaction.TransactionalTestExecutionListener@23941fb4, org.springframework.test.context.jdbc.SqlScriptsTestExecutionListener@7486b455, org.springframework.test.context.event.EventPublishingTestExecutionListener@660acfb, org.springframework.boot.test.mock.mockito.ResetMocksTestExecutionListener@5d908d47, org.springframework.boot.test.autoconfigure.restdocs.RestDocsTestExecutionListener@5efa40fe, org.springframework.boot.test.autoconfigure.web.client.MockRestServiceServerResetTestExecutionListener@1f9f6368, org.springframework.boot.test.autoconfigure.web.servlet.MockMvcPrintOnlyOnFailureTestExecutionListener@1c9b0314, org.springframework.boot.test.autoconfigure.web.servlet.WebDriverTestExecutionListener@45385f75, org.springframework.boot.test.autoconfigure.webservices.client.MockWebServiceServerTestExecutionListener@49c90a9c]
18:30:55.941 [main] DEBUG org.springframework.test.annotation.ProfileValueUtils - Retrieved @ProfileValueSourceConfiguration [null] for test class [com.itheima.test.HuanxinTest]
18:30:55.941 [main] DEBUG org.springframework.test.annotation.ProfileValueUtils - Retrieved ProfileValueSource type [class org.springframework.test.annotation.SystemProfileValueSource] for class [com.itheima.test.HuanxinTest]
18:30:55.950 [main] DEBUG org.springframework.test.context.junit4.SpringJUnit4ClassRunner - SpringJUnit4ClassRunner constructor called with [class com.itheima.test.MovementApiTest]
18:30:55.950 [main] DEBUG org.springframework.test.context.BootstrapUtils - Instantiating CacheAwareContextLoaderDelegate from class [org.springframework.test.context.cache.DefaultCacheAwareContextLoaderDelegate]
18:30:55.950 [main] DEBUG org.springframework.test.context.BootstrapUtils - Instantiating BootstrapContext using constructor [public org.springframework.test.context.support.DefaultBootstrapContext(java.lang.Class,org.springframework.test.context.CacheAwareContextLoaderDelegate)]
18:30:55.951 [main] DEBUG org.springframework.test.context.BootstrapUtils - Instantiating TestContextBootstrapper for test class [com.itheima.test.MovementApiTest] from class [org.springframework.boot.test.context.SpringBootTestContextBootstrapper]
18:30:55.951 [main] INFO org.springframework.boot.test.context.SpringBootTestContextBootstrapper - Neither @ContextConfiguration nor @ContextHierarchy found for test class [com.itheima.test.MovementApiTest], using SpringBootContextLoader
18:30:55.952 [main] DEBUG org.springframework.test.context.support.AbstractContextLoader - Did not detect default resource location for test class [com.itheima.test.MovementApiTest]: class path resource [com/itheima/test/MovementApiTest-context.xml] does not exist
18:30:55.953 [main] DEBUG org.springframework.test.context.support.AbstractContextLoader - Did not detect default resource location for test class [com.itheima.test.MovementApiTest]: class path resource [com/itheima/test/MovementApiTestContext.groovy] does not exist
18:30:55.953 [main] INFO org.springframework.test.context.support.AbstractContextLoader - Could not detect default resource locations for test class [com.itheima.test.MovementApiTest]: no resource found for suffixes {-context.xml, Context.groovy}.
18:30:55.954 [main] DEBUG org.springframework.test.context.support.ActiveProfilesUtils - Could not find an 'annotation declaring class' for annotation type [org.springframework.test.context.ActiveProfiles] and class [com.itheima.test.MovementApiTest]
18:30:55.955 [main] DEBUG org.springframework.boot.test.context.SpringBootTestContextBootstrapper - @TestExecutionListeners is not present for class [com.itheima.test.MovementApiTest]: using defaults.
18:30:55.956 [main] INFO org.springframework.boot.test.context.SpringBootTestContextBootstrapper - Loaded default TestExecutionListener class names from location [META-INF/spring.factories]: [org.springframework.boot.test.mock.mockito.MockitoTestExecutionListener, org.springframework.boot.test.mock.mockito.ResetMocksTestExecutionListener, org.springframework.boot.test.autoconfigure.restdocs.RestDocsTestExecutionListener, org.springframework.boot.test.autoconfigure.web.client.MockRestServiceServerResetTestExecutionListener, org.springframework.boot.test.autoconfigure.web.servlet.MockMvcPrintOnlyOnFailureTestExecutionListener, org.springframework.boot.test.autoconfigure.web.servlet.WebDriverTestExecutionListener, org.springframework.boot.test.autoconfigure.webservices.client.MockWebServiceServerTestExecutionListener, org.springframework.test.context.web.ServletTestExecutionListener, org.springframework.test.context.support.DirtiesContextBeforeModesTestExecutionListener, org.springframework.test.context.support.DependencyInjectionTestExecutionListener, org.springframework.test.context.support.DirtiesContextTestExecutionListener, org.springframework.test.context.transaction.TransactionalTestExecutionListener, org.springframework.test.context.jdbc.SqlScriptsTestExecutionListener, org.springframework.test.context.event.EventPublishingTestExecutionListener]
18:30:55.956 [main] INFO org.springframework.boot.test.context.SpringBootTestContextBootstrapper - Using TestExecutionListeners: [org.springframework.test.context.web.ServletTestExecutionListener@4f49f6af, org.springframework.test.context.support.DirtiesContextBeforeModesTestExecutionListener@78452606, org.springframework.boot.test.mock.mockito.MockitoTestExecutionListener@147e2ae7, org.springframework.boot.test.autoconfigure.SpringBootDependencyInjectionTestExecutionListener@448c8166, org.springframework.test.context.support.DirtiesContextTestExecutionListener@4470fbd6, org.springframework.test.context.transaction.TransactionalTestExecutionListener@15d49048, org.springframework.test.context.jdbc.SqlScriptsTestExecutionListener@7098b907, org.springframework.test.context.event.EventPublishingTestExecutionListener@503f91c3, org.springframework.boot.test.mock.mockito.ResetMocksTestExecutionListener@13526e59, org.springframework.boot.test.autoconfigure.restdocs.RestDocsTestExecutionListener@2235eaab, org.springframework.boot.test.autoconfigure.web.client.MockRestServiceServerResetTestExecutionListener@17503f6b, org.springframework.boot.test.autoconfigure.web.servlet.MockMvcPrintOnlyOnFailureTestExecutionListener@3bcd05cb, org.springframework.boot.test.autoconfigure.web.servlet.WebDriverTestExecutionListener@3b6d844d, org.springframework.boot.test.autoconfigure.webservices.client.MockWebServiceServerTestExecutionListener@36804139]
18:30:55.956 [main] DEBUG org.springframework.test.annotation.ProfileValueUtils - Retrieved @ProfileValueSourceConfiguration [null] for test class [com.itheima.test.MovementApiTest]
18:30:55.956 [main] DEBUG org.springframework.test.annotation.ProfileValueUtils - Retrieved ProfileValueSource type [class org.springframework.test.annotation.SystemProfileValueSource] for class [com.itheima.test.MovementApiTest]
18:30:55.958 [main] DEBUG org.springframework.test.context.junit4.SpringJUnit4ClassRunner - SpringJUnit4ClassRunner constructor called with [class com.itheima.test.OssTest]
18:30:55.958 [main] DEBUG org.springframework.test.context.BootstrapUtils - Instantiating CacheAwareContextLoaderDelegate from class [org.springframework.test.context.cache.DefaultCacheAwareContextLoaderDelegate]
18:30:55.958 [main] DEBUG org.springframework.test.context.BootstrapUtils - Instantiating BootstrapContext using constructor [public org.springframework.test.context.support.DefaultBootstrapContext(java.lang.Class,org.springframework.test.context.CacheAwareContextLoaderDelegate)]
18:30:55.958 [main] DEBUG org.springframework.test.context.BootstrapUtils - Instantiating TestContextBootstrapper for test class [com.itheima.test.OssTest] from class [org.springframework.boot.test.context.SpringBootTestContextBootstrapper]
18:30:55.959 [main] INFO org.springframework.boot.test.context.SpringBootTestContextBootstrapper - Neither @ContextConfiguration nor @ContextHierarchy found for test class [com.itheima.test.OssTest], using SpringBootContextLoader
18:30:55.959 [main] DEBUG org.springframework.test.context.support.AbstractContextLoader - Did not detect default resource location for test class [com.itheima.test.OssTest]: class path resource [com/itheima/test/OssTest-context.xml] does not exist
18:30:55.960 [main] DEBUG org.springframework.test.context.support.AbstractContextLoader - Did not detect default resource location for test class [com.itheima.test.OssTest]: class path resource [com/itheima/test/OssTestContext.groovy] does not exist
18:30:55.961 [main] INFO org.springframework.test.context.support.AbstractContextLoader - Could not detect default resource locations for test class [com.itheima.test.OssTest]: no resource found for suffixes {-context.xml, Context.groovy}.
18:30:55.964 [main] DEBUG org.springframework.test.context.support.ActiveProfilesUtils - Could not find an 'annotation declaring class' for annotation type [org.springframework.test.context.ActiveProfiles] and class [com.itheima.test.OssTest]
18:30:55.966 [main] DEBUG org.springframework.boot.test.context.SpringBootTestContextBootstrapper - @TestExecutionListeners is not present for class [com.itheima.test.OssTest]: using defaults.
18:30:55.966 [main] INFO org.springframework.boot.test.context.SpringBootTestContextBootstrapper - Loaded default TestExecutionListener class names from location [META-INF/spring.factories]: [org.springframework.boot.test.mock.mockito.MockitoTestExecutionListener, org.springframework.boot.test.mock.mockito.ResetMocksTestExecutionListener, org.springframework.boot.test.autoconfigure.restdocs.RestDocsTestExecutionListener, org.springframework.boot.test.autoconfigure.web.client.MockRestServiceServerResetTestExecutionListener, org.springframework.boot.test.autoconfigure.web.servlet.MockMvcPrintOnlyOnFailureTestExecutionListener, org.springframework.boot.test.autoconfigure.web.servlet.WebDriverTestExecutionListener, org.springframework.boot.test.autoconfigure.webservices.client.MockWebServiceServerTestExecutionListener, org.springframework.test.context.web.ServletTestExecutionListener, org.springframework.test.context.support.DirtiesContextBeforeModesTestExecutionListener, org.springframework.test.context.support.DependencyInjectionTestExecutionListener, org.springframework.test.context.support.DirtiesContextTestExecutionListener, org.springframework.test.context.transaction.TransactionalTestExecutionListener, org.springframework.test.context.jdbc.SqlScriptsTestExecutionListener, org.springframework.test.context.event.EventPublishingTestExecutionListener]
18:30:55.966 [main] INFO org.springframework.boot.test.context.SpringBootTestContextBootstrapper - Using TestExecutionListeners: [org.springframework.test.context.web.ServletTestExecutionListener@24959ca4, org.springframework.test.context.support.DirtiesContextBeforeModesTestExecutionListener@10289886, org.springframework.boot.test.mock.mockito.MockitoTestExecutionListener@5c86dbc5, org.springframework.boot.test.autoconfigure.SpringBootDependencyInjectionTestExecutionListener@461ad730, org.springframework.test.context.support.DirtiesContextTestExecutionListener@4ee203eb, org.springframework.test.context.transaction.TransactionalTestExecutionListener@1a5a4e19, org.springframework.test.context.jdbc.SqlScriptsTestExecutionListener@7068e664, org.springframework.test.context.event.EventPublishingTestExecutionListener@60db1c0e, org.springframework.boot.test.mock.mockito.ResetMocksTestExecutionListener@3e78b6a5, org.springframework.boot.test.autoconfigure.restdocs.RestDocsTestExecutionListener@769a1df5, org.springframework.boot.test.autoconfigure.web.client.MockRestServiceServerResetTestExecutionListener@41f69e84, org.springframework.boot.test.autoconfigure.web.servlet.MockMvcPrintOnlyOnFailureTestExecutionListener@7975d1d8, org.springframework.boot.test.autoconfigure.web.servlet.WebDriverTestExecutionListener@2438dcd, org.springframework.boot.test.autoconfigure.webservices.client.MockWebServiceServerTestExecutionListener@24105dc5]
18:30:55.966 [main] DEBUG org.springframework.test.annotation.ProfileValueUtils - Retrieved @ProfileValueSourceConfiguration [null] for test class [com.itheima.test.OssTest]
18:30:55.966 [main] DEBUG org.springframework.test.annotation.ProfileValueUtils - Retrieved ProfileValueSource type [class org.springframework.test.annotation.SystemProfileValueSource] for class [com.itheima.test.OssTest]
18:30:55.969 [main] DEBUG org.springframework.test.context.junit4.SpringJUnit4ClassRunner - SpringJUnit4ClassRunner constructor called with [class com.itheima.test.RecommendUserApiTest]
18:30:55.969 [main] DEBUG org.springframework.test.context.BootstrapUtils - Instantiating CacheAwareContextLoaderDelegate from class [org.springframework.test.context.cache.DefaultCacheAwareContextLoaderDelegate]
18:30:55.969 [main] DEBUG org.springframework.test.context.BootstrapUtils - Instantiating BootstrapContext using constructor [public org.springframework.test.context.support.DefaultBootstrapContext(java.lang.Class,org.springframework.test.context.CacheAwareContextLoaderDelegate)]
18:30:55.970 [main] DEBUG org.springframework.test.context.BootstrapUtils - Instantiating TestContextBootstrapper for test class [com.itheima.test.RecommendUserApiTest] from class [org.springframework.boot.test.context.SpringBootTestContextBootstrapper]
18:30:55.970 [main] INFO org.springframework.boot.test.context.SpringBootTestContextBootstrapper - Neither @ContextConfiguration nor @ContextHierarchy found for test class [com.itheima.test.RecommendUserApiTest], using SpringBootContextLoader
18:30:55.971 [main] DEBUG org.springframework.test.context.support.AbstractContextLoader - Did not detect default resource location for test class [com.itheima.test.RecommendUserApiTest]: class path resource [com/itheima/test/RecommendUserApiTest-context.xml] does not exist
18:30:55.971 [main] DEBUG org.springframework.test.context.support.AbstractContextLoader - Did not detect default resource location for test class [com.itheima.test.RecommendUserApiTest]: class path resource [com/itheima/test/RecommendUserApiTestContext.groovy] does not exist
18:30:55.971 [main] INFO org.springframework.test.context.support.AbstractContextLoader - Could not detect default resource locations for test class [com.itheima.test.RecommendUserApiTest]: no resource found for suffixes {-context.xml, Context.groovy}.
18:30:55.972 [main] DEBUG org.springframework.test.context.support.ActiveProfilesUtils - Could not find an 'annotation declaring class' for annotation type [org.springframework.test.context.ActiveProfiles] and class [com.itheima.test.RecommendUserApiTest]
18:30:55.974 [main] DEBUG org.springframework.boot.test.context.SpringBootTestContextBootstrapper - @TestExecutionListeners is not present for class [com.itheima.test.RecommendUserApiTest]: using defaults.
18:30:55.974 [main] INFO org.springframework.boot.test.context.SpringBootTestContextBootstrapper - Loaded default TestExecutionListener class names from location [META-INF/spring.factories]: [org.springframework.boot.test.mock.mockito.MockitoTestExecutionListener, org.springframework.boot.test.mock.mockito.ResetMocksTestExecutionListener, org.springframework.boot.test.autoconfigure.restdocs.RestDocsTestExecutionListener, org.springframework.boot.test.autoconfigure.web.client.MockRestServiceServerResetTestExecutionListener, org.springframework.boot.test.autoconfigure.web.servlet.MockMvcPrintOnlyOnFailureTestExecutionListener, org.springframework.boot.test.autoconfigure.web.servlet.WebDriverTestExecutionListener, org.springframework.boot.test.autoconfigure.webservices.client.MockWebServiceServerTestExecutionListener, org.springframework.test.context.web.ServletTestExecutionListener, org.springframework.test.context.support.DirtiesContextBeforeModesTestExecutionListener, org.springframework.test.context.support.DependencyInjectionTestExecutionListener, org.springframework.test.context.support.DirtiesContextTestExecutionListener, org.springframework.test.context.transaction.TransactionalTestExecutionListener, org.springframework.test.context.jdbc.SqlScriptsTestExecutionListener, org.springframework.test.context.event.EventPublishingTestExecutionListener]
18:30:55.974 [main] INFO org.springframework.boot.test.context.SpringBootTestContextBootstrapper - Using TestExecutionListeners: [org.springframework.test.context.web.ServletTestExecutionListener@e3b3b2f, org.springframework.test.context.support.DirtiesContextBeforeModesTestExecutionListener@50f6ac94, org.springframework.boot.test.mock.mockito.MockitoTestExecutionListener@6cc4cdb9, org.springframework.boot.test.autoconfigure.SpringBootDependencyInjectionTestExecutionListener@28194a50, org.springframework.test.context.support.DirtiesContextTestExecutionListener@7f2cfe3f, org.springframework.test.context.transaction.TransactionalTestExecutionListener@1a5b6f42, org.springframework.test.context.jdbc.SqlScriptsTestExecutionListener@5038d0b5, org.springframework.test.context.event.EventPublishingTestExecutionListener@32115b28, org.springframework.boot.test.mock.mockito.ResetMocksTestExecutionListener@2ad48653, org.springframework.boot.test.autoconfigure.restdocs.RestDocsTestExecutionListener@6bb4dd34, org.springframework.boot.test.autoconfigure.web.client.MockRestServiceServerResetTestExecutionListener@7d9f158f, org.springframework.boot.test.autoconfigure.web.servlet.MockMvcPrintOnlyOnFailureTestExecutionListener@45efd90f, org.springframework.boot.test.autoconfigure.web.servlet.WebDriverTestExecutionListener@4b8729ff, org.springframework.boot.test.autoconfigure.webservices.client.MockWebServiceServerTestExecutionListener@61710c6]
18:30:55.974 [main] DEBUG org.springframework.test.annotation.ProfileValueUtils - Retrieved @ProfileValueSourceConfiguration [null] for test class [com.itheima.test.RecommendUserApiTest]
18:30:55.974 [main] DEBUG org.springframework.test.annotation.ProfileValueUtils - Retrieved ProfileValueSource type [class org.springframework.test.annotation.SystemProfileValueSource] for class [com.itheima.test.RecommendUserApiTest]
18:30:55.976 [main] DEBUG org.springframework.test.context.junit4.SpringJUnit4ClassRunner - SpringJUnit4ClassRunner constructor called with [class com.itheima.test.SmsTemplateTest]
18:30:55.976 [main] DEBUG org.springframework.test.context.BootstrapUtils - Instantiating CacheAwareContextLoaderDelegate from class [org.springframework.test.context.cache.DefaultCacheAwareContextLoaderDelegate]
18:30:55.976 [main] DEBUG org.springframework.test.context.BootstrapUtils - Instantiating BootstrapContext using constructor [public org.springframework.test.context.support.DefaultBootstrapContext(java.lang.Class,org.springframework.test.context.CacheAwareContextLoaderDelegate)]
18:30:55.976 [main] DEBUG org.springframework.test.context.BootstrapUtils - Instantiating TestContextBootstrapper for test class [com.itheima.test.SmsTemplateTest] from class [org.springframework.boot.test.context.SpringBootTestContextBootstrapper]
18:30:55.977 [main] INFO org.springframework.boot.test.context.SpringBootTestContextBootstrapper - Neither @ContextConfiguration nor @ContextHierarchy found for test class [com.itheima.test.SmsTemplateTest], using SpringBootContextLoader
18:30:55.978 [main] DEBUG org.springframework.test.context.support.AbstractContextLoader - Did not detect default resource location for test class [com.itheima.test.SmsTemplateTest]: class path resource [com/itheima/test/SmsTemplateTest-context.xml] does not exist
18:30:55.978 [main] DEBUG org.springframework.test.context.support.AbstractContextLoader - Did not detect default resource location for test class [com.itheima.test.SmsTemplateTest]: class path resource [com/itheima/test/SmsTemplateTestContext.groovy] does not exist
18:30:55.978 [main] INFO org.springframework.test.context.support.AbstractContextLoader - Could not detect default resource locations for test class [com.itheima.test.SmsTemplateTest]: no resource found for suffixes {-context.xml, Context.groovy}.
18:30:55.980 [main] DEBUG org.springframework.test.context.support.ActiveProfilesUtils - Could not find an 'annotation declaring class' for annotation type [org.springframework.test.context.ActiveProfiles] and class [com.itheima.test.SmsTemplateTest]
18:30:55.982 [main] DEBUG org.springframework.boot.test.context.SpringBootTestContextBootstrapper - @TestExecutionListeners is not present for class [com.itheima.test.SmsTemplateTest]: using defaults.
18:30:55.983 [main] INFO org.springframework.boot.test.context.SpringBootTestContextBootstrapper - Loaded default TestExecutionListener class names from location [META-INF/spring.factories]: [org.springframework.boot.test.mock.mockito.MockitoTestExecutionListener, org.springframework.boot.test.mock.mockito.ResetMocksTestExecutionListener, org.springframework.boot.test.autoconfigure.restdocs.RestDocsTestExecutionListener, org.springframework.boot.test.autoconfigure.web.client.MockRestServiceServerResetTestExecutionListener, org.springframework.boot.test.autoconfigure.web.servlet.MockMvcPrintOnlyOnFailureTestExecutionListener, org.springframework.boot.test.autoconfigure.web.servlet.WebDriverTestExecutionListener, org.springframework.boot.test.autoconfigure.webservices.client.MockWebServiceServerTestExecutionListener, org.springframework.test.context.web.ServletTestExecutionListener, org.springframework.test.context.support.DirtiesContextBeforeModesTestExecutionListener, org.springframework.test.context.support.DependencyInjectionTestExecutionListener, org.springframework.test.context.support.DirtiesContextTestExecutionListener, org.springframework.test.context.transaction.TransactionalTestExecutionListener, org.springframework.test.context.jdbc.SqlScriptsTestExecutionListener, org.springframework.test.context.event.EventPublishingTestExecutionListener]
18:30:55.983 [main] INFO org.springframework.boot.test.context.SpringBootTestContextBootstrapper - Using TestExecutionListeners: [org.springframework.test.context.web.ServletTestExecutionListener@4a07d605, org.springframework.test.context.support.DirtiesContextBeforeModesTestExecutionListener@74287ea3, org.springframework.boot.test.mock.mockito.MockitoTestExecutionListener@7d7758be, org.springframework.boot.test.autoconfigure.SpringBootDependencyInjectionTestExecutionListener@2bdd8394, org.springframework.test.context.support.DirtiesContextTestExecutionListener@5f9edf14, org.springframework.test.context.transaction.TransactionalTestExecutionListener@68746f22, org.springframework.test.context.jdbc.SqlScriptsTestExecutionListener@2f01783a, org.springframework.test.context.event.EventPublishingTestExecutionListener@68878f6d, org.springframework.boot.test.mock.mockito.ResetMocksTestExecutionListener@41488b16, org.springframework.boot.test.autoconfigure.restdocs.RestDocsTestExecutionListener@a8ef162, org.springframework.boot.test.autoconfigure.web.client.MockRestServiceServerResetTestExecutionListener@2eea88a1, org.springframework.boot.test.autoconfigure.web.servlet.MockMvcPrintOnlyOnFailureTestExecutionListener@7ac296f6, org.springframework.boot.test.autoconfigure.web.servlet.WebDriverTestExecutionListener@7fd7a283, org.springframework.boot.test.autoconfigure.webservices.client.MockWebServiceServerTestExecutionListener@22f59fa]
18:30:55.983 [main] DEBUG org.springframework.test.annotation.ProfileValueUtils - Retrieved @ProfileValueSourceConfiguration [null] for test class [com.itheima.test.SmsTemplateTest]
18:30:55.983 [main] DEBUG org.springframework.test.annotation.ProfileValueUtils - Retrieved ProfileValueSource type [class org.springframework.test.annotation.SystemProfileValueSource] for class [com.itheima.test.SmsTemplateTest]
18:30:55.985 [main] DEBUG org.springframework.test.context.junit4.SpringJUnit4ClassRunner - SpringJUnit4ClassRunner constructor called with [class com.itheima.test.TestUserLocationApi]
18:30:55.985 [main] DEBUG org.springframework.test.context.BootstrapUtils - Instantiating CacheAwareContextLoaderDelegate from class [org.springframework.test.context.cache.DefaultCacheAwareContextLoaderDelegate]
18:30:55.985 [main] DEBUG org.springframework.test.context.BootstrapUtils - Instantiating BootstrapContext using constructor [public org.springframework.test.context.support.DefaultBootstrapContext(java.lang.Class,org.springframework.test.context.CacheAwareContextLoaderDelegate)]
18:30:55.986 [main] DEBUG org.springframework.test.context.BootstrapUtils - Instantiating TestContextBootstrapper for test class [com.itheima.test.TestUserLocationApi] from class [org.springframework.boot.test.context.SpringBootTestContextBootstrapper]
18:30:55.986 [main] INFO org.springframework.boot.test.context.SpringBootTestContextBootstrapper - Neither @ContextConfiguration nor @ContextHierarchy found for test class [com.itheima.test.TestUserLocationApi], using SpringBootContextLoader
18:30:55.986 [main] DEBUG org.springframework.test.context.support.AbstractContextLoader - Did not detect default resource location for test class [com.itheima.test.TestUserLocationApi]: class path resource [com/itheima/test/TestUserLocationApi-context.xml] does not exist
18:30:55.986 [main] DEBUG org.springframework.test.context.support.AbstractContextLoader - Did not detect default resource location for test class [com.itheima.test.TestUserLocationApi]: class path resource [com/itheima/test/TestUserLocationApiContext.groovy] does not exist
18:30:55.986 [main] INFO org.springframework.test.context.support.AbstractContextLoader - Could not detect default resource locations for test class [com.itheima.test.TestUserLocationApi]: no resource found for suffixes {-context.xml, Context.groovy}.
18:30:55.987 [main] DEBUG org.springframework.test.context.support.ActiveProfilesUtils - Could not find an 'annotation declaring class' for annotation type [org.springframework.test.context.ActiveProfiles] and class [com.itheima.test.TestUserLocationApi]
18:30:55.989 [main] DEBUG org.springframework.boot.test.context.SpringBootTestContextBootstrapper - @TestExecutionListeners is not present for class [com.itheima.test.TestUserLocationApi]: using defaults.
18:30:55.989 [main] INFO org.springframework.boot.test.context.SpringBootTestContextBootstrapper - Loaded default TestExecutionListener class names from location [META-INF/spring.factories]: [org.springframework.boot.test.mock.mockito.MockitoTestExecutionListener, org.springframework.boot.test.mock.mockito.ResetMocksTestExecutionListener, org.springframework.boot.test.autoconfigure.restdocs.RestDocsTestExecutionListener, org.springframework.boot.test.autoconfigure.web.client.MockRestServiceServerResetTestExecutionListener, org.springframework.boot.test.autoconfigure.web.servlet.MockMvcPrintOnlyOnFailureTestExecutionListener, org.springframework.boot.test.autoconfigure.web.servlet.WebDriverTestExecutionListener, org.springframework.boot.test.autoconfigure.webservices.client.MockWebServiceServerTestExecutionListener, org.springframework.test.context.web.ServletTestExecutionListener, org.springframework.test.context.support.DirtiesContextBeforeModesTestExecutionListener, org.springframework.test.context.support.DependencyInjectionTestExecutionListener, org.springframework.test.context.support.DirtiesContextTestExecutionListener, org.springframework.test.context.transaction.TransactionalTestExecutionListener, org.springframework.test.context.jdbc.SqlScriptsTestExecutionListener, org.springframework.test.context.event.EventPublishingTestExecutionListener]
18:30:55.989 [main] INFO org.springframework.boot.test.context.SpringBootTestContextBootstrapper - Using TestExecutionListeners: [org.springframework.test.context.web.ServletTestExecutionListener@79defdc, org.springframework.test.context.support.DirtiesContextBeforeModesTestExecutionListener@18317edc, org.springframework.boot.test.mock.mockito.MockitoTestExecutionListener@4e0ae11f, org.springframework.boot.test.autoconfigure.SpringBootDependencyInjectionTestExecutionListener@238d68ff, org.springframework.test.context.support.DirtiesContextTestExecutionListener@4b86805d, org.springframework.test.context.transaction.TransactionalTestExecutionListener@5852c06f, org.springframework.test.context.jdbc.SqlScriptsTestExecutionListener@4149c063, org.springframework.test.context.event.EventPublishingTestExecutionListener@9cb8225, org.springframework.boot.test.mock.mockito.ResetMocksTestExecutionListener@76b07f29, org.springframework.boot.test.autoconfigure.restdocs.RestDocsTestExecutionListener@38af9828, org.springframework.boot.test.autoconfigure.web.client.MockRestServiceServerResetTestExecutionListener@376a0d86, org.springframework.boot.test.autoconfigure.web.servlet.MockMvcPrintOnlyOnFailureTestExecutionListener@62656be4, org.springframework.boot.test.autoconfigure.web.servlet.WebDriverTestExecutionListener@17d919b6, org.springframework.boot.test.autoconfigure.webservices.client.MockWebServiceServerTestExecutionListener@53f3bdbd]
18:30:55.989 [main] DEBUG org.springframework.test.annotation.ProfileValueUtils - Retrieved @ProfileValueSourceConfiguration [null] for test class [com.itheima.test.TestUserLocationApi]
18:30:55.989 [main] DEBUG org.springframework.test.annotation.ProfileValueUtils - Retrieved ProfileValueSource type [class org.springframework.test.annotation.SystemProfileValueSource] for class [com.itheima.test.TestUserLocationApi]
18:30:55.991 [main] DEBUG org.springframework.test.context.junit4.SpringJUnit4ClassRunner - SpringJUnit4ClassRunner constructor called with [class com.itheima.test.UserApiTest]
18:30:55.991 [main] DEBUG org.springframework.test.context.BootstrapUtils - Instantiating CacheAwareContextLoaderDelegate from class [org.springframework.test.context.cache.DefaultCacheAwareContextLoaderDelegate]
18:30:55.991 [main] DEBUG org.springframework.test.context.BootstrapUtils - Instantiating BootstrapContext using constructor [public org.springframework.test.context.support.DefaultBootstrapContext(java.lang.Class,org.springframework.test.context.CacheAwareContextLoaderDelegate)]
18:30:55.991 [main] DEBUG org.springframework.test.context.BootstrapUtils - Instantiating TestContextBootstrapper for test class [com.itheima.test.UserApiTest] from class [org.springframework.boot.test.context.SpringBootTestContextBootstrapper]
18:30:55.991 [main] INFO org.springframework.boot.test.context.SpringBootTestContextBootstrapper - Neither @ContextConfiguration nor @ContextHierarchy found for test class [com.itheima.test.UserApiTest], using SpringBootContextLoader
18:30:55.991 [main] DEBUG org.springframework.test.context.support.AbstractContextLoader - Did not detect default resource location for test class [com.itheima.test.UserApiTest]: class path resource [com/itheima/test/UserApiTest-context.xml] does not exist
18:30:55.992 [main] DEBUG org.springframework.test.context.support.AbstractContextLoader - Did not detect default resource location for test class [com.itheima.test.UserApiTest]: class path resource [com/itheima/test/UserApiTestContext.groovy] does not exist
18:30:55.992 [main] INFO org.springframework.test.context.support.AbstractContextLoader - Could not detect default resource locations for test class [com.itheima.test.UserApiTest]: no resource found for suffixes {-context.xml, Context.groovy}.
18:30:55.993 [main] DEBUG org.springframework.test.context.support.ActiveProfilesUtils - Could not find an 'annotation declaring class' for annotation type [org.springframework.test.context.ActiveProfiles] and class [com.itheima.test.UserApiTest]
18:30:55.995 [main] DEBUG org.springframework.boot.test.context.SpringBootTestContextBootstrapper - @TestExecutionListeners is not present for class [com.itheima.test.UserApiTest]: using defaults.
18:30:55.995 [main] INFO org.springframework.boot.test.context.SpringBootTestContextBootstrapper - Loaded default TestExecutionListener class names from location [META-INF/spring.factories]: [org.springframework.boot.test.mock.mockito.MockitoTestExecutionListener, org.springframework.boot.test.mock.mockito.ResetMocksTestExecutionListener, org.springframework.boot.test.autoconfigure.restdocs.RestDocsTestExecutionListener, org.springframework.boot.test.autoconfigure.web.client.MockRestServiceServerResetTestExecutionListener, org.springframework.boot.test.autoconfigure.web.servlet.MockMvcPrintOnlyOnFailureTestExecutionListener, org.springframework.boot.test.autoconfigure.web.servlet.WebDriverTestExecutionListener, org.springframework.boot.test.autoconfigure.webservices.client.MockWebServiceServerTestExecutionListener, org.springframework.test.context.web.ServletTestExecutionListener, org.springframework.test.context.support.DirtiesContextBeforeModesTestExecutionListener, org.springframework.test.context.support.DependencyInjectionTestExecutionListener, org.springframework.test.context.support.DirtiesContextTestExecutionListener, org.springframework.test.context.transaction.TransactionalTestExecutionListener, org.springframework.test.context.jdbc.SqlScriptsTestExecutionListener, org.springframework.test.context.event.EventPublishingTestExecutionListener]
18:30:55.996 [main] INFO org.springframework.boot.test.context.SpringBootTestContextBootstrapper - Using TestExecutionListeners: [org.springframework.test.context.web.ServletTestExecutionListener@222a59e6, org.springframework.test.context.support.DirtiesContextBeforeModesTestExecutionListener@6c7a164b, org.springframework.boot.test.mock.mockito.MockitoTestExecutionListener@4c2bb6e0, org.springframework.boot.test.autoconfigure.SpringBootDependencyInjectionTestExecutionListener@3e62d773, org.springframework.test.context.support.DirtiesContextTestExecutionListener@4ef74c30, org.springframework.test.context.transaction.TransactionalTestExecutionListener@7283d3eb, org.springframework.test.context.jdbc.SqlScriptsTestExecutionListener@638ef7ed, org.springframework.test.context.event.EventPublishingTestExecutionListener@4bff7da0, org.springframework.boot.test.mock.mockito.ResetMocksTestExecutionListener@3f1d2e23, org.springframework.boot.test.autoconfigure.restdocs.RestDocsTestExecutionListener@536dbea0, org.springframework.boot.test.autoconfigure.web.client.MockRestServiceServerResetTestExecutionListener@47c81abf, org.springframework.boot.test.autoconfigure.web.servlet.MockMvcPrintOnlyOnFailureTestExecutionListener@776a6d9b, org.springframework.boot.test.autoconfigure.web.servlet.WebDriverTestExecutionListener@21d03963, org.springframework.boot.test.autoconfigure.webservices.client.MockWebServiceServerTestExecutionListener@1f760b47]
18:30:55.996 [main] DEBUG org.springframework.test.annotation.ProfileValueUtils - Retrieved @ProfileValueSourceConfiguration [null] for test class [com.itheima.test.UserApiTest]
18:30:55.996 [main] DEBUG org.springframework.test.annotation.ProfileValueUtils - Retrieved ProfileValueSource type [class org.springframework.test.annotation.SystemProfileValueSource] for class [com.itheima.test.UserApiTest]
18:30:55.998 [main] DEBUG org.springframework.test.context.junit4.SpringJUnit4ClassRunner - SpringJUnit4ClassRunner constructor called with [class com.itheima.test.UserInfoApiTest]
18:30:55.998 [main] DEBUG org.springframework.test.context.BootstrapUtils - Instantiating CacheAwareContextLoaderDelegate from class [org.springframework.test.context.cache.DefaultCacheAwareContextLoaderDelegate]
18:30:55.998 [main] DEBUG org.springframework.test.context.BootstrapUtils - Instantiating BootstrapContext using constructor [public org.springframework.test.context.support.DefaultBootstrapContext(java.lang.Class,org.springframework.test.context.CacheAwareContextLoaderDelegate)]
18:30:55.999 [main] DEBUG org.springframework.test.context.BootstrapUtils - Instantiating TestContextBootstrapper for test class [com.itheima.test.UserInfoApiTest] from class [org.springframework.boot.test.context.SpringBootTestContextBootstrapper]
18:30:55.999 [main] INFO org.springframework.boot.test.context.SpringBootTestContextBootstrapper - Neither @ContextConfiguration nor @ContextHierarchy found for test class [com.itheima.test.UserInfoApiTest], using SpringBootContextLoader
18:30:55.999 [main] DEBUG org.springframework.test.context.support.AbstractContextLoader - Did not detect default resource location for test class [com.itheima.test.UserInfoApiTest]: class path resource [com/itheima/test/UserInfoApiTest-context.xml] does not exist
18:30:55.999 [main] DEBUG org.springframework.test.context.support.AbstractContextLoader - Did not detect default resource location for test class [com.itheima.test.UserInfoApiTest]: class path resource [com/itheima/test/UserInfoApiTestContext.groovy] does not exist
18:30:55.999 [main] INFO org.springframework.test.context.support.AbstractContextLoader - Could not detect default resource locations for test class [com.itheima.test.UserInfoApiTest]: no resource found for suffixes {-context.xml, Context.groovy}.
18:30:56.000 [main] DEBUG org.springframework.test.context.support.ActiveProfilesUtils - Could not find an 'annotation declaring class' for annotation type [org.springframework.test.context.ActiveProfiles] and class [com.itheima.test.UserInfoApiTest]
18:30:56.002 [main] DEBUG org.springframework.boot.test.context.SpringBootTestContextBootstrapper - @TestExecutionListeners is not present for class [com.itheima.test.UserInfoApiTest]: using defaults.
18:30:56.002 [main] INFO org.springframework.boot.test.context.SpringBootTestContextBootstrapper - Loaded default TestExecutionListener class names from location [META-INF/spring.factories]: [org.springframework.boot.test.mock.mockito.MockitoTestExecutionListener, org.springframework.boot.test.mock.mockito.ResetMocksTestExecutionListener, org.springframework.boot.test.autoconfigure.restdocs.RestDocsTestExecutionListener, org.springframework.boot.test.autoconfigure.web.client.MockRestServiceServerResetTestExecutionListener, org.springframework.boot.test.autoconfigure.web.servlet.MockMvcPrintOnlyOnFailureTestExecutionListener, org.springframework.boot.test.autoconfigure.web.servlet.WebDriverTestExecutionListener, org.springframework.boot.test.autoconfigure.webservices.client.MockWebServiceServerTestExecutionListener, org.springframework.test.context.web.ServletTestExecutionListener, org.springframework.test.context.support.DirtiesContextBeforeModesTestExecutionListener, org.springframework.test.context.support.DependencyInjectionTestExecutionListener, org.springframework.test.context.support.DirtiesContextTestExecutionListener, org.springframework.test.context.transaction.TransactionalTestExecutionListener, org.springframework.test.context.jdbc.SqlScriptsTestExecutionListener, org.springframework.test.context.event.EventPublishingTestExecutionListener]
18:30:56.002 [main] INFO org.springframework.boot.test.context.SpringBootTestContextBootstrapper - Using TestExecutionListeners: [org.springframework.test.context.web.ServletTestExecutionListener@264f218, org.springframework.test.context.support.DirtiesContextBeforeModesTestExecutionListener@3576ddc2, org.springframework.boot.test.mock.mockito.MockitoTestExecutionListener@35b74c5c, org.springframework.boot.test.autoconfigure.SpringBootDependencyInjectionTestExecutionListener@2e570ded, org.springframework.test.context.support.DirtiesContextTestExecutionListener@b86de0d, org.springframework.test.context.transaction.TransactionalTestExecutionListener@81d9a72, org.springframework.test.context.jdbc.SqlScriptsTestExecutionListener@747f281, org.springframework.test.context.event.EventPublishingTestExecutionListener@1169afe1, org.springframework.boot.test.mock.mockito.ResetMocksTestExecutionListener@2ca26d77, org.springframework.boot.test.autoconfigure.restdocs.RestDocsTestExecutionListener@4808bc9b, org.springframework.boot.test.autoconfigure.web.client.MockRestServiceServerResetTestExecutionListener@70e38ce1, org.springframework.boot.test.autoconfigure.web.servlet.MockMvcPrintOnlyOnFailureTestExecutionListener@2ca923bb, org.springframework.boot.test.autoconfigure.web.servlet.WebDriverTestExecutionListener@13df2a8c, org.springframework.boot.test.autoconfigure.webservices.client.MockWebServiceServerTestExecutionListener@1ebea008]
18:30:56.002 [main] DEBUG org.springframework.test.annotation.ProfileValueUtils - Retrieved @ProfileValueSourceConfiguration [null] for test class [com.itheima.test.UserInfoApiTest]
18:30:56.002 [main] DEBUG org.springframework.test.annotation.ProfileValueUtils - Retrieved ProfileValueSource type [class org.springframework.test.annotation.SystemProfileValueSource] for class [com.itheima.test.UserInfoApiTest]
18:30:56.006 [main] DEBUG org.springframework.test.context.junit4.SpringJUnit4ClassRunner - SpringJUnit4ClassRunner constructor called with [class com.itheima.test.BlackListApiTest]
18:30:56.006 [main] DEBUG org.springframework.test.context.BootstrapUtils - Instantiating CacheAwareContextLoaderDelegate from class [org.springframework.test.context.cache.DefaultCacheAwareContextLoaderDelegate]
18:30:56.007 [main] DEBUG org.springframework.test.context.BootstrapUtils - Instantiating BootstrapContext using constructor [public org.springframework.test.context.support.DefaultBootstrapContext(java.lang.Class,org.springframework.test.context.CacheAwareContextLoaderDelegate)]
18:30:56.007 [main] DEBUG org.springframework.test.context.BootstrapUtils - Instantiating TestContextBootstrapper for test class [com.itheima.test.BlackListApiTest] from class [org.springframework.boot.test.context.SpringBootTestContextBootstrapper]
18:30:56.007 [main] INFO org.springframework.boot.test.context.SpringBootTestContextBootstrapper - Neither @ContextConfiguration nor @ContextHierarchy found for test class [com.itheima.test.BlackListApiTest], using SpringBootContextLoader
18:30:56.007 [main] DEBUG org.springframework.test.context.support.AbstractContextLoader - Did not detect default resource location for test class [com.itheima.test.BlackListApiTest]: class path resource [com/itheima/test/BlackListApiTest-context.xml] does not exist
18:30:56.008 [main] DEBUG org.springframework.test.context.support.AbstractContextLoader - Did not detect default resource location for test class [com.itheima.test.BlackListApiTest]: class path resource [com/itheima/test/BlackListApiTestContext.groovy] does not exist
18:30:56.008 [main] INFO org.springframework.test.context.support.AbstractContextLoader - Could not detect default resource locations for test class [com.itheima.test.BlackListApiTest]: no resource found for suffixes {-context.xml, Context.groovy}.
18:30:56.014 [main] DEBUG org.springframework.test.context.support.ActiveProfilesUtils - Could not find an 'annotation declaring class' for annotation type [org.springframework.test.context.ActiveProfiles] and class [com.itheima.test.BlackListApiTest]
18:30:56.015 [main] DEBUG org.springframework.boot.test.context.SpringBootTestContextBootstrapper - @TestExecutionListeners is not present for class [com.itheima.test.BlackListApiTest]: using defaults.
18:30:56.015 [main] INFO org.springframework.boot.test.context.SpringBootTestContextBootstrapper - Loaded default TestExecutionListener class names from location [META-INF/spring.factories]: [org.springframework.boot.test.mock.mockito.MockitoTestExecutionListener, org.springframework.boot.test.mock.mockito.ResetMocksTestExecutionListener, org.springframework.boot.test.autoconfigure.restdocs.RestDocsTestExecutionListener, org.springframework.boot.test.autoconfigure.web.client.MockRestServiceServerResetTestExecutionListener, org.springframework.boot.test.autoconfigure.web.servlet.MockMvcPrintOnlyOnFailureTestExecutionListener, org.springframework.boot.test.autoconfigure.web.servlet.WebDriverTestExecutionListener, org.springframework.boot.test.autoconfigure.webservices.client.MockWebServiceServerTestExecutionListener, org.springframework.test.context.web.ServletTestExecutionListener, org.springframework.test.context.support.DirtiesContextBeforeModesTestExecutionListener, org.springframework.test.context.support.DependencyInjectionTestExecutionListener, org.springframework.test.context.support.DirtiesContextTestExecutionListener, org.springframework.test.context.transaction.TransactionalTestExecutionListener, org.springframework.test.context.jdbc.SqlScriptsTestExecutionListener, org.springframework.test.context.event.EventPublishingTestExecutionListener]
18:30:56.015 [main] INFO org.springframework.boot.test.context.SpringBootTestContextBootstrapper - Using TestExecutionListeners: [org.springframework.test.context.web.ServletTestExecutionListener@1b410b60, org.springframework.test.context.support.DirtiesContextBeforeModesTestExecutionListener@2462cb01, org.springframework.boot.test.mock.mockito.MockitoTestExecutionListener@19b843ba, org.springframework.boot.test.autoconfigure.SpringBootDependencyInjectionTestExecutionListener@64ec96c6, org.springframework.test.context.support.DirtiesContextTestExecutionListener@77659b30, org.springframework.test.context.transaction.TransactionalTestExecutionListener@456d6c1e, org.springframework.test.context.jdbc.SqlScriptsTestExecutionListener@1e13529a, org.springframework.test.context.event.EventPublishingTestExecutionListener@1ec9bd38, org.springframework.boot.test.mock.mockito.ResetMocksTestExecutionListener@452e19ca, org.springframework.boot.test.autoconfigure.restdocs.RestDocsTestExecutionListener@6b0d80ed, org.springframework.boot.test.autoconfigure.web.client.MockRestServiceServerResetTestExecutionListener@6f8e8894, org.springframework.boot.test.autoconfigure.web.servlet.MockMvcPrintOnlyOnFailureTestExecutionListener@3cfdd820, org.springframework.boot.test.autoconfigure.web.servlet.WebDriverTestExecutionListener@928763c, org.springframework.boot.test.autoconfigure.webservices.client.MockWebServiceServerTestExecutionListener@e25951c]
18:30:56.015 [main] DEBUG org.springframework.test.annotation.ProfileValueUtils - Retrieved @ProfileValueSourceConfiguration [null] for test class [com.itheima.test.BlackListApiTest]
18:30:56.016 [main] DEBUG org.springframework.test.annotation.ProfileValueUtils - Retrieved ProfileValueSource type [class org.springframework.test.annotation.SystemProfileValueSource] for class [com.itheima.test.BlackListApiTest]
18:30:56.016 [main] DEBUG org.springframework.test.context.junit4.SpringJUnit4ClassRunner - SpringJUnit4ClassRunner constructor called with [class com.itheima.test.CommentApiTest]
18:30:56.016 [main] DEBUG org.springframework.test.context.BootstrapUtils - Instantiating CacheAwareContextLoaderDelegate from class [org.springframework.test.context.cache.DefaultCacheAwareContextLoaderDelegate]
18:30:56.016 [main] DEBUG org.springframework.test.context.BootstrapUtils - Instantiating BootstrapContext using constructor [public org.springframework.test.context.support.DefaultBootstrapContext(java.lang.Class,org.springframework.test.context.CacheAwareContextLoaderDelegate)]
18:30:56.016 [main] DEBUG org.springframework.test.context.BootstrapUtils - Instantiating TestContextBootstrapper for test class [com.itheima.test.CommentApiTest] from class [org.springframework.boot.test.context.SpringBootTestContextBootstrapper]
18:30:56.017 [main] INFO org.springframework.boot.test.context.SpringBootTestContextBootstrapper - Neither @ContextConfiguration nor @ContextHierarchy found for test class [com.itheima.test.CommentApiTest], using SpringBootContextLoader
18:30:56.017 [main] DEBUG org.springframework.test.context.support.AbstractContextLoader - Did not detect default resource location for test class [com.itheima.test.CommentApiTest]: class path resource [com/itheima/test/CommentApiTest-context.xml] does not exist
18:30:56.017 [main] DEBUG org.springframework.test.context.support.AbstractContextLoader - Did not detect default resource location for test class [com.itheima.test.CommentApiTest]: class path resource [com/itheima/test/CommentApiTestContext.groovy] does not exist
18:30:56.017 [main] INFO org.springframework.test.context.support.AbstractContextLoader - Could not detect default resource locations for test class [com.itheima.test.CommentApiTest]: no resource found for suffixes {-context.xml, Context.groovy}.
18:30:56.018 [main] DEBUG org.springframework.test.context.support.ActiveProfilesUtils - Could not find an 'annotation declaring class' for annotation type [org.springframework.test.context.ActiveProfiles] and class [com.itheima.test.CommentApiTest]
18:30:56.019 [main] DEBUG org.springframework.boot.test.context.SpringBootTestContextBootstrapper - @TestExecutionListeners is not present for class [com.itheima.test.CommentApiTest]: using defaults.
18:30:56.020 [main] INFO org.springframework.boot.test.context.SpringBootTestContextBootstrapper - Loaded default TestExecutionListener class names from location [META-INF/spring.factories]: [org.springframework.boot.test.mock.mockito.MockitoTestExecutionListener, org.springframework.boot.test.mock.mockito.ResetMocksTestExecutionListener, org.springframework.boot.test.autoconfigure.restdocs.RestDocsTestExecutionListener, org.springframework.boot.test.autoconfigure.web.client.MockRestServiceServerResetTestExecutionListener, org.springframework.boot.test.autoconfigure.web.servlet.MockMvcPrintOnlyOnFailureTestExecutionListener, org.springframework.boot.test.autoconfigure.web.servlet.WebDriverTestExecutionListener, org.springframework.boot.test.autoconfigure.webservices.client.MockWebServiceServerTestExecutionListener, org.springframework.test.context.web.ServletTestExecutionListener, org.springframework.test.context.support.DirtiesContextBeforeModesTestExecutionListener, org.springframework.test.context.support.DependencyInjectionTestExecutionListener, org.springframework.test.context.support.DirtiesContextTestExecutionListener, org.springframework.test.context.transaction.TransactionalTestExecutionListener, org.springframework.test.context.jdbc.SqlScriptsTestExecutionListener, org.springframework.test.context.event.EventPublishingTestExecutionListener]
18:30:56.020 [main] INFO org.springframework.boot.test.context.SpringBootTestContextBootstrapper - Using TestExecutionListeners: [org.springframework.test.context.web.ServletTestExecutionListener@471a9022, org.springframework.test.context.support.DirtiesContextBeforeModesTestExecutionListener@dc9876b, org.springframework.boot.test.mock.mockito.MockitoTestExecutionListener@2f666ebb, org.springframework.boot.test.autoconfigure.SpringBootDependencyInjectionTestExecutionListener@19976a65, org.springframework.test.context.support.DirtiesContextTestExecutionListener@a1f72f5, org.springframework.test.context.transaction.TransactionalTestExecutionListener@4b2c5e02, org.springframework.test.context.jdbc.SqlScriptsTestExecutionListener@57a3e26a, org.springframework.test.context.event.EventPublishingTestExecutionListener@75c56eb9, org.springframework.boot.test.mock.mockito.ResetMocksTestExecutionListener@4bc222e, org.springframework.boot.test.autoconfigure.restdocs.RestDocsTestExecutionListener@2dc9b0f5, org.springframework.boot.test.autoconfigure.web.client.MockRestServiceServerResetTestExecutionListener@6531a794, org.springframework.boot.test.autoconfigure.web.servlet.MockMvcPrintOnlyOnFailureTestExecutionListener@3b5fad2d, org.springframework.boot.test.autoconfigure.web.servlet.WebDriverTestExecutionListener@5e17553a, org.springframework.boot.test.autoconfigure.webservices.client.MockWebServiceServerTestExecutionListener@3eb91815]
18:30:56.020 [main] DEBUG org.springframework.test.annotation.ProfileValueUtils - Retrieved @ProfileValueSourceConfiguration [null] for test class [com.itheima.test.CommentApiTest]
18:30:56.020 [main] DEBUG org.springframework.test.annotation.ProfileValueUtils - Retrieved ProfileValueSource type [class org.springframework.test.annotation.SystemProfileValueSource] for class [com.itheima.test.CommentApiTest]
18:30:56.020 [main] DEBUG org.springframework.test.context.junit4.SpringJUnit4ClassRunner - SpringJUnit4ClassRunner constructor called with [class com.itheima.test.FaceTest]
18:30:56.020 [main] DEBUG org.springframework.test.context.BootstrapUtils - Instantiating CacheAwareContextLoaderDelegate from class [org.springframework.test.context.cache.DefaultCacheAwareContextLoaderDelegate]
18:30:56.020 [main] DEBUG org.springframework.test.context.BootstrapUtils - Instantiating BootstrapContext using constructor [public org.springframework.test.context.support.DefaultBootstrapContext(java.lang.Class,org.springframework.test.context.CacheAwareContextLoaderDelegate)]
18:30:56.021 [main] DEBUG org.springframework.test.context.BootstrapUtils - Instantiating TestContextBootstrapper for test class [com.itheima.test.FaceTest] from class [org.springframework.boot.test.context.SpringBootTestContextBootstrapper]
18:30:56.021 [main] INFO org.springframework.boot.test.context.SpringBootTestContextBootstrapper - Neither @ContextConfiguration nor @ContextHierarchy found for test class [com.itheima.test.FaceTest], using SpringBootContextLoader
18:30:56.022 [main] DEBUG org.springframework.test.context.support.AbstractContextLoader - Did not detect default resource location for test class [com.itheima.test.FaceTest]: class path resource [com/itheima/test/FaceTest-context.xml] does not exist
18:30:56.022 [main] DEBUG org.springframework.test.context.support.AbstractContextLoader - Did not detect default resource location for test class [com.itheima.test.FaceTest]: class path resource [com/itheima/test/FaceTestContext.groovy] does not exist
18:30:56.022 [main] INFO org.springframework.test.context.support.AbstractContextLoader - Could not detect default resource locations for test class [com.itheima.test.FaceTest]: no resource found for suffixes {-context.xml, Context.groovy}.
18:30:56.023 [main] DEBUG org.springframework.test.context.support.ActiveProfilesUtils - Could not find an 'annotation declaring class' for annotation type [org.springframework.test.context.ActiveProfiles] and class [com.itheima.test.FaceTest]
18:30:56.025 [main] DEBUG org.springframework.boot.test.context.SpringBootTestContextBootstrapper - @TestExecutionListeners is not present for class [com.itheima.test.FaceTest]: using defaults.
18:30:56.025 [main] INFO org.springframework.boot.test.context.SpringBootTestContextBootstrapper - Loaded default TestExecutionListener class names from location [META-INF/spring.factories]: [org.springframework.boot.test.mock.mockito.MockitoTestExecutionListener, org.springframework.boot.test.mock.mockito.ResetMocksTestExecutionListener, org.springframework.boot.test.autoconfigure.restdocs.RestDocsTestExecutionListener, org.springframework.boot.test.autoconfigure.web.client.MockRestServiceServerResetTestExecutionListener, org.springframework.boot.test.autoconfigure.web.servlet.MockMvcPrintOnlyOnFailureTestExecutionListener, org.springframework.boot.test.autoconfigure.web.servlet.WebDriverTestExecutionListener, org.springframework.boot.test.autoconfigure.webservices.client.MockWebServiceServerTestExecutionListener, org.springframework.test.context.web.ServletTestExecutionListener, org.springframework.test.context.support.DirtiesContextBeforeModesTestExecutionListener, org.springframework.test.context.support.DependencyInjectionTestExecutionListener, org.springframework.test.context.support.DirtiesContextTestExecutionListener, org.springframework.test.context.transaction.TransactionalTestExecutionListener, org.springframework.test.context.jdbc.SqlScriptsTestExecutionListener, org.springframework.test.context.event.EventPublishingTestExecutionListener]
18:30:56.026 [main] INFO org.springframework.boot.test.context.SpringBootTestContextBootstrapper - Using TestExecutionListeners: [org.springframework.test.context.web.ServletTestExecutionListener@74f6c5d8, org.springframework.test.context.support.DirtiesContextBeforeModesTestExecutionListener@27912e3, org.springframework.boot.test.mock.mockito.MockitoTestExecutionListener@34b9f960, org.springframework.boot.test.autoconfigure.SpringBootDependencyInjectionTestExecutionListener@43015c69, org.springframework.test.context.support.DirtiesContextTestExecutionListener@19b89d4, org.springframework.test.context.transaction.TransactionalTestExecutionListener@4bbf6d0e, org.springframework.test.context.jdbc.SqlScriptsTestExecutionListener@30b6ffe0, org.springframework.test.context.event.EventPublishingTestExecutionListener@791d1f8b, org.springframework.boot.test.mock.mockito.ResetMocksTestExecutionListener@2415fc55, org.springframework.boot.test.autoconfigure.restdocs.RestDocsTestExecutionListener@14f232c4, org.springframework.boot.test.autoconfigure.web.client.MockRestServiceServerResetTestExecutionListener@13bc8645, org.springframework.boot.test.autoconfigure.web.servlet.MockMvcPrintOnlyOnFailureTestExecutionListener@24c22fe, org.springframework.boot.test.autoconfigure.web.servlet.WebDriverTestExecutionListener@93081b6, org.springframework.boot.test.autoconfigure.webservices.client.MockWebServiceServerTestExecutionListener@cd1e646]
18:30:56.026 [main] DEBUG org.springframework.test.annotation.ProfileValueUtils - Retrieved @ProfileValueSourceConfiguration [null] for test class [com.itheima.test.FaceTest]
18:30:56.026 [main] DEBUG org.springframework.test.annotation.ProfileValueUtils - Retrieved ProfileValueSource type [class org.springframework.test.annotation.SystemProfileValueSource] for class [com.itheima.test.FaceTest]
18:30:56.026 [main] DEBUG org.springframework.test.context.junit4.SpringJUnit4ClassRunner - SpringJUnit4ClassRunner constructor called with [class com.itheima.test.FastDFSTest]
18:30:56.026 [main] DEBUG org.springframework.test.context.BootstrapUtils - Instantiating CacheAwareContextLoaderDelegate from class [org.springframework.test.context.cache.DefaultCacheAwareContextLoaderDelegate]
18:30:56.027 [main] DEBUG org.springframework.test.context.BootstrapUtils - Instantiating BootstrapContext using constructor [public org.springframework.test.context.support.DefaultBootstrapContext(java.lang.Class,org.springframework.test.context.CacheAwareContextLoaderDelegate)]
18:30:56.027 [main] DEBUG org.springframework.test.context.BootstrapUtils - Instantiating TestContextBootstrapper for test class [com.itheima.test.FastDFSTest] from class [org.springframework.boot.test.context.SpringBootTestContextBootstrapper]
18:30:56.028 [main] INFO org.springframework.boot.test.context.SpringBootTestContextBootstrapper - Neither @ContextConfiguration nor @ContextHierarchy found for test class [com.itheima.test.FastDFSTest], using SpringBootContextLoader
18:30:56.028 [main] DEBUG org.springframework.test.context.support.AbstractContextLoader - Did not detect default resource location for test class [com.itheima.test.FastDFSTest]: class path resource [com/itheima/test/FastDFSTest-context.xml] does not exist
18:30:56.029 [main] DEBUG org.springframework.test.context.support.AbstractContextLoader - Did not detect default resource location for test class [com.itheima.test.FastDFSTest]: class path resource [com/itheima/test/FastDFSTestContext.groovy] does not exist
18:30:56.029 [main] INFO org.springframework.test.context.support.AbstractContextLoader - Could not detect default resource locations for test class [com.itheima.test.FastDFSTest]: no resource found for suffixes {-context.xml, Context.groovy}.
18:30:56.032 [main] DEBUG org.springframework.test.context.support.ActiveProfilesUtils - Could not find an 'annotation declaring class' for annotation type [org.springframework.test.context.ActiveProfiles] and class [com.itheima.test.FastDFSTest]
18:30:56.033 [main] DEBUG org.springframework.boot.test.context.SpringBootTestContextBootstrapper - @TestExecutionListeners is not present for class [com.itheima.test.FastDFSTest]: using defaults.
18:30:56.033 [main] INFO org.springframework.boot.test.context.SpringBootTestContextBootstrapper - Loaded default TestExecutionListener class names from location [META-INF/spring.factories]: [org.springframework.boot.test.mock.mockito.MockitoTestExecutionListener, org.springframework.boot.test.mock.mockito.ResetMocksTestExecutionListener, org.springframework.boot.test.autoconfigure.restdocs.RestDocsTestExecutionListener, org.springframework.boot.test.autoconfigure.web.client.MockRestServiceServerResetTestExecutionListener, org.springframework.boot.test.autoconfigure.web.servlet.MockMvcPrintOnlyOnFailureTestExecutionListener, org.springframework.boot.test.autoconfigure.web.servlet.WebDriverTestExecutionListener, org.springframework.boot.test.autoconfigure.webservices.client.MockWebServiceServerTestExecutionListener, org.springframework.test.context.web.ServletTestExecutionListener, org.springframework.test.context.support.DirtiesContextBeforeModesTestExecutionListener, org.springframework.test.context.support.DependencyInjectionTestExecutionListener, org.springframework.test.context.support.DirtiesContextTestExecutionListener, org.springframework.test.context.transaction.TransactionalTestExecutionListener, org.springframework.test.context.jdbc.SqlScriptsTestExecutionListener, org.springframework.test.context.event.EventPublishingTestExecutionListener]
18:30:56.035 [main] INFO org.springframework.boot.test.context.SpringBootTestContextBootstrapper - Using TestExecutionListeners: [org.springframework.test.context.web.ServletTestExecutionListener@37911f88, org.springframework.test.context.support.DirtiesContextBeforeModesTestExecutionListener@6f1c29b7, org.springframework.boot.test.mock.mockito.MockitoTestExecutionListener@4d6025c5, org.springframework.boot.test.autoconfigure.SpringBootDependencyInjectionTestExecutionListener@7f284218, org.springframework.test.context.support.DirtiesContextTestExecutionListener@407a7f2a, org.springframework.test.context.transaction.TransactionalTestExecutionListener@4ea5b703, org.springframework.test.context.jdbc.SqlScriptsTestExecutionListener@2a7ed1f, org.springframework.test.context.event.EventPublishingTestExecutionListener@3fa247d1, org.springframework.boot.test.mock.mockito.ResetMocksTestExecutionListener@2cb2fc20, org.springframework.boot.test.autoconfigure.restdocs.RestDocsTestExecutionListener@4f4c4b1a, org.springframework.boot.test.autoconfigure.web.client.MockRestServiceServerResetTestExecutionListener@723e88f9, org.springframework.boot.test.autoconfigure.web.servlet.MockMvcPrintOnlyOnFailureTestExecutionListener@5f0fd5a0, org.springframework.boot.test.autoconfigure.web.servlet.WebDriverTestExecutionListener@64e7619d, org.springframework.boot.test.autoconfigure.webservices.client.MockWebServiceServerTestExecutionListener@495ee280]
18:30:56.036 [main] DEBUG org.springframework.test.annotation.ProfileValueUtils - Retrieved @ProfileValueSourceConfiguration [null] for test class [com.itheima.test.FastDFSTest]
18:30:56.036 [main] DEBUG org.springframework.test.annotation.ProfileValueUtils - Retrieved ProfileValueSource type [class org.springframework.test.annotation.SystemProfileValueSource] for class [com.itheima.test.FastDFSTest]
18:30:56.036 [main] DEBUG org.springframework.test.context.junit4.SpringJUnit4ClassRunner - SpringJUnit4ClassRunner constructor called with [class com.itheima.test.HuanxinTest]
18:30:56.036 [main] DEBUG org.springframework.test.context.BootstrapUtils - Instantiating CacheAwareContextLoaderDelegate from class [org.springframework.test.context.cache.DefaultCacheAwareContextLoaderDelegate]
18:30:56.036 [main] DEBUG org.springframework.test.context.BootstrapUtils - Instantiating BootstrapContext using constructor [public org.springframework.test.context.support.DefaultBootstrapContext(java.lang.Class,org.springframework.test.context.CacheAwareContextLoaderDelegate)]
18:30:56.036 [main] DEBUG org.springframework.test.context.BootstrapUtils - Instantiating TestContextBootstrapper for test class [com.itheima.test.HuanxinTest] from class [org.springframework.boot.test.context.SpringBootTestContextBootstrapper]
18:30:56.037 [main] INFO org.springframework.boot.test.context.SpringBootTestContextBootstrapper - Neither @ContextConfiguration nor @ContextHierarchy found for test class [com.itheima.test.HuanxinTest], using SpringBootContextLoader
18:30:56.037 [main] DEBUG org.springframework.test.context.support.AbstractContextLoader - Did not detect default resource location for test class [com.itheima.test.HuanxinTest]: class path resource [com/itheima/test/HuanxinTest-context.xml] does not exist
18:30:56.037 [main] DEBUG org.springframework.test.context.support.AbstractContextLoader - Did not detect default resource location for test class [com.itheima.test.HuanxinTest]: class path resource [com/itheima/test/HuanxinTestContext.groovy] does not exist
18:30:56.037 [main] INFO org.springframework.test.context.support.AbstractContextLoader - Could not detect default resource locations for test class [com.itheima.test.HuanxinTest]: no resource found for suffixes {-context.xml, Context.groovy}.
18:30:56.038 [main] DEBUG org.springframework.test.context.support.ActiveProfilesUtils - Could not find an 'annotation declaring class' for annotation type [org.springframework.test.context.ActiveProfiles] and class [com.itheima.test.HuanxinTest]
18:30:56.040 [main] DEBUG org.springframework.boot.test.context.SpringBootTestContextBootstrapper - @TestExecutionListeners is not present for class [com.itheima.test.HuanxinTest]: using defaults.
18:30:56.040 [main] INFO org.springframework.boot.test.context.SpringBootTestContextBootstrapper - Loaded default TestExecutionListener class names from location [META-INF/spring.factories]: [org.springframework.boot.test.mock.mockito.MockitoTestExecutionListener, org.springframework.boot.test.mock.mockito.ResetMocksTestExecutionListener, org.springframework.boot.test.autoconfigure.restdocs.RestDocsTestExecutionListener, org.springframework.boot.test.autoconfigure.web.client.MockRestServiceServerResetTestExecutionListener, org.springframework.boot.test.autoconfigure.web.servlet.MockMvcPrintOnlyOnFailureTestExecutionListener, org.springframework.boot.test.autoconfigure.web.servlet.WebDriverTestExecutionListener, org.springframework.boot.test.autoconfigure.webservices.client.MockWebServiceServerTestExecutionListener, org.springframework.test.context.web.ServletTestExecutionListener, org.springframework.test.context.support.DirtiesContextBeforeModesTestExecutionListener, org.springframework.test.context.support.DependencyInjectionTestExecutionListener, org.springframework.test.context.support.DirtiesContextTestExecutionListener, org.springframework.test.context.transaction.TransactionalTestExecutionListener, org.springframework.test.context.jdbc.SqlScriptsTestExecutionListener, org.springframework.test.context.event.EventPublishingTestExecutionListener]
18:30:56.040 [main] INFO org.springframework.boot.test.context.SpringBootTestContextBootstrapper - Using TestExecutionListeners: [org.springframework.test.context.web.ServletTestExecutionListener@3116c353, org.springframework.test.context.support.DirtiesContextBeforeModesTestExecutionListener@f627d13, org.springframework.boot.test.mock.mockito.MockitoTestExecutionListener@4e928fbf, org.springframework.boot.test.autoconfigure.SpringBootDependencyInjectionTestExecutionListener@352ff4da, org.springframework.test.context.support.DirtiesContextTestExecutionListener@3224a577, org.springframework.test.context.transaction.TransactionalTestExecutionListener@2e32ccc5, org.springframework.test.context.jdbc.SqlScriptsTestExecutionListener@748741cb, org.springframework.test.context.event.EventPublishingTestExecutionListener@3e44f2a5, org.springframework.boot.test.mock.mockito.ResetMocksTestExecutionListener@295cf707, org.springframework.boot.test.autoconfigure.restdocs.RestDocsTestExecutionListener@1130520d, org.springframework.boot.test.autoconfigure.web.client.MockRestServiceServerResetTestExecutionListener@5f77d0f9, org.springframework.boot.test.autoconfigure.web.servlet.MockMvcPrintOnlyOnFailureTestExecutionListener@463fd068, org.springframework.boot.test.autoconfigure.web.servlet.WebDriverTestExecutionListener@895e367, org.springframework.boot.test.autoconfigure.webservices.client.MockWebServiceServerTestExecutionListener@1b266842]
18:30:56.040 [main] DEBUG org.springframework.test.annotation.ProfileValueUtils - Retrieved @ProfileValueSourceConfiguration [null] for test class [com.itheima.test.HuanxinTest]
18:30:56.040 [main] DEBUG org.springframework.test.annotation.ProfileValueUtils - Retrieved ProfileValueSource type [class org.springframework.test.annotation.SystemProfileValueSource] for class [com.itheima.test.HuanxinTest]
18:30:56.041 [main] DEBUG org.springframework.test.context.junit4.SpringJUnit4ClassRunner - SpringJUnit4ClassRunner constructor called with [class com.itheima.test.MovementApiTest]
18:30:56.041 [main] DEBUG org.springframework.test.context.BootstrapUtils - Instantiating CacheAwareContextLoaderDelegate from class [org.springframework.test.context.cache.DefaultCacheAwareContextLoaderDelegate]
18:30:56.041 [main] DEBUG org.springframework.test.context.BootstrapUtils - Instantiating BootstrapContext using constructor [public org.springframework.test.context.support.DefaultBootstrapContext(java.lang.Class,org.springframework.test.context.CacheAwareContextLoaderDelegate)]
18:30:56.041 [main] DEBUG org.springframework.test.context.BootstrapUtils - Instantiating TestContextBootstrapper for test class [com.itheima.test.MovementApiTest] from class [org.springframework.boot.test.context.SpringBootTestContextBootstrapper]
18:30:56.041 [main] INFO org.springframework.boot.test.context.SpringBootTestContextBootstrapper - Neither @ContextConfiguration nor @ContextHierarchy found for test class [com.itheima.test.MovementApiTest], using SpringBootContextLoader
18:30:56.042 [main] DEBUG org.springframework.test.context.support.AbstractContextLoader - Did not detect default resource location for test class [com.itheima.test.MovementApiTest]: class path resource [com/itheima/test/MovementApiTest-context.xml] does not exist
18:30:56.042 [main] DEBUG org.springframework.test.context.support.AbstractContextLoader - Did not detect default resource location for test class [com.itheima.test.MovementApiTest]: class path resource [com/itheima/test/MovementApiTestContext.groovy] does not exist
18:30:56.042 [main] INFO org.springframework.test.context.support.AbstractContextLoader - Could not detect default resource locations for test class [com.itheima.test.MovementApiTest]: no resource found for suffixes {-context.xml, Context.groovy}.
18:30:56.044 [main] DEBUG org.springframework.test.context.support.ActiveProfilesUtils - Could not find an 'annotation declaring class' for annotation type [org.springframework.test.context.ActiveProfiles] and class [com.itheima.test.MovementApiTest]
18:30:56.046 [main] DEBUG org.springframework.boot.test.context.SpringBootTestContextBootstrapper - @TestExecutionListeners is not present for class [com.itheima.test.MovementApiTest]: using defaults.
18:30:56.046 [main] INFO org.springframework.boot.test.context.SpringBootTestContextBootstrapper - Loaded default TestExecutionListener class names from location [META-INF/spring.factories]: [org.springframework.boot.test.mock.mockito.MockitoTestExecutionListener, org.springframework.boot.test.mock.mockito.ResetMocksTestExecutionListener, org.springframework.boot.test.autoconfigure.restdocs.RestDocsTestExecutionListener, org.springframework.boot.test.autoconfigure.web.client.MockRestServiceServerResetTestExecutionListener, org.springframework.boot.test.autoconfigure.web.servlet.MockMvcPrintOnlyOnFailureTestExecutionListener, org.springframework.boot.test.autoconfigure.web.servlet.WebDriverTestExecutionListener, org.springframework.boot.test.autoconfigure.webservices.client.MockWebServiceServerTestExecutionListener, org.springframework.test.context.web.ServletTestExecutionListener, org.springframework.test.context.support.DirtiesContextBeforeModesTestExecutionListener, org.springframework.test.context.support.DependencyInjectionTestExecutionListener, org.springframework.test.context.support.DirtiesContextTestExecutionListener, org.springframework.test.context.transaction.TransactionalTestExecutionListener, org.springframework.test.context.jdbc.SqlScriptsTestExecutionListener, org.springframework.test.context.event.EventPublishingTestExecutionListener]
18:30:56.046 [main] INFO org.springframework.boot.test.context.SpringBootTestContextBootstrapper - Using TestExecutionListeners: [org.springframework.test.context.web.ServletTestExecutionListener@42b3b079, org.springframework.test.context.support.DirtiesContextBeforeModesTestExecutionListener@651aed93, org.springframework.boot.test.mock.mockito.MockitoTestExecutionListener@4dd6fd0a, org.springframework.boot.test.autoconfigure.SpringBootDependencyInjectionTestExecutionListener@bb9e6dc, org.springframework.test.context.support.DirtiesContextTestExecutionListener@5456afaa, org.springframework.test.context.transaction.TransactionalTestExecutionListener@6692b6c6, org.springframework.test.context.jdbc.SqlScriptsTestExecutionListener@1cd629b3, org.springframework.test.context.event.EventPublishingTestExecutionListener@589da3f3, org.springframework.boot.test.mock.mockito.ResetMocksTestExecutionListener@39d76cb5, org.springframework.boot.test.autoconfigure.restdocs.RestDocsTestExecutionListener@4a00d9cf, org.springframework.boot.test.autoconfigure.web.client.MockRestServiceServerResetTestExecutionListener@6736fa8d, org.springframework.boot.test.autoconfigure.web.servlet.MockMvcPrintOnlyOnFailureTestExecutionListener@52815fa3, org.springframework.boot.test.autoconfigure.web.servlet.WebDriverTestExecutionListener@50313382, org.springframework.boot.test.autoconfigure.webservices.client.MockWebServiceServerTestExecutionListener@1cb346ea]
18:30:56.046 [main] DEBUG org.springframework.test.annotation.ProfileValueUtils - Retrieved @ProfileValueSourceConfiguration [null] for test class [com.itheima.test.MovementApiTest]
18:30:56.046 [main] DEBUG org.springframework.test.annotation.ProfileValueUtils - Retrieved ProfileValueSource type [class org.springframework.test.annotation.SystemProfileValueSource] for class [com.itheima.test.MovementApiTest]
18:30:56.047 [main] DEBUG org.springframework.test.context.junit4.SpringJUnit4ClassRunner - SpringJUnit4ClassRunner constructor called with [class com.itheima.test.OssTest]
18:30:56.047 [main] DEBUG org.springframework.test.context.BootstrapUtils - Instantiating CacheAwareContextLoaderDelegate from class [org.springframework.test.context.cache.DefaultCacheAwareContextLoaderDelegate]
18:30:56.047 [main] DEBUG org.springframework.test.context.BootstrapUtils - Instantiating BootstrapContext using constructor [public org.springframework.test.context.support.DefaultBootstrapContext(java.lang.Class,org.springframework.test.context.CacheAwareContextLoaderDelegate)]
18:30:56.047 [main] DEBUG org.springframework.test.context.BootstrapUtils - Instantiating TestContextBootstrapper for test class [com.itheima.test.OssTest] from class [org.springframework.boot.test.context.SpringBootTestContextBootstrapper]
18:30:56.047 [main] INFO org.springframework.boot.test.context.SpringBootTestContextBootstrapper - Neither @ContextConfiguration nor @ContextHierarchy found for test class [com.itheima.test.OssTest], using SpringBootContextLoader
18:30:56.047 [main] DEBUG org.springframework.test.context.support.AbstractContextLoader - Did not detect default resource location for test class [com.itheima.test.OssTest]: class path resource [com/itheima/test/OssTest-context.xml] does not exist
18:30:56.048 [main] DEBUG org.springframework.test.context.support.AbstractContextLoader - Did not detect default resource location for test class [com.itheima.test.OssTest]: class path resource [com/itheima/test/OssTestContext.groovy] does not exist
18:30:56.048 [main] INFO org.springframework.test.context.support.AbstractContextLoader - Could not detect default resource locations for test class [com.itheima.test.OssTest]: no resource found for suffixes {-context.xml, Context.groovy}.
18:30:56.049 [main] DEBUG org.springframework.test.context.support.ActiveProfilesUtils - Could not find an 'annotation declaring class' for annotation type [org.springframework.test.context.ActiveProfiles] and class [com.itheima.test.OssTest]
18:30:56.050 [main] DEBUG org.springframework.boot.test.context.SpringBootTestContextBootstrapper - @TestExecutionListeners is not present for class [com.itheima.test.OssTest]: using defaults.
18:30:56.050 [main] INFO org.springframework.boot.test.context.SpringBootTestContextBootstrapper - Loaded default TestExecutionListener class names from location [META-INF/spring.factories]: [org.springframework.boot.test.mock.mockito.MockitoTestExecutionListener, org.springframework.boot.test.mock.mockito.ResetMocksTestExecutionListener, org.springframework.boot.test.autoconfigure.restdocs.RestDocsTestExecutionListener, org.springframework.boot.test.autoconfigure.web.client.MockRestServiceServerResetTestExecutionListener, org.springframework.boot.test.autoconfigure.web.servlet.MockMvcPrintOnlyOnFailureTestExecutionListener, org.springframework.boot.test.autoconfigure.web.servlet.WebDriverTestExecutionListener, org.springframework.boot.test.autoconfigure.webservices.client.MockWebServiceServerTestExecutionListener, org.springframework.test.context.web.ServletTestExecutionListener, org.springframework.test.context.support.DirtiesContextBeforeModesTestExecutionListener, org.springframework.test.context.support.DependencyInjectionTestExecutionListener, org.springframework.test.context.support.DirtiesContextTestExecutionListener, org.springframework.test.context.transaction.TransactionalTestExecutionListener, org.springframework.test.context.jdbc.SqlScriptsTestExecutionListener, org.springframework.test.context.event.EventPublishingTestExecutionListener]
18:30:56.050 [main] INFO org.springframework.boot.test.context.SpringBootTestContextBootstrapper - Using TestExecutionListeners: [org.springframework.test.context.web.ServletTestExecutionListener@14a50707, org.springframework.test.context.support.DirtiesContextBeforeModesTestExecutionListener@4d518b32, org.springframework.boot.test.mock.mockito.MockitoTestExecutionListener@4bd31064, org.springframework.boot.test.autoconfigure.SpringBootDependencyInjectionTestExecutionListener@e3c0e40, org.springframework.test.context.support.DirtiesContextTestExecutionListener@329dbdbf, org.springframework.test.context.transaction.TransactionalTestExecutionListener@7354b8c5, org.springframework.test.context.jdbc.SqlScriptsTestExecutionListener@20d7d6fb, org.springframework.test.context.event.EventPublishingTestExecutionListener@4ef782af, org.springframework.boot.test.mock.mockito.ResetMocksTestExecutionListener@11d8ae8b, org.springframework.boot.test.autoconfigure.restdocs.RestDocsTestExecutionListener@479cbee5, org.springframework.boot.test.autoconfigure.web.client.MockRestServiceServerResetTestExecutionListener@59e2d8e3, org.springframework.boot.test.autoconfigure.web.servlet.MockMvcPrintOnlyOnFailureTestExecutionListener@2b72cb8a, org.springframework.boot.test.autoconfigure.web.servlet.WebDriverTestExecutionListener@7f8a9499, org.springframework.boot.test.autoconfigure.webservices.client.MockWebServiceServerTestExecutionListener@5d43661b]
18:30:56.050 [main] DEBUG org.springframework.test.annotation.ProfileValueUtils - Retrieved @ProfileValueSourceConfiguration [null] for test class [com.itheima.test.OssTest]
18:30:56.050 [main] DEBUG org.springframework.test.annotation.ProfileValueUtils - Retrieved ProfileValueSource type [class org.springframework.test.annotation.SystemProfileValueSource] for class [com.itheima.test.OssTest]
18:30:56.051 [main] DEBUG org.springframework.test.context.junit4.SpringJUnit4ClassRunner - SpringJUnit4ClassRunner constructor called with [class com.itheima.test.RecommendUserApiTest]
18:30:56.051 [main] DEBUG org.springframework.test.context.BootstrapUtils - Instantiating CacheAwareContextLoaderDelegate from class [org.springframework.test.context.cache.DefaultCacheAwareContextLoaderDelegate]
18:30:56.051 [main] DEBUG org.springframework.test.context.BootstrapUtils - Instantiating BootstrapContext using constructor [public org.springframework.test.context.support.DefaultBootstrapContext(java.lang.Class,org.springframework.test.context.CacheAwareContextLoaderDelegate)]
18:30:56.051 [main] DEBUG org.springframework.test.context.BootstrapUtils - Instantiating TestContextBootstrapper for test class [com.itheima.test.RecommendUserApiTest] from class [org.springframework.boot.test.context.SpringBootTestContextBootstrapper]
18:30:56.051 [main] INFO org.springframework.boot.test.context.SpringBootTestContextBootstrapper - Neither @ContextConfiguration nor @ContextHierarchy found for test class [com.itheima.test.RecommendUserApiTest], using SpringBootContextLoader
18:30:56.051 [main] DEBUG org.springframework.test.context.support.AbstractContextLoader - Did not detect default resource location for test class [com.itheima.test.RecommendUserApiTest]: class path resource [com/itheima/test/RecommendUserApiTest-context.xml] does not exist
18:30:56.052 [main] DEBUG org.springframework.test.context.support.AbstractContextLoader - Did not detect default resource location for test class [com.itheima.test.RecommendUserApiTest]: class path resource [com/itheima/test/RecommendUserApiTestContext.groovy] does not exist
18:30:56.052 [main] INFO org.springframework.test.context.support.AbstractContextLoader - Could not detect default resource locations for test class [com.itheima.test.RecommendUserApiTest]: no resource found for suffixes {-context.xml, Context.groovy}.
18:30:56.052 [main] DEBUG org.springframework.test.context.support.ActiveProfilesUtils - Could not find an 'annotation declaring class' for annotation type [org.springframework.test.context.ActiveProfiles] and class [com.itheima.test.RecommendUserApiTest]
18:30:56.054 [main] DEBUG org.springframework.boot.test.context.SpringBootTestContextBootstrapper - @TestExecutionListeners is not present for class [com.itheima.test.RecommendUserApiTest]: using defaults.
18:30:56.054 [main] INFO org.springframework.boot.test.context.SpringBootTestContextBootstrapper - Loaded default TestExecutionListener class names from location [META-INF/spring.factories]: [org.springframework.boot.test.mock.mockito.MockitoTestExecutionListener, org.springframework.boot.test.mock.mockito.ResetMocksTestExecutionListener, org.springframework.boot.test.autoconfigure.restdocs.RestDocsTestExecutionListener, org.springframework.boot.test.autoconfigure.web.client.MockRestServiceServerResetTestExecutionListener, org.springframework.boot.test.autoconfigure.web.servlet.MockMvcPrintOnlyOnFailureTestExecutionListener, org.springframework.boot.test.autoconfigure.web.servlet.WebDriverTestExecutionListener, org.springframework.boot.test.autoconfigure.webservices.client.MockWebServiceServerTestExecutionListener, org.springframework.test.context.web.ServletTestExecutionListener, org.springframework.test.context.support.DirtiesContextBeforeModesTestExecutionListener, org.springframework.test.context.support.DependencyInjectionTestExecutionListener, org.springframework.test.context.support.DirtiesContextTestExecutionListener, org.springframework.test.context.transaction.TransactionalTestExecutionListener, org.springframework.test.context.jdbc.SqlScriptsTestExecutionListener, org.springframework.test.context.event.EventPublishingTestExecutionListener]
18:30:56.054 [main] INFO org.springframework.boot.test.context.SpringBootTestContextBootstrapper - Using TestExecutionListeners: [org.springframework.test.context.web.ServletTestExecutionListener@2fba3fc4, org.springframework.test.context.support.DirtiesContextBeforeModesTestExecutionListener@4bf48f6, org.springframework.boot.test.mock.mockito.MockitoTestExecutionListener@420a85c4, org.springframework.boot.test.autoconfigure.SpringBootDependencyInjectionTestExecutionListener@1c39680d, org.springframework.test.context.support.DirtiesContextTestExecutionListener@62833051, org.springframework.test.context.transaction.TransactionalTestExecutionListener@1c852c0f, org.springframework.test.context.jdbc.SqlScriptsTestExecutionListener@a37aefe, org.springframework.test.context.event.EventPublishingTestExecutionListener@5d99c6b5, org.springframework.boot.test.mock.mockito.ResetMocksTestExecutionListener@266374ef, org.springframework.boot.test.autoconfigure.restdocs.RestDocsTestExecutionListener@13b3d178, org.springframework.boot.test.autoconfigure.web.client.MockRestServiceServerResetTestExecutionListener@24c4ddae, org.springframework.boot.test.autoconfigure.web.servlet.MockMvcPrintOnlyOnFailureTestExecutionListener@37fb0bed, org.springframework.boot.test.autoconfigure.web.servlet.WebDriverTestExecutionListener@a82c5f1, org.springframework.boot.test.autoconfigure.webservices.client.MockWebServiceServerTestExecutionListener@7b7fdc8]
18:30:56.054 [main] DEBUG org.springframework.test.annotation.ProfileValueUtils - Retrieved @ProfileValueSourceConfiguration [null] for test class [com.itheima.test.RecommendUserApiTest]
18:30:56.054 [main] DEBUG org.springframework.test.annotation.ProfileValueUtils - Retrieved ProfileValueSource type [class org.springframework.test.annotation.SystemProfileValueSource] for class [com.itheima.test.RecommendUserApiTest]
18:30:56.054 [main] DEBUG org.springframework.test.context.junit4.SpringJUnit4ClassRunner - SpringJUnit4ClassRunner constructor called with [class com.itheima.test.SmsTemplateTest]
18:30:56.054 [main] DEBUG org.springframework.test.context.BootstrapUtils - Instantiating CacheAwareContextLoaderDelegate from class [org.springframework.test.context.cache.DefaultCacheAwareContextLoaderDelegate]
18:30:56.054 [main] DEBUG org.springframework.test.context.BootstrapUtils - Instantiating BootstrapContext using constructor [public org.springframework.test.context.support.DefaultBootstrapContext(java.lang.Class,org.springframework.test.context.CacheAwareContextLoaderDelegate)]
18:30:56.054 [main] DEBUG org.springframework.test.context.BootstrapUtils - Instantiating TestContextBootstrapper for test class [com.itheima.test.SmsTemplateTest] from class [org.springframework.boot.test.context.SpringBootTestContextBootstrapper]
18:30:56.054 [main] INFO org.springframework.boot.test.context.SpringBootTestContextBootstrapper - Neither @ContextConfiguration nor @ContextHierarchy found for test class [com.itheima.test.SmsTemplateTest], using SpringBootContextLoader
18:30:56.055 [main] DEBUG org.springframework.test.context.support.AbstractContextLoader - Did not detect default resource location for test class [com.itheima.test.SmsTemplateTest]: class path resource [com/itheima/test/SmsTemplateTest-context.xml] does not exist
18:30:56.055 [main] DEBUG org.springframework.test.context.support.AbstractContextLoader - Did not detect default resource location for test class [com.itheima.test.SmsTemplateTest]: class path resource [com/itheima/test/SmsTemplateTestContext.groovy] does not exist
18:30:56.055 [main] INFO org.springframework.test.context.support.AbstractContextLoader - Could not detect default resource locations for test class [com.itheima.test.SmsTemplateTest]: no resource found for suffixes {-context.xml, Context.groovy}.
18:30:56.056 [main] DEBUG org.springframework.test.context.support.ActiveProfilesUtils - Could not find an 'annotation declaring class' for annotation type [org.springframework.test.context.ActiveProfiles] and class [com.itheima.test.SmsTemplateTest]
18:30:56.057 [main] DEBUG org.springframework.boot.test.context.SpringBootTestContextBootstrapper - @TestExecutionListeners is not present for class [com.itheima.test.SmsTemplateTest]: using defaults.
18:30:56.057 [main] INFO org.springframework.boot.test.context.SpringBootTestContextBootstrapper - Loaded default TestExecutionListener class names from location [META-INF/spring.factories]: [org.springframework.boot.test.mock.mockito.MockitoTestExecutionListener, org.springframework.boot.test.mock.mockito.ResetMocksTestExecutionListener, org.springframework.boot.test.autoconfigure.restdocs.RestDocsTestExecutionListener, org.springframework.boot.test.autoconfigure.web.client.MockRestServiceServerResetTestExecutionListener, org.springframework.boot.test.autoconfigure.web.servlet.MockMvcPrintOnlyOnFailureTestExecutionListener, org.springframework.boot.test.autoconfigure.web.servlet.WebDriverTestExecutionListener, org.springframework.boot.test.autoconfigure.webservices.client.MockWebServiceServerTestExecutionListener, org.springframework.test.context.web.ServletTestExecutionListener, org.springframework.test.context.support.DirtiesContextBeforeModesTestExecutionListener, org.springframework.test.context.support.DependencyInjectionTestExecutionListener, org.springframework.test.context.support.DirtiesContextTestExecutionListener, org.springframework.test.context.transaction.TransactionalTestExecutionListener, org.springframework.test.context.jdbc.SqlScriptsTestExecutionListener, org.springframework.test.context.event.EventPublishingTestExecutionListener]
18:30:56.057 [main] INFO org.springframework.boot.test.context.SpringBootTestContextBootstrapper - Using TestExecutionListeners: [org.springframework.test.context.web.ServletTestExecutionListener@6a57ae10, org.springframework.test.context.support.DirtiesContextBeforeModesTestExecutionListener@766653e6, org.springframework.boot.test.mock.mockito.MockitoTestExecutionListener@4e07b95f, org.springframework.boot.test.autoconfigure.SpringBootDependencyInjectionTestExecutionListener@28b46423, org.springframework.test.context.support.DirtiesContextTestExecutionListener@7fc4780b, org.springframework.test.context.transaction.TransactionalTestExecutionListener@3b79fd76, org.springframework.test.context.jdbc.SqlScriptsTestExecutionListener@48c76607, org.springframework.test.context.event.EventPublishingTestExecutionListener@43599640, org.springframework.boot.test.mock.mockito.ResetMocksTestExecutionListener@1f81aa00, org.springframework.boot.test.autoconfigure.restdocs.RestDocsTestExecutionListener@6b6776cb, org.springframework.boot.test.autoconfigure.web.client.MockRestServiceServerResetTestExecutionListener@1863d2fe, org.springframework.boot.test.autoconfigure.web.servlet.MockMvcPrintOnlyOnFailureTestExecutionListener@1787bc24, org.springframework.boot.test.autoconfigure.web.servlet.WebDriverTestExecutionListener@544d57e, org.springframework.boot.test.autoconfigure.webservices.client.MockWebServiceServerTestExecutionListener@55c53a33]
18:30:56.057 [main] DEBUG org.springframework.test.annotation.ProfileValueUtils - Retrieved @ProfileValueSourceConfiguration [null] for test class [com.itheima.test.SmsTemplateTest]
18:30:56.057 [main] DEBUG org.springframework.test.annotation.ProfileValueUtils - Retrieved ProfileValueSource type [class org.springframework.test.annotation.SystemProfileValueSource] for class [com.itheima.test.SmsTemplateTest]
18:30:56.058 [main] DEBUG org.springframework.test.context.junit4.SpringJUnit4ClassRunner - SpringJUnit4ClassRunner constructor called with [class com.itheima.test.TestUserLocationApi]
18:30:56.058 [main] DEBUG org.springframework.test.context.BootstrapUtils - Instantiating CacheAwareContextLoaderDelegate from class [org.springframework.test.context.cache.DefaultCacheAwareContextLoaderDelegate]
18:30:56.058 [main] DEBUG org.springframework.test.context.BootstrapUtils - Instantiating BootstrapContext using constructor [public org.springframework.test.context.support.DefaultBootstrapContext(java.lang.Class,org.springframework.test.context.CacheAwareContextLoaderDelegate)]
18:30:56.058 [main] DEBUG org.springframework.test.context.BootstrapUtils - Instantiating TestContextBootstrapper for test class [com.itheima.test.TestUserLocationApi] from class [org.springframework.boot.test.context.SpringBootTestContextBootstrapper]
18:30:56.058 [main] INFO org.springframework.boot.test.context.SpringBootTestContextBootstrapper - Neither @ContextConfiguration nor @ContextHierarchy found for test class [com.itheima.test.TestUserLocationApi], using SpringBootContextLoader
18:30:56.058 [main] DEBUG org.springframework.test.context.support.AbstractContextLoader - Did not detect default resource location for test class [com.itheima.test.TestUserLocationApi]: class path resource [com/itheima/test/TestUserLocationApi-context.xml] does not exist
18:30:56.059 [main] DEBUG org.springframework.test.context.support.AbstractContextLoader - Did not detect default resource location for test class [com.itheima.test.TestUserLocationApi]: class path resource [com/itheima/test/TestUserLocationApiContext.groovy] does not exist
18:30:56.059 [main] INFO org.springframework.test.context.support.AbstractContextLoader - Could not detect default resource locations for test class [com.itheima.test.TestUserLocationApi]: no resource found for suffixes {-context.xml, Context.groovy}.
18:30:56.060 [main] DEBUG org.springframework.test.context.support.ActiveProfilesUtils - Could not find an 'annotation declaring class' for annotation type [org.springframework.test.context.ActiveProfiles] and class [com.itheima.test.TestUserLocationApi]
18:30:56.061 [main] DEBUG org.springframework.boot.test.context.SpringBootTestContextBootstrapper - @TestExecutionListeners is not present for class [com.itheima.test.TestUserLocationApi]: using defaults.
18:30:56.061 [main] INFO org.springframework.boot.test.context.SpringBootTestContextBootstrapper - Loaded default TestExecutionListener class names from location [META-INF/spring.factories]: [org.springframework.boot.test.mock.mockito.MockitoTestExecutionListener, org.springframework.boot.test.mock.mockito.ResetMocksTestExecutionListener, org.springframework.boot.test.autoconfigure.restdocs.RestDocsTestExecutionListener, org.springframework.boot.test.autoconfigure.web.client.MockRestServiceServerResetTestExecutionListener, org.springframework.boot.test.autoconfigure.web.servlet.MockMvcPrintOnlyOnFailureTestExecutionListener, org.springframework.boot.test.autoconfigure.web.servlet.WebDriverTestExecutionListener, org.springframework.boot.test.autoconfigure.webservices.client.MockWebServiceServerTestExecutionListener, org.springframework.test.context.web.ServletTestExecutionListener, org.springframework.test.context.support.DirtiesContextBeforeModesTestExecutionListener, org.springframework.test.context.support.DependencyInjectionTestExecutionListener, org.springframework.test.context.support.DirtiesContextTestExecutionListener, org.springframework.test.context.transaction.TransactionalTestExecutionListener, org.springframework.test.context.jdbc.SqlScriptsTestExecutionListener, org.springframework.test.context.event.EventPublishingTestExecutionListener]
18:30:56.061 [main] INFO org.springframework.boot.test.context.SpringBootTestContextBootstrapper - Using TestExecutionListeners: [org.springframework.test.context.web.ServletTestExecutionListener@797b0699, org.springframework.test.context.support.DirtiesContextBeforeModesTestExecutionListener@5a37d3ed, org.springframework.boot.test.mock.mockito.MockitoTestExecutionListener@26df6e3a, org.springframework.boot.test.autoconfigure.SpringBootDependencyInjectionTestExecutionListener@4a3631f8, org.springframework.test.context.support.DirtiesContextTestExecutionListener@6b58b9e9, org.springframework.test.context.transaction.TransactionalTestExecutionListener@f14a7d4, org.springframework.test.context.jdbc.SqlScriptsTestExecutionListener@52e7a6b2, org.springframework.test.context.event.EventPublishingTestExecutionListener@29a5f4e7, org.springframework.boot.test.mock.mockito.ResetMocksTestExecutionListener@79c97cb, org.springframework.boot.test.autoconfigure.restdocs.RestDocsTestExecutionListener@2d9caaeb, org.springframework.boot.test.autoconfigure.web.client.MockRestServiceServerResetTestExecutionListener@42a15bdc, org.springframework.boot.test.autoconfigure.web.servlet.MockMvcPrintOnlyOnFailureTestExecutionListener@44a59da3, org.springframework.boot.test.autoconfigure.web.servlet.WebDriverTestExecutionListener@27e47833, org.springframework.boot.test.autoconfigure.webservices.client.MockWebServiceServerTestExecutionListener@6f6745d6]
18:30:56.061 [main] DEBUG org.springframework.test.annotation.ProfileValueUtils - Retrieved @ProfileValueSourceConfiguration [null] for test class [com.itheima.test.TestUserLocationApi]
18:30:56.061 [main] DEBUG org.springframework.test.annotation.ProfileValueUtils - Retrieved ProfileValueSource type [class org.springframework.test.annotation.SystemProfileValueSource] for class [com.itheima.test.TestUserLocationApi]
18:30:56.061 [main] DEBUG org.springframework.test.context.junit4.SpringJUnit4ClassRunner - SpringJUnit4ClassRunner constructor called with [class com.itheima.test.UserApiTest]
18:30:56.061 [main] DEBUG org.springframework.test.context.BootstrapUtils - Instantiating CacheAwareContextLoaderDelegate from class [org.springframework.test.context.cache.DefaultCacheAwareContextLoaderDelegate]
18:30:56.061 [main] DEBUG org.springframework.test.context.BootstrapUtils - Instantiating BootstrapContext using constructor [public org.springframework.test.context.support.DefaultBootstrapContext(java.lang.Class,org.springframework.test.context.CacheAwareContextLoaderDelegate)]
18:30:56.061 [main] DEBUG org.springframework.test.context.BootstrapUtils - Instantiating TestContextBootstrapper for test class [com.itheima.test.UserApiTest] from class [org.springframework.boot.test.context.SpringBootTestContextBootstrapper]
18:30:56.062 [main] INFO org.springframework.boot.test.context.SpringBootTestContextBootstrapper - Neither @ContextConfiguration nor @ContextHierarchy found for test class [com.itheima.test.UserApiTest], using SpringBootContextLoader
18:30:56.062 [main] DEBUG org.springframework.test.context.support.AbstractContextLoader - Did not detect default resource location for test class [com.itheima.test.UserApiTest]: class path resource [com/itheima/test/UserApiTest-context.xml] does not exist
18:30:56.062 [main] DEBUG org.springframework.test.context.support.AbstractContextLoader - Did not detect default resource location for test class [com.itheima.test.UserApiTest]: class path resource [com/itheima/test/UserApiTestContext.groovy] does not exist
18:30:56.062 [main] INFO org.springframework.test.context.support.AbstractContextLoader - Could not detect default resource locations for test class [com.itheima.test.UserApiTest]: no resource found for suffixes {-context.xml, Context.groovy}.
18:30:56.063 [main] DEBUG org.springframework.test.context.support.ActiveProfilesUtils - Could not find an 'annotation declaring class' for annotation type [org.springframework.test.context.ActiveProfiles] and class [com.itheima.test.UserApiTest]
18:30:56.064 [main] DEBUG org.springframework.boot.test.context.SpringBootTestContextBootstrapper - @TestExecutionListeners is not present for class [com.itheima.test.UserApiTest]: using defaults.
18:30:56.064 [main] INFO org.springframework.boot.test.context.SpringBootTestContextBootstrapper - Loaded default TestExecutionListener class names from location [META-INF/spring.factories]: [org.springframework.boot.test.mock.mockito.MockitoTestExecutionListener, org.springframework.boot.test.mock.mockito.ResetMocksTestExecutionListener, org.springframework.boot.test.autoconfigure.restdocs.RestDocsTestExecutionListener, org.springframework.boot.test.autoconfigure.web.client.MockRestServiceServerResetTestExecutionListener, org.springframework.boot.test.autoconfigure.web.servlet.MockMvcPrintOnlyOnFailureTestExecutionListener, org.springframework.boot.test.autoconfigure.web.servlet.WebDriverTestExecutionListener, org.springframework.boot.test.autoconfigure.webservices.client.MockWebServiceServerTestExecutionListener, org.springframework.test.context.web.ServletTestExecutionListener, org.springframework.test.context.support.DirtiesContextBeforeModesTestExecutionListener, org.springframework.test.context.support.DependencyInjectionTestExecutionListener, org.springframework.test.context.support.DirtiesContextTestExecutionListener, org.springframework.test.context.transaction.TransactionalTestExecutionListener, org.springframework.test.context.jdbc.SqlScriptsTestExecutionListener, org.springframework.test.context.event.EventPublishingTestExecutionListener]
18:30:56.064 [main] INFO org.springframework.boot.test.context.SpringBootTestContextBootstrapper - Using TestExecutionListeners: [org.springframework.test.context.web.ServletTestExecutionListener@4f704591, org.springframework.test.context.support.DirtiesContextBeforeModesTestExecutionListener@4b5189ac, org.springframework.boot.test.mock.mockito.MockitoTestExecutionListener@1e4d3ce5, org.springframework.boot.test.autoconfigure.SpringBootDependencyInjectionTestExecutionListener@3ddc6915, org.springframework.test.context.support.DirtiesContextTestExecutionListener@704deff2, org.springframework.test.context.transaction.TransactionalTestExecutionListener@379614be, org.springframework.test.context.jdbc.SqlScriptsTestExecutionListener@404bbcbd, org.springframework.test.context.event.EventPublishingTestExecutionListener@1e81f160, org.springframework.boot.test.mock.mockito.ResetMocksTestExecutionListener@1acaf3d, org.springframework.boot.test.autoconfigure.restdocs.RestDocsTestExecutionListener@6986852, org.springframework.boot.test.autoconfigure.web.client.MockRestServiceServerResetTestExecutionListener@1bab8268, org.springframework.boot.test.autoconfigure.web.servlet.MockMvcPrintOnlyOnFailureTestExecutionListener@a307a8c, org.springframework.boot.test.autoconfigure.web.servlet.WebDriverTestExecutionListener@6e01f9b0, org.springframework.boot.test.autoconfigure.webservices.client.MockWebServiceServerTestExecutionListener@2b9ed6da]
18:30:56.064 [main] DEBUG org.springframework.test.annotation.ProfileValueUtils - Retrieved @ProfileValueSourceConfiguration [null] for test class [com.itheima.test.UserApiTest]
18:30:56.064 [main] DEBUG org.springframework.test.annotation.ProfileValueUtils - Retrieved ProfileValueSource type [class org.springframework.test.annotation.SystemProfileValueSource] for class [com.itheima.test.UserApiTest]
18:30:56.065 [main] DEBUG org.springframework.test.context.junit4.SpringJUnit4ClassRunner - SpringJUnit4ClassRunner constructor called with [class com.itheima.test.UserInfoApiTest]
18:30:56.065 [main] DEBUG org.springframework.test.context.BootstrapUtils - Instantiating CacheAwareContextLoaderDelegate from class [org.springframework.test.context.cache.DefaultCacheAwareContextLoaderDelegate]
18:30:56.065 [main] DEBUG org.springframework.test.context.BootstrapUtils - Instantiating BootstrapContext using constructor [public org.springframework.test.context.support.DefaultBootstrapContext(java.lang.Class,org.springframework.test.context.CacheAwareContextLoaderDelegate)]
18:30:56.065 [main] DEBUG org.springframework.test.context.BootstrapUtils - Instantiating TestContextBootstrapper for test class [com.itheima.test.UserInfoApiTest] from class [org.springframework.boot.test.context.SpringBootTestContextBootstrapper]
18:30:56.065 [main] INFO org.springframework.boot.test.context.SpringBootTestContextBootstrapper - Neither @ContextConfiguration nor @ContextHierarchy found for test class [com.itheima.test.UserInfoApiTest], using SpringBootContextLoader
18:30:56.065 [main] DEBUG org.springframework.test.context.support.AbstractContextLoader - Did not detect default resource location for test class [com.itheima.test.UserInfoApiTest]: class path resource [com/itheima/test/UserInfoApiTest-context.xml] does not exist
18:30:56.065 [main] DEBUG org.springframework.test.context.support.AbstractContextLoader - Did not detect default resource location for test class [com.itheima.test.UserInfoApiTest]: class path resource [com/itheima/test/UserInfoApiTestContext.groovy] does not exist
18:30:56.066 [main] INFO org.springframework.test.context.support.AbstractContextLoader - Could not detect default resource locations for test class [com.itheima.test.UserInfoApiTest]: no resource found for suffixes {-context.xml, Context.groovy}.
18:30:56.066 [main] DEBUG org.springframework.test.context.support.ActiveProfilesUtils - Could not find an 'annotation declaring class' for annotation type [org.springframework.test.context.ActiveProfiles] and class [com.itheima.test.UserInfoApiTest]
18:30:56.067 [main] DEBUG org.springframework.boot.test.context.SpringBootTestContextBootstrapper - @TestExecutionListeners is not present for class [com.itheima.test.UserInfoApiTest]: using defaults.
18:30:56.068 [main] INFO org.springframework.boot.test.context.SpringBootTestContextBootstrapper - Loaded default TestExecutionListener class names from location [META-INF/spring.factories]: [org.springframework.boot.test.mock.mockito.MockitoTestExecutionListener, org.springframework.boot.test.mock.mockito.ResetMocksTestExecutionListener, org.springframework.boot.test.autoconfigure.restdocs.RestDocsTestExecutionListener, org.springframework.boot.test.autoconfigure.web.client.MockRestServiceServerResetTestExecutionListener, org.springframework.boot.test.autoconfigure.web.servlet.MockMvcPrintOnlyOnFailureTestExecutionListener, org.springframework.boot.test.autoconfigure.web.servlet.WebDriverTestExecutionListener, org.springframework.boot.test.autoconfigure.webservices.client.MockWebServiceServerTestExecutionListener, org.springframework.test.context.web.ServletTestExecutionListener, org.springframework.test.context.support.DirtiesContextBeforeModesTestExecutionListener, org.springframework.test.context.support.DependencyInjectionTestExecutionListener, org.springframework.test.context.support.DirtiesContextTestExecutionListener, org.springframework.test.context.transaction.TransactionalTestExecutionListener, org.springframework.test.context.jdbc.SqlScriptsTestExecutionListener, org.springframework.test.context.event.EventPublishingTestExecutionListener]
18:30:56.068 [main] INFO org.springframework.boot.test.context.SpringBootTestContextBootstrapper - Using TestExecutionListeners: [org.springframework.test.context.web.ServletTestExecutionListener@658c5a19, org.springframework.test.context.support.DirtiesContextBeforeModesTestExecutionListener@421e361, org.springframework.boot.test.mock.mockito.MockitoTestExecutionListener@59d4cd39, org.springframework.boot.test.autoconfigure.SpringBootDependencyInjectionTestExecutionListener@389c4eb1, org.springframework.test.context.support.DirtiesContextTestExecutionListener@3fc79729, org.springframework.test.context.transaction.TransactionalTestExecutionListener@34f6515b, org.springframework.test.context.jdbc.SqlScriptsTestExecutionListener@4b34fff9, org.springframework.test.context.event.EventPublishingTestExecutionListener@1187c9e8, org.springframework.boot.test.mock.mockito.ResetMocksTestExecutionListener@127a7a2e, org.springframework.boot.test.autoconfigure.restdocs.RestDocsTestExecutionListener@14008db3, org.springframework.boot.test.autoconfigure.web.client.MockRestServiceServerResetTestExecutionListener@78a773fd, org.springframework.boot.test.autoconfigure.web.servlet.MockMvcPrintOnlyOnFailureTestExecutionListener@57c03d88, org.springframework.boot.test.autoconfigure.web.servlet.WebDriverTestExecutionListener@16aa8654, org.springframework.boot.test.autoconfigure.webservices.client.MockWebServiceServerTestExecutionListener@6d7fc27]
18:30:56.068 [main] DEBUG org.springframework.test.annotation.ProfileValueUtils - Retrieved @ProfileValueSourceConfiguration [null] for test class [com.itheima.test.UserInfoApiTest]
18:30:56.068 [main] DEBUG org.springframework.test.annotation.ProfileValueUtils - Retrieved ProfileValueSource type [class org.springframework.test.annotation.SystemProfileValueSource] for class [com.itheima.test.UserInfoApiTest]
18:30:56.113 [main] DEBUG org.springframework.test.annotation.ProfileValueUtils - Retrieved @ProfileValueSourceConfiguration [null] for test class [com.itheima.test.BlackListApiTest]
18:30:56.113 [main] DEBUG org.springframework.test.annotation.ProfileValueUtils - Retrieved ProfileValueSource type [class org.springframework.test.annotation.SystemProfileValueSource] for class [com.itheima.test.BlackListApiTest]
18:30:56.115 [main] DEBUG org.springframework.test.annotation.ProfileValueUtils - Retrieved @ProfileValueSourceConfiguration [null] for test class [com.itheima.test.BlackListApiTest]
18:30:56.115 [main] DEBUG org.springframework.test.annotation.ProfileValueUtils - Retrieved ProfileValueSource type [class org.springframework.test.annotation.SystemProfileValueSource] for class [com.itheima.test.BlackListApiTest]
18:30:56.116 [main] DEBUG org.springframework.test.annotation.ProfileValueUtils - Retrieved @ProfileValueSourceConfiguration [null] for test class [com.itheima.test.BlackListApiTest]
18:30:56.116 [main] DEBUG org.springframework.test.annotation.ProfileValueUtils - Retrieved ProfileValueSource type [class org.springframework.test.annotation.SystemProfileValueSource] for class [com.itheima.test.BlackListApiTest]
18:30:56.118 [main] DEBUG org.springframework.test.context.support.AbstractDirtiesContextTestExecutionListener - Before test class: context [DefaultTestContext@1f53a5dc testClass = BlackListApiTest, testInstance = [null], testMethod = [null], testException = [null], mergedContextConfiguration = [WebMergedContextConfiguration@1b75c2e3 testClass = BlackListApiTest, locations = '{}', classes = '{class com.tanhua.server.AppServerApplication}', contextInitializerClasses = '[]', activeProfiles = '{}', propertySourceLocations = '{}', propertySourceProperties = '{org.springframework.boot.test.context.SpringBootTestContextBootstrapper=true}', contextCustomizers = set[org.springframework.boot.test.context.filter.ExcludeFilterContextCustomizer@5e0826e7, org.springframework.boot.test.json.DuplicateJsonObjectContextCustomizerFactory$DuplicateJsonObjectContextCustomizer@6e20b53a, org.springframework.boot.test.mock.mockito.MockitoContextCustomizer@0, org.springframework.boot.test.web.client.TestRestTemplateContextCustomizer@5b239d7d, org.springframework.boot.test.autoconfigure.properties.PropertyMappingContextCustomizer@0, org.springframework.boot.test.autoconfigure.web.servlet.WebDriverContextCustomizerFactory$Customizer@436813f3, org.springframework.boot.test.context.SpringBootTestArgs@1, org.springframework.boot.test.context.SpringBootTestWebEnvironment@670002], resourceBasePath = 'src/main/webapp', contextLoader = 'org.springframework.boot.test.context.SpringBootContextLoader', parent = [null]], attributes = map['org.springframework.test.context.web.ServletTestExecutionListener.activateListener' -> true]], class annotated with @DirtiesContext [false] with mode [null].
18:30:56.120 [main] DEBUG org.springframework.test.annotation.ProfileValueUtils - Retrieved @ProfileValueSourceConfiguration [null] for test class [com.itheima.test.BlackListApiTest]
18:30:56.120 [main] DEBUG org.springframework.test.annotation.ProfileValueUtils - Retrieved ProfileValueSource type [class org.springframework.test.annotation.SystemProfileValueSource] for class [com.itheima.test.BlackListApiTest]
18:30:56.142 [main] DEBUG org.springframework.test.context.support.TestPropertySourceUtils - Adding inlined properties to environment: {spring.jmx.enabled=false, org.springframework.boot.test.context.SpringBootTestContextBootstrapper=true}
2022-07-20 18:30:57.850  INFO 16092 --- [           main] d.s.b.c.e.WelcomeLogoApplicationListener : 

 :: Dubbo Spring Boot (v2.7.8) : https://github.com/apache/dubbo-spring-boot-project
 :: Dubbo (v2.7.8) : https://github.com/apache/dubbo
 :: Discuss group : dev@dubbo.apache.org

2022-07-20 18:30:57.854  INFO 16092 --- [           main] e.OverrideDubboConfigApplicationListener : Dubbo Config was overridden by externalized configuration {dubbo.application.name=tanhua-app-server, dubbo.application.qos-enable=false, dubbo.config.multiple=true}
2022-07-20 18:30:58.298  INFO 16092 --- [pool-1-thread-1] .b.c.e.AwaitingNonWebApplicationListener :  [Dubbo] Current Spring Boot Application is await...
2022-07-20 18:30:59.831  INFO 16092 --- [           main] e.OverrideDubboConfigApplicationListener : Dubbo Config was overridden by externalized configuration {dubbo.application.name=tanhua-app-server, dubbo.application.qos-enable=false, dubbo.config.multiple=true}

  .   ____          _            __ _ _
 /\\ / ___'_ __ _ _(_)_ __  __ _ \ \ \ \
( ( )\___ | '_ | '_| | '_ \/ _` | \ \ \ \
 \\/  ___)| |_)| | | | | || (_| |  ) ) ) )
  '  |____| .__|_| |_|_| |_\__, | / / / /
 =========|_|==============|___/=/_/_/_/
 :: Spring Boot ::        (v2.3.9.RELEASE)

2022-07-20 18:30:59.846  INFO 16092 --- [           main] c.a.n.c.c.impl.LocalConfigInfoProcessor  : LOCAL_SNAPSHOT_PATH:C:\Users\Coder\nacos\config
2022-07-20 18:31:00.226  INFO 16092 --- [           main] c.a.nacos.client.config.impl.Limiter     : limitTime:5.0
2022-07-20 18:31:00.253  WARN 16092 --- [           main] c.a.c.n.c.NacosPropertySourceBuilder     : Ignore the empty nacos configuration and get it based on dataId[tanhua-app-server] & group[DEFAULT_GROUP]
2022-07-20 18:31:00.258  WARN 16092 --- [           main] c.a.c.n.c.NacosPropertySourceBuilder     : Ignore the empty nacos configuration and get it based on dataId[tanhua-app-server.yml] & group[DEFAULT_GROUP]
2022-07-20 18:31:00.264  INFO 16092 --- [           main] c.a.nacos.client.config.utils.JvmUtil    : isMultiInstance:false
2022-07-20 18:31:00.274 ERROR 16092 --- [           main] c.a.c.n.c.NacosPropertySourceBuilder     : parse data from Nacos error,dataId:tanhua-app-server-prod.yml,data:#服务端口
server:
  port: 18080
spring:
  application:
    name: tanhua-app-server
  redis:  #redis配置
    port: 6379
    host: 192.168.136.160
  cloud:  #nacos配置
    nacos:
      discovery:
        server-addr: 192.168.136.160:8848
dubbo:    #dubbo配置
  registry:
    address: spring-cloud://localhost
  consumer:
    check: false
tanhua:
  default:
    recommend:
      users: 2,3,8,10,18,20,24,29,27,32,36,37,56,64,75,88
  sms:
    signName: tanhua
    templateCode: SMS_106590012423423
    accessKey: LTAI5tCCK6DfMXZFPZxZB6qN
    secret: ZgBBhd015DUNAcMgCmM5ILHlkMvyR9
  oss:
    accessKey: LTAI5tCCK6DfMXZFPZxZB6qN
    secret: ZgBBhd015DUNAcMgCmM5ILHlkMvyR9
    endpoint: oss-cn-beijing.aliyuncs.com
    bucketName: tanhuacouldplatform
    url: https://tanhuacouldplatform.oss-cn-beijing.aliyuncs.com/
  aip:
    appId: 23708310
    apiKey: XiqaqHmB0wkLbgvPSjwSPM3O
    secretKey: qh6pguqsxfLo1G8GcKEorz2E5xp1ctRi
  huanxin:
    appkey: 1141210308180326#tanhua
    clientId: YXA6jmV_s7jCQ3y8Tw17A8PH5A
    clientSecret: YXA6HK0HxA6r3k9Ma8wX-cA-kuFh1-M

fdfs:
  so-timeout: 1500
  connect-timeout: 600
  #缩略图生成参数
  thumb-image:
    width: 150
    height: 150
  #TrackerList参数,支持多个
  tracker-list: 192.168.136.160:22122
  web-server-url: http://192.168.136.160:8888/
Spring:
  servlet:
    multipart:
      max-file-size: 30MB
      max-request-size: 30MB

org.yaml.snakeyaml.error.YAMLException: java.nio.charset.MalformedInputException: Input length = 1
	at org.yaml.snakeyaml.reader.StreamReader.update(StreamReader.java:218) ~[snakeyaml-1.26.jar:na]
	at org.yaml.snakeyaml.reader.StreamReader.ensureEnoughData(StreamReader.java:176) ~[snakeyaml-1.26.jar:na]
	at org.yaml.snakeyaml.reader.StreamReader.ensureEnoughData(StreamReader.java:171) ~[snakeyaml-1.26.jar:na]
	at org.yaml.snakeyaml.reader.StreamReader.peek(StreamReader.java:126) ~[snakeyaml-1.26.jar:na]
	at org.yaml.snakeyaml.scanner.ScannerImpl.scanToNextToken(ScannerImpl.java:1177) ~[snakeyaml-1.26.jar:na]
	at org.yaml.snakeyaml.scanner.ScannerImpl.fetchMoreTokens(ScannerImpl.java:287) ~[snakeyaml-1.26.jar:na]
	at org.yaml.snakeyaml.scanner.ScannerImpl.checkToken(ScannerImpl.java:227) ~[snakeyaml-1.26.jar:na]
	at org.yaml.snakeyaml.parser.ParserImpl$ParseImplicitDocumentStart.produce(ParserImpl.java:195) ~[snakeyaml-1.26.jar:na]
	at org.yaml.snakeyaml.parser.ParserImpl.peekEvent(ParserImpl.java:158) ~[snakeyaml-1.26.jar:na]
	at org.yaml.snakeyaml.parser.ParserImpl.checkEvent(ParserImpl.java:148) ~[snakeyaml-1.26.jar:na]
	at org.yaml.snakeyaml.composer.Composer.checkNode(Composer.java:82) ~[snakeyaml-1.26.jar:na]
	at org.yaml.snakeyaml.constructor.BaseConstructor.checkData(BaseConstructor.java:123) ~[snakeyaml-1.26.jar:na]
	at org.yaml.snakeyaml.Yaml$1.hasNext(Yaml.java:489) ~[snakeyaml-1.26.jar:na]
	at org.springframework.beans.factory.config.YamlProcessor.process(YamlProcessor.java:200) ~[spring-beans-5.2.13.RELEASE.jar:5.2.13.RELEASE]
	at org.springframework.beans.factory.config.YamlProcessor.process(YamlProcessor.java:164) ~[spring-beans-5.2.13.RELEASE.jar:5.2.13.RELEASE]
	at org.springframework.boot.env.OriginTrackedYamlLoader.load(OriginTrackedYamlLoader.java:82) ~[spring-boot-2.3.9.RELEASE.jar:2.3.9.RELEASE]
	at org.springframework.boot.env.YamlPropertySourceLoader.load(YamlPropertySourceLoader.java:50) ~[spring-boot-2.3.9.RELEASE.jar:2.3.9.RELEASE]
	at com.alibaba.cloud.nacos.parser.NacosDataParserHandler.parseNacosData(NacosDataParserHandler.java:92) ~[spring-cloud-starter-alibaba-nacos-config-2.2.5.RELEASE.jar:2.2.5.RELEASE]
	at com.alibaba.cloud.nacos.client.NacosPropertySourceBuilder.loadNacosData(NacosPropertySourceBuilder.java:97) [spring-cloud-starter-alibaba-nacos-config-2.2.5.RELEASE.jar:2.2.5.RELEASE]
	at com.alibaba.cloud.nacos.client.NacosPropertySourceBuilder.build(NacosPropertySourceBuilder.java:73) [spring-cloud-starter-alibaba-nacos-config-2.2.5.RELEASE.jar:2.2.5.RELEASE]
	at com.alibaba.cloud.nacos.client.NacosPropertySourceLocator.loadNacosPropertySource(NacosPropertySourceLocator.java:199) [spring-cloud-starter-alibaba-nacos-config-2.2.5.RELEASE.jar:2.2.5.RELEASE]
	at com.alibaba.cloud.nacos.client.NacosPropertySourceLocator.loadNacosDataIfPresent(NacosPropertySourceLocator.java:186) [spring-cloud-starter-alibaba-nacos-config-2.2.5.RELEASE.jar:2.2.5.RELEASE]
	at com.alibaba.cloud.nacos.client.NacosPropertySourceLocator.loadApplicationConfiguration(NacosPropertySourceLocator.java:149) [spring-cloud-starter-alibaba-nacos-config-2.2.5.RELEASE.jar:2.2.5.RELEASE]
	at com.alibaba.cloud.nacos.client.NacosPropertySourceLocator.locate(NacosPropertySourceLocator.java:103) [spring-cloud-starter-alibaba-nacos-config-2.2.5.RELEASE.jar:2.2.5.RELEASE]
	at org.springframework.cloud.bootstrap.config.PropertySourceLocator.locateCollection(PropertySourceLocator.java:52) [spring-cloud-context-2.2.7.RELEASE.jar:2.2.7.RELEASE]
	at org.springframework.cloud.bootstrap.config.PropertySourceLocator.locateCollection(PropertySourceLocator.java:47) [spring-cloud-context-2.2.7.RELEASE.jar:2.2.7.RELEASE]
	at org.springframework.cloud.bootstrap.config.PropertySourceBootstrapConfiguration.initialize(PropertySourceBootstrapConfiguration.java:98) [spring-cloud-context-2.2.7.RELEASE.jar:2.2.7.RELEASE]
	at org.springframework.boot.SpringApplication.applyInitializers(SpringApplication.java:626) [spring-boot-2.3.9.RELEASE.jar:2.3.9.RELEASE]
	at org.springframework.boot.SpringApplication.prepareContext(SpringApplication.java:370) [spring-boot-2.3.9.RELEASE.jar:2.3.9.RELEASE]
	at org.springframework.boot.SpringApplication.run(SpringApplication.java:314) [spring-boot-2.3.9.RELEASE.jar:2.3.9.RELEASE]
	at org.springframework.boot.test.context.SpringBootContextLoader.loadContext(SpringBootContextLoader.java:120) [spring-boot-test-2.3.9.RELEASE.jar:2.3.9.RELEASE]
	at org.springframework.test.context.cache.DefaultCacheAwareContextLoaderDelegate.loadContextInternal(DefaultCacheAwareContextLoaderDelegate.java:99) [spring-test-5.2.13.RELEASE.jar:5.2.13.RELEASE]
	at org.springframework.test.context.cache.DefaultCacheAwareContextLoaderDelegate.loadContext(DefaultCacheAwareContextLoaderDelegate.java:124) [spring-test-5.2.13.RELEASE.jar:5.2.13.RELEASE]
	at org.springframework.test.context.support.DefaultTestContext.getApplicationContext(DefaultTestContext.java:123) [spring-test-5.2.13.RELEASE.jar:5.2.13.RELEASE]
	at org.springframework.test.context.web.ServletTestExecutionListener.setUpRequestContextIfNecessary(ServletTestExecutionListener.java:190) [spring-test-5.2.13.RELEASE.jar:5.2.13.RELEASE]
	at org.springframework.test.context.web.ServletTestExecutionListener.prepareTestInstance(ServletTestExecutionListener.java:132) [spring-test-5.2.13.RELEASE.jar:5.2.13.RELEASE]
	at org.springframework.test.context.TestContextManager.prepareTestInstance(TestContextManager.java:244) [spring-test-5.2.13.RELEASE.jar:5.2.13.RELEASE]
	at org.springframework.test.context.junit4.SpringJUnit4ClassRunner.createTest(SpringJUnit4ClassRunner.java:227) [spring-test-5.2.13.RELEASE.jar:5.2.13.RELEASE]
	at org.springframework.test.context.junit4.SpringJUnit4ClassRunner$1.runReflectiveCall(SpringJUnit4ClassRunner.java:289) [spring-test-5.2.13.RELEASE.jar:5.2.13.RELEASE]
	at org.junit.internal.runners.model.ReflectiveCallable.run(ReflectiveCallable.java:12) [junit-4.12.jar:4.12]
	at org.springframework.test.context.junit4.SpringJUnit4ClassRunner.methodBlock(SpringJUnit4ClassRunner.java:291) [spring-test-5.2.13.RELEASE.jar:5.2.13.RELEASE]
	at org.springframework.test.context.junit4.SpringJUnit4ClassRunner.runChild(SpringJUnit4ClassRunner.java:246) [spring-test-5.2.13.RELEASE.jar:5.2.13.RELEASE]
	at org.springframework.test.context.junit4.SpringJUnit4ClassRunner.runChild(SpringJUnit4ClassRunner.java:97) [spring-test-5.2.13.RELEASE.jar:5.2.13.RELEASE]
	at org.junit.runners.ParentRunner$3.run(ParentRunner.java:290) [junit-4.12.jar:4.12]
	at org.junit.runners.ParentRunner$1.schedule(ParentRunner.java:71) [junit-4.12.jar:4.12]
	at org.junit.runners.ParentRunner.runChildren(ParentRunner.java:288) [junit-4.12.jar:4.12]
	at org.junit.runners.ParentRunner.access$000(ParentRunner.java:58) [junit-4.12.jar:4.12]
	at org.junit.runners.ParentRunner$2.evaluate(ParentRunner.java:268) [junit-4.12.jar:4.12]
	at org.springframework.test.context.junit4.statements.RunBeforeTestClassCallbacks.evaluate(RunBeforeTestClassCallbacks.java:61) [spring-test-5.2.13.RELEASE.jar:5.2.13.RELEASE]
	at org.springframework.test.context.junit4.statements.RunAfterTestClassCallbacks.evaluate(RunAfterTestClassCallbacks.java:70) [spring-test-5.2.13.RELEASE.jar:5.2.13.RELEASE]
	at org.junit.runners.ParentRunner.run(ParentRunner.java:363) [junit-4.12.jar:4.12]
	at org.springframework.test.context.junit4.SpringJUnit4ClassRunner.run(SpringJUnit4ClassRunner.java:190) [spring-test-5.2.13.RELEASE.jar:5.2.13.RELEASE]
	at org.junit.runner.JUnitCore.run(JUnitCore.java:137) [junit-4.12.jar:4.12]
	at org.junit.runner.JUnitCore.run(JUnitCore.java:115) [junit-4.12.jar:4.12]
	at org.junit.vintage.engine.execution.RunnerExecutor.execute(RunnerExecutor.java:43) [junit-vintage-engine-5.6.3.jar:5.6.3]
	at java.util.stream.ForEachOps$ForEachOp$OfRef.accept(ForEachOps.java:184) ~[na:1.8.0_171]
	at java.util.stream.ReferencePipeline$3$1.accept(ReferencePipeline.java:193) ~[na:1.8.0_171]
	at java.util.Iterator.forEachRemaining(Iterator.java:116) ~[na:1.8.0_171]
	at java.util.Spliterators$IteratorSpliterator.forEachRemaining(Spliterators.java:1801) ~[na:1.8.0_171]
	at java.util.stream.AbstractPipeline.copyInto(AbstractPipeline.java:481) ~[na:1.8.0_171]
	at java.util.stream.AbstractPipeline.wrapAndCopyInto(AbstractPipeline.java:471) ~[na:1.8.0_171]
	at java.util.stream.ForEachOps$ForEachOp.evaluateSequential(ForEachOps.java:151) ~[na:1.8.0_171]
	at java.util.stream.ForEachOps$ForEachOp$OfRef.evaluateSequential(ForEachOps.java:174) ~[na:1.8.0_171]
	at java.util.stream.AbstractPipeline.evaluate(AbstractPipeline.java:234) ~[na:1.8.0_171]
	at java.util.stream.ReferencePipeline.forEach(ReferencePipeline.java:418) ~[na:1.8.0_171]
	at org.junit.vintage.engine.VintageTestEngine.executeAllChildren(VintageTestEngine.java:82) ~[junit-vintage-engine-5.6.3.jar:5.6.3]
	at org.junit.vintage.engine.VintageTestEngine.execute(VintageTestEngine.java:73) ~[junit-vintage-engine-5.6.3.jar:5.6.3]
	at org.junit.platform.launcher.core.DefaultLauncher.execute(DefaultLauncher.java:220) ~[junit-platform-launcher-1.3.1.jar:1.3.1]
	at org.junit.platform.launcher.core.DefaultLauncher.lambda$execute$6(DefaultLauncher.java:188) ~[junit-platform-launcher-1.3.1.jar:1.3.1]
	at org.junit.platform.launcher.core.DefaultLauncher.withInterceptedStreams(DefaultLauncher.java:202) ~[junit-platform-launcher-1.3.1.jar:1.3.1]
	at org.junit.platform.launcher.core.DefaultLauncher.execute(DefaultLauncher.java:181) ~[junit-platform-launcher-1.3.1.jar:1.3.1]
	at org.junit.platform.launcher.core.DefaultLauncher.execute(DefaultLauncher.java:128) ~[junit-platform-launcher-1.3.1.jar:1.3.1]
	at org.apache.maven.surefire.junitplatform.JUnitPlatformProvider.invokeAllTests(JUnitPlatformProvider.java:150) ~[surefire-junit-platform-2.22.2.jar:2.22.2]
	at org.apache.maven.surefire.junitplatform.JUnitPlatformProvider.invoke(JUnitPlatformProvider.java:124) ~[surefire-junit-platform-2.22.2.jar:2.22.2]
	at org.apache.maven.surefire.booter.ForkedBooter.invokeProviderInSameClassLoader(ForkedBooter.java:384) ~[surefire-booter-2.22.2.jar:2.22.2]
	at org.apache.maven.surefire.booter.ForkedBooter.runSuitesInProcess(ForkedBooter.java:345) ~[surefire-booter-2.22.2.jar:2.22.2]
	at org.apache.maven.surefire.booter.ForkedBooter.execute(ForkedBooter.java:126) ~[surefire-booter-2.22.2.jar:2.22.2]
	at org.apache.maven.surefire.booter.ForkedBooter.main(ForkedBooter.java:418) ~[surefire-booter-2.22.2.jar:2.22.2]
Caused by: java.nio.charset.MalformedInputException: Input length = 1
	at java.nio.charset.CoderResult.throwException(CoderResult.java:281) ~[na:1.8.0_171]
	at sun.nio.cs.StreamDecoder.implRead(StreamDecoder.java:339) ~[na:1.8.0_171]
	at sun.nio.cs.StreamDecoder.read(StreamDecoder.java:178) ~[na:1.8.0_171]
	at java.io.InputStreamReader.read(InputStreamReader.java:184) ~[na:1.8.0_171]
	at org.yaml.snakeyaml.reader.UnicodeReader.read(UnicodeReader.java:125) ~[snakeyaml-1.26.jar:na]
	at org.yaml.snakeyaml.reader.StreamReader.update(StreamReader.java:183) ~[snakeyaml-1.26.jar:na]
	... 77 common frames omitted

2022-07-20 18:31:00.275  INFO 16092 --- [           main] b.c.PropertySourceBootstrapConfiguration : Located property source: [BootstrapPropertySource {name='bootstrapProperties-tanhua-app-server-prod.yml,DEFAULT_GROUP'}, BootstrapPropertySource {name='bootstrapProperties-tanhua-app-server.yml,DEFAULT_GROUP'}, BootstrapPropertySource {name='bootstrapProperties-tanhua-app-server,DEFAULT_GROUP'}]
2022-07-20 18:31:00.283  WARN 16092 --- [           main] ory$DuplicateJsonObjectContextCustomizer : 

Found multiple occurrences of org.json.JSONObject on the class path:

	jar:file:/E:/develop/apache-maven-3.6.3/repository/org/json/json/20160810/json-20160810.jar!/org/json/JSONObject.class
	jar:file:/E:/develop/apache-maven-3.6.3/repository/com/vaadin/external/google/android-json/0.0.20131108.vaadin1/android-json-0.0.20131108.vaadin1.jar!/org/json/JSONObject.class

You may wish to exclude one of them to ensure predictable runtime behavior

2022-07-20 18:31:00.291  INFO 16092 --- [           main] com.itheima.test.BlackListApiTest        : The following profiles are active: prod
2022-07-20 18:31:00.955  INFO 16092 --- [           main] com.alibaba.spring.util.BeanRegistrar    : The Infrastructure bean definition [Root bean: class [org.apache.dubbo.config.spring.beans.factory.annotation.ReferenceAnnotationBeanPostProcessor]; scope=; abstract=false; lazyInit=null; autowireMode=0; dependencyCheck=0; autowireCandidate=true; primary=false; factoryBeanName=null; factoryMethodName=null; initMethodName=null; destroyMethodName=nullwith name [referenceAnnotationBeanPostProcessor] has been registered.
2022-07-20 18:31:00.955  INFO 16092 --- [           main] com.alibaba.spring.util.BeanRegistrar    : The Infrastructure bean definition [Root bean: class [org.apache.dubbo.config.spring.beans.factory.annotation.DubboConfigAliasPostProcessor]; scope=; abstract=false; lazyInit=null; autowireMode=0; dependencyCheck=0; autowireCandidate=true; primary=false; factoryBeanName=null; factoryMethodName=null; initMethodName=null; destroyMethodName=nullwith name [dubboConfigAliasPostProcessor] has been registered.
2022-07-20 18:31:00.956  INFO 16092 --- [           main] com.alibaba.spring.util.BeanRegistrar    : The Infrastructure bean definition [Root bean: class [org.apache.dubbo.config.spring.context.DubboLifecycleComponentApplicationListener]; scope=; abstract=false; lazyInit=null; autowireMode=0; dependencyCheck=0; autowireCandidate=true; primary=false; factoryBeanName=null; factoryMethodName=null; initMethodName=null; destroyMethodName=nullwith name [dubboLifecycleComponentApplicationListener] has been registered.
2022-07-20 18:31:00.956  INFO 16092 --- [           main] com.alibaba.spring.util.BeanRegistrar    : The Infrastructure bean definition [Root bean: class [org.apache.dubbo.config.spring.context.DubboBootstrapApplicationListener]; scope=; abstract=false; lazyInit=null; autowireMode=0; dependencyCheck=0; autowireCandidate=true; primary=false; factoryBeanName=null; factoryMethodName=null; initMethodName=null; destroyMethodName=nullwith name [dubboBootstrapApplicationListener] has been registered.
2022-07-20 18:31:00.957  INFO 16092 --- [           main] com.alibaba.spring.util.BeanRegistrar    : The Infrastructure bean definition [Root bean: class [org.apache.dubbo.config.spring.beans.factory.config.DubboConfigDefaultPropertyValueBeanPostProcessor]; scope=; abstract=false; lazyInit=null; autowireMode=0; dependencyCheck=0; autowireCandidate=true; primary=false; factoryBeanName=null; factoryMethodName=null; initMethodName=null; destroyMethodName=nullwith name [dubboConfigDefaultPropertyValueBeanPostProcessor] has been registered.
2022-07-20 18:31:01.019  INFO 16092 --- [           main] .s.d.r.c.RepositoryConfigurationDelegate : Multiple Spring Data modules found, entering strict repository configuration mode!
2022-07-20 18:31:01.020  INFO 16092 --- [           main] .s.d.r.c.RepositoryConfigurationDelegate : Bootstrapping Spring Data MongoDB repositories in DEFAULT mode.
2022-07-20 18:31:01.034  INFO 16092 --- [           main] .s.d.r.c.RepositoryConfigurationDelegate : Finished Spring Data repository scanning in 11ms. Found 0 MongoDB repository interfaces.
2022-07-20 18:31:01.051  INFO 16092 --- [           main] .s.d.r.c.RepositoryConfigurationDelegate : Multiple Spring Data modules found, entering strict repository configuration mode!
2022-07-20 18:31:01.052  INFO 16092 --- [           main] .s.d.r.c.RepositoryConfigurationDelegate : Bootstrapping Spring Data Redis repositories in DEFAULT mode.
2022-07-20 18:31:01.068  INFO 16092 --- [           main] .s.d.r.c.RepositoryConfigurationDelegate : Finished Spring Data repository scanning in 5ms. Found 0 Redis repository interfaces.
2022-07-20 18:31:01.182  INFO 16092 --- [           main] .b.f.a.ConfigurationBeanBindingRegistrar : The configuration bean definition [name : org.apache.dubbo.config.ApplicationConfig#0, content : Root bean: class [org.apache.dubbo.config.ApplicationConfig]; scope=; abstract=false; lazyInit=null; autowireMode=0; dependencyCheck=0; autowireCandidate=true; primary=false; factoryBeanName=null; factoryMethodName=null; initMethodName=null; destroyMethodName=null] has been registered.
2022-07-20 18:31:01.182  INFO 16092 --- [           main] com.alibaba.spring.util.BeanRegistrar    : The Infrastructure bean definition [Root bean: class [com.alibaba.spring.beans.factory.annotation.ConfigurationBeanBindingPostProcessor]; scope=; abstract=false; lazyInit=null; autowireMode=0; dependencyCheck=0; autowireCandidate=true; primary=false; factoryBeanName=null; factoryMethodName=null; initMethodName=null; destroyMethodName=nullwith name [configurationBeanBindingPostProcessor] has been registered.
2022-07-20 18:31:01.245  INFO 16092 --- [           main] o.s.c.a.ConfigurationClassPostProcessor  : Cannot enhance @Configuration bean definition 'org.apache.dubbo.spring.boot.autoconfigure.DubboAutoConfiguration' since its singleton instance has been created too early. The typical cause is a non-static @Bean method with a BeanDefinitionRegistryPostProcessor return type: Consider declaring such methods as 'static'.
2022-07-20 18:31:01.322  INFO 16092 --- [           main] o.s.cloud.context.scope.GenericScope     : BeanFactory id=06ec3bd0-171d-3232-9265-793b4ec503d4
2022-07-20 18:31:01.616  INFO 16092 --- [           main] trationDelegate$BeanPostProcessorChecker : Bean 'com.alibaba.cloud.dubbo.autoconfigure.DubboOpenFeignAutoConfiguration' of type [com.alibaba.cloud.dubbo.autoconfigure.DubboOpenFeignAutoConfiguration] is not eligible for getting processed by all BeanPostProcessors (for example: not eligible for auto-proxying)
2022-07-20 18:31:01.634  INFO 16092 --- [           main] trationDelegate$BeanPostProcessorChecker : Bean 'dubbo.cloud-com.alibaba.cloud.dubbo.env.DubboCloudProperties' of type [com.alibaba.cloud.dubbo.env.DubboCloudProperties] is not eligible for getting processed by all BeanPostProcessors (for example: not eligible for auto-proxying)
2022-07-20 18:31:01.637  INFO 16092 --- [           main] trationDelegate$BeanPostProcessorChecker : Bean 'com.alibaba.cloud.dubbo.autoconfigure.DubboServiceAutoConfiguration' of type [com.alibaba.cloud.dubbo.autoconfigure.DubboServiceAutoConfiguration] is not eligible for getting processed by all BeanPostProcessors (for example: not eligible for auto-proxying)
2022-07-20 18:31:01.643  INFO 16092 --- [           main] trationDelegate$BeanPostProcessorChecker : Bean 'dubboGenericServiceFactory' of type [com.alibaba.cloud.dubbo.service.DubboGenericServiceFactory] is not eligible for getting processed by all BeanPostProcessors (for example: not eligible for auto-proxying)
2022-07-20 18:31:01.649  INFO 16092 --- [           main] trationDelegate$BeanPostProcessorChecker : Bean 'com.alibaba.cloud.dubbo.util.JSONUtils' of type [com.alibaba.cloud.dubbo.util.JSONUtils] is not eligible for getting processed by all BeanPostProcessors (for example: not eligible for auto-proxying)
2022-07-20 18:31:01.652  INFO 16092 --- [           main] trationDelegate$BeanPostProcessorChecker : Bean 'com.alibaba.cloud.dubbo.util.DubboMetadataUtils' of type [com.alibaba.cloud.dubbo.util.DubboMetadataUtils] is not eligible for getting processed by all BeanPostProcessors (for example: not eligible for auto-proxying)
2022-07-20 18:31:01.665  INFO 16092 --- [           main] trationDelegate$BeanPostProcessorChecker : Bean 'metadataJsonResolver' of type [com.alibaba.cloud.dubbo.metadata.resolver.DubboServiceBeanMetadataResolver] is not eligible for getting processed by all BeanPostProcessors (for example: not eligible for auto-proxying)
2022-07-20 18:31:01.683  INFO 16092 --- [           main] trationDelegate$BeanPostProcessorChecker : Bean 'org.apache.dubbo.spring.boot.autoconfigure.DubboRelaxedBinding2AutoConfiguration' of type [org.apache.dubbo.spring.boot.autoconfigure.DubboRelaxedBinding2AutoConfiguration$$EnhancerBySpringCGLIB$$f016a5be] is not eligible for getting processed by all BeanPostProcessors (for example: not eligible for auto-proxying)
2022-07-20 18:31:01.691  INFO 16092 --- [           main] trationDelegate$BeanPostProcessorChecker : Bean 'relaxedDubboConfigBinder' of type [org.apache.dubbo.spring.boot.autoconfigure.BinderDubboConfigBinder] is not eligible for getting processed by all BeanPostProcessors (for example: not eligible for auto-proxying)
2022-07-20 18:31:01.696  INFO 16092 --- [           main] .a.ConfigurationBeanBindingPostProcessor : The configuration bean [<dubbo:application name="tanhua-app-server" hostname="Coder" qosEnable="false" />] have been binding by the configuration properties [{name=tanhua-app-server, qos-enable=false}]
2022-07-20 18:31:01.697  INFO 16092 --- [           main] trationDelegate$BeanPostProcessorChecker : Bean 'org.apache.dubbo.config.ApplicationConfig#0' of type [org.apache.dubbo.config.ApplicationConfig] is not eligible for getting processed by all BeanPostProcessors (for example: not eligible for auto-proxying)
2022-07-20 18:31:01.703  INFO 16092 --- [           main] trationDelegate$BeanPostProcessorChecker : Bean 'dubboProtocolConfigSupplier' of type [com.alibaba.cloud.dubbo.metadata.DubboProtocolConfigSupplier] is not eligible for getting processed by all BeanPostProcessors (for example: not eligible for auto-proxying)
2022-07-20 18:31:01.706  INFO 16092 --- [           main] trationDelegate$BeanPostProcessorChecker : Bean 'com.alibaba.cloud.dubbo.service.DubboMetadataServiceExporter' of type [com.alibaba.cloud.dubbo.service.DubboMetadataServiceExporter] is not eligible for getting processed by all BeanPostProcessors (for example: not eligible for auto-proxying)
2022-07-20 18:31:01.707  INFO 16092 --- [           main] trationDelegate$BeanPostProcessorChecker : Bean 'com.alibaba.cloud.dubbo.autoconfigure.DubboMetadataAutoConfiguration' of type [com.alibaba.cloud.dubbo.autoconfigure.DubboMetadataAutoConfiguration] is not eligible for getting processed by all BeanPostProcessors (for example: not eligible for auto-proxying)
2022-07-20 18:31:01.710  INFO 16092 --- [           main] trationDelegate$BeanPostProcessorChecker : Bean 'metadataServiceInstanceSelector' of type [com.alibaba.cloud.dubbo.metadata.repository.RandomServiceInstanceSelector] is not eligible for getting processed by all BeanPostProcessors (for example: not eligible for auto-proxying)
2022-07-20 18:31:01.715  INFO 16092 --- [           main] trationDelegate$BeanPostProcessorChecker : Bean 'org.springframework.cloud.client.discovery.composite.CompositeDiscoveryClientAutoConfiguration' of type [org.springframework.cloud.client.discovery.composite.CompositeDiscoveryClientAutoConfiguration] is not eligible for getting processed by all BeanPostProcessors (for example: not eligible for auto-proxying)
2022-07-20 18:31:01.719  INFO 16092 --- [           main] trationDelegate$BeanPostProcessorChecker : Bean 'com.alibaba.cloud.nacos.discovery.NacosDiscoveryClientConfiguration' of type [com.alibaba.cloud.nacos.discovery.NacosDiscoveryClientConfiguration] is not eligible for getting processed by all BeanPostProcessors (for example: not eligible for auto-proxying)
2022-07-20 18:31:01.724  INFO 16092 --- [           main] trationDelegate$BeanPostProcessorChecker : Bean 'com.alibaba.cloud.nacos.discovery.NacosDiscoveryAutoConfiguration' of type [com.alibaba.cloud.nacos.discovery.NacosDiscoveryAutoConfiguration] is not eligible for getting processed by all BeanPostProcessors (for example: not eligible for auto-proxying)
2022-07-20 18:31:01.732  INFO 16092 --- [           main] trationDelegate$BeanPostProcessorChecker : Bean 'org.springframework.cloud.commons.util.UtilAutoConfiguration' of type [org.springframework.cloud.commons.util.UtilAutoConfiguration] is not eligible for getting processed by all BeanPostProcessors (for example: not eligible for auto-proxying)
2022-07-20 18:31:01.739  INFO 16092 --- [           main] trationDelegate$BeanPostProcessorChecker : Bean 'inetUtilsProperties' of type [org.springframework.cloud.commons.util.InetUtilsProperties] is not eligible for getting processed by all BeanPostProcessors (for example: not eligible for auto-proxying)
2022-07-20 18:31:01.741  INFO 16092 --- [           main] trationDelegate$BeanPostProcessorChecker : Bean 'inetUtils' of type [org.springframework.cloud.commons.util.InetUtils] is not eligible for getting processed by all BeanPostProcessors (for example: not eligible for auto-proxying)
2022-07-20 18:31:01.746  INFO 16092 --- [           main] trationDelegate$BeanPostProcessorChecker : Bean 'com.alibaba.cloud.nacos.NacosServiceAutoConfiguration' of type [com.alibaba.cloud.nacos.NacosServiceAutoConfiguration] is not eligible for getting processed by all BeanPostProcessors (for example: not eligible for auto-proxying)
2022-07-20 18:31:01.750  INFO 16092 --- [           main] trationDelegate$BeanPostProcessorChecker : Bean 'nacosServiceManager' of type [com.alibaba.cloud.nacos.NacosServiceManager] is not eligible for getting processed by all BeanPostProcessors (for example: not eligible for auto-proxying)
2022-07-20 18:31:03.305  INFO 16092 --- [           main] o.s.cloud.commons.util.InetUtils         : Cannot determine local hostname
2022-07-20 18:31:03.306  INFO 16092 --- [           main] trationDelegate$BeanPostProcessorChecker : Bean 'nacosProperties' of type [com.alibaba.cloud.nacos.NacosDiscoveryProperties] is not eligible for getting processed by all BeanPostProcessors (for example: not eligible for auto-proxying)
2022-07-20 18:31:03.312  INFO 16092 --- [           main] trationDelegate$BeanPostProcessorChecker : Bean 'nacosServiceDiscovery' of type [com.alibaba.cloud.nacos.discovery.NacosServiceDiscovery] is not eligible for getting processed by all BeanPostProcessors (for example: not eligible for auto-proxying)
2022-07-20 18:31:03.315  INFO 16092 --- [           main] trationDelegate$BeanPostProcessorChecker : Bean 'nacosDiscoveryClient' of type [com.alibaba.cloud.nacos.discovery.NacosDiscoveryClient] is not eligible for getting processed by all BeanPostProcessors (for example: not eligible for auto-proxying)
2022-07-20 18:31:03.329  INFO 16092 --- [           main] trationDelegate$BeanPostProcessorChecker : Bean 'server-org.springframework.boot.autoconfigure.web.ServerProperties' of type [org.springframework.boot.autoconfigure.web.ServerProperties] is not eligible for getting processed by all BeanPostProcessors (for example: not eligible for auto-proxying)
2022-07-20 18:31:03.331  INFO 16092 --- [           main] trationDelegate$BeanPostProcessorChecker : Bean 'org.springframework.cloud.client.discovery.simple.SimpleDiscoveryClientAutoConfiguration' of type [org.springframework.cloud.client.discovery.simple.SimpleDiscoveryClientAutoConfiguration] is not eligible for getting processed by all BeanPostProcessors (for example: not eligible for auto-proxying)
2022-07-20 18:31:04.843  INFO 16092 --- [           main] o.s.cloud.commons.util.InetUtils         : Cannot determine local hostname
2022-07-20 18:31:04.846  INFO 16092 --- [           main] trationDelegate$BeanPostProcessorChecker : Bean 'simpleDiscoveryProperties' of type [org.springframework.cloud.client.discovery.simple.SimpleDiscoveryProperties] is not eligible for getting processed by all BeanPostProcessors (for example: not eligible for auto-proxying)
2022-07-20 18:31:04.849  INFO 16092 --- [           main] trationDelegate$BeanPostProcessorChecker : Bean 'simpleDiscoveryClient' of type [org.springframework.cloud.client.discovery.simple.SimpleDiscoveryClient] is not eligible for getting processed by all BeanPostProcessors (for example: not eligible for auto-proxying)
2022-07-20 18:31:04.853  INFO 16092 --- [           main] trationDelegate$BeanPostProcessorChecker : Bean 'compositeDiscoveryClient' of type [org.springframework.cloud.client.discovery.composite.CompositeDiscoveryClient] is not eligible for getting processed by all BeanPostProcessors (for example: not eligible for auto-proxying)
2022-07-20 18:31:04.855  INFO 16092 --- [           main] trationDelegate$BeanPostProcessorChecker : Bean 'com.alibaba.cloud.dubbo.service.DubboMetadataServiceProxy' of type [com.alibaba.cloud.dubbo.service.DubboMetadataServiceProxy] is not eligible for getting processed by all BeanPostProcessors (for example: not eligible for auto-proxying)
2022-07-20 18:31:04.866  INFO 16092 --- [           main] com.alibaba.nacos.client.naming          : initializer namespace from System Property :null
2022-07-20 18:31:04.867  INFO 16092 --- [           main] com.alibaba.nacos.client.naming          : initializer namespace from System Environment :null
2022-07-20 18:31:04.867  INFO 16092 --- [           main] com.alibaba.nacos.client.naming          : initializer namespace from System Property :null
2022-07-20 18:31:04.930  WARN 16092 --- [           main] a.c.d.m.r.DubboServiceMetadataRepository : Current application will subscribe all services(size:4) in registry, a lot of memory and CPU cycles may be used, thus it's strongly recommend you using the externalized property 'dubbo.cloud.subscribed-services' to specify the services
2022-07-20 18:31:04.931  INFO 16092 --- [           main] trationDelegate$BeanPostProcessorChecker : Bean 'com.alibaba.cloud.dubbo.metadata.repository.DubboServiceMetadataRepository' of type [com.alibaba.cloud.dubbo.metadata.repository.DubboServiceMetadataRepository] is not eligible for getting processed by all BeanPostProcessors (for example: not eligible for auto-proxying)
2022-07-20 18:31:04.967  INFO 16092 --- [           main] trationDelegate$BeanPostProcessorChecker : Bean 'com.alibaba.cloud.dubbo.service.parameter.RequestParamServiceParameterResolver' of type [com.alibaba.cloud.dubbo.service.parameter.RequestParamServiceParameterResolver] is not eligible for getting processed by all BeanPostProcessors (for example: not eligible for auto-proxying)
2022-07-20 18:31:04.980  INFO 16092 --- [           main] trationDelegate$BeanPostProcessorChecker : Bean 'org.springframework.boot.autoconfigure.http.HttpMessageConvertersAutoConfiguration' of type [org.springframework.boot.autoconfigure.http.HttpMessageConvertersAutoConfiguration] is not eligible for getting processed by all BeanPostProcessors (for example: not eligible for auto-proxying)
2022-07-20 18:31:04.988  INFO 16092 --- [           main] trationDelegate$BeanPostProcessorChecker : Bean 'org.springframework.boot.autoconfigure.http.HttpMessageConvertersAutoConfiguration$StringHttpMessageConverterConfiguration' of type [org.springframework.boot.autoconfigure.http.HttpMessageConvertersAutoConfiguration$StringHttpMessageConverterConfiguration] is not eligible for getting processed by all BeanPostProcessors (for example: not eligible for auto-proxying)
2022-07-20 18:31:04.997  INFO 16092 --- [           main] trationDelegate$BeanPostProcessorChecker : Bean 'stringHttpMessageConverter' of type [org.springframework.http.converter.StringHttpMessageConverter] is not eligible for getting processed by all BeanPostProcessors (for example: not eligible for auto-proxying)
2022-07-20 18:31:05.002  INFO 16092 --- [           main] trationDelegate$BeanPostProcessorChecker : Bean 'org.springframework.boot.autoconfigure.http.JacksonHttpMessageConvertersConfiguration$MappingJackson2HttpMessageConverterConfiguration' of type [org.springframework.boot.autoconfigure.http.JacksonHttpMessageConvertersConfiguration$MappingJackson2HttpMessageConverterConfiguration] is not eligible for getting processed by all BeanPostProcessors (for example: not eligible for auto-proxying)
2022-07-20 18:31:05.006  INFO 16092 --- [           main] trationDelegate$BeanPostProcessorChecker : Bean 'org.springframework.boot.autoconfigure.jackson.JacksonAutoConfiguration$JacksonObjectMapperConfiguration' of type [org.springframework.boot.autoconfigure.jackson.JacksonAutoConfiguration$JacksonObjectMapperConfiguration] is not eligible for getting processed by all BeanPostProcessors (for example: not eligible for auto-proxying)
2022-07-20 18:31:05.011  INFO 16092 --- [           main] trationDelegate$BeanPostProcessorChecker : Bean 'org.springframework.boot.autoconfigure.jackson.JacksonAutoConfiguration$JacksonObjectMapperBuilderConfiguration' of type [org.springframework.boot.autoconfigure.jackson.JacksonAutoConfiguration$JacksonObjectMapperBuilderConfiguration] is not eligible for getting processed by all BeanPostProcessors (for example: not eligible for auto-proxying)
2022-07-20 18:31:05.014  INFO 16092 --- [           main] trationDelegate$BeanPostProcessorChecker : Bean 'org.springframework.boot.autoconfigure.jackson.JacksonAutoConfiguration$Jackson2ObjectMapperBuilderCustomizerConfiguration' of type [org.springframework.boot.autoconfigure.jackson.JacksonAutoConfiguration$Jackson2ObjectMapperBuilderCustomizerConfiguration] is not eligible for getting processed by all BeanPostProcessors (for example: not eligible for auto-proxying)
2022-07-20 18:31:05.022  INFO 16092 --- [           main] trationDelegate$BeanPostProcessorChecker : Bean 'spring.jackson-org.springframework.boot.autoconfigure.jackson.JacksonProperties' of type [org.springframework.boot.autoconfigure.jackson.JacksonProperties] is not eligible for getting processed by all BeanPostProcessors (for example: not eligible for auto-proxying)
2022-07-20 18:31:05.026  INFO 16092 --- [           main] trationDelegate$BeanPostProcessorChecker : Bean 'standardJacksonObjectMapperBuilderCustomizer' of type [org.springframework.boot.autoconfigure.jackson.JacksonAutoConfiguration$Jackson2ObjectMapperBuilderCustomizerConfiguration$StandardJackson2ObjectMapperBuilderCustomizer] is not eligible for getting processed by all BeanPostProcessors (for example: not eligible for auto-proxying)
2022-07-20 18:31:05.030  INFO 16092 --- [           main] trationDelegate$BeanPostProcessorChecker : Bean 'org.springframework.boot.autoconfigure.jackson.JacksonAutoConfiguration$ParameterNamesModuleConfiguration' of type [org.springframework.boot.autoconfigure.jackson.JacksonAutoConfiguration$ParameterNamesModuleConfiguration] is not eligible for getting processed by all BeanPostProcessors (for example: not eligible for auto-proxying)
2022-07-20 18:31:05.042  INFO 16092 --- [           main] trationDelegate$BeanPostProcessorChecker : Bean 'parameterNamesModule' of type [com.fasterxml.jackson.module.paramnames.ParameterNamesModule] is not eligible for getting processed by all BeanPostProcessors (for example: not eligible for auto-proxying)
2022-07-20 18:31:05.046  INFO 16092 --- [           main] trationDelegate$BeanPostProcessorChecker : Bean 'org.springframework.boot.autoconfigure.jackson.JacksonAutoConfiguration' of type [org.springframework.boot.autoconfigure.jackson.JacksonAutoConfiguration] is not eligible for getting processed by all BeanPostProcessors (for example: not eligible for auto-proxying)
2022-07-20 18:31:05.055  INFO 16092 --- [           main] trationDelegate$BeanPostProcessorChecker : Bean 'jsonComponentModule' of type [org.springframework.boot.jackson.JsonComponentModule] is not eligible for getting processed by all BeanPostProcessors (for example: not eligible for auto-proxying)
2022-07-20 18:31:05.059  INFO 16092 --- [           main] trationDelegate$BeanPostProcessorChecker : Bean 'org.springframework.data.web.config.SpringDataJacksonConfiguration' of type [org.springframework.data.web.config.SpringDataJacksonConfiguration] is not eligible for getting processed by all BeanPostProcessors (for example: not eligible for auto-proxying)
2022-07-20 18:31:05.065  INFO 16092 --- [           main] trationDelegate$BeanPostProcessorChecker : Bean 'jacksonGeoModule' of type [org.springframework.data.geo.GeoModule] is not eligible for getting processed by all BeanPostProcessors (for example: not eligible for auto-proxying)
2022-07-20 18:31:05.068  INFO 16092 --- [           main] trationDelegate$BeanPostProcessorChecker : Bean 'org.springframework.data.mongodb.config.GeoJsonConfiguration' of type [org.springframework.data.mongodb.config.GeoJsonConfiguration] is not eligible for getting processed by all BeanPostProcessors (for example: not eligible for auto-proxying)
2022-07-20 18:31:05.074  INFO 16092 --- [           main] trationDelegate$BeanPostProcessorChecker : Bean 'geoJsonModule' of type [org.springframework.data.mongodb.core.geo.GeoJsonModule] is not eligible for getting processed by all BeanPostProcessors (for example: not eligible for auto-proxying)
2022-07-20 18:31:05.081  INFO 16092 --- [           main] trationDelegate$BeanPostProcessorChecker : Bean 'jacksonObjectMapperBuilder' of type [org.springframework.http.converter.json.Jackson2ObjectMapperBuilder] is not eligible for getting processed by all BeanPostProcessors (for example: not eligible for auto-proxying)
2022-07-20 18:31:05.101  INFO 16092 --- [           main] trationDelegate$BeanPostProcessorChecker : Bean 'jacksonObjectMapper' of type [com.fasterxml.jackson.databind.ObjectMapper] is not eligible for getting processed by all BeanPostProcessors (for example: not eligible for auto-proxying)
2022-07-20 18:31:05.113  INFO 16092 --- [           main] trationDelegate$BeanPostProcessorChecker : Bean 'mappingJackson2HttpMessageConverter' of type [org.springframework.http.converter.json.MappingJackson2HttpMessageConverter] is not eligible for getting processed by all BeanPostProcessors (for example: not eligible for auto-proxying)
2022-07-20 18:31:05.122  INFO 16092 --- [           main] trationDelegate$BeanPostProcessorChecker : Bean 'messageConverters' of type [org.springframework.boot.autoconfigure.http.HttpMessageConverters] is not eligible for getting processed by all BeanPostProcessors (for example: not eligible for auto-proxying)
2022-07-20 18:31:05.127  INFO 16092 --- [           main] trationDelegate$BeanPostProcessorChecker : Bean 'com.alibaba.cloud.dubbo.service.parameter.RequestBodyServiceParameterResolver' of type [com.alibaba.cloud.dubbo.service.parameter.RequestBodyServiceParameterResolver] is not eligible for getting processed by all BeanPostProcessors (for example: not eligible for auto-proxying)
2022-07-20 18:31:05.134  INFO 16092 --- [           main] trationDelegate$BeanPostProcessorChecker : Bean 'com.alibaba.cloud.dubbo.service.parameter.RequestHeaderServiceParameterResolver' of type [com.alibaba.cloud.dubbo.service.parameter.RequestHeaderServiceParameterResolver] is not eligible for getting processed by all BeanPostProcessors (for example: not eligible for auto-proxying)
2022-07-20 18:31:05.141  INFO 16092 --- [           main] trationDelegate$BeanPostProcessorChecker : Bean 'com.alibaba.cloud.dubbo.service.parameter.PathVariableServiceParameterResolver' of type [com.alibaba.cloud.dubbo.service.parameter.PathVariableServiceParameterResolver] is not eligible for getting processed by all BeanPostProcessors (for example: not eligible for auto-proxying)
2022-07-20 18:31:05.142  INFO 16092 --- [           main] trationDelegate$BeanPostProcessorChecker : Bean 'com.alibaba.cloud.dubbo.service.DubboGenericServiceExecutionContextFactory' of type [com.alibaba.cloud.dubbo.service.DubboGenericServiceExecutionContextFactory] is not eligible for getting processed by all BeanPostProcessors (for example: not eligible for auto-proxying)
2022-07-20 18:31:06.100  INFO 16092 --- [           main] o.a.d.c.s.b.f.a.ReferenceBeanBuilder     : The configBean[type:ReferenceBean] has been built.
2022-07-20 18:31:06.283  INFO 16092 --- [           main] com.alibaba.nacos.client.naming          : new ips(1) service: DEFAULT_GROUP@@tanhua-dubbo-db -> [{"instanceId":"192.168.192.1#18081#DEFAULT#DEFAULT_GROUP@@tanhua-dubbo-db","ip":"192.168.192.1","port":18081,"weight":1.0,"healthy":true,"enabled":true,"ephemeral":true,"clusterName":"DEFAULT","serviceName":"DEFAULT_GROUP@@tanhua-dubbo-db","metadata":{"dubbo.metadata-service.urls":"[ \"dubbo://192.168.136.1:20881/com.alibaba.cloud.dubbo.service.DubboMetadataService?anyhost=true&application=tanhua-dubbo-db&bind.ip=192.168.136.1&bind.port=20881&deprecated=false&dubbo=2.0.2&dynamic=true&generic=false&group=tanhua-dubbo-db&interface=com.alibaba.cloud.dubbo.service.DubboMetadataService&methods=getAllServiceKeys,getServiceRestMetadata,getExportedURLs,getAllExportedURLs&pid=8996&qos.enable=false&release=2.7.8&revision=2.2.5.RELEASE&side=provider&timestamp=1658312581951&version=1.0.0\" ]","preserved.register.source":"SPRING_CLOUD","dubbo.protocols.dubbo.port":"20881"},"ipDeleteTimeout":30000,"instanceHeartBeatTimeOut":15000,"instanceHeartBeatInterval":5000}]
2022-07-20 18:31:06.287  INFO 16092 --- [           main] com.alibaba.nacos.client.naming          : current ips:(1) service: DEFAULT_GROUP@@tanhua-dubbo-db -> [{"instanceId":"192.168.192.1#18081#DEFAULT#DEFAULT_GROUP@@tanhua-dubbo-db","ip":"192.168.192.1","port":18081,"weight":1.0,"healthy":true,"enabled":true,"ephemeral":true,"clusterName":"DEFAULT","serviceName":"DEFAULT_GROUP@@tanhua-dubbo-db","metadata":{"dubbo.metadata-service.urls":"[ \"dubbo://192.168.136.1:20881/com.alibaba.cloud.dubbo.service.DubboMetadataService?anyhost=true&application=tanhua-dubbo-db&bind.ip=192.168.136.1&bind.port=20881&deprecated=false&dubbo=2.0.2&dynamic=true&generic=false&group=tanhua-dubbo-db&interface=com.alibaba.cloud.dubbo.service.DubboMetadataService&methods=getAllServiceKeys,getServiceRestMetadata,getExportedURLs,getAllExportedURLs&pid=8996&qos.enable=false&release=2.7.8&revision=2.2.5.RELEASE&side=provider&timestamp=1658312581951&version=1.0.0\" ]","preserved.register.source":"SPRING_CLOUD","dubbo.protocols.dubbo.port":"20881"},"ipDeleteTimeout":30000,"instanceHeartBeatTimeOut":15000,"instanceHeartBeatInterval":5000}]
2022-07-20 18:31:06.289  INFO 16092 --- [           main] c.a.c.d.s.DubboMetadataServiceProxy      : The metadata of Dubbo service[name : tanhua-dubbo-db] is about to be initialized
2022-07-20 18:31:06.750  INFO 16092 --- [g.push.receiver] com.alibaba.nacos.client.naming          : received push data: {"type":"dom","data":"{\"name\":\"DEFAULT_GROUP@@tanhua-dubbo-db\",\"clusters\":\"\",\"cacheMillis\":10000,\"hosts\":[{\"instanceId\":\"192.168.192.1#18081#DEFAULT#DEFAULT_GROUP@@tanhua-dubbo-db\",\"ip\":\"192.168.192.1\",\"port\":18081,\"weight\":1.0,\"healthy\":true,\"enabled\":true,\"ephemeral\":true,\"clusterName\":\"DEFAULT\",\"serviceName\":\"DEFAULT_GROUP@@tanhua-dubbo-db\",\"metadata\":{\"dubbo.metadata-service.urls\":\"[ \\\"dubbo://192.168.136.1:20881/com.alibaba.cloud.dubbo.service.DubboMetadataService?anyhost=true&application=tanhua-dubbo-db&bind.ip=192.168.136.1&bind.port=20881&deprecated=false&dubbo=2.0.2&dynamic=true&generic=false&group=tanhua-dubbo-db&interface=com.alibaba.cloud.dubbo.service.DubboMetadataService&methods=getAllServiceKeys,getServiceRestMetadata,getExportedURLs,getAllExportedURLs&pid=8996&qos.enable=false&release=2.7.8&revision=2.2.5.RELEASE&side=provider&timestamp=1658312581951&version=1.0.0\\\" ]\",\"preserved.register.source\":\"SPRING_CLOUD\",\"dubbo.protocols.dubbo.port\":\"20881\"},\"instanceHeartBeatInterval\":5000,\"ipDeleteTimeout\":30000,\"instanceHeartBeatTimeOut\":15000}],\"lastRefTime\":1658313066193,\"checksum\":\"\",\"allIPs\":false,\"reachProtectionThreshold\":false,\"valid\":true}","lastRefTime":611650830009} from /192.168.136.160
2022-07-20 18:31:07.129  INFO 16092 --- [           main] com.alibaba.nacos.client.naming          : new ips(1) service: DEFAULT_GROUP@@tanhua-dubbo-mongo -> [{"instanceId":"192.168.192.1#18082#DEFAULT#DEFAULT_GROUP@@tanhua-dubbo-mongo","ip":"192.168.192.1","port":18082,"weight":1.0,"healthy":true,"enabled":true,"ephemeral":true,"clusterName":"DEFAULT","serviceName":"DEFAULT_GROUP@@tanhua-dubbo-mongo","metadata":{"dubbo.metadata-service.urls":"[ \"dubbo://192.168.136.1:20882/com.alibaba.cloud.dubbo.service.DubboMetadataService?anyhost=true&application=tanhua-dubbo-mongo&bind.ip=192.168.136.1&bind.port=20882&deprecated=false&dubbo=2.0.2&dynamic=true&generic=false&group=tanhua-dubbo-mongo&interface=com.alibaba.cloud.dubbo.service.DubboMetadataService&methods=getAllServiceKeys,getServiceRestMetadata,getExportedURLs,getAllExportedURLs&pid=12100&qos.enable=false&release=2.7.8&revision=2.2.5.RELEASE&side=provider&timestamp=1658312592786&version=1.0.0\" ]","preserved.register.source":"SPRING_CLOUD","dubbo.protocols.dubbo.port":"20882"},"ipDeleteTimeout":30000,"instanceHeartBeatTimeOut":15000,"instanceHeartBeatInterval":5000}]
2022-07-20 18:31:07.131  INFO 16092 --- [           main] com.alibaba.nacos.client.naming          : current ips:(1) service: DEFAULT_GROUP@@tanhua-dubbo-mongo -> [{"instanceId":"192.168.192.1#18082#DEFAULT#DEFAULT_GROUP@@tanhua-dubbo-mongo","ip":"192.168.192.1","port":18082,"weight":1.0,"healthy":true,"enabled":true,"ephemeral":true,"clusterName":"DEFAULT","serviceName":"DEFAULT_GROUP@@tanhua-dubbo-mongo","metadata":{"dubbo.metadata-service.urls":"[ \"dubbo://192.168.136.1:20882/com.alibaba.cloud.dubbo.service.DubboMetadataService?anyhost=true&application=tanhua-dubbo-mongo&bind.ip=192.168.136.1&bind.port=20882&deprecated=false&dubbo=2.0.2&dynamic=true&generic=false&group=tanhua-dubbo-mongo&interface=com.alibaba.cloud.dubbo.service.DubboMetadataService&methods=getAllServiceKeys,getServiceRestMetadata,getExportedURLs,getAllExportedURLs&pid=12100&qos.enable=false&release=2.7.8&revision=2.2.5.RELEASE&side=provider&timestamp=1658312592786&version=1.0.0\" ]","preserved.register.source":"SPRING_CLOUD","dubbo.protocols.dubbo.port":"20882"},"ipDeleteTimeout":30000,"instanceHeartBeatTimeOut":15000,"instanceHeartBeatInterval":5000}]
2022-07-20 18:31:07.131  INFO 16092 --- [           main] c.a.c.d.s.DubboMetadataServiceProxy      : The metadata of Dubbo service[name : tanhua-dubbo-mongo] is about to be initialized
2022-07-20 18:31:07.144  INFO 16092 --- [           main] com.alibaba.nacos.client.naming          : new ips(1) service: DEFAULT_GROUP@@tanhua-gateway -> [{"instanceId":"192.168.192.1#8888#DEFAULT#DEFAULT_GROUP@@tanhua-gateway","ip":"192.168.192.1","port":8888,"weight":1.0,"healthy":true,"enabled":true,"ephemeral":true,"clusterName":"DEFAULT","serviceName":"DEFAULT_GROUP@@tanhua-gateway","metadata":{"preserved.register.source":"SPRING_CLOUD"},"ipDeleteTimeout":30000,"instanceHeartBeatTimeOut":15000,"instanceHeartBeatInterval":5000}]
2022-07-20 18:31:07.145  INFO 16092 --- [           main] com.alibaba.nacos.client.naming          : current ips:(1) service: DEFAULT_GROUP@@tanhua-gateway -> [{"instanceId":"192.168.192.1#8888#DEFAULT#DEFAULT_GROUP@@tanhua-gateway","ip":"192.168.192.1","port":8888,"weight":1.0,"healthy":true,"enabled":true,"ephemeral":true,"clusterName":"DEFAULT","serviceName":"DEFAULT_GROUP@@tanhua-gateway","metadata":{"preserved.register.source":"SPRING_CLOUD"},"ipDeleteTimeout":30000,"instanceHeartBeatTimeOut":15000,"instanceHeartBeatInterval":5000}]
2022-07-20 18:31:07.145  WARN 16092 --- [           main] c.a.c.dubbo.registry.DubboCloudRegistry  : There is no instance from service[name : tanhua-gateway], and then Dubbo Service[key : com.tanhua.dubbo.api.UserLocationApi] will not be available , please make sure the further impact
2022-07-20 18:31:07.160  INFO 16092 --- [           main] o.a.d.c.s.b.f.a.ReferenceBeanBuilder     : The configBean[type:ReferenceBean] has been built.
2022-07-20 18:31:07.172  WARN 16092 --- [           main] c.a.c.dubbo.registry.DubboCloudRegistry  : There is no instance from service[name : tanhua-gateway], and then Dubbo Service[key : com.tanhua.dubbo.api.CommentApi] will not be available , please make sure the further impact
2022-07-20 18:31:07.178  INFO 16092 --- [           main] o.a.d.c.s.b.f.a.ReferenceBeanBuilder     : The configBean[type:ReferenceBean] has been built.
2022-07-20 18:31:07.192  WARN 16092 --- [           main] c.a.c.dubbo.registry.DubboCloudRegistry  : There is no instance from service[name : tanhua-gateway], and then Dubbo Service[key : com.tanhua.dubbo.api.UserInfoApi] will not be available , please make sure the further impact
2022-07-20 18:31:07.494  INFO 16092 --- [           main] o.a.d.c.s.b.f.a.ReferenceBeanBuilder     : The configBean[type:ReferenceBean] has been built.
2022-07-20 18:31:07.506  WARN 16092 --- [           main] c.a.c.dubbo.registry.DubboCloudRegistry  : There is no instance from service[name : tanhua-gateway], and then Dubbo Service[key : com.tanhua.dubbo.api.UserApi] will not be available , please make sure the further impact
2022-07-20 18:31:07.533  WARN 16092 --- [           main] o.s.w.c.s.GenericWebApplicationContext   : Exception encountered during context initialization - cancelling refresh attempt: org.springframework.beans.factory.UnsatisfiedDependencyException: Error creating bean with name 'loginController': Unsatisfied dependency expressed through field 'userService'; nested exception is org.springframework.beans.factory.UnsatisfiedDependencyException: Error creating bean with name 'userService': Unsatisfied dependency expressed through field 'huanXinTemplate'; nested exception is org.springframework.beans.factory.BeanCreationException: Error creating bean with name 'huanXinTemplate' defined in class path resource [com/tanhua/autoconfig/TanhuaAutoConfiguration.class]: Bean instantiation via factory method failed; nested exception is org.springframework.beans.BeanInstantiationException: Failed to instantiate [com.tanhua.autoconfig.template.HuanXinTemplate]: Factory method 'huanXinTemplate' threw exception; nested exception is com.easemob.im.server.exception.EMInvalidArgumentException: appkey must not be null or empty
2022-07-20 18:31:07.668  INFO 16092 --- [g.push.receiver] com.alibaba.nacos.client.naming          : received push data: {"type":"dom","data":"{\"name\":\"DEFAULT_GROUP@@tanhua-gateway\",\"clusters\":\"\",\"cacheMillis\":10000,\"hosts\":[{\"instanceId\":\"192.168.192.1#8888#DEFAULT#DEFAULT_GROUP@@tanhua-gateway\",\"ip\":\"192.168.192.1\",\"port\":8888,\"weight\":1.0,\"healthy\":true,\"enabled\":true,\"ephemeral\":true,\"clusterName\":\"DEFAULT\",\"serviceName\":\"DEFAULT_GROUP@@tanhua-gateway\",\"metadata\":{\"preserved.register.source\":\"SPRING_CLOUD\"},\"instanceHeartBeatInterval\":5000,\"ipDeleteTimeout\":30000,\"instanceHeartBeatTimeOut\":15000}],\"lastRefTime\":1658313067100,\"checksum\":\"\",\"allIPs\":false,\"reachProtectionThreshold\":false,\"valid\":true}","lastRefTime":612557539298} from /192.168.136.160
2022-07-20 18:31:07.669  INFO 16092 --- [g.push.receiver] com.alibaba.nacos.client.naming          : received push data: {"type":"dom","data":"{\"name\":\"DEFAULT_GROUP@@tanhua-dubbo-mongo\",\"clusters\":\"\",\"cacheMillis\":10000,\"hosts\":[{\"instanceId\":\"192.168.192.1#18082#DEFAULT#DEFAULT_GROUP@@tanhua-dubbo-mongo\",\"ip\":\"192.168.192.1\",\"port\":18082,\"weight\":1.0,\"healthy\":true,\"enabled\":true,\"ephemeral\":true,\"clusterName\":\"DEFAULT\",\"serviceName\":\"DEFAULT_GROUP@@tanhua-dubbo-mongo\",\"metadata\":{\"dubbo.metadata-service.urls\":\"[ \\\"dubbo://192.168.136.1:20882/com.alibaba.cloud.dubbo.service.DubboMetadataService?anyhost=true&application=tanhua-dubbo-mongo&bind.ip=192.168.136.1&bind.port=20882&deprecated=false&dubbo=2.0.2&dynamic=true&generic=false&group=tanhua-dubbo-mongo&interface=com.alibaba.cloud.dubbo.service.DubboMetadataService&methods=getAllServiceKeys,getServiceRestMetadata,getExportedURLs,getAllExportedURLs&pid=12100&qos.enable=false&release=2.7.8&revision=2.2.5.RELEASE&side=provider&timestamp=1658312592786&version=1.0.0\\\" ]\",\"preserved.register.source\":\"SPRING_CLOUD\",\"dubbo.protocols.dubbo.port\":\"20882\"},\"instanceHeartBeatInterval\":5000,\"ipDeleteTimeout\":30000,\"instanceHeartBeatTimeOut\":15000}],\"lastRefTime\":1658313067100,\"checksum\":\"\",\"allIPs\":false,\"reachProtectionThreshold\":false,\"valid\":true}","lastRefTime":612557529136} from /192.168.136.160
2022-07-20 18:31:07.670  INFO 16092 --- [           main] c.a.c.d.s.DubboGenericServiceFactory     : The Dubbo GenericService ReferenceBeans are destroying...
2022-07-20 18:31:07.670  INFO 16092 --- [           main] c.a.c.d.s.DubboGenericServiceFactory     : Destroyed the ReferenceBean  : <dubbo:reference /> 
2022-07-20 18:31:07.670  INFO 16092 --- [           main] c.a.c.d.s.DubboGenericServiceFactory     : Destroyed the ReferenceBean  : <dubbo:reference /> 
2022-07-20 18:31:07.671  INFO 16092 --- [           main] f.a.ReferenceAnnotationBeanPostProcessor : org.apache.dubbo.common.bytecode.proxy4@175ac243 was destroying!
2022-07-20 18:31:07.671  INFO 16092 --- [           main] f.a.ReferenceAnnotationBeanPostProcessor : org.apache.dubbo.common.bytecode.proxy4@175ac243 was destroying!
2022-07-20 18:31:07.671  INFO 16092 --- [           main] f.a.ReferenceAnnotationBeanPostProcessor : org.apache.dubbo.common.bytecode.proxy1@51a719e7 was destroying!
2022-07-20 18:31:07.671  INFO 16092 --- [           main] f.a.ReferenceAnnotationBeanPostProcessor : org.apache.dubbo.common.bytecode.proxy2@fd4459b was destroying!
2022-07-20 18:31:07.671  INFO 16092 --- [           main] f.a.ReferenceAnnotationBeanPostProcessor : org.apache.dubbo.common.bytecode.proxy3@1073c664 was destroying!
2022-07-20 18:31:07.671  INFO 16092 --- [           main] f.a.ReferenceAnnotationBeanPostProcessor : class org.apache.dubbo.config.spring.beans.factory.annotation.ReferenceAnnotationBeanPostProcessor was destroying!
2022-07-20 18:31:07.681  INFO 16092 --- [           main] ConditionEvaluationReportLoggingListener : 

Error starting ApplicationContext. To display the conditions report re-run your application with 'debug' enabled.
2022-07-20 18:31:07.686 ERROR 16092 --- [           main] o.s.boot.SpringApplication               : Application run failed

org.springframework.beans.factory.UnsatisfiedDependencyException: Error creating bean with name 'loginController': Unsatisfied dependency expressed through field 'userService'; nested exception is org.springframework.beans.factory.UnsatisfiedDependencyException: Error creating bean with name 'userService': Unsatisfied dependency expressed through field 'huanXinTemplate'; nested exception is org.springframework.beans.factory.BeanCreationException: Error creating bean with name 'huanXinTemplate' defined in class path resource [com/tanhua/autoconfig/TanhuaAutoConfiguration.class]: Bean instantiation via factory method failed; nested exception is org.springframework.beans.BeanInstantiationException: Failed to instantiate [com.tanhua.autoconfig.template.HuanXinTemplate]: Factory method 'huanXinTemplate' threw exception; nested exception is com.easemob.im.server.exception.EMInvalidArgumentException: appkey must not be null or empty
	at org.springframework.beans.factory.annotation.AutowiredAnnotationBeanPostProcessor$AutowiredFieldElement.resolveFieldValue(AutowiredAnnotationBeanPostProcessor.java:660) ~[spring-beans-5.2.13.RELEASE.jar:5.2.13.RELEASE]
	at org.springframework.beans.factory.annotation.AutowiredAnnotationBeanPostProcessor$AutowiredFieldElement.inject(AutowiredAnnotationBeanPostProcessor.java:640) ~[spring-beans-5.2.13.RELEASE.jar:5.2.13.RELEASE]
	at org.springframework.beans.factory.annotation.InjectionMetadata.inject(InjectionMetadata.java:119) ~[spring-beans-5.2.13.RELEASE.jar:5.2.13.RELEASE]
	at org.springframework.beans.factory.annotation.AutowiredAnnotationBeanPostProcessor.postProcessProperties(AutowiredAnnotationBeanPostProcessor.java:399) ~[spring-beans-5.2.13.RELEASE.jar:5.2.13.RELEASE]
	at org.springframework.beans.factory.support.AbstractAutowireCapableBeanFactory.populateBean(AbstractAutowireCapableBeanFactory.java:1425) ~[spring-beans-5.2.13.RELEASE.jar:5.2.13.RELEASE]
	at org.springframework.beans.factory.support.AbstractAutowireCapableBeanFactory.doCreateBean(AbstractAutowireCapableBeanFactory.java:593) ~[spring-beans-5.2.13.RELEASE.jar:5.2.13.RELEASE]
	at org.springframework.beans.factory.support.AbstractAutowireCapableBeanFactory.createBean(AbstractAutowireCapableBeanFactory.java:516) ~[spring-beans-5.2.13.RELEASE.jar:5.2.13.RELEASE]
	at org.springframework.beans.factory.support.AbstractBeanFactory.lambda$doGetBean$0(AbstractBeanFactory.java:324) ~[spring-beans-5.2.13.RELEASE.jar:5.2.13.RELEASE]
	at org.springframework.beans.factory.support.DefaultSingletonBeanRegistry.getSingleton(DefaultSingletonBeanRegistry.java:234) ~[spring-beans-5.2.13.RELEASE.jar:5.2.13.RELEASE]
	at org.springframework.beans.factory.support.AbstractBeanFactory.doGetBean(AbstractBeanFactory.java:322) ~[spring-beans-5.2.13.RELEASE.jar:5.2.13.RELEASE]
	at org.springframework.beans.factory.support.AbstractBeanFactory.getBean(AbstractBeanFactory.java:202) ~[spring-beans-5.2.13.RELEASE.jar:5.2.13.RELEASE]
	at org.springframework.beans.factory.support.DefaultListableBeanFactory.preInstantiateSingletons(DefaultListableBeanFactory.java:897) ~[spring-beans-5.2.13.RELEASE.jar:5.2.13.RELEASE]
	at org.springframework.context.support.AbstractApplicationContext.finishBeanFactoryInitialization(AbstractApplicationContext.java:879) ~[spring-context-5.2.13.RELEASE.jar:5.2.13.RELEASE]
	at org.springframework.context.support.AbstractApplicationContext.refresh(AbstractApplicationContext.java:551) ~[spring-context-5.2.13.RELEASE.jar:5.2.13.RELEASE]
	at org.springframework.boot.SpringApplication.refresh(SpringApplication.java:758) ~[spring-boot-2.3.9.RELEASE.jar:2.3.9.RELEASE]
	at org.springframework.boot.SpringApplication.refresh(SpringApplication.java:750) ~[spring-boot-2.3.9.RELEASE.jar:2.3.9.RELEASE]
	at org.springframework.boot.SpringApplication.refreshContext(SpringApplication.java:405) ~[spring-boot-2.3.9.RELEASE.jar:2.3.9.RELEASE]
	at org.springframework.boot.SpringApplication.run(SpringApplication.java:315) ~[spring-boot-2.3.9.RELEASE.jar:2.3.9.RELEASE]
	at org.springframework.boot.test.context.SpringBootContextLoader.loadContext(SpringBootContextLoader.java:120) [spring-boot-test-2.3.9.RELEASE.jar:2.3.9.RELEASE]
	at org.springframework.test.context.cache.DefaultCacheAwareContextLoaderDelegate.loadContextInternal(DefaultCacheAwareContextLoaderDelegate.java:99) [spring-test-5.2.13.RELEASE.jar:5.2.13.RELEASE]
	at org.springframework.test.context.cache.DefaultCacheAwareContextLoaderDelegate.loadContext(DefaultCacheAwareContextLoaderDelegate.java:124) [spring-test-5.2.13.RELEASE.jar:5.2.13.RELEASE]
	at org.springframework.test.context.support.DefaultTestContext.getApplicationContext(DefaultTestContext.java:123) [spring-test-5.2.13.RELEASE.jar:5.2.13.RELEASE]
	at org.springframework.test.context.web.ServletTestExecutionListener.setUpRequestContextIfNecessary(ServletTestExecutionListener.java:190) [spring-test-5.2.13.RELEASE.jar:5.2.13.RELEASE]
	at org.springframework.test.context.web.ServletTestExecutionListener.prepareTestInstance(ServletTestExecutionListener.java:132) [spring-test-5.2.13.RELEASE.jar:5.2.13.RELEASE]
	at org.springframework.test.context.TestContextManager.prepareTestInstance(TestContextManager.java:244) [spring-test-5.2.13.RELEASE.jar:5.2.13.RELEASE]
	at org.springframework.test.context.junit4.SpringJUnit4ClassRunner.createTest(SpringJUnit4ClassRunner.java:227) [spring-test-5.2.13.RELEASE.jar:5.2.13.RELEASE]
	at org.springframework.test.context.junit4.SpringJUnit4ClassRunner$1.runReflectiveCall(SpringJUnit4ClassRunner.java:289) [spring-test-5.2.13.RELEASE.jar:5.2.13.RELEASE]
	at org.junit.internal.runners.model.ReflectiveCallable.run(ReflectiveCallable.java:12) [junit-4.12.jar:4.12]
	at org.springframework.test.context.junit4.SpringJUnit4ClassRunner.methodBlock(SpringJUnit4ClassRunner.java:291) [spring-test-5.2.13.RELEASE.jar:5.2.13.RELEASE]
	at org.springframework.test.context.junit4.SpringJUnit4ClassRunner.runChild(SpringJUnit4ClassRunner.java:246) [spring-test-5.2.13.RELEASE.jar:5.2.13.RELEASE]
	at org.springframework.test.context.junit4.SpringJUnit4ClassRunner.runChild(SpringJUnit4ClassRunner.java:97) [spring-test-5.2.13.RELEASE.jar:5.2.13.RELEASE]
	at org.junit.runners.ParentRunner$3.run(ParentRunner.java:290) [junit-4.12.jar:4.12]
	at org.junit.runners.ParentRunner$1.schedule(ParentRunner.java:71) [junit-4.12.jar:4.12]
	at org.junit.runners.ParentRunner.runChildren(ParentRunner.java:288) [junit-4.12.jar:4.12]
	at org.junit.runners.ParentRunner.access$000(ParentRunner.java:58) [junit-4.12.jar:4.12]
	at org.junit.runners.ParentRunner$2.evaluate(ParentRunner.java:268) [junit-4.12.jar:4.12]
	at org.springframework.test.context.junit4.statements.RunBeforeTestClassCallbacks.evaluate(RunBeforeTestClassCallbacks.java:61) [spring-test-5.2.13.RELEASE.jar:5.2.13.RELEASE]
	at org.springframework.test.context.junit4.statements.RunAfterTestClassCallbacks.evaluate(RunAfterTestClassCallbacks.java:70) [spring-test-5.2.13.RELEASE.jar:5.2.13.RELEASE]
	at org.junit.runners.ParentRunner.run(ParentRunner.java:363) [junit-4.12.jar:4.12]
	at org.springframework.test.context.junit4.SpringJUnit4ClassRunner.run(SpringJUnit4ClassRunner.java:190) [spring-test-5.2.13.RELEASE.jar:5.2.13.RELEASE]
	at org.junit.runner.JUnitCore.run(JUnitCore.java:137) [junit-4.12.jar:4.12]
	at org.junit.runner.JUnitCore.run(JUnitCore.java:115) [junit-4.12.jar:4.12]
	at org.junit.vintage.engine.execution.RunnerExecutor.execute(RunnerExecutor.java:43) [junit-vintage-engine-5.6.3.jar:5.6.3]
	at java.util.stream.ForEachOps$ForEachOp$OfRef.accept(ForEachOps.java:184) ~[na:1.8.0_171]
	at java.util.stream.ReferencePipeline$3$1.accept(ReferencePipeline.java:193) ~[na:1.8.0_171]
	at java.util.Iterator.forEachRemaining(Iterator.java:116) ~[na:1.8.0_171]
	at java.util.Spliterators$IteratorSpliterator.forEachRemaining(Spliterators.java:1801) ~[na:1.8.0_171]
	at java.util.stream.AbstractPipeline.copyInto(AbstractPipeline.java:481) ~[na:1.8.0_171]
	at java.util.stream.AbstractPipeline.wrapAndCopyInto(AbstractPipeline.java:471) ~[na:1.8.0_171]
	at java.util.stream.ForEachOps$ForEachOp.evaluateSequential(ForEachOps.java:151) ~[na:1.8.0_171]
	at java.util.stream.ForEachOps$ForEachOp$OfRef.evaluateSequential(ForEachOps.java:174) ~[na:1.8.0_171]
	at java.util.stream.AbstractPipeline.evaluate(AbstractPipeline.java:234) ~[na:1.8.0_171]
	at java.util.stream.ReferencePipeline.forEach(ReferencePipeline.java:418) ~[na:1.8.0_171]
	at org.junit.vintage.engine.VintageTestEngine.executeAllChildren(VintageTestEngine.java:82) ~[junit-vintage-engine-5.6.3.jar:5.6.3]
	at org.junit.vintage.engine.VintageTestEngine.execute(VintageTestEngine.java:73) ~[junit-vintage-engine-5.6.3.jar:5.6.3]
	at org.junit.platform.launcher.core.DefaultLauncher.execute(DefaultLauncher.java:220) ~[junit-platform-launcher-1.3.1.jar:1.3.1]
	at org.junit.platform.launcher.core.DefaultLauncher.lambda$execute$6(DefaultLauncher.java:188) ~[junit-platform-launcher-1.3.1.jar:1.3.1]
	at org.junit.platform.launcher.core.DefaultLauncher.withInterceptedStreams(DefaultLauncher.java:202) ~[junit-platform-launcher-1.3.1.jar:1.3.1]
	at org.junit.platform.launcher.core.DefaultLauncher.execute(DefaultLauncher.java:181) ~[junit-platform-launcher-1.3.1.jar:1.3.1]
	at org.junit.platform.launcher.core.DefaultLauncher.execute(DefaultLauncher.java:128) ~[junit-platform-launcher-1.3.1.jar:1.3.1]
	at org.apache.maven.surefire.junitplatform.JUnitPlatformProvider.invokeAllTests(JUnitPlatformProvider.java:150) ~[surefire-junit-platform-2.22.2.jar:2.22.2]
	at org.apache.maven.surefire.junitplatform.JUnitPlatformProvider.invoke(JUnitPlatformProvider.java:124) ~[surefire-junit-platform-2.22.2.jar:2.22.2]
	at org.apache.maven.surefire.booter.ForkedBooter.invokeProviderInSameClassLoader(ForkedBooter.java:384) ~[surefire-booter-2.22.2.jar:2.22.2]
	at org.apache.maven.surefire.booter.ForkedBooter.runSuitesInProcess(ForkedBooter.java:345) ~[surefire-booter-2.22.2.jar:2.22.2]
	at org.apache.maven.surefire.booter.ForkedBooter.execute(ForkedBooter.java:126) ~[surefire-booter-2.22.2.jar:2.22.2]
	at org.apache.maven.surefire.booter.ForkedBooter.main(ForkedBooter.java:418) ~[surefire-booter-2.22.2.jar:2.22.2]
Caused by: org.springframework.beans.factory.UnsatisfiedDependencyException: Error creating bean with name 'userService': Unsatisfied dependency expressed through field 'huanXinTemplate'; nested exception is org.springframework.beans.factory.BeanCreationException: Error creating bean with name 'huanXinTemplate' defined in class path resource [com/tanhua/autoconfig/TanhuaAutoConfiguration.class]: Bean instantiation via factory method failed; nested exception is org.springframework.beans.BeanInstantiationException: Failed to instantiate [com.tanhua.autoconfig.template.HuanXinTemplate]: Factory method 'huanXinTemplate' threw exception; nested exception is com.easemob.im.server.exception.EMInvalidArgumentException: appkey must not be null or empty
	at org.springframework.beans.factory.annotation.AutowiredAnnotationBeanPostProcessor$AutowiredFieldElement.resolveFieldValue(AutowiredAnnotationBeanPostProcessor.java:660) ~[spring-beans-5.2.13.RELEASE.jar:5.2.13.RELEASE]
	at org.springframework.beans.factory.annotation.AutowiredAnnotationBeanPostProcessor$AutowiredFieldElement.inject(AutowiredAnnotationBeanPostProcessor.java:640) ~[spring-beans-5.2.13.RELEASE.jar:5.2.13.RELEASE]
	at org.springframework.beans.factory.annotation.InjectionMetadata.inject(InjectionMetadata.java:119) ~[spring-beans-5.2.13.RELEASE.jar:5.2.13.RELEASE]
	at org.springframework.beans.factory.annotation.AutowiredAnnotationBeanPostProcessor.postProcessProperties(AutowiredAnnotationBeanPostProcessor.java:399) ~[spring-beans-5.2.13.RELEASE.jar:5.2.13.RELEASE]
	at org.springframework.beans.factory.support.AbstractAutowireCapableBeanFactory.populateBean(AbstractAutowireCapableBeanFactory.java:1425) ~[spring-beans-5.2.13.RELEASE.jar:5.2.13.RELEASE]
	at org.springframework.beans.factory.support.AbstractAutowireCapableBeanFactory.doCreateBean(AbstractAutowireCapableBeanFactory.java:593) ~[spring-beans-5.2.13.RELEASE.jar:5.2.13.RELEASE]
	at org.springframework.beans.factory.support.AbstractAutowireCapableBeanFactory.createBean(AbstractAutowireCapableBeanFactory.java:516) ~[spring-beans-5.2.13.RELEASE.jar:5.2.13.RELEASE]
	at org.springframework.beans.factory.support.AbstractBeanFactory.lambda$doGetBean$0(AbstractBeanFactory.java:324) ~[spring-beans-5.2.13.RELEASE.jar:5.2.13.RELEASE]
	at org.springframework.beans.factory.support.DefaultSingletonBeanRegistry.getSingleton(DefaultSingletonBeanRegistry.java:234) ~[spring-beans-5.2.13.RELEASE.jar:5.2.13.RELEASE]
	at org.springframework.beans.factory.support.AbstractBeanFactory.doGetBean(AbstractBeanFactory.java:322) ~[spring-beans-5.2.13.RELEASE.jar:5.2.13.RELEASE]
	at org.springframework.beans.factory.support.AbstractBeanFactory.getBean(AbstractBeanFactory.java:202) ~[spring-beans-5.2.13.RELEASE.jar:5.2.13.RELEASE]
	at org.springframework.beans.factory.config.DependencyDescriptor.resolveCandidate(DependencyDescriptor.java:276) ~[spring-beans-5.2.13.RELEASE.jar:5.2.13.RELEASE]
	at org.springframework.beans.factory.support.DefaultListableBeanFactory.doResolveDependency(DefaultListableBeanFactory.java:1307) ~[spring-beans-5.2.13.RELEASE.jar:5.2.13.RELEASE]
	at org.springframework.beans.factory.support.DefaultListableBeanFactory.resolveDependency(DefaultListableBeanFactory.java:1227) ~[spring-beans-5.2.13.RELEASE.jar:5.2.13.RELEASE]
	at org.springframework.beans.factory.annotation.AutowiredAnnotationBeanPostProcessor$AutowiredFieldElement.resolveFieldValue(AutowiredAnnotationBeanPostProcessor.java:657) ~[spring-beans-5.2.13.RELEASE.jar:5.2.13.RELEASE]
	... 65 common frames omitted
Caused by: org.springframework.beans.factory.BeanCreationException: Error creating bean with name 'huanXinTemplate' defined in class path resource [com/tanhua/autoconfig/TanhuaAutoConfiguration.class]: Bean instantiation via factory method failed; nested exception is org.springframework.beans.BeanInstantiationException: Failed to instantiate [com.tanhua.autoconfig.template.HuanXinTemplate]: Factory method 'huanXinTemplate' threw exception; nested exception is com.easemob.im.server.exception.EMInvalidArgumentException: appkey must not be null or empty
	at org.springframework.beans.factory.support.ConstructorResolver.instantiate(ConstructorResolver.java:657) ~[spring-beans-5.2.13.RELEASE.jar:5.2.13.RELEASE]
	at org.springframework.beans.factory.support.ConstructorResolver.instantiateUsingFactoryMethod(ConstructorResolver.java:637) ~[spring-beans-5.2.13.RELEASE.jar:5.2.13.RELEASE]
	at org.springframework.beans.factory.support.AbstractAutowireCapableBeanFactory.instantiateUsingFactoryMethod(AbstractAutowireCapableBeanFactory.java:1341) ~[spring-beans-5.2.13.RELEASE.jar:5.2.13.RELEASE]
	at org.springframework.beans.factory.support.AbstractAutowireCapableBeanFactory.createBeanInstance(AbstractAutowireCapableBeanFactory.java:1181) ~[spring-beans-5.2.13.RELEASE.jar:5.2.13.RELEASE]
	at org.springframework.beans.factory.support.AbstractAutowireCapableBeanFactory.doCreateBean(AbstractAutowireCapableBeanFactory.java:556) ~[spring-beans-5.2.13.RELEASE.jar:5.2.13.RELEASE]
	at org.springframework.beans.factory.support.AbstractAutowireCapableBeanFactory.createBean(AbstractAutowireCapableBeanFactory.java:516) ~[spring-beans-5.2.13.RELEASE.jar:5.2.13.RELEASE]
	at org.springframework.beans.factory.support.AbstractBeanFactory.lambda$doGetBean$0(AbstractBeanFactory.java:324) ~[spring-beans-5.2.13.RELEASE.jar:5.2.13.RELEASE]
	at org.springframework.beans.factory.support.DefaultSingletonBeanRegistry.getSingleton(DefaultSingletonBeanRegistry.java:234) ~[spring-beans-5.2.13.RELEASE.jar:5.2.13.RELEASE]
	at org.springframework.beans.factory.support.AbstractBeanFactory.doGetBean(AbstractBeanFactory.java:322) ~[spring-beans-5.2.13.RELEASE.jar:5.2.13.RELEASE]
	at org.springframework.beans.factory.support.AbstractBeanFactory.getBean(AbstractBeanFactory.java:202) ~[spring-beans-5.2.13.RELEASE.jar:5.2.13.RELEASE]
	at org.springframework.beans.factory.config.DependencyDescriptor.resolveCandidate(DependencyDescriptor.java:276) ~[spring-beans-5.2.13.RELEASE.jar:5.2.13.RELEASE]
	at org.springframework.beans.factory.support.DefaultListableBeanFactory.doResolveDependency(DefaultListableBeanFactory.java:1307) ~[spring-beans-5.2.13.RELEASE.jar:5.2.13.RELEASE]
	at org.springframework.beans.factory.support.DefaultListableBeanFactory.resolveDependency(DefaultListableBeanFactory.java:1227) ~[spring-beans-5.2.13.RELEASE.jar:5.2.13.RELEASE]
	at org.springframework.beans.factory.annotation.AutowiredAnnotationBeanPostProcessor$AutowiredFieldElement.resolveFieldValue(AutowiredAnnotationBeanPostProcessor.java:657) ~[spring-beans-5.2.13.RELEASE.jar:5.2.13.RELEASE]
	... 79 common frames omitted
Caused by: org.springframework.beans.BeanInstantiationException: Failed to instantiate [com.tanhua.autoconfig.template.HuanXinTemplate]: Factory method 'huanXinTemplate' threw exception; nested exception is com.easemob.im.server.exception.EMInvalidArgumentException: appkey must not be null or empty
	at org.springframework.beans.factory.support.SimpleInstantiationStrategy.instantiate(SimpleInstantiationStrategy.java:185) ~[spring-beans-5.2.13.RELEASE.jar:5.2.13.RELEASE]
	at org.springframework.beans.factory.support.ConstructorResolver.instantiate(ConstructorResolver.java:652) ~[spring-beans-5.2.13.RELEASE.jar:5.2.13.RELEASE]
	... 92 common frames omitted
Caused by: com.easemob.im.server.exception.EMInvalidArgumentException: appkey must not be null or empty
	at com.easemob.im.server.EMProperties$Builder.setAppkey(EMProperties.java:91) ~[im-sdk-core-0.2.5.jar:0.2.5]
	at com.tanhua.autoconfig.template.HuanXinTemplate.<init>(HuanXinTemplate.java:21) ~[classes/:na]
	at com.tanhua.autoconfig.TanhuaAutoConfiguration.huanXinTemplate(TanhuaAutoConfiguration.java:40) ~[classes/:na]
	at sun.reflect.NativeMethodAccessorImpl.invoke0(Native Method) ~[na:1.8.0_171]
	at sun.reflect.NativeMethodAccessorImpl.invoke(NativeMethodAccessorImpl.java:62) ~[na:1.8.0_171]
	at sun.reflect.DelegatingMethodAccessorImpl.invoke(DelegatingMethodAccessorImpl.java:43) ~[na:1.8.0_171]
	at java.lang.reflect.Method.invoke(Method.java:498) ~[na:1.8.0_171]
	at org.springframework.beans.factory.support.SimpleInstantiationStrategy.instantiate(SimpleInstantiationStrategy.java:154) ~[spring-beans-5.2.13.RELEASE.jar:5.2.13.RELEASE]
	... 93 common frames omitted

2022-07-20 18:31:07.688 ERROR 16092 --- [           main] o.s.test.context.TestContextManager      : Caught exception while allowing TestExecutionListener [org.springframework.test.context.web.ServletTestExecutionListener@1b410b60] to prepare test instance [com.itheima.test.BlackListApiTest@b32e983]

java.lang.IllegalStateException: Failed to load ApplicationContext
	at org.springframework.test.context.cache.DefaultCacheAwareContextLoaderDelegate.loadContext(DefaultCacheAwareContextLoaderDelegate.java:132) ~[spring-test-5.2.13.RELEASE.jar:5.2.13.RELEASE]
	at org.springframework.test.context.support.DefaultTestContext.getApplicationContext(DefaultTestContext.java:123) ~[spring-test-5.2.13.RELEASE.jar:5.2.13.RELEASE]
	at org.springframework.test.context.web.ServletTestExecutionListener.setUpRequestContextIfNecessary(ServletTestExecutionListener.java:190) ~[spring-test-5.2.13.RELEASE.jar:5.2.13.RELEASE]
	at org.springframework.test.context.web.ServletTestExecutionListener.prepareTestInstance(ServletTestExecutionListener.java:132) ~[spring-test-5.2.13.RELEASE.jar:5.2.13.RELEASE]
	at org.springframework.test.context.TestContextManager.prepareTestInstance(TestContextManager.java:244) ~[spring-test-5.2.13.RELEASE.jar:5.2.13.RELEASE]
	at org.springframework.test.context.junit4.SpringJUnit4ClassRunner.createTest(SpringJUnit4ClassRunner.java:227) [spring-test-5.2.13.RELEASE.jar:5.2.13.RELEASE]
	at org.springframework.test.context.junit4.SpringJUnit4ClassRunner$1.runReflectiveCall(SpringJUnit4ClassRunner.java:289) [spring-test-5.2.13.RELEASE.jar:5.2.13.RELEASE]
	at org.junit.internal.runners.model.ReflectiveCallable.run(ReflectiveCallable.java:12) [junit-4.12.jar:4.12]
	at org.springframework.test.context.junit4.SpringJUnit4ClassRunner.methodBlock(SpringJUnit4ClassRunner.java:291) [spring-test-5.2.13.RELEASE.jar:5.2.13.RELEASE]
	at org.springframework.test.context.junit4.SpringJUnit4ClassRunner.runChild(SpringJUnit4ClassRunner.java:246) [spring-test-5.2.13.RELEASE.jar:5.2.13.RELEASE]
	at org.springframework.test.context.junit4.SpringJUnit4ClassRunner.runChild(SpringJUnit4ClassRunner.java:97) [spring-test-5.2.13.RELEASE.jar:5.2.13.RELEASE]
	at org.junit.runners.ParentRunner$3.run(ParentRunner.java:290) [junit-4.12.jar:4.12]
	at org.junit.runners.ParentRunner$1.schedule(ParentRunner.java:71) [junit-4.12.jar:4.12]
	at org.junit.runners.ParentRunner.runChildren(ParentRunner.java:288) [junit-4.12.jar:4.12]
	at org.junit.runners.ParentRunner.access$000(ParentRunner.java:58) [junit-4.12.jar:4.12]
	at org.junit.runners.ParentRunner$2.evaluate(ParentRunner.java:268) [junit-4.12.jar:4.12]
	at org.springframework.test.context.junit4.statements.RunBeforeTestClassCallbacks.evaluate(RunBeforeTestClassCallbacks.java:61) [spring-test-5.2.13.RELEASE.jar:5.2.13.RELEASE]
	at org.springframework.test.context.junit4.statements.RunAfterTestClassCallbacks.evaluate(RunAfterTestClassCallbacks.java:70) [spring-test-5.2.13.RELEASE.jar:5.2.13.RELEASE]
	at org.junit.runners.ParentRunner.run(ParentRunner.java:363) [junit-4.12.jar:4.12]
	at org.springframework.test.context.junit4.SpringJUnit4ClassRunner.run(SpringJUnit4ClassRunner.java:190) [spring-test-5.2.13.RELEASE.jar:5.2.13.RELEASE]
	at org.junit.runner.JUnitCore.run(JUnitCore.java:137) [junit-4.12.jar:4.12]
	at org.junit.runner.JUnitCore.run(JUnitCore.java:115) [junit-4.12.jar:4.12]
	at org.junit.vintage.engine.execution.RunnerExecutor.execute(RunnerExecutor.java:43) [junit-vintage-engine-5.6.3.jar:5.6.3]
	at java.util.stream.ForEachOps$ForEachOp$OfRef.accept(ForEachOps.java:184) ~[na:1.8.0_171]
	at java.util.stream.ReferencePipeline$3$1.accept(ReferencePipeline.java:193) ~[na:1.8.0_171]
	at java.util.Iterator.forEachRemaining(Iterator.java:116) ~[na:1.8.0_171]
	at java.util.Spliterators$IteratorSpliterator.forEachRemaining(Spliterators.java:1801) ~[na:1.8.0_171]
	at java.util.stream.AbstractPipeline.copyInto(AbstractPipeline.java:481) ~[na:1.8.0_171]
	at java.util.stream.AbstractPipeline.wrapAndCopyInto(AbstractPipeline.java:471) ~[na:1.8.0_171]
	at java.util.stream.ForEachOps$ForEachOp.evaluateSequential(ForEachOps.java:151) ~[na:1.8.0_171]
	at java.util.stream.ForEachOps$ForEachOp$OfRef.evaluateSequential(ForEachOps.java:174) ~[na:1.8.0_171]
	at java.util.stream.AbstractPipeline.evaluate(AbstractPipeline.java:234) ~[na:1.8.0_171]
	at java.util.stream.ReferencePipeline.forEach(ReferencePipeline.java:418) ~[na:1.8.0_171]
	at org.junit.vintage.engine.VintageTestEngine.executeAllChildren(VintageTestEngine.java:82) ~[junit-vintage-engine-5.6.3.jar:5.6.3]
	at org.junit.vintage.engine.VintageTestEngine.execute(VintageTestEngine.java:73) ~[junit-vintage-engine-5.6.3.jar:5.6.3]
	at org.junit.platform.launcher.core.DefaultLauncher.execute(DefaultLauncher.java:220) ~[junit-platform-launcher-1.3.1.jar:1.3.1]
	at org.junit.platform.launcher.core.DefaultLauncher.lambda$execute$6(DefaultLauncher.java:188) ~[junit-platform-launcher-1.3.1.jar:1.3.1]
	at org.junit.platform.launcher.core.DefaultLauncher.withInterceptedStreams(DefaultLauncher.java:202) ~[junit-platform-launcher-1.3.1.jar:1.3.1]
	at org.junit.platform.launcher.core.DefaultLauncher.execute(DefaultLauncher.java:181) ~[junit-platform-launcher-1.3.1.jar:1.3.1]
	at org.junit.platform.launcher.core.DefaultLauncher.execute(DefaultLauncher.java:128) ~[junit-platform-launcher-1.3.1.jar:1.3.1]
	at org.apache.maven.surefire.junitplatform.JUnitPlatformProvider.invokeAllTests(JUnitPlatformProvider.java:150) ~[surefire-junit-platform-2.22.2.jar:2.22.2]
	at org.apache.maven.surefire.junitplatform.JUnitPlatformProvider.invoke(JUnitPlatformProvider.java:124) ~[surefire-junit-platform-2.22.2.jar:2.22.2]
	at org.apache.maven.surefire.booter.ForkedBooter.invokeProviderInSameClassLoader(ForkedBooter.java:384) ~[surefire-booter-2.22.2.jar:2.22.2]
	at org.apache.maven.surefire.booter.ForkedBooter.runSuitesInProcess(ForkedBooter.java:345) ~[surefire-booter-2.22.2.jar:2.22.2]
	at org.apache.maven.surefire.booter.ForkedBooter.execute(ForkedBooter.java:126) ~[surefire-booter-2.22.2.jar:2.22.2]
	at org.apache.maven.surefire.booter.ForkedBooter.main(ForkedBooter.java:418) ~[surefire-booter-2.22.2.jar:2.22.2]
Caused by: org.springframework.beans.factory.UnsatisfiedDependencyException: Error creating bean with name 'loginController': Unsatisfied dependency expressed through field 'userService'; nested exception is org.springframework.beans.factory.UnsatisfiedDependencyException: Error creating bean with name 'userService': Unsatisfied dependency expressed through field 'huanXinTemplate'; nested exception is org.springframework.beans.factory.BeanCreationException: Error creating bean with name 'huanXinTemplate' defined in class path resource [com/tanhua/autoconfig/TanhuaAutoConfiguration.class]: Bean instantiation via factory method failed; nested exception is org.springframework.beans.BeanInstantiationException: Failed to instantiate [com.tanhua.autoconfig.template.HuanXinTemplate]: Factory method 'huanXinTemplate' threw exception; nested exception is com.easemob.im.server.exception.EMInvalidArgumentException: appkey must not be null or empty
	at org.springframework.beans.factory.annotation.AutowiredAnnotationBeanPostProcessor$AutowiredFieldElement.resolveFieldValue(AutowiredAnnotationBeanPostProcessor.java:660) ~[spring-beans-5.2.13.RELEASE.jar:5.2.13.RELEASE]
	at org.springframework.beans.factory.annotation.AutowiredAnnotationBeanPostProcessor$AutowiredFieldElement.inject(AutowiredAnnotationBeanPostProcessor.java:640) ~[spring-beans-5.2.13.RELEASE.jar:5.2.13.RELEASE]
	at org.springframework.beans.factory.annotation.InjectionMetadata.inject(InjectionMetadata.java:119) ~[spring-beans-5.2.13.RELEASE.jar:5.2.13.RELEASE]
	at org.springframework.beans.factory.annotation.AutowiredAnnotationBeanPostProcessor.postProcessProperties(AutowiredAnnotationBeanPostProcessor.java:399) ~[spring-beans-5.2.13.RELEASE.jar:5.2.13.RELEASE]
	at org.springframework.beans.factory.support.AbstractAutowireCapableBeanFactory.populateBean(AbstractAutowireCapableBeanFactory.java:1425) ~[spring-beans-5.2.13.RELEASE.jar:5.2.13.RELEASE]
	at org.springframework.beans.factory.support.AbstractAutowireCapableBeanFactory.doCreateBean(AbstractAutowireCapableBeanFactory.java:593) ~[spring-beans-5.2.13.RELEASE.jar:5.2.13.RELEASE]
	at org.springframework.beans.factory.support.AbstractAutowireCapableBeanFactory.createBean(AbstractAutowireCapableBeanFactory.java:516) ~[spring-beans-5.2.13.RELEASE.jar:5.2.13.RELEASE]
	at org.springframework.beans.factory.support.AbstractBeanFactory.lambda$doGetBean$0(AbstractBeanFactory.java:324) ~[spring-beans-5.2.13.RELEASE.jar:5.2.13.RELEASE]
	at org.springframework.beans.factory.support.DefaultSingletonBeanRegistry.getSingleton(DefaultSingletonBeanRegistry.java:234) ~[spring-beans-5.2.13.RELEASE.jar:5.2.13.RELEASE]
	at org.springframework.beans.factory.support.AbstractBeanFactory.doGetBean(AbstractBeanFactory.java:322) ~[spring-beans-5.2.13.RELEASE.jar:5.2.13.RELEASE]
	at org.springframework.beans.factory.support.AbstractBeanFactory.getBean(AbstractBeanFactory.java:202) ~[spring-beans-5.2.13.RELEASE.jar:5.2.13.RELEASE]
	at org.springframework.beans.factory.support.DefaultListableBeanFactory.preInstantiateSingletons(DefaultListableBeanFactory.java:897) ~[spring-beans-5.2.13.RELEASE.jar:5.2.13.RELEASE]
	at org.springframework.context.support.AbstractApplicationContext.finishBeanFactoryInitialization(AbstractApplicationContext.java:879) ~[spring-context-5.2.13.RELEASE.jar:5.2.13.RELEASE]
	at org.springframework.context.support.AbstractApplicationContext.refresh(AbstractApplicationContext.java:551) ~[spring-context-5.2.13.RELEASE.jar:5.2.13.RELEASE]
	at org.springframework.boot.SpringApplication.refresh(SpringApplication.java:758) ~[spring-boot-2.3.9.RELEASE.jar:2.3.9.RELEASE]
	at org.springframework.boot.SpringApplication.refresh(SpringApplication.java:750) ~[spring-boot-2.3.9.RELEASE.jar:2.3.9.RELEASE]
	at org.springframework.boot.SpringApplication.refreshContext(SpringApplication.java:405) ~[spring-boot-2.3.9.RELEASE.jar:2.3.9.RELEASE]
	at org.springframework.boot.SpringApplication.run(SpringApplication.java:315) ~[spring-boot-2.3.9.RELEASE.jar:2.3.9.RELEASE]
	at org.springframework.boot.test.context.SpringBootContextLoader.loadContext(SpringBootContextLoader.java:120) ~[spring-boot-test-2.3.9.RELEASE.jar:2.3.9.RELEASE]
	at org.springframework.test.context.cache.DefaultCacheAwareContextLoaderDelegate.loadContextInternal(DefaultCacheAwareContextLoaderDelegate.java:99) ~[spring-test-5.2.13.RELEASE.jar:5.2.13.RELEASE]
	at org.springframework.test.context.cache.DefaultCacheAwareContextLoaderDelegate.loadContext(DefaultCacheAwareContextLoaderDelegate.java:124) ~[spring-test-5.2.13.RELEASE.jar:5.2.13.RELEASE]
	... 45 common frames omitted
Caused by: org.springframework.beans.factory.UnsatisfiedDependencyException: Error creating bean with name 'userService': Unsatisfied dependency expressed through field 'huanXinTemplate'; nested exception is org.springframework.beans.factory.BeanCreationException: Error creating bean with name 'huanXinTemplate' defined in class path resource [com/tanhua/autoconfig/TanhuaAutoConfiguration.class]: Bean instantiation via factory method failed; nested exception is org.springframework.beans.BeanInstantiationException: Failed to instantiate [com.tanhua.autoconfig.template.HuanXinTemplate]: Factory method 'huanXinTemplate' threw exception; nested exception is com.easemob.im.server.exception.EMInvalidArgumentException: appkey must not be null or empty
	at org.springframework.beans.factory.annotation.AutowiredAnnotationBeanPostProcessor$AutowiredFieldElement.resolveFieldValue(AutowiredAnnotationBeanPostProcessor.java:660) ~[spring-beans-5.2.13.RELEASE.jar:5.2.13.RELEASE]
	at org.springframework.beans.factory.annotation.AutowiredAnnotationBeanPostProcessor$AutowiredFieldElement.inject(AutowiredAnnotationBeanPostProcessor.java:640) ~[spring-beans-5.2.13.RELEASE.jar:5.2.13.RELEASE]
	at org.springframework.beans.factory.annotation.InjectionMetadata.inject(InjectionMetadata.java:119) ~[spring-beans-5.2.13.RELEASE.jar:5.2.13.RELEASE]
	at org.springframework.beans.factory.annotation.AutowiredAnnotationBeanPostProcessor.postProcessProperties(AutowiredAnnotationBeanPostProcessor.java:399) ~[spring-beans-5.2.13.RELEASE.jar:5.2.13.RELEASE]
	at org.springframework.beans.factory.support.AbstractAutowireCapableBeanFactory.populateBean(AbstractAutowireCapableBeanFactory.java:1425) ~[spring-beans-5.2.13.RELEASE.jar:5.2.13.RELEASE]
	at org.springframework.beans.factory.support.AbstractAutowireCapableBeanFactory.doCreateBean(AbstractAutowireCapableBeanFactory.java:593) ~[spring-beans-5.2.13.RELEASE.jar:5.2.13.RELEASE]
	at org.springframework.beans.factory.support.AbstractAutowireCapableBeanFactory.createBean(AbstractAutowireCapableBeanFactory.java:516) ~[spring-beans-5.2.13.RELEASE.jar:5.2.13.RELEASE]
	at org.springframework.beans.factory.support.AbstractBeanFactory.lambda$doGetBean$0(AbstractBeanFactory.java:324) ~[spring-beans-5.2.13.RELEASE.jar:5.2.13.RELEASE]
	at org.springframework.beans.factory.support.DefaultSingletonBeanRegistry.getSingleton(DefaultSingletonBeanRegistry.java:234) ~[spring-beans-5.2.13.RELEASE.jar:5.2.13.RELEASE]
	at org.springframework.beans.factory.support.AbstractBeanFactory.doGetBean(AbstractBeanFactory.java:322) ~[spring-beans-5.2.13.RELEASE.jar:5.2.13.RELEASE]
	at org.springframework.beans.factory.support.AbstractBeanFactory.getBean(AbstractBeanFactory.java:202) ~[spring-beans-5.2.13.RELEASE.jar:5.2.13.RELEASE]
	at org.springframework.beans.factory.config.DependencyDescriptor.resolveCandidate(DependencyDescriptor.java:276) ~[spring-beans-5.2.13.RELEASE.jar:5.2.13.RELEASE]
	at org.springframework.beans.factory.support.DefaultListableBeanFactory.doResolveDependency(DefaultListableBeanFactory.java:1307) ~[spring-beans-5.2.13.RELEASE.jar:5.2.13.RELEASE]
	at org.springframework.beans.factory.support.DefaultListableBeanFactory.resolveDependency(DefaultListableBeanFactory.java:1227) ~[spring-beans-5.2.13.RELEASE.jar:5.2.13.RELEASE]
	at org.springframework.beans.factory.annotation.AutowiredAnnotationBeanPostProcessor$AutowiredFieldElement.resolveFieldValue(AutowiredAnnotationBeanPostProcessor.java:657) ~[spring-beans-5.2.13.RELEASE.jar:5.2.13.RELEASE]
	... 65 common frames omitted
Caused by: org.springframework.beans.factory.BeanCreationException: Error creating bean with name 'huanXinTemplate' defined in class path resource [com/tanhua/autoconfig/TanhuaAutoConfiguration.class]: Bean instantiation via factory method failed; nested exception is org.springframework.beans.BeanInstantiationException: Failed to instantiate [com.tanhua.autoconfig.template.HuanXinTemplate]: Factory method 'huanXinTemplate' threw exception; nested exception is com.easemob.im.server.exception.EMInvalidArgumentException: appkey must not be null or empty
	at org.springframework.beans.factory.support.ConstructorResolver.instantiate(ConstructorResolver.java:657) ~[spring-beans-5.2.13.RELEASE.jar:5.2.13.RELEASE]
	at org.springframework.beans.factory.support.ConstructorResolver.instantiateUsingFactoryMethod(ConstructorResolver.java:637) ~[spring-beans-5.2.13.RELEASE.jar:5.2.13.RELEASE]
	at org.springframework.beans.factory.support.AbstractAutowireCapableBeanFactory.instantiateUsingFactoryMethod(AbstractAutowireCapableBeanFactory.java:1341) ~[spring-beans-5.2.13.RELEASE.jar:5.2.13.RELEASE]
	at org.springframework.beans.factory.support.AbstractAutowireCapableBeanFactory.createBeanInstance(AbstractAutowireCapableBeanFactory.java:1181) ~[spring-beans-5.2.13.RELEASE.jar:5.2.13.RELEASE]
	at org.springframework.beans.factory.support.AbstractAutowireCapableBeanFactory.doCreateBean(AbstractAutowireCapableBeanFactory.java:556) ~[spring-beans-5.2.13.RELEASE.jar:5.2.13.RELEASE]
	at org.springframework.beans.factory.support.AbstractAutowireCapableBeanFactory.createBean(AbstractAutowireCapableBeanFactory.java:516) ~[spring-beans-5.2.13.RELEASE.jar:5.2.13.RELEASE]
	at org.springframework.beans.factory.support.AbstractBeanFactory.lambda$doGetBean$0(AbstractBeanFactory.java:324) ~[spring-beans-5.2.13.RELEASE.jar:5.2.13.RELEASE]
	at org.springframework.beans.factory.support.DefaultSingletonBeanRegistry.getSingleton(DefaultSingletonBeanRegistry.java:234) ~[spring-beans-5.2.13.RELEASE.jar:5.2.13.RELEASE]
	at org.springframework.beans.factory.support.AbstractBeanFactory.doGetBean(AbstractBeanFactory.java:322) ~[spring-beans-5.2.13.RELEASE.jar:5.2.13.RELEASE]
	at org.springframework.beans.factory.support.AbstractBeanFactory.getBean(AbstractBeanFactory.java:202) ~[spring-beans-5.2.13.RELEASE.jar:5.2.13.RELEASE]
	at org.springframework.beans.factory.config.DependencyDescriptor.resolveCandidate(DependencyDescriptor.java:276) ~[spring-beans-5.2.13.RELEASE.jar:5.2.13.RELEASE]
	at org.springframework.beans.factory.support.DefaultListableBeanFactory.doResolveDependency(DefaultListableBeanFactory.java:1307) ~[spring-beans-5.2.13.RELEASE.jar:5.2.13.RELEASE]
	at org.springframework.beans.factory.support.DefaultListableBeanFactory.resolveDependency(DefaultListableBeanFactory.java:1227) ~[spring-beans-5.2.13.RELEASE.jar:5.2.13.RELEASE]
	at org.springframework.beans.factory.annotation.AutowiredAnnotationBeanPostProcessor$AutowiredFieldElement.resolveFieldValue(AutowiredAnnotationBeanPostProcessor.java:657) ~[spring-beans-5.2.13.RELEASE.jar:5.2.13.RELEASE]
	... 79 common frames omitted
Caused by: org.springframework.beans.BeanInstantiationException: Failed to instantiate [com.tanhua.autoconfig.template.HuanXinTemplate]: Factory method 'huanXinTemplate' threw exception; nested exception is com.easemob.im.server.exception.EMInvalidArgumentException: appkey must not be null or empty
	at org.springframework.beans.factory.support.SimpleInstantiationStrategy.instantiate(SimpleInstantiationStrategy.java:185) ~[spring-beans-5.2.13.RELEASE.jar:5.2.13.RELEASE]
	at org.springframework.beans.factory.support.ConstructorResolver.instantiate(ConstructorResolver.java:652) ~[spring-beans-5.2.13.RELEASE.jar:5.2.13.RELEASE]
	... 92 common frames omitted
Caused by: com.easemob.im.server.exception.EMInvalidArgumentException: appkey must not be null or empty
	at com.easemob.im.server.EMProperties$Builder.setAppkey(EMProperties.java:91) ~[im-sdk-core-0.2.5.jar:0.2.5]
	at com.tanhua.autoconfig.template.HuanXinTemplate.<init>(HuanXinTemplate.java:21) ~[classes/:na]
	at com.tanhua.autoconfig.TanhuaAutoConfiguration.huanXinTemplate(TanhuaAutoConfiguration.java:40) ~[classes/:na]
	at sun.reflect.NativeMethodAccessorImpl.invoke0(Native Method) ~[na:1.8.0_171]
	at sun.reflect.NativeMethodAccessorImpl.invoke(NativeMethodAccessorImpl.java:62) ~[na:1.8.0_171]
	at sun.reflect.DelegatingMethodAccessorImpl.invoke(DelegatingMethodAccessorImpl.java:43) ~[na:1.8.0_171]
	at java.lang.reflect.Method.invoke(Method.java:498) ~[na:1.8.0_171]
	at org.springframework.beans.factory.support.SimpleInstantiationStrategy.instantiate(SimpleInstantiationStrategy.java:154) ~[spring-beans-5.2.13.RELEASE.jar:5.2.13.RELEASE]
	... 93 common frames omitted

]]></system-out>
    <system-err><![CDATA[log4j:WARN No appenders could be found for logger (org.apache.dubbo.common.logger.LoggerFactory).
log4j:WARN Please initialize the log4j system properly.
log4j:WARN See http://logging.apache.org/log4j/1.2/faq.html#noconfig for more info.
]]></system-err>
  </testcase>
</testsuite>