<?xml version="1.0" encoding="UTF-8"?>
<testsuite xmlns:xsi="http://www.w3.org/2001/XMLSchema-instance" xsi:noNamespaceSchemaLocation="https://maven.apache.org/surefire/maven-surefire-plugin/xsd/surefire-test-report.xsd" name="com.itheima.test.JwtTest" time="0.552" tests="2" errors="0" skipped="0" failures="0">
  <properties>
    <property name="sun.desktop" value="windows"/>
    <property name="awt.toolkit" value="sun.awt.windows.WToolkit"/>
    <property name="file.encoding.pkg" value="sun.io"/>
    <property name="java.specification.version" value="1.8"/>
    <property name="sun.cpu.isalist" value="amd64"/>
    <property name="sun.jnu.encoding" value="GBK"/>
    <property name="java.class.path" value="E:\project\java\springboot\tanhua\tanhua-app-server\target\test-classes;E:\project\java\springboot\tanhua\tanhua-app-server\target\classes;E:\develop\apache-maven-3.6.3\repository\org\springframework\boot\spring-boot-starter-web\2.3.9.RELEASE\spring-boot-starter-web-2.3.9.RELEASE.jar;E:\develop\apache-maven-3.6.3\repository\org\springframework\boot\spring-boot-starter\2.3.9.RELEASE\spring-boot-starter-2.3.9.RELEASE.jar;E:\develop\apache-maven-3.6.3\repository\org\springframework\boot\spring-boot\2.3.9.RELEASE\spring-boot-2.3.9.RELEASE.jar;E:\develop\apache-maven-3.6.3\repository\org\springframework\boot\spring-boot-starter-logging\2.3.9.RELEASE\spring-boot-starter-logging-2.3.9.RELEASE.jar;E:\develop\apache-maven-3.6.3\repository\ch\qos\logback\logback-classic\1.2.3\logback-classic-1.2.3.jar;E:\develop\apache-maven-3.6.3\repository\ch\qos\logback\logback-core\1.2.3\logback-core-1.2.3.jar;E:\develop\apache-maven-3.6.3\repository\org\apache\logging\log4j\log4j-to-slf4j\2.13.3\log4j-to-slf4j-2.13.3.jar;E:\develop\apache-maven-3.6.3\repository\org\slf4j\jul-to-slf4j\1.7.30\jul-to-slf4j-1.7.30.jar;E:\develop\apache-maven-3.6.3\repository\jakarta\annotation\jakarta.annotation-api\1.3.5\jakarta.annotation-api-1.3.5.jar;E:\develop\apache-maven-3.6.3\repository\org\yaml\snakeyaml\1.26\snakeyaml-1.26.jar;E:\develop\apache-maven-3.6.3\repository\org\springframework\boot\spring-boot-starter-json\2.3.9.RELEASE\spring-boot-starter-json-2.3.9.RELEASE.jar;E:\develop\apache-maven-3.6.3\repository\com\fasterxml\jackson\datatype\jackson-datatype-jdk8\2.11.4\jackson-datatype-jdk8-2.11.4.jar;E:\develop\apache-maven-3.6.3\repository\com\fasterxml\jackson\datatype\jackson-datatype-jsr310\2.11.4\jackson-datatype-jsr310-2.11.4.jar;E:\develop\apache-maven-3.6.3\repository\com\fasterxml\jackson\module\jackson-module-parameter-names\2.11.4\jackson-module-parameter-names-2.11.4.jar;E:\develop\apache-maven-3.6.3\repository\org\springframework\boot\spring-boot-starter-tomcat\2.3.9.RELEASE\spring-boot-starter-tomcat-2.3.9.RELEASE.jar;E:\develop\apache-maven-3.6.3\repository\org\apache\tomcat\embed\tomcat-embed-core\9.0.43\tomcat-embed-core-9.0.43.jar;E:\develop\apache-maven-3.6.3\repository\org\glassfish\jakarta.el\3.0.3\jakarta.el-3.0.3.jar;E:\develop\apache-maven-3.6.3\repository\org\apache\tomcat\embed\tomcat-embed-websocket\9.0.43\tomcat-embed-websocket-9.0.43.jar;E:\develop\apache-maven-3.6.3\repository\org\springframework\spring-web\5.2.13.RELEASE\spring-web-5.2.13.RELEASE.jar;E:\develop\apache-maven-3.6.3\repository\org\springframework\spring-beans\5.2.13.RELEASE\spring-beans-5.2.13.RELEASE.jar;E:\develop\apache-maven-3.6.3\repository\org\springframework\spring-webmvc\5.2.13.RELEASE\spring-webmvc-5.2.13.RELEASE.jar;E:\develop\apache-maven-3.6.3\repository\org\springframework\spring-aop\5.2.13.RELEASE\spring-aop-5.2.13.RELEASE.jar;E:\develop\apache-maven-3.6.3\repository\org\springframework\spring-expression\5.2.13.RELEASE\spring-expression-5.2.13.RELEASE.jar;E:\develop\apache-maven-3.6.3\repository\org\springframework\boot\spring-boot-starter-data-redis\2.3.9.RELEASE\spring-boot-starter-data-redis-2.3.9.RELEASE.jar;E:\develop\apache-maven-3.6.3\repository\org\springframework\data\spring-data-redis\2.3.7.RELEASE\spring-data-redis-2.3.7.RELEASE.jar;E:\develop\apache-maven-3.6.3\repository\org\springframework\data\spring-data-keyvalue\2.3.7.RELEASE\spring-data-keyvalue-2.3.7.RELEASE.jar;E:\develop\apache-maven-3.6.3\repository\org\springframework\data\spring-data-commons\2.3.7.RELEASE\spring-data-commons-2.3.7.RELEASE.jar;E:\develop\apache-maven-3.6.3\repository\org\springframework\spring-tx\5.2.13.RELEASE\spring-tx-5.2.13.RELEASE.jar;E:\develop\apache-maven-3.6.3\repository\org\springframework\spring-oxm\5.2.13.RELEASE\spring-oxm-5.2.13.RELEASE.jar;E:\develop\apache-maven-3.6.3\repository\org\springframework\spring-context-support\5.2.13.RELEASE\spring-context-support-5.2.13.RELEASE.jar;E:\develop\apache-maven-3.6.3\repository\io\lettuce\lettuce-core\5.3.6.RELEASE\lettuce-core-5.3.6.RELEASE.jar;E:\develop\apache-maven-3.6.3\repository\io\netty\netty-common\4.1.59.Final\netty-common-4.1.59.Final.jar;E:\develop\apache-maven-3.6.3\repository\io\netty\netty-handler\4.1.59.Final\netty-handler-4.1.59.Final.jar;E:\develop\apache-maven-3.6.3\repository\io\netty\netty-resolver\4.1.59.Final\netty-resolver-4.1.59.Final.jar;E:\develop\apache-maven-3.6.3\repository\io\netty\netty-buffer\4.1.59.Final\netty-buffer-4.1.59.Final.jar;E:\develop\apache-maven-3.6.3\repository\io\netty\netty-codec\4.1.59.Final\netty-codec-4.1.59.Final.jar;E:\develop\apache-maven-3.6.3\repository\io\netty\netty-transport\4.1.59.Final\netty-transport-4.1.59.Final.jar;E:\develop\apache-maven-3.6.3\repository\io\projectreactor\reactor-core\3.4.3\reactor-core-3.4.3.jar;E:\develop\apache-maven-3.6.3\repository\org\reactivestreams\reactive-streams\1.0.3\reactive-streams-1.0.3.jar;E:\develop\apache-maven-3.6.3\repository\org\projectlombok\lombok\1.18.8\lombok-1.18.8.jar;E:\develop\apache-maven-3.6.3\repository\org\apache\commons\commons-lang3\3.7\commons-lang3-3.7.jar;E:\develop\apache-maven-3.6.3\repository\com\fasterxml\jackson\core\jackson-databind\2.11.0\jackson-databind-2.11.0.jar;E:\develop\apache-maven-3.6.3\repository\com\fasterxml\jackson\core\jackson-annotations\2.11.4\jackson-annotations-2.11.4.jar;E:\develop\apache-maven-3.6.3\repository\com\fasterxml\jackson\core\jackson-core\2.11.4\jackson-core-2.11.4.jar;E:\develop\apache-maven-3.6.3\repository\commons-codec\commons-codec\1.11\commons-codec-1.11.jar;E:\develop\apache-maven-3.6.3\repository\joda-time\joda-time\2.5\joda-time-2.5.jar;E:\develop\apache-maven-3.6.3\repository\io\jsonwebtoken\jjwt\0.9.1\jjwt-0.9.1.jar;E:\develop\apache-maven-3.6.3\repository\com\github\tobato\fastdfs-client\1.26.7\fastdfs-client-1.26.7.jar;E:\develop\apache-maven-3.6.3\repository\org\slf4j\slf4j-api\1.7.30\slf4j-api-1.7.30.jar;E:\develop\apache-maven-3.6.3\repository\org\slf4j\jcl-over-slf4j\1.7.30\jcl-over-slf4j-1.7.30.jar;E:\develop\apache-maven-3.6.3\repository\commons-beanutils\commons-beanutils\1.9.3\commons-beanutils-1.9.3.jar;E:\develop\apache-maven-3.6.3\repository\commons-collections\commons-collections\3.2.2\commons-collections-3.2.2.jar;E:\develop\apache-maven-3.6.3\repository\commons-io\commons-io\2.4\commons-io-2.4.jar;E:\develop\apache-maven-3.6.3\repository\org\apache\commons\commons-pool2\2.8.1\commons-pool2-2.8.1.jar;E:\develop\apache-maven-3.6.3\repository\org\springframework\spring-core\5.2.13.RELEASE\spring-core-5.2.13.RELEASE.jar;E:\develop\apache-maven-3.6.3\repository\org\springframework\spring-jcl\5.2.13.RELEASE\spring-jcl-5.2.13.RELEASE.jar;E:\develop\apache-maven-3.6.3\repository\org\hibernate\validator\hibernate-validator\6.1.7.Final\hibernate-validator-6.1.7.Final.jar;E:\develop\apache-maven-3.6.3\repository\jakarta\validation\jakarta.validation-api\2.0.2\jakarta.validation-api-2.0.2.jar;E:\develop\apache-maven-3.6.3\repository\org\jboss\logging\jboss-logging\3.4.1.Final\jboss-logging-3.4.1.Final.jar;E:\develop\apache-maven-3.6.3\repository\com\fasterxml\classmate\1.5.1\classmate-1.5.1.jar;E:\develop\apache-maven-3.6.3\repository\org\springframework\boot\spring-boot-autoconfigure\2.3.9.RELEASE\spring-boot-autoconfigure-2.3.9.RELEASE.jar;E:\develop\apache-maven-3.6.3\repository\org\springframework\spring-context\5.2.13.RELEASE\spring-context-5.2.13.RELEASE.jar;E:\develop\apache-maven-3.6.3\repository\net\coobird\thumbnailator\0.4.8\thumbnailator-0.4.8.jar;E:\develop\apache-maven-3.6.3\repository\com\alibaba\cloud\spring-cloud-starter-dubbo\2.2.5.RELEASE\spring-cloud-starter-dubbo-2.2.5.RELEASE.jar;E:\develop\apache-maven-3.6.3\repository\org\springframework\cloud\spring-cloud-openfeign-core\2.2.7.RELEASE\spring-cloud-openfeign-core-2.2.7.RELEASE.jar;E:\develop\apache-maven-3.6.3\repository\org\springframework\cloud\spring-cloud-netflix-ribbon\2.2.7.RELEASE\spring-cloud-netflix-ribbon-2.2.7.RELEASE.jar;E:\develop\apache-maven-3.6.3\repository\org\springframework\cloud\spring-cloud-netflix-archaius\2.2.7.RELEASE\spring-cloud-netflix-archaius-2.2.7.RELEASE.jar;E:\develop\apache-maven-3.6.3\repository\org\springframework\boot\spring-boot-starter-aop\2.3.9.RELEASE\spring-boot-starter-aop-2.3.9.RELEASE.jar;E:\develop\apache-maven-3.6.3\repository\org\aspectj\aspectjweaver\1.9.6\aspectjweaver-1.9.6.jar;E:\develop\apache-maven-3.6.3\repository\io\github\openfeign\form\feign-form-spring\3.8.0\feign-form-spring-3.8.0.jar;E:\develop\apache-maven-3.6.3\repository\io\github\openfeign\form\feign-form\3.8.0\feign-form-3.8.0.jar;E:\develop\apache-maven-3.6.3\repository\commons-fileupload\commons-fileupload\1.4\commons-fileupload-1.4.jar;E:\develop\apache-maven-3.6.3\repository\org\apache\dubbo\dubbo\2.7.8\dubbo-2.7.8.jar;E:\develop\apache-maven-3.6.3\repository\org\javassist\javassist\3.20.0-GA\javassist-3.20.0-GA.jar;E:\develop\apache-maven-3.6.3\repository\com\google\code\gson\gson\2.8.6\gson-2.8.6.jar;E:\develop\apache-maven-3.6.3\repository\org\apache\dubbo\dubbo-spring-boot-starter\2.7.8\dubbo-spring-boot-starter-2.7.8.jar;E:\develop\apache-maven-3.6.3\repository\org\apache\dubbo\dubbo-spring-boot-autoconfigure\2.7.8\dubbo-spring-boot-autoconfigure-2.7.8.jar;E:\develop\apache-maven-3.6.3\repository\org\apache\dubbo\dubbo-spring-boot-autoconfigure-compatible\2.7.8\dubbo-spring-boot-autoconfigure-compatible-2.7.8.jar;E:\develop\apache-maven-3.6.3\repository\io\netty\netty-all\4.1.59.Final\netty-all-4.1.59.Final.jar;E:\develop\apache-maven-3.6.3\repository\io\github\openfeign\feign-jaxrs2\10.10.1\feign-jaxrs2-10.10.1.jar;E:\develop\apache-maven-3.6.3\repository\io\github\openfeign\feign-core\10.10.1\feign-core-10.10.1.jar;E:\develop\apache-maven-3.6.3\repository\io\github\openfeign\feign-jaxrs\10.10.1\feign-jaxrs-10.10.1.jar;E:\develop\apache-maven-3.6.3\repository\javax\ws\rs\javax.ws.rs-api\2.1\javax.ws.rs-api-2.1.jar;E:\develop\apache-maven-3.6.3\repository\com\alibaba\cloud\spring-cloud-starter-alibaba-nacos-discovery\2.2.5.RELEASE\spring-cloud-starter-alibaba-nacos-discovery-2.2.5.RELEASE.jar;E:\develop\apache-maven-3.6.3\repository\com\alibaba\cloud\spring-cloud-alibaba-commons\2.2.5.RELEASE\spring-cloud-alibaba-commons-2.2.5.RELEASE.jar;E:\develop\apache-maven-3.6.3\repository\com\alibaba\nacos\nacos-client\1.4.1\nacos-client-1.4.1.jar;E:\develop\apache-maven-3.6.3\repository\com\alibaba\nacos\nacos-common\1.4.1\nacos-common-1.4.1.jar;E:\develop\apache-maven-3.6.3\repository\org\apache\httpcomponents\httpasyncclient\4.1.4\httpasyncclient-4.1.4.jar;E:\develop\apache-maven-3.6.3\repository\org\apache\httpcomponents\httpcore-nio\4.4.14\httpcore-nio-4.4.14.jar;E:\develop\apache-maven-3.6.3\repository\com\alibaba\nacos\nacos-api\1.4.1\nacos-api-1.4.1.jar;E:\develop\apache-maven-3.6.3\repository\com\google\guava\guava\29.0-jre\guava-29.0-jre.jar;E:\develop\apache-maven-3.6.3\repository\com\google\guava\failureaccess\1.0.1\failureaccess-1.0.1.jar;E:\develop\apache-maven-3.6.3\repository\com\google\guava\listenablefuture\9999.0-empty-to-avoid-conflict-with-guava\listenablefuture-9999.0-empty-to-avoid-conflict-with-guava.jar;E:\develop\apache-maven-3.6.3\repository\com\google\code\findbugs\jsr305\3.0.2\jsr305-3.0.2.jar;E:\develop\apache-maven-3.6.3\repository\org\checkerframework\checker-qual\2.11.1\checker-qual-2.11.1.jar;E:\develop\apache-maven-3.6.3\repository\com\google\errorprone\error_prone_annotations\2.3.4\error_prone_annotations-2.3.4.jar;E:\develop\apache-maven-3.6.3\repository\com\google\j2objc\j2objc-annotations\1.3\j2objc-annotations-1.3.jar;E:\develop\apache-maven-3.6.3\repository\io\prometheus\simpleclient\0.5.0\simpleclient-0.5.0.jar;E:\develop\apache-maven-3.6.3\repository\com\alibaba\spring\spring-context-support\1.0.10\spring-context-support-1.0.10.jar;E:\develop\apache-maven-3.6.3\repository\org\springframework\cloud\spring-cloud-commons\2.2.7.RELEASE\spring-cloud-commons-2.2.7.RELEASE.jar;E:\develop\apache-maven-3.6.3\repository\org\springframework\security\spring-security-crypto\5.3.8.RELEASE\spring-security-crypto-5.3.8.RELEASE.jar;E:\develop\apache-maven-3.6.3\repository\org\springframework\cloud\spring-cloud-context\2.2.7.RELEASE\spring-cloud-context-2.2.7.RELEASE.jar;E:\develop\apache-maven-3.6.3\repository\org\springframework\cloud\spring-cloud-starter-netflix-ribbon\2.2.7.RELEASE\spring-cloud-starter-netflix-ribbon-2.2.7.RELEASE.jar;E:\develop\apache-maven-3.6.3\repository\org\springframework\cloud\spring-cloud-starter\2.2.7.RELEASE\spring-cloud-starter-2.2.7.RELEASE.jar;E:\develop\apache-maven-3.6.3\repository\org\springframework\security\spring-security-rsa\1.0.9.RELEASE\spring-security-rsa-1.0.9.RELEASE.jar;E:\develop\apache-maven-3.6.3\repository\org\springframework\cloud\spring-cloud-starter-netflix-archaius\2.2.7.RELEASE\spring-cloud-starter-netflix-archaius-2.2.7.RELEASE.jar;E:\develop\apache-maven-3.6.3\repository\com\netflix\archaius\archaius-core\0.7.7\archaius-core-0.7.7.jar;E:\develop\apache-maven-3.6.3\repository\commons-configuration\commons-configuration\1.8\commons-configuration-1.8.jar;E:\develop\apache-maven-3.6.3\repository\com\netflix\ribbon\ribbon\2.3.0\ribbon-2.3.0.jar;E:\develop\apache-maven-3.6.3\repository\com\netflix\ribbon\ribbon-transport\2.3.0\ribbon-transport-2.3.0.jar;E:\develop\apache-maven-3.6.3\repository\io\reactivex\rxnetty-contexts\0.4.9\rxnetty-contexts-0.4.9.jar;E:\develop\apache-maven-3.6.3\repository\io\reactivex\rxnetty-servo\0.4.9\rxnetty-servo-0.4.9.jar;E:\develop\apache-maven-3.6.3\repository\com\netflix\hystrix\hystrix-core\1.5.18\hystrix-core-1.5.18.jar;E:\develop\apache-maven-3.6.3\repository\org\hdrhistogram\HdrHistogram\2.1.9\HdrHistogram-2.1.9.jar;E:\develop\apache-maven-3.6.3\repository\javax\inject\javax.inject\1\javax.inject-1.jar;E:\develop\apache-maven-3.6.3\repository\io\reactivex\rxnetty\0.4.9\rxnetty-0.4.9.jar;E:\develop\apache-maven-3.6.3\repository\com\netflix\ribbon\ribbon-core\2.3.0\ribbon-core-2.3.0.jar;E:\develop\apache-maven-3.6.3\repository\commons-lang\commons-lang\2.6\commons-lang-2.6.jar;E:\develop\apache-maven-3.6.3\repository\com\netflix\ribbon\ribbon-httpclient\2.3.0\ribbon-httpclient-2.3.0.jar;E:\develop\apache-maven-3.6.3\repository\com\sun\jersey\jersey-client\1.19.1\jersey-client-1.19.1.jar;E:\develop\apache-maven-3.6.3\repository\com\sun\jersey\jersey-core\1.19.1\jersey-core-1.19.1.jar;E:\develop\apache-maven-3.6.3\repository\javax\ws\rs\jsr311-api\1.1.1\jsr311-api-1.1.1.jar;E:\develop\apache-maven-3.6.3\repository\com\sun\jersey\contribs\jersey-apache-client4\1.19.1\jersey-apache-client4-1.19.1.jar;E:\develop\apache-maven-3.6.3\repository\com\netflix\servo\servo-core\0.12.21\servo-core-0.12.21.jar;E:\develop\apache-maven-3.6.3\repository\com\netflix\netflix-commons\netflix-commons-util\0.3.0\netflix-commons-util-0.3.0.jar;E:\develop\apache-maven-3.6.3\repository\com\netflix\ribbon\ribbon-loadbalancer\2.3.0\ribbon-loadbalancer-2.3.0.jar;E:\develop\apache-maven-3.6.3\repository\com\netflix\netflix-commons\netflix-statistics\0.1.1\netflix-statistics-0.1.1.jar;E:\develop\apache-maven-3.6.3\repository\io\reactivex\rxjava\1.3.8\rxjava-1.3.8.jar;E:\develop\apache-maven-3.6.3\repository\com\alibaba\cloud\spring-cloud-starter-alibaba-nacos-config\2.2.5.RELEASE\spring-cloud-starter-alibaba-nacos-config-2.2.5.RELEASE.jar;E:\develop\apache-maven-3.6.3\repository\org\springframework\boot\spring-boot-starter-amqp\2.3.9.RELEASE\spring-boot-starter-amqp-2.3.9.RELEASE.jar;E:\develop\apache-maven-3.6.3\repository\org\springframework\spring-messaging\5.2.13.RELEASE\spring-messaging-5.2.13.RELEASE.jar;E:\develop\apache-maven-3.6.3\repository\org\springframework\amqp\spring-rabbit\2.2.15.RELEASE\spring-rabbit-2.2.15.RELEASE.jar;E:\develop\apache-maven-3.6.3\repository\com\rabbitmq\amqp-client\5.9.0\amqp-client-5.9.0.jar;E:\develop\apache-maven-3.6.3\repository\org\springframework\amqp\spring-amqp\2.2.15.RELEASE\spring-amqp-2.2.15.RELEASE.jar;E:\develop\apache-maven-3.6.3\repository\org\springframework\retry\spring-retry\1.2.5.RELEASE\spring-retry-1.2.5.RELEASE.jar;E:\project\java\springboot\tanhua\tanhua-dubbo\tanhua-dubbo-interface\target\tanhua-dubbo-interface-1.0-SNAPSHOT.jar;E:\project\java\springboot\tanhua\tanhua-model\target\tanhua-model-1.0-SNAPSHOT.jar;E:\develop\apache-maven-3.6.3\repository\org\springframework\boot\spring-boot-starter-data-mongodb\2.3.9.RELEASE\spring-boot-starter-data-mongodb-2.3.9.RELEASE.jar;E:\develop\apache-maven-3.6.3\repository\org\springframework\data\spring-data-mongodb\3.0.7.RELEASE\spring-data-mongodb-3.0.7.RELEASE.jar;E:\develop\apache-maven-3.6.3\repository\org\mongodb\mongodb-driver-sync\4.0.5\mongodb-driver-sync-4.0.5.jar;E:\develop\apache-maven-3.6.3\repository\org\mongodb\bson\4.0.5\bson-4.0.5.jar;E:\develop\apache-maven-3.6.3\repository\org\mongodb\mongodb-driver-core\4.0.5\mongodb-driver-core-4.0.5.jar;E:\develop\apache-maven-3.6.3\repository\com\baomidou\mybatis-plus\3.4.1\mybatis-plus-3.4.1.jar;E:\develop\apache-maven-3.6.3\repository\com\baomidou\mybatis-plus-extension\3.4.1\mybatis-plus-extension-3.4.1.jar;E:\develop\apache-maven-3.6.3\repository\com\baomidou\mybatis-plus-core\3.4.1\mybatis-plus-core-3.4.1.jar;E:\develop\apache-maven-3.6.3\repository\com\baomidou\mybatis-plus-annotation\3.4.1\mybatis-plus-annotation-3.4.1.jar;E:\develop\apache-maven-3.6.3\repository\com\github\jsqlparser\jsqlparser\3.2\jsqlparser-3.2.jar;E:\develop\apache-maven-3.6.3\repository\org\mybatis\mybatis\3.5.6\mybatis-3.5.6.jar;E:\develop\apache-maven-3.6.3\repository\org\mybatis\mybatis-spring\2.0.5\mybatis-spring-2.0.5.jar;E:\project\java\springboot\tanhua\tanhua-commons\target\tanhua-commons-1.0-SNAPSHOT.jar;E:\project\java\springboot\tanhua\tanhua-autoconfig\target\tanhua-autoconfig-1.0-SNAPSHOT.jar;E:\develop\apache-maven-3.6.3\repository\com\aliyun\aliyun-java-sdk-core\4.5.3\aliyun-java-sdk-core-4.5.3.jar;E:\develop\apache-maven-3.6.3\repository\org\apache\httpcomponents\httpclient\4.5.13\httpclient-4.5.13.jar;E:\develop\apache-maven-3.6.3\repository\org\apache\httpcomponents\httpcore\4.4.14\httpcore-4.4.14.jar;E:\develop\apache-maven-3.6.3\repository\commons-logging\commons-logging\1.2\commons-logging-1.2.jar;E:\develop\apache-maven-3.6.3\repository\javax\xml\bind\jaxb-api\2.3.1\jaxb-api-2.3.1.jar;E:\develop\apache-maven-3.6.3\repository\javax\activation\javax.activation-api\1.2.0\javax.activation-api-1.2.0.jar;E:\develop\apache-maven-3.6.3\repository\org\jacoco\org.jacoco.agent\0.8.5\org.jacoco.agent-0.8.5-runtime.jar;E:\develop\apache-maven-3.6.3\repository\org\ini4j\ini4j\0.5.4\ini4j-0.5.4.jar;E:\develop\apache-maven-3.6.3\repository\io\opentracing\opentracing-api\0.33.0\opentracing-api-0.33.0.jar;E:\develop\apache-maven-3.6.3\repository\io\opentracing\opentracing-util\0.33.0\opentracing-util-0.33.0.jar;E:\develop\apache-maven-3.6.3\repository\io\opentracing\opentracing-noop\0.33.0\opentracing-noop-0.33.0.jar;E:\develop\apache-maven-3.6.3\repository\com\aliyun\dysmsapi20170525\2.0.1\dysmsapi20170525-2.0.1.jar;E:\develop\apache-maven-3.6.3\repository\com\aliyun\tea-util\0.2.9\tea-util-0.2.9.jar;E:\develop\apache-maven-3.6.3\repository\com\aliyun\tea-rpc\0.0.11\tea-rpc-0.0.11.jar;E:\develop\apache-maven-3.6.3\repository\com\aliyun\endpoint-util\0.0.6\endpoint-util-0.0.6.jar;E:\develop\apache-maven-3.6.3\repository\com\aliyun\tea\1.2.0\tea-1.2.0.jar;E:\develop\apache-maven-3.6.3\repository\com\squareup\okhttp3\okhttp\3.14.9\okhttp-3.14.9.jar;E:\develop\apache-maven-3.6.3\repository\com\squareup\okio\okio\1.17.2\okio-1.17.2.jar;E:\develop\apache-maven-3.6.3\repository\com\aliyun\tea-openapi\0.0.7\tea-openapi-0.0.7.jar;E:\develop\apache-maven-3.6.3\repository\com\aliyun\oss\aliyun-sdk-oss\3.10.2\aliyun-sdk-oss-3.10.2.jar;E:\develop\apache-maven-3.6.3\repository\org\jdom\jdom2\2.0.6\jdom2-2.0.6.jar;E:\develop\apache-maven-3.6.3\repository\org\codehaus\jettison\jettison\1.1\jettison-1.1.jar;E:\develop\apache-maven-3.6.3\repository\stax\stax-api\1.0.1\stax-api-1.0.1.jar;E:\develop\apache-maven-3.6.3\repository\com\aliyun\aliyun-java-sdk-ram\3.0.0\aliyun-java-sdk-ram-3.0.0.jar;E:\develop\apache-maven-3.6.3\repository\com\aliyun\aliyun-java-sdk-sts\3.0.0\aliyun-java-sdk-sts-3.0.0.jar;E:\develop\apache-maven-3.6.3\repository\com\aliyun\aliyun-java-sdk-ecs\4.2.0\aliyun-java-sdk-ecs-4.2.0.jar;E:\develop\apache-maven-3.6.3\repository\com\aliyun\aliyun-java-sdk-kms\2.7.0\aliyun-java-sdk-kms-2.7.0.jar;E:\develop\apache-maven-3.6.3\repository\com\aliyun\facebody20191230\1.0.10\facebody20191230-1.0.10.jar;E:\develop\apache-maven-3.6.3\repository\com\aliyun\credentials-java\0.2.2\credentials-java-0.2.2.jar;E:\develop\apache-maven-3.6.3\repository\com\sun\xml\bind\jaxb-core\2.3.0\jaxb-core-2.3.0.jar;E:\develop\apache-maven-3.6.3\repository\com\sun\xml\bind\jaxb-impl\2.3.0\jaxb-impl-2.3.0.jar;E:\develop\apache-maven-3.6.3\repository\com\aliyun\oss-client\3.0.2\oss-client-3.0.2.jar;E:\develop\apache-maven-3.6.3\repository\com\aliyun\tea-xml\0.1.1\tea-xml-0.1.1.jar;E:\develop\apache-maven-3.6.3\repository\com\aliyun\openplatform20191219\3.0.2\openplatform20191219-3.0.2.jar;E:\develop\apache-maven-3.6.3\repository\com\aliyun\tea-rpc-util\0.1.2\tea-rpc-util-0.1.2.jar;E:\develop\apache-maven-3.6.3\repository\dom4j\dom4j\1.6.1\dom4j-1.6.1.jar;E:\develop\apache-maven-3.6.3\repository\xml-apis\xml-apis\1.0.b2\xml-apis-1.0.b2.jar;E:\develop\apache-maven-3.6.3\repository\com\aliyun\oss-util\1.0.0\oss-util-1.0.0.jar;E:\develop\apache-maven-3.6.3\repository\com\aliyun\tea-fileform\0.0.3\tea-fileform-0.0.3.jar;E:\develop\apache-maven-3.6.3\repository\com\aliyun\openapiutil\0.1.4\openapiutil-0.1.4.jar;E:\develop\apache-maven-3.6.3\repository\org\bouncycastle\bcpkix-jdk15on\1.65\bcpkix-jdk15on-1.65.jar;E:\develop\apache-maven-3.6.3\repository\org\bouncycastle\bcprov-jdk15on\1.65\bcprov-jdk15on-1.65.jar;E:\develop\apache-maven-3.6.3\repository\com\baidu\aip\java-sdk\4.8.0\java-sdk-4.8.0.jar;E:\develop\apache-maven-3.6.3\repository\org\json\json\20160810\json-20160810.jar;E:\develop\apache-maven-3.6.3\repository\log4j\log4j\1.2.17\log4j-1.2.17.jar;E:\develop\apache-maven-3.6.3\repository\com\easemob\im\im-sdk-core\0.2.5\im-sdk-core-0.2.5.jar;E:\develop\apache-maven-3.6.3\repository\io\github\resilience4j\resilience4j-circuitbreaker\1.3.1\resilience4j-circuitbreaker-1.3.1.jar;E:\develop\apache-maven-3.6.3\repository\io\vavr\vavr\0.10.2\vavr-0.10.2.jar;E:\develop\apache-maven-3.6.3\repository\io\vavr\vavr-match\0.10.2\vavr-match-0.10.2.jar;E:\develop\apache-maven-3.6.3\repository\io\github\resilience4j\resilience4j-core\1.3.1\resilience4j-core-1.3.1.jar;E:\develop\apache-maven-3.6.3\repository\io\github\resilience4j\resilience4j-reactor\1.3.1\resilience4j-reactor-1.3.1.jar;E:\develop\apache-maven-3.6.3\repository\io\projectreactor\netty\reactor-netty-core\1.0.4\reactor-netty-core-1.0.4.jar;E:\develop\apache-maven-3.6.3\repository\io\netty\netty-handler-proxy\4.1.59.Final\netty-handler-proxy-4.1.59.Final.jar;E:\develop\apache-maven-3.6.3\repository\io\netty\netty-codec-socks\4.1.59.Final\netty-codec-socks-4.1.59.Final.jar;E:\develop\apache-maven-3.6.3\repository\io\netty\netty-resolver-dns\4.1.59.Final\netty-resolver-dns-4.1.59.Final.jar;E:\develop\apache-maven-3.6.3\repository\io\netty\netty-codec-dns\4.1.59.Final\netty-codec-dns-4.1.59.Final.jar;E:\develop\apache-maven-3.6.3\repository\io\netty\netty-resolver-dns-native-macos\4.1.59.Final\netty-resolver-dns-native-macos-4.1.59.Final-osx-x86_64.jar;E:\develop\apache-maven-3.6.3\repository\io\netty\netty-transport-native-unix-common\4.1.59.Final\netty-transport-native-unix-common-4.1.59.Final.jar;E:\develop\apache-maven-3.6.3\repository\io\netty\netty-transport-native-epoll\4.1.59.Final\netty-transport-native-epoll-4.1.59.Final-linux-x86_64.jar;E:\develop\apache-maven-3.6.3\repository\io\projectreactor\netty\reactor-netty-http\1.0.4\reactor-netty-http-1.0.4.jar;E:\develop\apache-maven-3.6.3\repository\io\netty\netty-codec-http\4.1.59.Final\netty-codec-http-4.1.59.Final.jar;E:\develop\apache-maven-3.6.3\repository\io\netty\netty-codec-http2\4.1.59.Final\netty-codec-http2-4.1.59.Final.jar;E:\develop\apache-maven-3.6.3\repository\org\apache\logging\log4j\log4j-api\2.13.3\log4j-api-2.13.3.jar;E:\develop\apache-maven-3.6.3\repository\com\aliyun\aliyun-java-sdk-green\3.6.1\aliyun-java-sdk-green-3.6.1.jar;E:\develop\apache-maven-3.6.3\repository\org\springframework\boot\spring-boot-starter-test\2.3.9.RELEASE\spring-boot-starter-test-2.3.9.RELEASE.jar;E:\develop\apache-maven-3.6.3\repository\org\springframework\boot\spring-boot-test\2.3.9.RELEASE\spring-boot-test-2.3.9.RELEASE.jar;E:\develop\apache-maven-3.6.3\repository\org\springframework\boot\spring-boot-test-autoconfigure\2.3.9.RELEASE\spring-boot-test-autoconfigure-2.3.9.RELEASE.jar;E:\develop\apache-maven-3.6.3\repository\com\jayway\jsonpath\json-path\2.4.0\json-path-2.4.0.jar;E:\develop\apache-maven-3.6.3\repository\net\minidev\json-smart\2.3\json-smart-2.3.jar;E:\develop\apache-maven-3.6.3\repository\net\minidev\accessors-smart\1.2\accessors-smart-1.2.jar;E:\develop\apache-maven-3.6.3\repository\org\ow2\asm\asm\5.0.4\asm-5.0.4.jar;E:\develop\apache-maven-3.6.3\repository\jakarta\xml\bind\jakarta.xml.bind-api\2.3.3\jakarta.xml.bind-api-2.3.3.jar;E:\develop\apache-maven-3.6.3\repository\jakarta\activation\jakarta.activation-api\1.2.2\jakarta.activation-api-1.2.2.jar;E:\develop\apache-maven-3.6.3\repository\org\assertj\assertj-core\3.16.1\assertj-core-3.16.1.jar;E:\develop\apache-maven-3.6.3\repository\org\hamcrest\hamcrest\2.2\hamcrest-2.2.jar;E:\develop\apache-maven-3.6.3\repository\org\junit\jupiter\junit-jupiter\5.6.3\junit-jupiter-5.6.3.jar;E:\develop\apache-maven-3.6.3\repository\org\junit\jupiter\junit-jupiter-api\5.6.3\junit-jupiter-api-5.6.3.jar;E:\develop\apache-maven-3.6.3\repository\org\opentest4j\opentest4j\1.2.0\opentest4j-1.2.0.jar;E:\develop\apache-maven-3.6.3\repository\org\junit\platform\junit-platform-commons\1.6.3\junit-platform-commons-1.6.3.jar;E:\develop\apache-maven-3.6.3\repository\org\junit\jupiter\junit-jupiter-params\5.6.3\junit-jupiter-params-5.6.3.jar;E:\develop\apache-maven-3.6.3\repository\org\junit\jupiter\junit-jupiter-engine\5.6.3\junit-jupiter-engine-5.6.3.jar;E:\develop\apache-maven-3.6.3\repository\org\junit\vintage\junit-vintage-engine\5.6.3\junit-vintage-engine-5.6.3.jar;E:\develop\apache-maven-3.6.3\repository\org\apiguardian\apiguardian-api\1.1.0\apiguardian-api-1.1.0.jar;E:\develop\apache-maven-3.6.3\repository\org\junit\platform\junit-platform-engine\1.6.3\junit-platform-engine-1.6.3.jar;E:\develop\apache-maven-3.6.3\repository\org\mockito\mockito-core\3.3.3\mockito-core-3.3.3.jar;E:\develop\apache-maven-3.6.3\repository\net\bytebuddy\byte-buddy\1.10.20\byte-buddy-1.10.20.jar;E:\develop\apache-maven-3.6.3\repository\net\bytebuddy\byte-buddy-agent\1.10.20\byte-buddy-agent-1.10.20.jar;E:\develop\apache-maven-3.6.3\repository\org\objenesis\objenesis\2.6\objenesis-2.6.jar;E:\develop\apache-maven-3.6.3\repository\org\mockito\mockito-junit-jupiter\3.3.3\mockito-junit-jupiter-3.3.3.jar;E:\develop\apache-maven-3.6.3\repository\org\skyscreamer\jsonassert\1.5.0\jsonassert-1.5.0.jar;E:\develop\apache-maven-3.6.3\repository\com\vaadin\external\google\android-json\0.0.20131108.vaadin1\android-json-0.0.20131108.vaadin1.jar;E:\develop\apache-maven-3.6.3\repository\org\springframework\spring-test\5.2.13.RELEASE\spring-test-5.2.13.RELEASE.jar;E:\develop\apache-maven-3.6.3\repository\org\xmlunit\xmlunit-core\2.7.0\xmlunit-core-2.7.0.jar;E:\develop\apache-maven-3.6.3\repository\junit\junit\4.12\junit-4.12.jar;E:\develop\apache-maven-3.6.3\repository\org\hamcrest\hamcrest-core\2.2\hamcrest-core-2.2.jar;E:\develop\apache-maven-3.6.3\repository\cn\hutool\hutool-all\5.4.3\hutool-all-5.4.3.jar;E:\develop\apache-maven-3.6.3\repository\com\alibaba\fastjson\1.2.8\fastjson-1.2.8.jar;"/>
    <property name="java.vm.vendor" value="Oracle Corporation"/>
    <property name="sun.arch.data.model" value="64"/>
    <property name="user.variant" value=""/>
    <property name="java.vendor.url" value="http://java.oracle.com/"/>
    <property name="user.timezone" value="Asia/Shanghai"/>
    <property name="java.vm.specification.version" value="1.8"/>
    <property name="os.name" value="Windows 10"/>
    <property name="user.country" value="CN"/>
    <property name="sun.java.launcher" value="SUN_STANDARD"/>
    <property name="sun.boot.library.path" value="E:\develop\Java\jdk1.8.0_171\jre\bin"/>
    <property name="sun.java.command" value="C:\Users\Coder\AppData\Local\Temp\surefire2808363442678148174\surefirebooter6051390943923611400.jar C:\Users\Coder\AppData\Local\Temp\surefire2808363442678148174 2022-07-20T18-30-31_780-jvmRun1 surefire8540342253619267997tmp surefire_14833249748366391836tmp"/>
    <property name="surefire.test.class.path" value="E:\project\java\springboot\tanhua\tanhua-app-server\target\test-classes;E:\project\java\springboot\tanhua\tanhua-app-server\target\classes;E:\develop\apache-maven-3.6.3\repository\org\springframework\boot\spring-boot-starter-web\2.3.9.RELEASE\spring-boot-starter-web-2.3.9.RELEASE.jar;E:\develop\apache-maven-3.6.3\repository\org\springframework\boot\spring-boot-starter\2.3.9.RELEASE\spring-boot-starter-2.3.9.RELEASE.jar;E:\develop\apache-maven-3.6.3\repository\org\springframework\boot\spring-boot\2.3.9.RELEASE\spring-boot-2.3.9.RELEASE.jar;E:\develop\apache-maven-3.6.3\repository\org\springframework\boot\spring-boot-starter-logging\2.3.9.RELEASE\spring-boot-starter-logging-2.3.9.RELEASE.jar;E:\develop\apache-maven-3.6.3\repository\ch\qos\logback\logback-classic\1.2.3\logback-classic-1.2.3.jar;E:\develop\apache-maven-3.6.3\repository\ch\qos\logback\logback-core\1.2.3\logback-core-1.2.3.jar;E:\develop\apache-maven-3.6.3\repository\org\apache\logging\log4j\log4j-to-slf4j\2.13.3\log4j-to-slf4j-2.13.3.jar;E:\develop\apache-maven-3.6.3\repository\org\slf4j\jul-to-slf4j\1.7.30\jul-to-slf4j-1.7.30.jar;E:\develop\apache-maven-3.6.3\repository\jakarta\annotation\jakarta.annotation-api\1.3.5\jakarta.annotation-api-1.3.5.jar;E:\develop\apache-maven-3.6.3\repository\org\yaml\snakeyaml\1.26\snakeyaml-1.26.jar;E:\develop\apache-maven-3.6.3\repository\org\springframework\boot\spring-boot-starter-json\2.3.9.RELEASE\spring-boot-starter-json-2.3.9.RELEASE.jar;E:\develop\apache-maven-3.6.3\repository\com\fasterxml\jackson\datatype\jackson-datatype-jdk8\2.11.4\jackson-datatype-jdk8-2.11.4.jar;E:\develop\apache-maven-3.6.3\repository\com\fasterxml\jackson\datatype\jackson-datatype-jsr310\2.11.4\jackson-datatype-jsr310-2.11.4.jar;E:\develop\apache-maven-3.6.3\repository\com\fasterxml\jackson\module\jackson-module-parameter-names\2.11.4\jackson-module-parameter-names-2.11.4.jar;E:\develop\apache-maven-3.6.3\repository\org\springframework\boot\spring-boot-starter-tomcat\2.3.9.RELEASE\spring-boot-starter-tomcat-2.3.9.RELEASE.jar;E:\develop\apache-maven-3.6.3\repository\org\apache\tomcat\embed\tomcat-embed-core\9.0.43\tomcat-embed-core-9.0.43.jar;E:\develop\apache-maven-3.6.3\repository\org\glassfish\jakarta.el\3.0.3\jakarta.el-3.0.3.jar;E:\develop\apache-maven-3.6.3\repository\org\apache\tomcat\embed\tomcat-embed-websocket\9.0.43\tomcat-embed-websocket-9.0.43.jar;E:\develop\apache-maven-3.6.3\repository\org\springframework\spring-web\5.2.13.RELEASE\spring-web-5.2.13.RELEASE.jar;E:\develop\apache-maven-3.6.3\repository\org\springframework\spring-beans\5.2.13.RELEASE\spring-beans-5.2.13.RELEASE.jar;E:\develop\apache-maven-3.6.3\repository\org\springframework\spring-webmvc\5.2.13.RELEASE\spring-webmvc-5.2.13.RELEASE.jar;E:\develop\apache-maven-3.6.3\repository\org\springframework\spring-aop\5.2.13.RELEASE\spring-aop-5.2.13.RELEASE.jar;E:\develop\apache-maven-3.6.3\repository\org\springframework\spring-expression\5.2.13.RELEASE\spring-expression-5.2.13.RELEASE.jar;E:\develop\apache-maven-3.6.3\repository\org\springframework\boot\spring-boot-starter-data-redis\2.3.9.RELEASE\spring-boot-starter-data-redis-2.3.9.RELEASE.jar;E:\develop\apache-maven-3.6.3\repository\org\springframework\data\spring-data-redis\2.3.7.RELEASE\spring-data-redis-2.3.7.RELEASE.jar;E:\develop\apache-maven-3.6.3\repository\org\springframework\data\spring-data-keyvalue\2.3.7.RELEASE\spring-data-keyvalue-2.3.7.RELEASE.jar;E:\develop\apache-maven-3.6.3\repository\org\springframework\data\spring-data-commons\2.3.7.RELEASE\spring-data-commons-2.3.7.RELEASE.jar;E:\develop\apache-maven-3.6.3\repository\org\springframework\spring-tx\5.2.13.RELEASE\spring-tx-5.2.13.RELEASE.jar;E:\develop\apache-maven-3.6.3\repository\org\springframework\spring-oxm\5.2.13.RELEASE\spring-oxm-5.2.13.RELEASE.jar;E:\develop\apache-maven-3.6.3\repository\org\springframework\spring-context-support\5.2.13.RELEASE\spring-context-support-5.2.13.RELEASE.jar;E:\develop\apache-maven-3.6.3\repository\io\lettuce\lettuce-core\5.3.6.RELEASE\lettuce-core-5.3.6.RELEASE.jar;E:\develop\apache-maven-3.6.3\repository\io\netty\netty-common\4.1.59.Final\netty-common-4.1.59.Final.jar;E:\develop\apache-maven-3.6.3\repository\io\netty\netty-handler\4.1.59.Final\netty-handler-4.1.59.Final.jar;E:\develop\apache-maven-3.6.3\repository\io\netty\netty-resolver\4.1.59.Final\netty-resolver-4.1.59.Final.jar;E:\develop\apache-maven-3.6.3\repository\io\netty\netty-buffer\4.1.59.Final\netty-buffer-4.1.59.Final.jar;E:\develop\apache-maven-3.6.3\repository\io\netty\netty-codec\4.1.59.Final\netty-codec-4.1.59.Final.jar;E:\develop\apache-maven-3.6.3\repository\io\netty\netty-transport\4.1.59.Final\netty-transport-4.1.59.Final.jar;E:\develop\apache-maven-3.6.3\repository\io\projectreactor\reactor-core\3.4.3\reactor-core-3.4.3.jar;E:\develop\apache-maven-3.6.3\repository\org\reactivestreams\reactive-streams\1.0.3\reactive-streams-1.0.3.jar;E:\develop\apache-maven-3.6.3\repository\org\projectlombok\lombok\1.18.8\lombok-1.18.8.jar;E:\develop\apache-maven-3.6.3\repository\org\apache\commons\commons-lang3\3.7\commons-lang3-3.7.jar;E:\develop\apache-maven-3.6.3\repository\com\fasterxml\jackson\core\jackson-databind\2.11.0\jackson-databind-2.11.0.jar;E:\develop\apache-maven-3.6.3\repository\com\fasterxml\jackson\core\jackson-annotations\2.11.4\jackson-annotations-2.11.4.jar;E:\develop\apache-maven-3.6.3\repository\com\fasterxml\jackson\core\jackson-core\2.11.4\jackson-core-2.11.4.jar;E:\develop\apache-maven-3.6.3\repository\commons-codec\commons-codec\1.11\commons-codec-1.11.jar;E:\develop\apache-maven-3.6.3\repository\joda-time\joda-time\2.5\joda-time-2.5.jar;E:\develop\apache-maven-3.6.3\repository\io\jsonwebtoken\jjwt\0.9.1\jjwt-0.9.1.jar;E:\develop\apache-maven-3.6.3\repository\com\github\tobato\fastdfs-client\1.26.7\fastdfs-client-1.26.7.jar;E:\develop\apache-maven-3.6.3\repository\org\slf4j\slf4j-api\1.7.30\slf4j-api-1.7.30.jar;E:\develop\apache-maven-3.6.3\repository\org\slf4j\jcl-over-slf4j\1.7.30\jcl-over-slf4j-1.7.30.jar;E:\develop\apache-maven-3.6.3\repository\commons-beanutils\commons-beanutils\1.9.3\commons-beanutils-1.9.3.jar;E:\develop\apache-maven-3.6.3\repository\commons-collections\commons-collections\3.2.2\commons-collections-3.2.2.jar;E:\develop\apache-maven-3.6.3\repository\commons-io\commons-io\2.4\commons-io-2.4.jar;E:\develop\apache-maven-3.6.3\repository\org\apache\commons\commons-pool2\2.8.1\commons-pool2-2.8.1.jar;E:\develop\apache-maven-3.6.3\repository\org\springframework\spring-core\5.2.13.RELEASE\spring-core-5.2.13.RELEASE.jar;E:\develop\apache-maven-3.6.3\repository\org\springframework\spring-jcl\5.2.13.RELEASE\spring-jcl-5.2.13.RELEASE.jar;E:\develop\apache-maven-3.6.3\repository\org\hibernate\validator\hibernate-validator\6.1.7.Final\hibernate-validator-6.1.7.Final.jar;E:\develop\apache-maven-3.6.3\repository\jakarta\validation\jakarta.validation-api\2.0.2\jakarta.validation-api-2.0.2.jar;E:\develop\apache-maven-3.6.3\repository\org\jboss\logging\jboss-logging\3.4.1.Final\jboss-logging-3.4.1.Final.jar;E:\develop\apache-maven-3.6.3\repository\com\fasterxml\classmate\1.5.1\classmate-1.5.1.jar;E:\develop\apache-maven-3.6.3\repository\org\springframework\boot\spring-boot-autoconfigure\2.3.9.RELEASE\spring-boot-autoconfigure-2.3.9.RELEASE.jar;E:\develop\apache-maven-3.6.3\repository\org\springframework\spring-context\5.2.13.RELEASE\spring-context-5.2.13.RELEASE.jar;E:\develop\apache-maven-3.6.3\repository\net\coobird\thumbnailator\0.4.8\thumbnailator-0.4.8.jar;E:\develop\apache-maven-3.6.3\repository\com\alibaba\cloud\spring-cloud-starter-dubbo\2.2.5.RELEASE\spring-cloud-starter-dubbo-2.2.5.RELEASE.jar;E:\develop\apache-maven-3.6.3\repository\org\springframework\cloud\spring-cloud-openfeign-core\2.2.7.RELEASE\spring-cloud-openfeign-core-2.2.7.RELEASE.jar;E:\develop\apache-maven-3.6.3\repository\org\springframework\cloud\spring-cloud-netflix-ribbon\2.2.7.RELEASE\spring-cloud-netflix-ribbon-2.2.7.RELEASE.jar;E:\develop\apache-maven-3.6.3\repository\org\springframework\cloud\spring-cloud-netflix-archaius\2.2.7.RELEASE\spring-cloud-netflix-archaius-2.2.7.RELEASE.jar;E:\develop\apache-maven-3.6.3\repository\org\springframework\boot\spring-boot-starter-aop\2.3.9.RELEASE\spring-boot-starter-aop-2.3.9.RELEASE.jar;E:\develop\apache-maven-3.6.3\repository\org\aspectj\aspectjweaver\1.9.6\aspectjweaver-1.9.6.jar;E:\develop\apache-maven-3.6.3\repository\io\github\openfeign\form\feign-form-spring\3.8.0\feign-form-spring-3.8.0.jar;E:\develop\apache-maven-3.6.3\repository\io\github\openfeign\form\feign-form\3.8.0\feign-form-3.8.0.jar;E:\develop\apache-maven-3.6.3\repository\commons-fileupload\commons-fileupload\1.4\commons-fileupload-1.4.jar;E:\develop\apache-maven-3.6.3\repository\org\apache\dubbo\dubbo\2.7.8\dubbo-2.7.8.jar;E:\develop\apache-maven-3.6.3\repository\org\javassist\javassist\3.20.0-GA\javassist-3.20.0-GA.jar;E:\develop\apache-maven-3.6.3\repository\com\google\code\gson\gson\2.8.6\gson-2.8.6.jar;E:\develop\apache-maven-3.6.3\repository\org\apache\dubbo\dubbo-spring-boot-starter\2.7.8\dubbo-spring-boot-starter-2.7.8.jar;E:\develop\apache-maven-3.6.3\repository\org\apache\dubbo\dubbo-spring-boot-autoconfigure\2.7.8\dubbo-spring-boot-autoconfigure-2.7.8.jar;E:\develop\apache-maven-3.6.3\repository\org\apache\dubbo\dubbo-spring-boot-autoconfigure-compatible\2.7.8\dubbo-spring-boot-autoconfigure-compatible-2.7.8.jar;E:\develop\apache-maven-3.6.3\repository\io\netty\netty-all\4.1.59.Final\netty-all-4.1.59.Final.jar;E:\develop\apache-maven-3.6.3\repository\io\github\openfeign\feign-jaxrs2\10.10.1\feign-jaxrs2-10.10.1.jar;E:\develop\apache-maven-3.6.3\repository\io\github\openfeign\feign-core\10.10.1\feign-core-10.10.1.jar;E:\develop\apache-maven-3.6.3\repository\io\github\openfeign\feign-jaxrs\10.10.1\feign-jaxrs-10.10.1.jar;E:\develop\apache-maven-3.6.3\repository\javax\ws\rs\javax.ws.rs-api\2.1\javax.ws.rs-api-2.1.jar;E:\develop\apache-maven-3.6.3\repository\com\alibaba\cloud\spring-cloud-starter-alibaba-nacos-discovery\2.2.5.RELEASE\spring-cloud-starter-alibaba-nacos-discovery-2.2.5.RELEASE.jar;E:\develop\apache-maven-3.6.3\repository\com\alibaba\cloud\spring-cloud-alibaba-commons\2.2.5.RELEASE\spring-cloud-alibaba-commons-2.2.5.RELEASE.jar;E:\develop\apache-maven-3.6.3\repository\com\alibaba\nacos\nacos-client\1.4.1\nacos-client-1.4.1.jar;E:\develop\apache-maven-3.6.3\repository\com\alibaba\nacos\nacos-common\1.4.1\nacos-common-1.4.1.jar;E:\develop\apache-maven-3.6.3\repository\org\apache\httpcomponents\httpasyncclient\4.1.4\httpasyncclient-4.1.4.jar;E:\develop\apache-maven-3.6.3\repository\org\apache\httpcomponents\httpcore-nio\4.4.14\httpcore-nio-4.4.14.jar;E:\develop\apache-maven-3.6.3\repository\com\alibaba\nacos\nacos-api\1.4.1\nacos-api-1.4.1.jar;E:\develop\apache-maven-3.6.3\repository\com\google\guava\guava\29.0-jre\guava-29.0-jre.jar;E:\develop\apache-maven-3.6.3\repository\com\google\guava\failureaccess\1.0.1\failureaccess-1.0.1.jar;E:\develop\apache-maven-3.6.3\repository\com\google\guava\listenablefuture\9999.0-empty-to-avoid-conflict-with-guava\listenablefuture-9999.0-empty-to-avoid-conflict-with-guava.jar;E:\develop\apache-maven-3.6.3\repository\com\google\code\findbugs\jsr305\3.0.2\jsr305-3.0.2.jar;E:\develop\apache-maven-3.6.3\repository\org\checkerframework\checker-qual\2.11.1\checker-qual-2.11.1.jar;E:\develop\apache-maven-3.6.3\repository\com\google\errorprone\error_prone_annotations\2.3.4\error_prone_annotations-2.3.4.jar;E:\develop\apache-maven-3.6.3\repository\com\google\j2objc\j2objc-annotations\1.3\j2objc-annotations-1.3.jar;E:\develop\apache-maven-3.6.3\repository\io\prometheus\simpleclient\0.5.0\simpleclient-0.5.0.jar;E:\develop\apache-maven-3.6.3\repository\com\alibaba\spring\spring-context-support\1.0.10\spring-context-support-1.0.10.jar;E:\develop\apache-maven-3.6.3\repository\org\springframework\cloud\spring-cloud-commons\2.2.7.RELEASE\spring-cloud-commons-2.2.7.RELEASE.jar;E:\develop\apache-maven-3.6.3\repository\org\springframework\security\spring-security-crypto\5.3.8.RELEASE\spring-security-crypto-5.3.8.RELEASE.jar;E:\develop\apache-maven-3.6.3\repository\org\springframework\cloud\spring-cloud-context\2.2.7.RELEASE\spring-cloud-context-2.2.7.RELEASE.jar;E:\develop\apache-maven-3.6.3\repository\org\springframework\cloud\spring-cloud-starter-netflix-ribbon\2.2.7.RELEASE\spring-cloud-starter-netflix-ribbon-2.2.7.RELEASE.jar;E:\develop\apache-maven-3.6.3\repository\org\springframework\cloud\spring-cloud-starter\2.2.7.RELEASE\spring-cloud-starter-2.2.7.RELEASE.jar;E:\develop\apache-maven-3.6.3\repository\org\springframework\security\spring-security-rsa\1.0.9.RELEASE\spring-security-rsa-1.0.9.RELEASE.jar;E:\develop\apache-maven-3.6.3\repository\org\springframework\cloud\spring-cloud-starter-netflix-archaius\2.2.7.RELEASE\spring-cloud-starter-netflix-archaius-2.2.7.RELEASE.jar;E:\develop\apache-maven-3.6.3\repository\com\netflix\archaius\archaius-core\0.7.7\archaius-core-0.7.7.jar;E:\develop\apache-maven-3.6.3\repository\commons-configuration\commons-configuration\1.8\commons-configuration-1.8.jar;E:\develop\apache-maven-3.6.3\repository\com\netflix\ribbon\ribbon\2.3.0\ribbon-2.3.0.jar;E:\develop\apache-maven-3.6.3\repository\com\netflix\ribbon\ribbon-transport\2.3.0\ribbon-transport-2.3.0.jar;E:\develop\apache-maven-3.6.3\repository\io\reactivex\rxnetty-contexts\0.4.9\rxnetty-contexts-0.4.9.jar;E:\develop\apache-maven-3.6.3\repository\io\reactivex\rxnetty-servo\0.4.9\rxnetty-servo-0.4.9.jar;E:\develop\apache-maven-3.6.3\repository\com\netflix\hystrix\hystrix-core\1.5.18\hystrix-core-1.5.18.jar;E:\develop\apache-maven-3.6.3\repository\org\hdrhistogram\HdrHistogram\2.1.9\HdrHistogram-2.1.9.jar;E:\develop\apache-maven-3.6.3\repository\javax\inject\javax.inject\1\javax.inject-1.jar;E:\develop\apache-maven-3.6.3\repository\io\reactivex\rxnetty\0.4.9\rxnetty-0.4.9.jar;E:\develop\apache-maven-3.6.3\repository\com\netflix\ribbon\ribbon-core\2.3.0\ribbon-core-2.3.0.jar;E:\develop\apache-maven-3.6.3\repository\commons-lang\commons-lang\2.6\commons-lang-2.6.jar;E:\develop\apache-maven-3.6.3\repository\com\netflix\ribbon\ribbon-httpclient\2.3.0\ribbon-httpclient-2.3.0.jar;E:\develop\apache-maven-3.6.3\repository\com\sun\jersey\jersey-client\1.19.1\jersey-client-1.19.1.jar;E:\develop\apache-maven-3.6.3\repository\com\sun\jersey\jersey-core\1.19.1\jersey-core-1.19.1.jar;E:\develop\apache-maven-3.6.3\repository\javax\ws\rs\jsr311-api\1.1.1\jsr311-api-1.1.1.jar;E:\develop\apache-maven-3.6.3\repository\com\sun\jersey\contribs\jersey-apache-client4\1.19.1\jersey-apache-client4-1.19.1.jar;E:\develop\apache-maven-3.6.3\repository\com\netflix\servo\servo-core\0.12.21\servo-core-0.12.21.jar;E:\develop\apache-maven-3.6.3\repository\com\netflix\netflix-commons\netflix-commons-util\0.3.0\netflix-commons-util-0.3.0.jar;E:\develop\apache-maven-3.6.3\repository\com\netflix\ribbon\ribbon-loadbalancer\2.3.0\ribbon-loadbalancer-2.3.0.jar;E:\develop\apache-maven-3.6.3\repository\com\netflix\netflix-commons\netflix-statistics\0.1.1\netflix-statistics-0.1.1.jar;E:\develop\apache-maven-3.6.3\repository\io\reactivex\rxjava\1.3.8\rxjava-1.3.8.jar;E:\develop\apache-maven-3.6.3\repository\com\alibaba\cloud\spring-cloud-starter-alibaba-nacos-config\2.2.5.RELEASE\spring-cloud-starter-alibaba-nacos-config-2.2.5.RELEASE.jar;E:\develop\apache-maven-3.6.3\repository\org\springframework\boot\spring-boot-starter-amqp\2.3.9.RELEASE\spring-boot-starter-amqp-2.3.9.RELEASE.jar;E:\develop\apache-maven-3.6.3\repository\org\springframework\spring-messaging\5.2.13.RELEASE\spring-messaging-5.2.13.RELEASE.jar;E:\develop\apache-maven-3.6.3\repository\org\springframework\amqp\spring-rabbit\2.2.15.RELEASE\spring-rabbit-2.2.15.RELEASE.jar;E:\develop\apache-maven-3.6.3\repository\com\rabbitmq\amqp-client\5.9.0\amqp-client-5.9.0.jar;E:\develop\apache-maven-3.6.3\repository\org\springframework\amqp\spring-amqp\2.2.15.RELEASE\spring-amqp-2.2.15.RELEASE.jar;E:\develop\apache-maven-3.6.3\repository\org\springframework\retry\spring-retry\1.2.5.RELEASE\spring-retry-1.2.5.RELEASE.jar;E:\project\java\springboot\tanhua\tanhua-dubbo\tanhua-dubbo-interface\target\tanhua-dubbo-interface-1.0-SNAPSHOT.jar;E:\project\java\springboot\tanhua\tanhua-model\target\tanhua-model-1.0-SNAPSHOT.jar;E:\develop\apache-maven-3.6.3\repository\org\springframework\boot\spring-boot-starter-data-mongodb\2.3.9.RELEASE\spring-boot-starter-data-mongodb-2.3.9.RELEASE.jar;E:\develop\apache-maven-3.6.3\repository\org\springframework\data\spring-data-mongodb\3.0.7.RELEASE\spring-data-mongodb-3.0.7.RELEASE.jar;E:\develop\apache-maven-3.6.3\repository\org\mongodb\mongodb-driver-sync\4.0.5\mongodb-driver-sync-4.0.5.jar;E:\develop\apache-maven-3.6.3\repository\org\mongodb\bson\4.0.5\bson-4.0.5.jar;E:\develop\apache-maven-3.6.3\repository\org\mongodb\mongodb-driver-core\4.0.5\mongodb-driver-core-4.0.5.jar;E:\develop\apache-maven-3.6.3\repository\com\baomidou\mybatis-plus\3.4.1\mybatis-plus-3.4.1.jar;E:\develop\apache-maven-3.6.3\repository\com\baomidou\mybatis-plus-extension\3.4.1\mybatis-plus-extension-3.4.1.jar;E:\develop\apache-maven-3.6.3\repository\com\baomidou\mybatis-plus-core\3.4.1\mybatis-plus-core-3.4.1.jar;E:\develop\apache-maven-3.6.3\repository\com\baomidou\mybatis-plus-annotation\3.4.1\mybatis-plus-annotation-3.4.1.jar;E:\develop\apache-maven-3.6.3\repository\com\github\jsqlparser\jsqlparser\3.2\jsqlparser-3.2.jar;E:\develop\apache-maven-3.6.3\repository\org\mybatis\mybatis\3.5.6\mybatis-3.5.6.jar;E:\develop\apache-maven-3.6.3\repository\org\mybatis\mybatis-spring\2.0.5\mybatis-spring-2.0.5.jar;E:\project\java\springboot\tanhua\tanhua-commons\target\tanhua-commons-1.0-SNAPSHOT.jar;E:\project\java\springboot\tanhua\tanhua-autoconfig\target\tanhua-autoconfig-1.0-SNAPSHOT.jar;E:\develop\apache-maven-3.6.3\repository\com\aliyun\aliyun-java-sdk-core\4.5.3\aliyun-java-sdk-core-4.5.3.jar;E:\develop\apache-maven-3.6.3\repository\org\apache\httpcomponents\httpclient\4.5.13\httpclient-4.5.13.jar;E:\develop\apache-maven-3.6.3\repository\org\apache\httpcomponents\httpcore\4.4.14\httpcore-4.4.14.jar;E:\develop\apache-maven-3.6.3\repository\commons-logging\commons-logging\1.2\commons-logging-1.2.jar;E:\develop\apache-maven-3.6.3\repository\javax\xml\bind\jaxb-api\2.3.1\jaxb-api-2.3.1.jar;E:\develop\apache-maven-3.6.3\repository\javax\activation\javax.activation-api\1.2.0\javax.activation-api-1.2.0.jar;E:\develop\apache-maven-3.6.3\repository\org\jacoco\org.jacoco.agent\0.8.5\org.jacoco.agent-0.8.5-runtime.jar;E:\develop\apache-maven-3.6.3\repository\org\ini4j\ini4j\0.5.4\ini4j-0.5.4.jar;E:\develop\apache-maven-3.6.3\repository\io\opentracing\opentracing-api\0.33.0\opentracing-api-0.33.0.jar;E:\develop\apache-maven-3.6.3\repository\io\opentracing\opentracing-util\0.33.0\opentracing-util-0.33.0.jar;E:\develop\apache-maven-3.6.3\repository\io\opentracing\opentracing-noop\0.33.0\opentracing-noop-0.33.0.jar;E:\develop\apache-maven-3.6.3\repository\com\aliyun\dysmsapi20170525\2.0.1\dysmsapi20170525-2.0.1.jar;E:\develop\apache-maven-3.6.3\repository\com\aliyun\tea-util\0.2.9\tea-util-0.2.9.jar;E:\develop\apache-maven-3.6.3\repository\com\aliyun\tea-rpc\0.0.11\tea-rpc-0.0.11.jar;E:\develop\apache-maven-3.6.3\repository\com\aliyun\endpoint-util\0.0.6\endpoint-util-0.0.6.jar;E:\develop\apache-maven-3.6.3\repository\com\aliyun\tea\1.2.0\tea-1.2.0.jar;E:\develop\apache-maven-3.6.3\repository\com\squareup\okhttp3\okhttp\3.14.9\okhttp-3.14.9.jar;E:\develop\apache-maven-3.6.3\repository\com\squareup\okio\okio\1.17.2\okio-1.17.2.jar;E:\develop\apache-maven-3.6.3\repository\com\aliyun\tea-openapi\0.0.7\tea-openapi-0.0.7.jar;E:\develop\apache-maven-3.6.3\repository\com\aliyun\oss\aliyun-sdk-oss\3.10.2\aliyun-sdk-oss-3.10.2.jar;E:\develop\apache-maven-3.6.3\repository\org\jdom\jdom2\2.0.6\jdom2-2.0.6.jar;E:\develop\apache-maven-3.6.3\repository\org\codehaus\jettison\jettison\1.1\jettison-1.1.jar;E:\develop\apache-maven-3.6.3\repository\stax\stax-api\1.0.1\stax-api-1.0.1.jar;E:\develop\apache-maven-3.6.3\repository\com\aliyun\aliyun-java-sdk-ram\3.0.0\aliyun-java-sdk-ram-3.0.0.jar;E:\develop\apache-maven-3.6.3\repository\com\aliyun\aliyun-java-sdk-sts\3.0.0\aliyun-java-sdk-sts-3.0.0.jar;E:\develop\apache-maven-3.6.3\repository\com\aliyun\aliyun-java-sdk-ecs\4.2.0\aliyun-java-sdk-ecs-4.2.0.jar;E:\develop\apache-maven-3.6.3\repository\com\aliyun\aliyun-java-sdk-kms\2.7.0\aliyun-java-sdk-kms-2.7.0.jar;E:\develop\apache-maven-3.6.3\repository\com\aliyun\facebody20191230\1.0.10\facebody20191230-1.0.10.jar;E:\develop\apache-maven-3.6.3\repository\com\aliyun\credentials-java\0.2.2\credentials-java-0.2.2.jar;E:\develop\apache-maven-3.6.3\repository\com\sun\xml\bind\jaxb-core\2.3.0\jaxb-core-2.3.0.jar;E:\develop\apache-maven-3.6.3\repository\com\sun\xml\bind\jaxb-impl\2.3.0\jaxb-impl-2.3.0.jar;E:\develop\apache-maven-3.6.3\repository\com\aliyun\oss-client\3.0.2\oss-client-3.0.2.jar;E:\develop\apache-maven-3.6.3\repository\com\aliyun\tea-xml\0.1.1\tea-xml-0.1.1.jar;E:\develop\apache-maven-3.6.3\repository\com\aliyun\openplatform20191219\3.0.2\openplatform20191219-3.0.2.jar;E:\develop\apache-maven-3.6.3\repository\com\aliyun\tea-rpc-util\0.1.2\tea-rpc-util-0.1.2.jar;E:\develop\apache-maven-3.6.3\repository\dom4j\dom4j\1.6.1\dom4j-1.6.1.jar;E:\develop\apache-maven-3.6.3\repository\xml-apis\xml-apis\1.0.b2\xml-apis-1.0.b2.jar;E:\develop\apache-maven-3.6.3\repository\com\aliyun\oss-util\1.0.0\oss-util-1.0.0.jar;E:\develop\apache-maven-3.6.3\repository\com\aliyun\tea-fileform\0.0.3\tea-fileform-0.0.3.jar;E:\develop\apache-maven-3.6.3\repository\com\aliyun\openapiutil\0.1.4\openapiutil-0.1.4.jar;E:\develop\apache-maven-3.6.3\repository\org\bouncycastle\bcpkix-jdk15on\1.65\bcpkix-jdk15on-1.65.jar;E:\develop\apache-maven-3.6.3\repository\org\bouncycastle\bcprov-jdk15on\1.65\bcprov-jdk15on-1.65.jar;E:\develop\apache-maven-3.6.3\repository\com\baidu\aip\java-sdk\4.8.0\java-sdk-4.8.0.jar;E:\develop\apache-maven-3.6.3\repository\org\json\json\20160810\json-20160810.jar;E:\develop\apache-maven-3.6.3\repository\log4j\log4j\1.2.17\log4j-1.2.17.jar;E:\develop\apache-maven-3.6.3\repository\com\easemob\im\im-sdk-core\0.2.5\im-sdk-core-0.2.5.jar;E:\develop\apache-maven-3.6.3\repository\io\github\resilience4j\resilience4j-circuitbreaker\1.3.1\resilience4j-circuitbreaker-1.3.1.jar;E:\develop\apache-maven-3.6.3\repository\io\vavr\vavr\0.10.2\vavr-0.10.2.jar;E:\develop\apache-maven-3.6.3\repository\io\vavr\vavr-match\0.10.2\vavr-match-0.10.2.jar;E:\develop\apache-maven-3.6.3\repository\io\github\resilience4j\resilience4j-core\1.3.1\resilience4j-core-1.3.1.jar;E:\develop\apache-maven-3.6.3\repository\io\github\resilience4j\resilience4j-reactor\1.3.1\resilience4j-reactor-1.3.1.jar;E:\develop\apache-maven-3.6.3\repository\io\projectreactor\netty\reactor-netty-core\1.0.4\reactor-netty-core-1.0.4.jar;E:\develop\apache-maven-3.6.3\repository\io\netty\netty-handler-proxy\4.1.59.Final\netty-handler-proxy-4.1.59.Final.jar;E:\develop\apache-maven-3.6.3\repository\io\netty\netty-codec-socks\4.1.59.Final\netty-codec-socks-4.1.59.Final.jar;E:\develop\apache-maven-3.6.3\repository\io\netty\netty-resolver-dns\4.1.59.Final\netty-resolver-dns-4.1.59.Final.jar;E:\develop\apache-maven-3.6.3\repository\io\netty\netty-codec-dns\4.1.59.Final\netty-codec-dns-4.1.59.Final.jar;E:\develop\apache-maven-3.6.3\repository\io\netty\netty-resolver-dns-native-macos\4.1.59.Final\netty-resolver-dns-native-macos-4.1.59.Final-osx-x86_64.jar;E:\develop\apache-maven-3.6.3\repository\io\netty\netty-transport-native-unix-common\4.1.59.Final\netty-transport-native-unix-common-4.1.59.Final.jar;E:\develop\apache-maven-3.6.3\repository\io\netty\netty-transport-native-epoll\4.1.59.Final\netty-transport-native-epoll-4.1.59.Final-linux-x86_64.jar;E:\develop\apache-maven-3.6.3\repository\io\projectreactor\netty\reactor-netty-http\1.0.4\reactor-netty-http-1.0.4.jar;E:\develop\apache-maven-3.6.3\repository\io\netty\netty-codec-http\4.1.59.Final\netty-codec-http-4.1.59.Final.jar;E:\develop\apache-maven-3.6.3\repository\io\netty\netty-codec-http2\4.1.59.Final\netty-codec-http2-4.1.59.Final.jar;E:\develop\apache-maven-3.6.3\repository\org\apache\logging\log4j\log4j-api\2.13.3\log4j-api-2.13.3.jar;E:\develop\apache-maven-3.6.3\repository\com\aliyun\aliyun-java-sdk-green\3.6.1\aliyun-java-sdk-green-3.6.1.jar;E:\develop\apache-maven-3.6.3\repository\org\springframework\boot\spring-boot-starter-test\2.3.9.RELEASE\spring-boot-starter-test-2.3.9.RELEASE.jar;E:\develop\apache-maven-3.6.3\repository\org\springframework\boot\spring-boot-test\2.3.9.RELEASE\spring-boot-test-2.3.9.RELEASE.jar;E:\develop\apache-maven-3.6.3\repository\org\springframework\boot\spring-boot-test-autoconfigure\2.3.9.RELEASE\spring-boot-test-autoconfigure-2.3.9.RELEASE.jar;E:\develop\apache-maven-3.6.3\repository\com\jayway\jsonpath\json-path\2.4.0\json-path-2.4.0.jar;E:\develop\apache-maven-3.6.3\repository\net\minidev\json-smart\2.3\json-smart-2.3.jar;E:\develop\apache-maven-3.6.3\repository\net\minidev\accessors-smart\1.2\accessors-smart-1.2.jar;E:\develop\apache-maven-3.6.3\repository\org\ow2\asm\asm\5.0.4\asm-5.0.4.jar;E:\develop\apache-maven-3.6.3\repository\jakarta\xml\bind\jakarta.xml.bind-api\2.3.3\jakarta.xml.bind-api-2.3.3.jar;E:\develop\apache-maven-3.6.3\repository\jakarta\activation\jakarta.activation-api\1.2.2\jakarta.activation-api-1.2.2.jar;E:\develop\apache-maven-3.6.3\repository\org\assertj\assertj-core\3.16.1\assertj-core-3.16.1.jar;E:\develop\apache-maven-3.6.3\repository\org\hamcrest\hamcrest\2.2\hamcrest-2.2.jar;E:\develop\apache-maven-3.6.3\repository\org\junit\jupiter\junit-jupiter\5.6.3\junit-jupiter-5.6.3.jar;E:\develop\apache-maven-3.6.3\repository\org\junit\jupiter\junit-jupiter-api\5.6.3\junit-jupiter-api-5.6.3.jar;E:\develop\apache-maven-3.6.3\repository\org\opentest4j\opentest4j\1.2.0\opentest4j-1.2.0.jar;E:\develop\apache-maven-3.6.3\repository\org\junit\platform\junit-platform-commons\1.6.3\junit-platform-commons-1.6.3.jar;E:\develop\apache-maven-3.6.3\repository\org\junit\jupiter\junit-jupiter-params\5.6.3\junit-jupiter-params-5.6.3.jar;E:\develop\apache-maven-3.6.3\repository\org\junit\jupiter\junit-jupiter-engine\5.6.3\junit-jupiter-engine-5.6.3.jar;E:\develop\apache-maven-3.6.3\repository\org\junit\vintage\junit-vintage-engine\5.6.3\junit-vintage-engine-5.6.3.jar;E:\develop\apache-maven-3.6.3\repository\org\apiguardian\apiguardian-api\1.1.0\apiguardian-api-1.1.0.jar;E:\develop\apache-maven-3.6.3\repository\org\junit\platform\junit-platform-engine\1.6.3\junit-platform-engine-1.6.3.jar;E:\develop\apache-maven-3.6.3\repository\org\mockito\mockito-core\3.3.3\mockito-core-3.3.3.jar;E:\develop\apache-maven-3.6.3\repository\net\bytebuddy\byte-buddy\1.10.20\byte-buddy-1.10.20.jar;E:\develop\apache-maven-3.6.3\repository\net\bytebuddy\byte-buddy-agent\1.10.20\byte-buddy-agent-1.10.20.jar;E:\develop\apache-maven-3.6.3\repository\org\objenesis\objenesis\2.6\objenesis-2.6.jar;E:\develop\apache-maven-3.6.3\repository\org\mockito\mockito-junit-jupiter\3.3.3\mockito-junit-jupiter-3.3.3.jar;E:\develop\apache-maven-3.6.3\repository\org\skyscreamer\jsonassert\1.5.0\jsonassert-1.5.0.jar;E:\develop\apache-maven-3.6.3\repository\com\vaadin\external\google\android-json\0.0.20131108.vaadin1\android-json-0.0.20131108.vaadin1.jar;E:\develop\apache-maven-3.6.3\repository\org\springframework\spring-test\5.2.13.RELEASE\spring-test-5.2.13.RELEASE.jar;E:\develop\apache-maven-3.6.3\repository\org\xmlunit\xmlunit-core\2.7.0\xmlunit-core-2.7.0.jar;E:\develop\apache-maven-3.6.3\repository\junit\junit\4.12\junit-4.12.jar;E:\develop\apache-maven-3.6.3\repository\org\hamcrest\hamcrest-core\2.2\hamcrest-core-2.2.jar;E:\develop\apache-maven-3.6.3\repository\cn\hutool\hutool-all\5.4.3\hutool-all-5.4.3.jar;E:\develop\apache-maven-3.6.3\repository\com\alibaba\fastjson\1.2.8\fastjson-1.2.8.jar;"/>
    <property name="sun.cpu.endian" value="little"/>
    <property name="user.home" value="C:\Users\Coder"/>
    <property name="user.language" value="zh"/>
    <property name="java.specification.vendor" value="Oracle Corporation"/>
    <property name="java.home" value="E:\develop\Java\jdk1.8.0_171\jre"/>
    <property name="basedir" value="E:\project\java\springboot\tanhua\tanhua-app-server"/>
    <property name="file.separator" value="\"/>
    <property name="line.separator" value="&#10;"/>
    <property name="java.vm.specification.vendor" value="Oracle Corporation"/>
    <property name="java.specification.name" value="Java Platform API Specification"/>
    <property name="java.awt.graphicsenv" value="sun.awt.Win32GraphicsEnvironment"/>
    <property name="surefire.real.class.path" value="C:\Users\Coder\AppData\Local\Temp\surefire2808363442678148174\surefirebooter6051390943923611400.jar"/>
    <property name="sun.boot.class.path" value="E:\develop\Java\jdk1.8.0_171\jre\lib\resources.jar;E:\develop\Java\jdk1.8.0_171\jre\lib\rt.jar;E:\develop\Java\jdk1.8.0_171\jre\lib\sunrsasign.jar;E:\develop\Java\jdk1.8.0_171\jre\lib\jsse.jar;E:\develop\Java\jdk1.8.0_171\jre\lib\jce.jar;E:\develop\Java\jdk1.8.0_171\jre\lib\charsets.jar;E:\develop\Java\jdk1.8.0_171\jre\lib\jfr.jar;E:\develop\Java\jdk1.8.0_171\jre\classes"/>
    <property name="user.script" value=""/>
    <property name="sun.management.compiler" value="HotSpot 64-Bit Tiered Compilers"/>
    <property name="java.runtime.version" value="1.8.0_171-b11"/>
    <property name="user.name" value="Coder"/>
    <property name="path.separator" value=";"/>
    <property name="os.version" value="10.0"/>
    <property name="java.endorsed.dirs" value="E:\develop\Java\jdk1.8.0_171\jre\lib\endorsed"/>
    <property name="java.runtime.name" value="Java(TM) SE Runtime Environment"/>
    <property name="file.encoding" value="GBK"/>
    <property name="java.vm.name" value="Java HotSpot(TM) 64-Bit Server VM"/>
    <property name="localRepository" value="E:\develop\apache-maven-3.6.3\repository"/>
    <property name="java.vendor.url.bug" value="http://bugreport.sun.com/bugreport/"/>
    <property name="java.io.tmpdir" value="C:\Users\Coder\AppData\Local\Temp\"/>
    <property name="idea.version" value="2021.3.3"/>
    <property name="java.version" value="1.8.0_171"/>
    <property name="user.dir" value="E:\project\java\springboot\tanhua\tanhua-app-server"/>
    <property name="os.arch" value="amd64"/>
    <property name="java.vm.specification.name" value="Java Virtual Machine Specification"/>
    <property name="java.awt.printerjob" value="sun.awt.windows.WPrinterJob"/>
    <property name="sun.os.patch.level" value=""/>
    <property name="java.library.path" value="E:\develop\Java\jdk1.8.0_171\jre\bin;C:\Windows\Sun\Java\bin;C:\Windows\system32;C:\Windows;E:\develop\Conda\Anaconda3\condabin;D:\program\VMware\VMware Workstation\bin\;C:\Program Files (x86)\Common Files\Oracle\Java\javapath;C:\Windows\system32;C:\Windows;C:\Windows\System32\Wbem;C:\Windows\System32\WindowsPowerShell\v1.0\;C:\Windows\System32\OpenSSH\;C:\Program Files\Bandizip\;E:\develop\Java\jdk1.8.0_171\bin;E:\develop\NetSarang\Xmanager 7\;E:\develop\NetSarang\Xshell 7\;E:\develop\NetSarang\Xftp 7\;E:\develop\NetSarang\Xlpd 7\;E:\develop\TortoiseGit\bin;E:\develop\Git\cmd;E:\develop\MySQL\mysql-5.7.30-winx64\bin;E:\develop\apache-tomcat-8.5.5\bin;E:\develop\apache-maven-3.6.3\bin;E:\develop\mongodb-win32-x86_64-windows-4.4.5\bin\bin;E:\develop\Python\Python39\Scripts;E:\develop\Anaconda;E:\develop\Anaconda\Scripts;E:\develop\Anaconda\MinGW\bin;D:\xampp\htdocs;D:\xampp\mysql\MySQL Server 5.5\bin;D:\xampp\mysql\bin;E:\develop\nodejs\;E:\develop\nodejs\node_modules;E:\develop\nodejs\node_global;E:\develop\Anaconda;E:\develop\Anaconda\Scripts;C:\Windows\System32;E:\develop\VisualSVN Server\bin;E:\develop\TortoiseSVN\bin;C:\Users\Coder\.cargo\bin;E:\develop\Python\Python39\Scripts\;E:\develop\Python\Python39\;E:\develop\Python\Python310\Scripts\;E:\develop\Python\Python310\;C:\Users\Coder\AppData\Local\Microsoft\WindowsApps;E:\develop\Microsoft VS Code\Microsoft VS Code\bin;E:\develop\JetBrains\IntelliJ IDEA 2021.3.3\bin;;E:\develop\JetBrains\PyCharm 2021.3.2\bin;;E:/develop/Conda/Anaconda3/Scripts;;E:\develop\JetBrains\PhpStorm 2018.3.6\bin;;C:\Users\Coder\AppData\Roaming\npm;E:\develop\JetBrains\GoLand 2021.3.4\bin;;."/>
    <property name="java.vm.info" value="mixed mode"/>
    <property name="java.vendor" value="Oracle Corporation"/>
    <property name="java.vm.version" value="25.171-b11"/>
    <property name="java.ext.dirs" value="E:\develop\Java\jdk1.8.0_171\jre\lib\ext;C:\Windows\Sun\Java\lib\ext"/>
    <property name="sun.io.unicode.encoding" value="UnicodeLittle"/>
    <property name="maven.repo.local" value="E:\develop\apache-maven-3.6.3\repository"/>
    <property name="java.class.version" value="52.0"/>
  </properties>
  <testcase name="testParseToken" classname="com.itheima.test.JwtTest" time="0.546"/>
  <testcase name="testCreateToken" classname="com.itheima.test.JwtTest" time="0.006"/>
</testsuite>